[7.506s] Invoking command in '/home/pi/wk2/ros2_ws/build/ros2_aruco': PYTHONPATH=/home/pi/wk2/ros2_ws/build/ros2_aruco/prefix_override:/home/pi/wk2/ros2_ws/install/ros2_aruco/lib/python3.10/site-packages:${PYTHONPATH} /usr/bin/python3 setup.py develop --editable --build-directory /home/pi/wk2/ros2_ws/build/ros2_aruco/build --no-deps install_data
[9.020s] running develop
[9.029s] /usr/lib/python3/dist-packages/setuptools/command/easy_install.py:158: EasyInstallDeprecationWarning: easy_install command is deprecated. Use build and pip and other standards-based tools.
[9.030s]   warnings.warn(
[9.039s] /usr/lib/python3/dist-packages/setuptools/command/install.py:34: SetuptoolsDeprecationWarning: setup.py install is deprecated. Use build and pip and other standards-based tools.
[9.041s]   warnings.warn(
[9.404s] /usr/lib/python3/dist-packages/pkg_resources/__init__.py:116: PkgResourcesDeprecationWarning: 1.16.0-unknown is an invalid version and will not be supported in a future release
[9.405s]   warnings.warn(
[9.408s] /usr/lib/python3/dist-packages/pkg_resources/__init__.py:116: PkgResourcesDeprecationWarning: 1.1build1 is an invalid version and will not be supported in a future release
[9.409s]   warnings.warn(
[9.417s] /usr/lib/python3/dist-packages/pkg_resources/__init__.py:116: PkgResourcesDeprecationWarning: 0.1.43ubuntu1 is an invalid version and will not be supported in a future release
[9.418s]   warnings.warn(
[10.141s] running egg_info
[10.142s] writing ros2_aruco.egg-info/PKG-INFO
[10.144s] writing dependency_links to ros2_aruco.egg-info/dependency_links.txt
[10.145s] writing entry points to ros2_aruco.egg-info/entry_points.txt
[10.147s] writing requirements to ros2_aruco.egg-info/requires.txt
[10.148s] writing top-level names to ros2_aruco.egg-info/top_level.txt
[10.160s] reading manifest file 'ros2_aruco.egg-info/SOURCES.txt'
[10.166s] writing manifest file 'ros2_aruco.egg-info/SOURCES.txt'
[10.180s] running build_ext
[10.182s] Creating /home/pi/wk2/ros2_ws/install/ros2_aruco/lib/python3.10/site-packages/ros2-aruco.egg-link (link to .)
[10.186s] Installing aruco_generate_marker script to /home/pi/wk2/ros2_ws/install/ros2_aruco/lib/ros2_aruco
[10.191s] Installing aruco_node script to /home/pi/wk2/ros2_ws/install/ros2_aruco/lib/ros2_aruco
[10.202s] 
[10.207s] Installed /home/pi/wk2/ros2_ws/build/ros2_aruco
[10.211s] running install_data
[10.575s] Invoked command in '/home/pi/wk2/ros2_ws/build/ros2_aruco' returned '0': PYTHONPATH=/home/pi/wk2/ros2_ws/build/ros2_aruco/prefix_override:/home/pi/wk2/ros2_ws/install/ros2_aruco/lib/python3.10/site-packages:${PYTHONPATH} /usr/bin/python3 setup.py develop --editable --build-directory /home/pi/wk2/ros2_ws/build/ros2_aruco/build --no-deps install_data
