[1.876s] DEBUG:colcon:Command line arguments: ['/usr/bin/colcon', 'build', '--symlink-install']
[1.877s] DEBUG:colcon:Parsed command line arguments: Namespace(log_base=None, log_level=None, verb_name='build', build_base='build', install_base='install', merge_install=False, symlink_install=True, test_result_base=None, continue_on_error=False, executor='parallel', parallel_workers=4, event_handlers=None, ignore_user_meta=False, metas=['./colcon.meta'], base_paths=['.'], packages_ignore=None, packages_ignore_regex=None, paths=None, packages_up_to=None, packages_up_to_regex=None, packages_above=None, packages_above_and_dependencies=None, packages_above_depth=None, packages_select_by_dep=None, packages_skip_by_dep=None, packages_skip_up_to=None, packages_select_build_failed=False, packages_skip_build_finished=False, packages_select_test_failures=False, packages_skip_test_passed=False, packages_select=None, packages_skip=None, packages_select_regex=None, packages_skip_regex=None, packages_start=None, packages_end=None, allow_overriding=[], cmake_args=None, cmake_target=None, cmake_target_skip_unavailable=False, cmake_clean_cache=False, cmake_clean_first=False, cmake_force_configure=False, ament_cmake_args=None, catkin_cmake_args=None, catkin_skip_building_tests=False, verb_parser=<colcon_defaults.argument_parser.defaults.DefaultArgumentsDecorator object at 0xffff8a065720>, verb_extension=<colcon_core.verb.build.BuildVerb object at 0xffff89fbbfa0>, main=<bound method BuildVerb.main of <colcon_core.verb.build.BuildVerb object at 0xffff89fbbfa0>>)
[2.101s] Level 1:colcon.colcon_core.package_discovery:discover_packages(colcon_meta) check parameters
[2.101s] Level 1:colcon.colcon_core.package_discovery:discover_packages(recursive) check parameters
[2.102s] Level 1:colcon.colcon_core.package_discovery:discover_packages(ignore) check parameters
[2.102s] Level 1:colcon.colcon_core.package_discovery:discover_packages(path) check parameters
[2.102s] Level 1:colcon.colcon_core.package_discovery:discover_packages(colcon_meta) discover
[2.102s] Level 1:colcon.colcon_core.package_discovery:discover_packages(recursive) discover
[2.102s] INFO:colcon.colcon_core.package_discovery:Crawling recursively for packages in '/home/pi/wk2/ros2_ws'
[2.103s] Level 1:colcon.colcon_core.package_identification:_identify(.) by extensions ['ignore', 'ignore_ament_install']
[2.103s] Level 1:colcon.colcon_core.package_identification:_identify(.) by extension 'ignore'
[2.103s] Level 1:colcon.colcon_core.package_identification:_identify(.) by extension 'ignore_ament_install'
[2.104s] Level 1:colcon.colcon_core.package_identification:_identify(.) by extensions ['colcon_pkg']
[2.104s] Level 1:colcon.colcon_core.package_identification:_identify(.) by extension 'colcon_pkg'
[2.104s] Level 1:colcon.colcon_core.package_identification:_identify(.) by extensions ['colcon_meta']
[2.104s] Level 1:colcon.colcon_core.package_identification:_identify(.) by extension 'colcon_meta'
[2.104s] Level 1:colcon.colcon_core.package_identification:_identify(.) by extensions ['ros']
[2.105s] Level 1:colcon.colcon_core.package_identification:_identify(.) by extension 'ros'
[2.176s] Level 1:colcon.colcon_core.package_identification:_identify(.) by extensions ['cmake', 'python']
[2.176s] Level 1:colcon.colcon_core.package_identification:_identify(.) by extension 'cmake'
[2.176s] Level 1:colcon.colcon_core.package_identification:_identify(.) by extension 'python'
[2.177s] Level 1:colcon.colcon_core.package_identification:_identify(.) by extensions ['python_setup_py']
[2.177s] Level 1:colcon.colcon_core.package_identification:_identify(.) by extension 'python_setup_py'
[2.178s] Level 1:colcon.colcon_core.package_identification:_identify(build) by extensions ['ignore', 'ignore_ament_install']
[2.179s] Level 1:colcon.colcon_core.package_identification:_identify(build) by extension 'ignore'
[2.179s] Level 1:colcon.colcon_core.package_identification:_identify(build) ignored
[2.180s] Level 1:colcon.colcon_core.package_identification:_identify(install) by extensions ['ignore', 'ignore_ament_install']
[2.180s] Level 1:colcon.colcon_core.package_identification:_identify(install) by extension 'ignore'
[2.180s] Level 1:colcon.colcon_core.package_identification:_identify(install) ignored
[2.182s] Level 1:colcon.colcon_core.package_identification:_identify(log) by extensions ['ignore', 'ignore_ament_install']
[2.182s] Level 1:colcon.colcon_core.package_identification:_identify(log) by extension 'ignore'
[2.182s] Level 1:colcon.colcon_core.package_identification:_identify(log) ignored
[2.183s] Level 1:colcon.colcon_core.package_identification:_identify(src) by extensions ['ignore', 'ignore_ament_install']
[2.184s] Level 1:colcon.colcon_core.package_identification:_identify(src) by extension 'ignore'
[2.184s] Level 1:colcon.colcon_core.package_identification:_identify(src) by extension 'ignore_ament_install'
[2.184s] Level 1:colcon.colcon_core.package_identification:_identify(src) by extensions ['colcon_pkg']
[2.184s] Level 1:colcon.colcon_core.package_identification:_identify(src) by extension 'colcon_pkg'
[2.185s] Level 1:colcon.colcon_core.package_identification:_identify(src) by extensions ['colcon_meta']
[2.185s] Level 1:colcon.colcon_core.package_identification:_identify(src) by extension 'colcon_meta'
[2.185s] Level 1:colcon.colcon_core.package_identification:_identify(src) by extensions ['ros']
[2.185s] Level 1:colcon.colcon_core.package_identification:_identify(src) by extension 'ros'
[2.185s] Level 1:colcon.colcon_core.package_identification:_identify(src) by extensions ['cmake', 'python']
[2.186s] Level 1:colcon.colcon_core.package_identification:_identify(src) by extension 'cmake'
[2.186s] Level 1:colcon.colcon_core.package_identification:_identify(src) by extension 'python'
[2.186s] Level 1:colcon.colcon_core.package_identification:_identify(src) by extensions ['python_setup_py']
[2.186s] Level 1:colcon.colcon_core.package_identification:_identify(src) by extension 'python_setup_py'
[2.187s] Level 1:colcon.colcon_core.package_identification:_identify(src/my_package) by extensions ['ignore', 'ignore_ament_install']
[2.187s] Level 1:colcon.colcon_core.package_identification:_identify(src/my_package) by extension 'ignore'
[2.187s] Level 1:colcon.colcon_core.package_identification:_identify(src/my_package) by extension 'ignore_ament_install'
[2.187s] Level 1:colcon.colcon_core.package_identification:_identify(src/my_package) by extensions ['colcon_pkg']
[2.188s] Level 1:colcon.colcon_core.package_identification:_identify(src/my_package) by extension 'colcon_pkg'
[2.188s] Level 1:colcon.colcon_core.package_identification:_identify(src/my_package) by extensions ['colcon_meta']
[2.188s] Level 1:colcon.colcon_core.package_identification:_identify(src/my_package) by extension 'colcon_meta'
[2.188s] Level 1:colcon.colcon_core.package_identification:_identify(src/my_package) by extensions ['ros']
[2.189s] Level 1:colcon.colcon_core.package_identification:_identify(src/my_package) by extension 'ros'
[2.202s] DEBUG:colcon.colcon_core.package_identification:Package 'src/my_package' with type 'ros.ament_python' and name 'my_package'
[2.203s] Level 1:colcon.colcon_core.package_identification:_identify(src/ros2_brickpi3) by extensions ['ignore', 'ignore_ament_install']
[2.203s] Level 1:colcon.colcon_core.package_identification:_identify(src/ros2_brickpi3) by extension 'ignore'
[2.204s] Level 1:colcon.colcon_core.package_identification:_identify(src/ros2_brickpi3) by extension 'ignore_ament_install'
[2.204s] Level 1:colcon.colcon_core.package_identification:_identify(src/ros2_brickpi3) by extensions ['colcon_pkg']
[2.205s] Level 1:colcon.colcon_core.package_identification:_identify(src/ros2_brickpi3) by extension 'colcon_pkg'
[2.205s] Level 1:colcon.colcon_core.package_identification:_identify(src/ros2_brickpi3) by extensions ['colcon_meta']
[2.205s] Level 1:colcon.colcon_core.package_identification:_identify(src/ros2_brickpi3) by extension 'colcon_meta'
[2.205s] Level 1:colcon.colcon_core.package_identification:_identify(src/ros2_brickpi3) by extensions ['ros']
[2.206s] Level 1:colcon.colcon_core.package_identification:_identify(src/ros2_brickpi3) by extension 'ros'
[2.209s] DEBUG:colcon.colcon_core.package_identification:Package 'src/ros2_brickpi3' with type 'ros.ament_python' and name 'ros2_brickpi3'
[2.209s] Level 1:colcon.colcon_core.package_identification:_identify(src/tutorial) by extensions ['ignore', 'ignore_ament_install']
[2.210s] Level 1:colcon.colcon_core.package_identification:_identify(src/tutorial) by extension 'ignore'
[2.210s] Level 1:colcon.colcon_core.package_identification:_identify(src/tutorial) by extension 'ignore_ament_install'
[2.210s] Level 1:colcon.colcon_core.package_identification:_identify(src/tutorial) by extensions ['colcon_pkg']
[2.211s] Level 1:colcon.colcon_core.package_identification:_identify(src/tutorial) by extension 'colcon_pkg'
[2.211s] Level 1:colcon.colcon_core.package_identification:_identify(src/tutorial) by extensions ['colcon_meta']
[2.211s] Level 1:colcon.colcon_core.package_identification:_identify(src/tutorial) by extension 'colcon_meta'
[2.211s] Level 1:colcon.colcon_core.package_identification:_identify(src/tutorial) by extensions ['ros']
[2.211s] Level 1:colcon.colcon_core.package_identification:_identify(src/tutorial) by extension 'ros'
[2.214s] DEBUG:colcon.colcon_core.package_identification:Package 'src/tutorial' with type 'ros.ament_python' and name 'tutorial'
[2.215s] Level 1:colcon.colcon_core.package_discovery:discover_packages(recursive) using defaults
[2.215s] Level 1:colcon.colcon_core.package_discovery:discover_packages(ignore) discover
[2.215s] Level 1:colcon.colcon_core.package_discovery:discover_packages(ignore) using defaults
[2.215s] Level 1:colcon.colcon_core.package_discovery:discover_packages(path) discover
[2.215s] Level 1:colcon.colcon_core.package_discovery:discover_packages(path) using defaults
[2.337s] Level 1:colcon.colcon_core.package_discovery:discover_packages(prefix_path) check parameters
[2.338s] Level 1:colcon.colcon_core.package_discovery:discover_packages(prefix_path) discover
[2.356s] DEBUG:colcon.colcon_installed_package_information.package_discovery:Found 3 installed packages in /home/pi/wk2/ros2_ws/install
[2.365s] DEBUG:colcon.colcon_installed_package_information.package_discovery:Found 180 installed packages in /opt/ros/humble
[2.370s] Level 1:colcon.colcon_core.package_discovery:discover_packages(prefix_path) using defaults
[2.561s] Level 5:colcon.colcon_core.verb:set package 'my_package' build argument 'cmake_args' from command line to 'None'
[2.561s] Level 5:colcon.colcon_core.verb:set package 'my_package' build argument 'cmake_target' from command line to 'None'
[2.561s] Level 5:colcon.colcon_core.verb:set package 'my_package' build argument 'cmake_target_skip_unavailable' from command line to 'False'
[2.561s] Level 5:colcon.colcon_core.verb:set package 'my_package' build argument 'cmake_clean_cache' from command line to 'False'
[2.561s] Level 5:colcon.colcon_core.verb:set package 'my_package' build argument 'cmake_clean_first' from command line to 'False'
[2.561s] Level 5:colcon.colcon_core.verb:set package 'my_package' build argument 'cmake_force_configure' from command line to 'False'
[2.561s] Level 5:colcon.colcon_core.verb:set package 'my_package' build argument 'ament_cmake_args' from command line to 'None'
[2.562s] Level 5:colcon.colcon_core.verb:set package 'my_package' build argument 'catkin_cmake_args' from command line to 'None'
[2.562s] Level 5:colcon.colcon_core.verb:set package 'my_package' build argument 'catkin_skip_building_tests' from command line to 'False'
[2.562s] DEBUG:colcon.colcon_core.verb:Building package 'my_package' with the following arguments: {'ament_cmake_args': None, 'build_base': '/home/pi/wk2/ros2_ws/build/my_package', 'catkin_cmake_args': None, 'catkin_skip_building_tests': False, 'cmake_args': None, 'cmake_clean_cache': False, 'cmake_clean_first': False, 'cmake_force_configure': False, 'cmake_target': None, 'cmake_target_skip_unavailable': False, 'install_base': '/home/pi/wk2/ros2_ws/install/my_package', 'merge_install': False, 'path': '/home/pi/wk2/ros2_ws/src/my_package', 'symlink_install': True, 'test_result_base': None}
[2.566s] Level 5:colcon.colcon_core.verb:set package 'ros2_brickpi3' build argument 'cmake_args' from command line to 'None'
[2.566s] Level 5:colcon.colcon_core.verb:set package 'ros2_brickpi3' build argument 'cmake_target' from command line to 'None'
[2.566s] Level 5:colcon.colcon_core.verb:set package 'ros2_brickpi3' build argument 'cmake_target_skip_unavailable' from command line to 'False'
[2.567s] Level 5:colcon.colcon_core.verb:set package 'ros2_brickpi3' build argument 'cmake_clean_cache' from command line to 'False'
[2.567s] Level 5:colcon.colcon_core.verb:set package 'ros2_brickpi3' build argument 'cmake_clean_first' from command line to 'False'
[2.567s] Level 5:colcon.colcon_core.verb:set package 'ros2_brickpi3' build argument 'cmake_force_configure' from command line to 'False'
[2.567s] Level 5:colcon.colcon_core.verb:set package 'ros2_brickpi3' build argument 'ament_cmake_args' from command line to 'None'
[2.567s] Level 5:colcon.colcon_core.verb:set package 'ros2_brickpi3' build argument 'catkin_cmake_args' from command line to 'None'
[2.567s] Level 5:colcon.colcon_core.verb:set package 'ros2_brickpi3' build argument 'catkin_skip_building_tests' from command line to 'False'
[2.567s] DEBUG:colcon.colcon_core.verb:Building package 'ros2_brickpi3' with the following arguments: {'ament_cmake_args': None, 'build_base': '/home/pi/wk2/ros2_ws/build/ros2_brickpi3', 'catkin_cmake_args': None, 'catkin_skip_building_tests': False, 'cmake_args': None, 'cmake_clean_cache': False, 'cmake_clean_first': False, 'cmake_force_configure': False, 'cmake_target': None, 'cmake_target_skip_unavailable': False, 'install_base': '/home/pi/wk2/ros2_ws/install/ros2_brickpi3', 'merge_install': False, 'path': '/home/pi/wk2/ros2_ws/src/ros2_brickpi3', 'symlink_install': True, 'test_result_base': None}
[2.572s] Level 5:colcon.colcon_core.verb:set package 'tutorial' build argument 'cmake_args' from command line to 'None'
[2.572s] Level 5:colcon.colcon_core.verb:set package 'tutorial' build argument 'cmake_target' from command line to 'None'
[2.572s] Level 5:colcon.colcon_core.verb:set package 'tutorial' build argument 'cmake_target_skip_unavailable' from command line to 'False'
[2.572s] Level 5:colcon.colcon_core.verb:set package 'tutorial' build argument 'cmake_clean_cache' from command line to 'False'
[2.572s] Level 5:colcon.colcon_core.verb:set package 'tutorial' build argument 'cmake_clean_first' from command line to 'False'
[2.572s] Level 5:colcon.colcon_core.verb:set package 'tutorial' build argument 'cmake_force_configure' from command line to 'False'
[2.573s] Level 5:colcon.colcon_core.verb:set package 'tutorial' build argument 'ament_cmake_args' from command line to 'None'
[2.573s] Level 5:colcon.colcon_core.verb:set package 'tutorial' build argument 'catkin_cmake_args' from command line to 'None'
[2.573s] Level 5:colcon.colcon_core.verb:set package 'tutorial' build argument 'catkin_skip_building_tests' from command line to 'False'
[2.573s] DEBUG:colcon.colcon_core.verb:Building package 'tutorial' with the following arguments: {'ament_cmake_args': None, 'build_base': '/home/pi/wk2/ros2_ws/build/tutorial', 'catkin_cmake_args': None, 'catkin_skip_building_tests': False, 'cmake_args': None, 'cmake_clean_cache': False, 'cmake_clean_first': False, 'cmake_force_configure': False, 'cmake_target': None, 'cmake_target_skip_unavailable': False, 'install_base': '/home/pi/wk2/ros2_ws/install/tutorial', 'merge_install': False, 'path': '/home/pi/wk2/ros2_ws/src/tutorial', 'symlink_install': True, 'test_result_base': None}
[2.576s] INFO:colcon.colcon_core.executor:Executing jobs using 'parallel' executor
[2.592s] DEBUG:colcon.colcon_parallel_executor.executor.parallel:run_until_complete
[2.593s] INFO:colcon.colcon_ros.task.ament_python.build:Building ROS package in '/home/pi/wk2/ros2_ws/src/my_package' with build type 'ament_python'
[2.594s] Level 1:colcon.colcon_core.shell:create_environment_hook('my_package', 'ament_prefix_path')
[2.622s] INFO:colcon.colcon_core.plugin_system:Skipping extension 'colcon_core.shell.bat': Not used on non-Windows systems
[2.624s] INFO:colcon.colcon_core.shell:Creating environment hook '/home/pi/wk2/ros2_ws/install/my_package/share/my_package/hook/ament_prefix_path.ps1'
[2.628s] INFO:colcon.colcon_core.shell:Creating environment descriptor '/home/pi/wk2/ros2_ws/install/my_package/share/my_package/hook/ament_prefix_path.dsv'
[2.633s] INFO:colcon.colcon_core.shell:Creating environment hook '/home/pi/wk2/ros2_ws/install/my_package/share/my_package/hook/ament_prefix_path.sh'
[2.643s] INFO:colcon.colcon_core.shell:Skip shell extension 'powershell' for command environment: Not usable outside of PowerShell
[2.644s] DEBUG:colcon.colcon_core.shell:Skip shell extension 'dsv' for command environment
[2.666s] INFO:colcon.colcon_ros.task.ament_python.build:Building ROS package in '/home/pi/wk2/ros2_ws/src/ros2_brickpi3' with build type 'ament_python'
[2.667s] Level 1:colcon.colcon_core.shell:create_environment_hook('ros2_brickpi3', 'ament_prefix_path')
[2.674s] INFO:colcon.colcon_core.shell:Creating environment hook '/home/pi/wk2/ros2_ws/install/ros2_brickpi3/share/ros2_brickpi3/hook/ament_prefix_path.ps1'
[2.677s] INFO:colcon.colcon_core.shell:Creating environment descriptor '/home/pi/wk2/ros2_ws/install/ros2_brickpi3/share/ros2_brickpi3/hook/ament_prefix_path.dsv'
[2.679s] INFO:colcon.colcon_core.shell:Creating environment hook '/home/pi/wk2/ros2_ws/install/ros2_brickpi3/share/ros2_brickpi3/hook/ament_prefix_path.sh'
[2.686s] INFO:colcon.colcon_core.shell:Skip shell extension 'powershell' for command environment: Not usable outside of PowerShell
[2.687s] DEBUG:colcon.colcon_core.shell:Skip shell extension 'dsv' for command environment
[2.708s] INFO:colcon.colcon_ros.task.ament_python.build:Building ROS package in '/home/pi/wk2/ros2_ws/src/tutorial' with build type 'ament_python'
[2.708s] Level 1:colcon.colcon_core.shell:create_environment_hook('tutorial', 'ament_prefix_path')
[2.715s] INFO:colcon.colcon_core.shell:Creating environment hook '/home/pi/wk2/ros2_ws/install/tutorial/share/tutorial/hook/ament_prefix_path.ps1'
[2.718s] INFO:colcon.colcon_core.shell:Creating environment descriptor '/home/pi/wk2/ros2_ws/install/tutorial/share/tutorial/hook/ament_prefix_path.dsv'
[2.720s] INFO:colcon.colcon_core.shell:Creating environment hook '/home/pi/wk2/ros2_ws/install/tutorial/share/tutorial/hook/ament_prefix_path.sh'
[2.727s] INFO:colcon.colcon_core.shell:Skip shell extension 'powershell' for command environment: Not usable outside of PowerShell
[2.727s] DEBUG:colcon.colcon_core.shell:Skip shell extension 'dsv' for command environment
[3.907s] INFO:colcon.colcon_core.task.python.build:Building Python package in '/home/pi/wk2/ros2_ws/src/my_package'
[3.912s] INFO:colcon.colcon_core.shell:Skip shell extension 'powershell' for command environment: Not usable outside of PowerShell
[3.912s] DEBUG:colcon.colcon_core.shell:Skip shell extension 'dsv' for command environment
[5.092s] INFO:colcon.colcon_core.task.python.build:Building Python package in '/home/pi/wk2/ros2_ws/src/ros2_brickpi3'
[5.097s] INFO:colcon.colcon_core.shell:Skip shell extension 'powershell' for command environment: Not usable outside of PowerShell
[5.097s] DEBUG:colcon.colcon_core.shell:Skip shell extension 'dsv' for command environment
[6.266s] INFO:colcon.colcon_core.task.python.build:Building Python package in '/home/pi/wk2/ros2_ws/src/tutorial'
[6.271s] INFO:colcon.colcon_core.shell:Skip shell extension 'powershell' for command environment: Not usable outside of PowerShell
[6.271s] DEBUG:colcon.colcon_core.shell:Skip shell extension 'dsv' for command environment
[9.198s] DEBUG:colcon.colcon_core.event_handler.log_command:Invoking command in '/home/pi/wk2/ros2_ws/build/my_package': PYTHONPATH=/home/pi/wk2/ros2_ws/build/my_package/prefix_override:/home/pi/wk2/ros2_ws/install/my_package/lib/python3.10/site-packages:${PYTHONPATH} /usr/bin/python3 setup.py develop --editable --build-directory /home/pi/wk2/ros2_ws/build/my_package/build --no-deps install_data
[9.228s] DEBUG:colcon.colcon_core.event_handler.log_command:Invoking command in '/home/pi/wk2/ros2_ws/build/tutorial': PYTHONPATH=/home/pi/wk2/ros2_ws/build/tutorial/prefix_override:/home/pi/wk2/ros2_ws/install/tutorial/lib/python3.10/site-packages:${PYTHONPATH} /usr/bin/python3 setup.py develop --editable --build-directory /home/pi/wk2/ros2_ws/build/tutorial/build --no-deps install_data
[9.247s] DEBUG:colcon.colcon_core.event_handler.log_command:Invoking command in '/home/pi/wk2/ros2_ws/build/ros2_brickpi3': PYTHONPATH=/home/pi/wk2/ros2_ws/build/ros2_brickpi3/prefix_override:/home/pi/wk2/ros2_ws/install/ros2_brickpi3/lib/python3.10/site-packages:${PYTHONPATH} /usr/bin/python3 setup.py develop --editable --build-directory /home/pi/wk2/ros2_ws/build/ros2_brickpi3/build --no-deps install_data
[12.044s] Level 1:colcon.colcon_core.shell:create_environment_hook('tutorial', 'pythonpath_develop')
[12.056s] DEBUG:colcon.colcon_core.event_handler.log_command:Invoked command in '/home/pi/wk2/ros2_ws/build/tutorial' returned '0': PYTHONPATH=/home/pi/wk2/ros2_ws/build/tutorial/prefix_override:/home/pi/wk2/ros2_ws/install/tutorial/lib/python3.10/site-packages:${PYTHONPATH} /usr/bin/python3 setup.py develop --editable --build-directory /home/pi/wk2/ros2_ws/build/tutorial/build --no-deps install_data
[12.067s] INFO:colcon.colcon_core.shell:Creating environment hook '/home/pi/wk2/ros2_ws/build/tutorial/share/tutorial/hook/pythonpath_develop.ps1'
[12.072s] INFO:colcon.colcon_core.shell:Creating environment descriptor '/home/pi/wk2/ros2_ws/build/tutorial/share/tutorial/hook/pythonpath_develop.dsv'
[12.079s] INFO:colcon.colcon_core.shell:Creating environment hook '/home/pi/wk2/ros2_ws/build/tutorial/share/tutorial/hook/pythonpath_develop.sh'
[12.148s] Level 1:colcon.colcon_core.environment:checking '/home/pi/wk2/ros2_ws/install/tutorial' for CMake module files
[12.152s] Level 1:colcon.colcon_core.environment:checking '/home/pi/wk2/ros2_ws/install/tutorial' for CMake config files
[12.158s] Level 1:colcon.colcon_core.environment:checking '/home/pi/wk2/ros2_ws/install/tutorial/lib'
[12.160s] Level 1:colcon.colcon_core.environment:checking '/home/pi/wk2/ros2_ws/install/tutorial/bin'
[12.161s] Level 1:colcon.colcon_core.environment:checking '/home/pi/wk2/ros2_ws/install/tutorial/lib/pkgconfig/tutorial.pc'
[12.162s] Level 1:colcon.colcon_core.environment:checking '/home/pi/wk2/ros2_ws/install/tutorial/lib/python3.10/site-packages'
[12.163s] Level 1:colcon.colcon_core.shell:create_environment_hook('tutorial', 'pythonpath')
[12.171s] INFO:colcon.colcon_core.shell:Creating environment hook '/home/pi/wk2/ros2_ws/install/tutorial/share/tutorial/hook/pythonpath.ps1'
[12.174s] INFO:colcon.colcon_core.shell:Creating environment descriptor '/home/pi/wk2/ros2_ws/install/tutorial/share/tutorial/hook/pythonpath.dsv'
[12.180s] INFO:colcon.colcon_core.shell:Creating environment hook '/home/pi/wk2/ros2_ws/install/tutorial/share/tutorial/hook/pythonpath.sh'
[12.183s] Level 1:colcon.colcon_core.environment:checking '/home/pi/wk2/ros2_ws/install/tutorial/bin'
[12.184s] Level 1:colcon.colcon_core.environment:create_environment_scripts_only(tutorial)
[12.191s] INFO:colcon.colcon_core.shell:Creating package script '/home/pi/wk2/ros2_ws/install/tutorial/share/tutorial/package.ps1'
[12.198s] INFO:colcon.colcon_core.shell:Creating package descriptor '/home/pi/wk2/ros2_ws/install/tutorial/share/tutorial/package.dsv'
[12.204s] INFO:colcon.colcon_core.shell:Creating package script '/home/pi/wk2/ros2_ws/install/tutorial/share/tutorial/package.sh'
[12.213s] INFO:colcon.colcon_core.shell:Creating package script '/home/pi/wk2/ros2_ws/install/tutorial/share/tutorial/package.bash'
[12.224s] INFO:colcon.colcon_core.shell:Creating package script '/home/pi/wk2/ros2_ws/install/tutorial/share/tutorial/package.zsh'
[12.233s] Level 1:colcon.colcon_core.environment:create_file_with_runtime_dependencies(/home/pi/wk2/ros2_ws/install/tutorial/share/colcon-core/packages/tutorial)
[12.241s] Level 1:colcon.colcon_core.shell:create_environment_hook('my_package', 'pythonpath_develop')
[12.270s] INFO:colcon.colcon_core.shell:Creating environment hook '/home/pi/wk2/ros2_ws/build/my_package/share/my_package/hook/pythonpath_develop.ps1'
[12.281s] DEBUG:colcon.colcon_core.event_handler.log_command:Invoked command in '/home/pi/wk2/ros2_ws/build/my_package' returned '0': PYTHONPATH=/home/pi/wk2/ros2_ws/build/my_package/prefix_override:/home/pi/wk2/ros2_ws/install/my_package/lib/python3.10/site-packages:${PYTHONPATH} /usr/bin/python3 setup.py develop --editable --build-directory /home/pi/wk2/ros2_ws/build/my_package/build --no-deps install_data
[12.283s] INFO:colcon.colcon_core.shell:Creating environment descriptor '/home/pi/wk2/ros2_ws/build/my_package/share/my_package/hook/pythonpath_develop.dsv'
[12.287s] INFO:colcon.colcon_core.shell:Creating environment hook '/home/pi/wk2/ros2_ws/build/my_package/share/my_package/hook/pythonpath_develop.sh'
[12.305s] Level 1:colcon.colcon_core.environment:checking '/home/pi/wk2/ros2_ws/install/my_package' for CMake module files
[12.309s] Level 1:colcon.colcon_core.environment:checking '/home/pi/wk2/ros2_ws/install/my_package' for CMake config files
[12.313s] Level 1:colcon.colcon_core.environment:checking '/home/pi/wk2/ros2_ws/install/my_package/lib'
[12.315s] Level 1:colcon.colcon_core.environment:checking '/home/pi/wk2/ros2_ws/install/my_package/bin'
[12.316s] Level 1:colcon.colcon_core.environment:checking '/home/pi/wk2/ros2_ws/install/my_package/lib/pkgconfig/my_package.pc'
[12.317s] Level 1:colcon.colcon_core.environment:checking '/home/pi/wk2/ros2_ws/install/my_package/lib/python3.10/site-packages'
[12.318s] Level 1:colcon.colcon_core.shell:create_environment_hook('my_package', 'pythonpath')
[12.328s] INFO:colcon.colcon_core.shell:Creating environment hook '/home/pi/wk2/ros2_ws/install/my_package/share/my_package/hook/pythonpath.ps1'
[12.334s] INFO:colcon.colcon_core.shell:Creating environment descriptor '/home/pi/wk2/ros2_ws/install/my_package/share/my_package/hook/pythonpath.dsv'
[12.338s] INFO:colcon.colcon_core.shell:Creating environment hook '/home/pi/wk2/ros2_ws/install/my_package/share/my_package/hook/pythonpath.sh'
[12.346s] Level 1:colcon.colcon_core.environment:checking '/home/pi/wk2/ros2_ws/install/my_package/bin'
[12.347s] Level 1:colcon.colcon_core.environment:create_environment_scripts_only(my_package)
[12.355s] INFO:colcon.colcon_core.shell:Creating package script '/home/pi/wk2/ros2_ws/install/my_package/share/my_package/package.ps1'
[12.359s] INFO:colcon.colcon_core.shell:Creating package descriptor '/home/pi/wk2/ros2_ws/install/my_package/share/my_package/package.dsv'
[12.363s] INFO:colcon.colcon_core.shell:Creating package script '/home/pi/wk2/ros2_ws/install/my_package/share/my_package/package.sh'
[12.368s] INFO:colcon.colcon_core.shell:Creating package script '/home/pi/wk2/ros2_ws/install/my_package/share/my_package/package.bash'
[12.372s] INFO:colcon.colcon_core.shell:Creating package script '/home/pi/wk2/ros2_ws/install/my_package/share/my_package/package.zsh'
[12.375s] Level 1:colcon.colcon_core.environment:create_file_with_runtime_dependencies(/home/pi/wk2/ros2_ws/install/my_package/share/colcon-core/packages/my_package)
[12.383s] Level 1:colcon.colcon_core.shell:create_environment_hook('ros2_brickpi3', 'pythonpath_develop')
[12.390s] INFO:colcon.colcon_core.shell:Creating environment hook '/home/pi/wk2/ros2_ws/build/ros2_brickpi3/share/ros2_brickpi3/hook/pythonpath_develop.ps1'
[12.393s] DEBUG:colcon.colcon_core.event_handler.log_command:Invoked command in '/home/pi/wk2/ros2_ws/build/ros2_brickpi3' returned '0': PYTHONPATH=/home/pi/wk2/ros2_ws/build/ros2_brickpi3/prefix_override:/home/pi/wk2/ros2_ws/install/ros2_brickpi3/lib/python3.10/site-packages:${PYTHONPATH} /usr/bin/python3 setup.py develop --editable --build-directory /home/pi/wk2/ros2_ws/build/ros2_brickpi3/build --no-deps install_data
[12.394s] INFO:colcon.colcon_core.shell:Creating environment descriptor '/home/pi/wk2/ros2_ws/build/ros2_brickpi3/share/ros2_brickpi3/hook/pythonpath_develop.dsv'
[12.396s] INFO:colcon.colcon_core.shell:Creating environment hook '/home/pi/wk2/ros2_ws/build/ros2_brickpi3/share/ros2_brickpi3/hook/pythonpath_develop.sh'
[12.406s] Level 1:colcon.colcon_core.environment:checking '/home/pi/wk2/ros2_ws/install/ros2_brickpi3' for CMake module files
[12.409s] Level 1:colcon.colcon_core.environment:checking '/home/pi/wk2/ros2_ws/install/ros2_brickpi3' for CMake config files
[12.413s] Level 1:colcon.colcon_core.environment:checking '/home/pi/wk2/ros2_ws/install/ros2_brickpi3/lib'
[12.414s] Level 1:colcon.colcon_core.environment:checking '/home/pi/wk2/ros2_ws/install/ros2_brickpi3/bin'
[12.414s] Level 1:colcon.colcon_core.environment:checking '/home/pi/wk2/ros2_ws/install/ros2_brickpi3/lib/pkgconfig/ros2_brickpi3.pc'
[12.415s] Level 1:colcon.colcon_core.environment:checking '/home/pi/wk2/ros2_ws/install/ros2_brickpi3/lib/python3.10/site-packages'
[12.415s] Level 1:colcon.colcon_core.shell:create_environment_hook('ros2_brickpi3', 'pythonpath')
[12.420s] INFO:colcon.colcon_core.shell:Creating environment hook '/home/pi/wk2/ros2_ws/install/ros2_brickpi3/share/ros2_brickpi3/hook/pythonpath.ps1'
[12.422s] INFO:colcon.colcon_core.shell:Creating environment descriptor '/home/pi/wk2/ros2_ws/install/ros2_brickpi3/share/ros2_brickpi3/hook/pythonpath.dsv'
[12.424s] INFO:colcon.colcon_core.shell:Creating environment hook '/home/pi/wk2/ros2_ws/install/ros2_brickpi3/share/ros2_brickpi3/hook/pythonpath.sh'
[12.427s] Level 1:colcon.colcon_core.environment:checking '/home/pi/wk2/ros2_ws/install/ros2_brickpi3/bin'
[12.428s] Level 1:colcon.colcon_core.environment:create_environment_scripts_only(ros2_brickpi3)
[12.433s] INFO:colcon.colcon_core.shell:Creating package script '/home/pi/wk2/ros2_ws/install/ros2_brickpi3/share/ros2_brickpi3/package.ps1'
[12.436s] INFO:colcon.colcon_core.shell:Creating package descriptor '/home/pi/wk2/ros2_ws/install/ros2_brickpi3/share/ros2_brickpi3/package.dsv'
[12.438s] INFO:colcon.colcon_core.shell:Creating package script '/home/pi/wk2/ros2_ws/install/ros2_brickpi3/share/ros2_brickpi3/package.sh'
[12.441s] INFO:colcon.colcon_core.shell:Creating package script '/home/pi/wk2/ros2_ws/install/ros2_brickpi3/share/ros2_brickpi3/package.bash'
[12.444s] INFO:colcon.colcon_core.shell:Creating package script '/home/pi/wk2/ros2_ws/install/ros2_brickpi3/share/ros2_brickpi3/package.zsh'
[12.445s] Level 1:colcon.colcon_core.environment:create_file_with_runtime_dependencies(/home/pi/wk2/ros2_ws/install/ros2_brickpi3/share/colcon-core/packages/ros2_brickpi3)
[12.447s] DEBUG:colcon.colcon_parallel_executor.executor.parallel:closing loop
[12.448s] DEBUG:colcon.colcon_parallel_executor.executor.parallel:loop closed
[12.449s] DEBUG:colcon.colcon_parallel_executor.executor.parallel:run_until_complete finished with '0'
[12.449s] DEBUG:colcon.colcon_core.event_reactor:joining thread
[12.479s] INFO:colcon.colcon_core.plugin_system:Skipping extension 'colcon_notification.desktop_notification.notify_send': Could not find 'notify-send'
[12.479s] INFO:colcon.colcon_core.plugin_system:Skipping extension 'colcon_notification.desktop_notification.terminal_notifier': Not used on non-Darwin systems
[12.480s] INFO:colcon.colcon_core.plugin_system:Skipping extension 'colcon_notification.desktop_notification.win32': Not used on non-Windows systems
[12.480s] INFO:colcon.colcon_notification.desktop_notification:Sending desktop notification using 'notify2'
[12.483s] DEBUG:colcon.colcon_notification.desktop_notification.notify2:Failed to initialize notify2: org.freedesktop.DBus.Error.ServiceUnknown: The name org.freedesktop.Notifications was not provided by any .service files
[12.483s] DEBUG:colcon.colcon_core.event_reactor:joined thread
[12.488s] INFO:colcon.colcon_core.shell:Creating prefix script '/home/pi/wk2/ros2_ws/install/local_setup.ps1'
[12.494s] INFO:colcon.colcon_core.shell:Creating prefix util module '/home/pi/wk2/ros2_ws/install/_local_setup_util_ps1.py'
[12.502s] INFO:colcon.colcon_core.shell:Creating prefix chain script '/home/pi/wk2/ros2_ws/install/setup.ps1'
[12.510s] INFO:colcon.colcon_core.shell:Creating prefix script '/home/pi/wk2/ros2_ws/install/local_setup.sh'
[12.516s] INFO:colcon.colcon_core.shell:Creating prefix util module '/home/pi/wk2/ros2_ws/install/_local_setup_util_sh.py'
[12.519s] INFO:colcon.colcon_core.shell:Creating prefix chain script '/home/pi/wk2/ros2_ws/install/setup.sh'
[12.527s] INFO:colcon.colcon_core.shell:Creating prefix script '/home/pi/wk2/ros2_ws/install/local_setup.bash'
[12.532s] INFO:colcon.colcon_core.shell:Creating prefix chain script '/home/pi/wk2/ros2_ws/install/setup.bash'
[12.541s] INFO:colcon.colcon_core.shell:Creating prefix script '/home/pi/wk2/ros2_ws/install/local_setup.zsh'
[12.546s] INFO:colcon.colcon_core.shell:Creating prefix chain script '/home/pi/wk2/ros2_ws/install/setup.zsh'
