[5.612s] Invoking command in '/home/pi/wk2/ros2_ws/build/my_package': PYTHONPATH=/home/pi/wk2/ros2_ws/build/my_package/prefix_override:/home/pi/wk2/ros2_ws/install/my_package/lib/python3.10/site-packages:${PYTHONPATH} /usr/bin/python3 setup.py develop --editable --build-directory /home/pi/wk2/ros2_ws/build/my_package/build --no-deps install_data
[7.124s] running develop
[7.126s] /usr/lib/python3/dist-packages/setuptools/command/easy_install.py:158: EasyInstallDeprecationWarning: easy_install command is deprecated. Use build and pip and other standards-based tools.
[7.127s]   warnings.warn(
[7.134s] /usr/lib/python3/dist-packages/setuptools/command/install.py:34: SetuptoolsDeprecationWarning: setup.py install is deprecated. Use build and pip and other standards-based tools.
[7.137s]   warnings.warn(
[7.454s] /usr/lib/python3/dist-packages/pkg_resources/__init__.py:116: PkgResourcesDeprecationWarning: 1.16.0-unknown is an invalid version and will not be supported in a future release
[7.458s]   warnings.warn(
[7.459s] /usr/lib/python3/dist-packages/pkg_resources/__init__.py:116: PkgResourcesDeprecationWarning: 1.1build1 is an invalid version and will not be supported in a future release
[7.459s]   warnings.warn(
[7.460s] /usr/lib/python3/dist-packages/pkg_resources/__init__.py:116: PkgResourcesDeprecationWarning: 0.1.43ubuntu1 is an invalid version and will not be supported in a future release
[7.460s]   warnings.warn(
[8.115s] running egg_info
[8.119s] writing my_package.egg-info/PKG-INFO
[8.120s] writing dependency_links to my_package.egg-info/dependency_links.txt
[8.122s] writing entry points to my_package.egg-info/entry_points.txt
[8.124s] writing requirements to my_package.egg-info/requires.txt
[8.125s] writing top-level names to my_package.egg-info/top_level.txt
[8.135s] reading manifest file 'my_package.egg-info/SOURCES.txt'
[8.140s] writing manifest file 'my_package.egg-info/SOURCES.txt'
[8.153s] running build_ext
[8.155s] Creating /home/pi/wk2/ros2_ws/install/my_package/lib/python3.10/site-packages/my-package.egg-link (link to .)
[8.165s] Installing chatter script to /home/pi/wk2/ros2_ws/install/my_package/lib/my_package
[8.166s] Installing my_node script to /home/pi/wk2/ros2_ws/install/my_package/lib/my_package
[8.174s] 
[8.176s] Installed /home/pi/wk2/ros2_ws/build/my_package
[8.178s] running install_data
[8.449s] Invoked command in '/home/pi/wk2/ros2_ws/build/my_package' returned '0': PYTHONPATH=/home/pi/wk2/ros2_ws/build/my_package/prefix_override:/home/pi/wk2/ros2_ws/install/my_package/lib/python3.10/site-packages:${PYTHONPATH} /usr/bin/python3 setup.py develop --editable --build-directory /home/pi/wk2/ros2_ws/build/my_package/build --no-deps install_data
