running develop
Removing /home/pi/wk2/ros2_ws/install/path_finder/lib/python3.10/site-packages/path-finder.egg-link (link to .)
running egg_info
writing ../../build/path_finder/path_finder.egg-info/PKG-INFO
writing dependency_links to ../../build/path_finder/path_finder.egg-info/dependency_links.txt
writing entry points to ../../build/path_finder/path_finder.egg-info/entry_points.txt
writing requirements to ../../build/path_finder/path_finder.egg-info/requires.txt
writing top-level names to ../../build/path_finder/path_finder.egg-info/top_level.txt
reading manifest file '../../build/path_finder/path_finder.egg-info/SOURCES.txt'
writing manifest file '../../build/path_finder/path_finder.egg-info/SOURCES.txt'
running build
running build_py
creating /home/pi/wk2/ros2_ws/build/path_finder/build
creating /home/pi/wk2/ros2_ws/build/path_finder/build/lib
creating /home/pi/wk2/ros2_ws/build/path_finder/build/lib/path_finder
copying path_finder/__init__.py -> /home/pi/wk2/ros2_ws/build/path_finder/build/lib/path_finder
running install
running install_lib
creating /home/pi/wk2/ros2_ws/install/path_finder/lib/python3.10/site-packages/path_finder
copying /home/pi/wk2/ros2_ws/build/path_finder/build/lib/path_finder/__init__.py -> /home/pi/wk2/ros2_ws/install/path_finder/lib/python3.10/site-packages/path_finder
byte-compiling /home/pi/wk2/ros2_ws/install/path_finder/lib/python3.10/site-packages/path_finder/__init__.py to __init__.cpython-310.pyc
running install_data
running install_egg_info
Copying ../../build/path_finder/path_finder.egg-info to /home/pi/wk2/ros2_ws/install/path_finder/lib/python3.10/site-packages/path_finder-0.0.0-py3.10.egg-info
running install_scripts
writing list of installed files to '/home/pi/wk2/ros2_ws/build/path_finder/install.log'
