[0.070s] Invoking command in '/home/pi/wk2/ros2_ws/build/ros2_path_planning': CMAKE_PREFIX_PATH=${CMAKE_PREFIX_PATH}:/home/pi/wk2/ros2_ws/install/tutorial:/home/pi/wk2/ros2_ws/install/ros2_brickpi3:/home/pi/wk2/ros2_ws/install/ros2_aruco:/home/pi/wk2/ros2_ws/install/py_srvcli:/home/pi/wk2/ros2_ws/install/path_finder:/opt/ros/humble /usr/bin/cmake /home/pi/wk2/ros2_ws/src/ros2_path_planning -DCMAKE_INSTALL_PREFIX=/home/pi/wk2/ros2_ws/install/ros2_path_planning
[0.134s] -- Found ament_cmake: 1.3.4 (/opt/ros/humble/share/ament_cmake/cmake)
[1.561s] -- Override CMake install command with custom implementation using symlinks instead of copying resources
[1.717s] -- Found rclcpp: 16.0.4 (/opt/ros/humble/share/rclcpp/cmake)
[1.998s] -- Found rosidl_generator_c: 3.1.4 (/opt/ros/humble/share/rosidl_generator_c/cmake)
[2.013s] -- Found rosidl_adapter: 3.1.4 (/opt/ros/humble/share/rosidl_adapter/cmake)
[2.058s] -- Found rosidl_generator_cpp: 3.1.4 (/opt/ros/humble/share/rosidl_generator_cpp/cmake)
[2.153s] -- Using all available rosidl_typesupport_c: rosidl_typesupport_fastrtps_c;rosidl_typesupport_introspection_c
[2.258s] -- Using all available rosidl_typesupport_cpp: rosidl_typesupport_fastrtps_cpp;rosidl_typesupport_introspection_cpp
[2.677s] -- Found rmw_implementation_cmake: 6.1.1 (/opt/ros/humble/share/rmw_implementation_cmake/cmake)
[2.688s] -- Found rmw_fastrtps_cpp: 6.2.2 (/opt/ros/humble/share/rmw_fastrtps_cpp/cmake)
[4.118s] -- Using RMW implementation 'rmw_fastrtps_cpp' as default
[6.045s] -- Found rclpy: 3.3.8 (/opt/ros/humble/share/rclpy/cmake)
[6.053s] -- Found geometry_msgs: 4.2.3 (/opt/ros/humble/share/geometry_msgs/cmake)
[6.459s] -- Found nav_msgs: 4.2.3 (/opt/ros/humble/share/nav_msgs/cmake)
[7.159s] -- Found rosidl_default_generators: 1.2.0 (/opt/ros/humble/share/rosidl_default_generators/cmake)
[7.218s] [31mCMake Error at /opt/ros/humble/share/rosidl_cmake/cmake/rosidl_generate_interfaces.cmake:93 (message):
[7.219s]   rosidl_generate_interfaces() the passed file 'srv/PlanTrajectory.srv'
[7.220s]   doesn't exist relative to the CMAKE_CURRENT_SOURCE_DIR
[7.220s]   '/home/pi/wk2/ros2_ws/src/ros2_path_planning'
[7.221s] Call Stack (most recent call first):
[7.221s]   CMakeLists.txt:23 (rosidl_generate_interfaces)
[7.222s] 
[7.223s] [0m
[7.224s] -- Configuring incomplete, errors occurred!
[7.227s] See also "/home/pi/wk2/ros2_ws/build/ros2_path_planning/CMakeFiles/CMakeOutput.log".
[7.263s] Invoked command in '/home/pi/wk2/ros2_ws/build/ros2_path_planning' returned '1': CMAKE_PREFIX_PATH=${CMAKE_PREFIX_PATH}:/home/pi/wk2/ros2_ws/install/tutorial:/home/pi/wk2/ros2_ws/install/ros2_brickpi3:/home/pi/wk2/ros2_ws/install/ros2_aruco:/home/pi/wk2/ros2_ws/install/py_srvcli:/home/pi/wk2/ros2_ws/install/path_finder:/opt/ros/humble /usr/bin/cmake /home/pi/wk2/ros2_ws/src/ros2_path_planning -DCMAKE_INSTALL_PREFIX=/home/pi/wk2/ros2_ws/install/ros2_path_planning
