[4.846s] Invoking command in '/home/pi/wk2/ros2_ws/build/tutorial': PYTHONPATH=/home/pi/wk2/ros2_ws/build/tutorial/prefix_override:/home/pi/wk2/ros2_ws/install/tutorial/lib/python3.10/site-packages:${PYTHONPATH} /usr/bin/python3 setup.py develop --editable --build-directory /home/pi/wk2/ros2_ws/build/tutorial/build --no-deps install_data
[6.791s] running develop
[6.792s] /usr/lib/python3/dist-packages/setuptools/command/easy_install.py:158: EasyInstallDeprecationWarning: easy_install command is deprecated. Use build and pip and other standards-based tools.
[6.795s]   warnings.warn(
[6.802s] /usr/lib/python3/dist-packages/setuptools/command/install.py:34: SetuptoolsDeprecationWarning: setup.py install is deprecated. Use build and pip and other standards-based tools.
[6.804s]   warnings.warn(
[7.308s] /usr/lib/python3/dist-packages/pkg_resources/__init__.py:116: PkgResourcesDeprecationWarning: 1.16.0-unknown is an invalid version and will not be supported in a future release
[7.309s]   warnings.warn(
[7.310s] /usr/lib/python3/dist-packages/pkg_resources/__init__.py:116: PkgResourcesDeprecationWarning: 1.1build1 is an invalid version and will not be supported in a future release
[7.311s]   warnings.warn(
[7.312s] /usr/lib/python3/dist-packages/pkg_resources/__init__.py:116: PkgResourcesDeprecationWarning: 0.1.43ubuntu1 is an invalid version and will not be supported in a future release
[7.312s]   warnings.warn(
[8.076s] running egg_info
[8.079s] writing tutorial.egg-info/PKG-INFO
[8.082s] writing dependency_links to tutorial.egg-info/dependency_links.txt
[8.085s] writing entry points to tutorial.egg-info/entry_points.txt
[8.087s] writing requirements to tutorial.egg-info/requires.txt
[8.088s] writing top-level names to tutorial.egg-info/top_level.txt
[8.096s] reading manifest file 'tutorial.egg-info/SOURCES.txt'
[8.101s] writing manifest file 'tutorial.egg-info/SOURCES.txt'
[8.111s] running build_ext
[8.112s] Creating /home/pi/wk2/ros2_ws/install/tutorial/lib/python3.10/site-packages/tutorial.egg-link (link to .)
[8.118s] Installing listener script to /home/pi/wk2/ros2_ws/install/tutorial/lib/tutorial
[8.119s] Installing talker script to /home/pi/wk2/ros2_ws/install/tutorial/lib/tutorial
[8.123s] 
[8.124s] Installed /home/pi/wk2/ros2_ws/build/tutorial
[8.125s] running install_data
[8.302s] Invoked command in '/home/pi/wk2/ros2_ws/build/tutorial' returned '0': PYTHONPATH=/home/pi/wk2/ros2_ws/build/tutorial/prefix_override:/home/pi/wk2/ros2_ws/install/tutorial/lib/python3.10/site-packages:${PYTHONPATH} /usr/bin/python3 setup.py develop --editable --build-directory /home/pi/wk2/ros2_ws/build/tutorial/build --no-deps install_data
