[3.398s] Invoking command in '/home/pi/wk2/ros2_ws/build/my_package': CMAKE_PREFIX_PATH=/home/pi/wk2/ros2_ws/install/ros2_aruco_interfaces:/home/pi/wk2/ros2_ws/install/ros2_path_planning LD_LIBRARY_PATH=/home/pi/wk2/ros2_ws/install/ros2_aruco_interfaces/lib:/home/pi/wk2/ros2_ws/install/ros2_path_planning/lib:/opt/ros/humble/lib/aarch64-linux-gnu:/opt/ros/humble/lib PYTHONPATH=/home/pi/wk2/ros2_ws/build/my_package/prefix_override:/home/pi/wk2/ros2_ws/install/my_package/lib/python3.10/site-packages:${PYTHONPATH} /usr/bin/python3 setup.py develop --editable --build-directory /home/pi/wk2/ros2_ws/build/my_package/build --no-deps install_data
[4.565s] running develop
[4.567s] /usr/lib/python3/dist-packages/setuptools/command/easy_install.py:158: EasyInstallDeprecationWarning: easy_install command is deprecated. Use build and pip and other standards-based tools.
[4.567s]   warnings.warn(
[4.572s] /usr/lib/python3/dist-packages/setuptools/command/install.py:34: SetuptoolsDeprecationWarning: setup.py install is deprecated. Use build and pip and other standards-based tools.
[4.572s]   warnings.warn(
[4.817s] /usr/lib/python3/dist-packages/pkg_resources/__init__.py:116: PkgResourcesDeprecationWarning: 1.16.0-unknown is an invalid version and will not be supported in a future release
[4.818s]   warnings.warn(
[4.820s] /usr/lib/python3/dist-packages/pkg_resources/__init__.py:116: PkgResourcesDeprecationWarning: 1.1build1 is an invalid version and will not be supported in a future release
[4.820s]   warnings.warn(
[4.821s] /usr/lib/python3/dist-packages/pkg_resources/__init__.py:116: PkgResourcesDeprecationWarning: 0.1.43ubuntu1 is an invalid version and will not be supported in a future release
[4.821s]   warnings.warn(
[5.258s] running egg_info
[5.258s] writing my_package.egg-info/PKG-INFO
[5.261s] writing dependency_links to my_package.egg-info/dependency_links.txt
[5.264s] writing entry points to my_package.egg-info/entry_points.txt
[5.264s] writing requirements to my_package.egg-info/requires.txt
[5.265s] writing top-level names to my_package.egg-info/top_level.txt
[5.270s] reading manifest file 'my_package.egg-info/SOURCES.txt'
[5.275s] writing manifest file 'my_package.egg-info/SOURCES.txt'
[5.282s] running build_ext
[5.283s] Creating /home/pi/wk2/ros2_ws/install/my_package/lib/python3.10/site-packages/my-package.egg-link (link to .)
[5.287s] Installing aruco script to /home/pi/wk2/ros2_ws/install/my_package/lib/my_package
[5.288s] Installing color script to /home/pi/wk2/ros2_ws/install/my_package/lib/my_package
[5.288s] Installing drive script to /home/pi/wk2/ros2_ws/install/my_package/lib/my_package
[5.298s] Installing gyro script to /home/pi/wk2/ros2_ws/install/my_package/lib/my_package
[5.298s] Installing motor script to /home/pi/wk2/ros2_ws/install/my_package/lib/my_package
[5.299s] Installing my_node script to /home/pi/wk2/ros2_ws/install/my_package/lib/my_package
[5.300s] Installing planner_client script to /home/pi/wk2/ros2_ws/install/my_package/lib/my_package
[5.301s] Installing touch script to /home/pi/wk2/ros2_ws/install/my_package/lib/my_package
[5.302s] Installing ultrasonic script to /home/pi/wk2/ros2_ws/install/my_package/lib/my_package
[5.304s] 
[5.305s] Installed /home/pi/wk2/ros2_ws/build/my_package
[5.306s] running install_data
[5.318s] copying launch/hackjob.launch.py -> /home/pi/wk2/ros2_ws/install/my_package/share/my_package/launch
[5.440s] Invoked command in '/home/pi/wk2/ros2_ws/build/my_package' returned '0': CMAKE_PREFIX_PATH=/home/pi/wk2/ros2_ws/install/ros2_aruco_interfaces:/home/pi/wk2/ros2_ws/install/ros2_path_planning LD_LIBRARY_PATH=/home/pi/wk2/ros2_ws/install/ros2_aruco_interfaces/lib:/home/pi/wk2/ros2_ws/install/ros2_path_planning/lib:/opt/ros/humble/lib/aarch64-linux-gnu:/opt/ros/humble/lib PYTHONPATH=/home/pi/wk2/ros2_ws/build/my_package/prefix_override:/home/pi/wk2/ros2_ws/install/my_package/lib/python3.10/site-packages:${PYTHONPATH} /usr/bin/python3 setup.py develop --editable --build-directory /home/pi/wk2/ros2_ws/build/my_package/build --no-deps install_data
