[0.000000] (-) TimerEvent: {}
[0.001745] (my_package) JobQueued: {'identifier': 'my_package', 'dependencies': OrderedDict()}
[0.001979] (ros2_brickpi3) JobQueued: {'identifier': 'ros2_brickpi3', 'dependencies': OrderedDict()}
[0.003961] (tutorial) JobQueued: {'identifier': 'tutorial', 'dependencies': OrderedDict()}
[0.004199] (my_package) JobStarted: {'identifier': 'my_package'}
[0.050181] (ros2_brickpi3) JobStarted: {'identifier': 'ros2_brickpi3'}
[0.081194] (tutorial) JobStarted: {'identifier': 'tutorial'}
[0.100221] (-) TimerEvent: {}
[0.200864] (-) TimerEvent: {}
[0.301617] (-) TimerEvent: {}
[0.402298] (-) TimerEvent: {}
[0.502940] (-) TimerEvent: {}
[0.603541] (-) TimerEvent: {}
[0.704152] (-) TimerEvent: {}
[0.804799] (-) TimerEvent: {}
[0.905457] (-) TimerEvent: {}
[1.006169] (-) TimerEvent: {}
[1.106902] (-) TimerEvent: {}
[1.207747] (-) TimerEvent: {}
[1.308368] (-) TimerEvent: {}
[1.409027] (-) TimerEvent: {}
[1.509704] (-) TimerEvent: {}
[1.610412] (-) TimerEvent: {}
[1.711020] (-) TimerEvent: {}
[1.811620] (-) TimerEvent: {}
[1.912300] (-) TimerEvent: {}
[2.012967] (-) TimerEvent: {}
[2.113679] (-) TimerEvent: {}
[2.214658] (-) TimerEvent: {}
[2.315361] (-) TimerEvent: {}
[2.416051] (-) TimerEvent: {}
[2.516678] (-) TimerEvent: {}
[2.617365] (-) TimerEvent: {}
[2.676374] (tutorial) JobEnded: {'identifier': 'tutorial', 'rc': 0}
[2.679825] (my_package) JobEnded: {'identifier': 'my_package', 'rc': 'SIGINT'}
[2.681241] (ros2_brickpi3) JobEnded: {'identifier': 'ros2_brickpi3', 'rc': 'SIGINT'}
[2.691083] (-) EventReactorShutdown: {}
