[5.222s] Invoking command in '/home/pi/wk2/ros2_ws/build/my_package': PYTHONPATH=/home/pi/wk2/ros2_ws/build/my_package/prefix_override:/home/pi/wk2/ros2_ws/install/my_package/lib/python3.10/site-packages:${PYTHONPATH} /usr/bin/python3 setup.py develop --editable --build-directory /home/pi/wk2/ros2_ws/build/my_package/build --no-deps install_data
[6.541s] running develop
[6.543s] /usr/lib/python3/dist-packages/setuptools/command/easy_install.py:158: EasyInstallDeprecationWarning: easy_install command is deprecated. Use build and pip and other standards-based tools.
[6.544s]   warnings.warn(
[6.549s] /usr/lib/python3/dist-packages/setuptools/command/install.py:34: SetuptoolsDeprecationWarning: setup.py install is deprecated. Use build and pip and other standards-based tools.
[6.549s]   warnings.warn(
[6.838s] /usr/lib/python3/dist-packages/pkg_resources/__init__.py:116: PkgResourcesDeprecationWarning: 1.16.0-unknown is an invalid version and will not be supported in a future release
[6.839s]   warnings.warn(
[6.840s] /usr/lib/python3/dist-packages/pkg_resources/__init__.py:116: PkgResourcesDeprecationWarning: 1.1build1 is an invalid version and will not be supported in a future release
[6.840s]   warnings.warn(
[6.841s] /usr/lib/python3/dist-packages/pkg_resources/__init__.py:116: PkgResourcesDeprecationWarning: 0.1.43ubuntu1 is an invalid version and will not be supported in a future release
[6.842s]   warnings.warn(
[7.364s] running egg_info
[7.364s] writing my_package.egg-info/PKG-INFO
[7.365s] writing dependency_links to my_package.egg-info/dependency_links.txt
[7.367s] writing entry points to my_package.egg-info/entry_points.txt
[7.368s] writing requirements to my_package.egg-info/requires.txt
[7.369s] writing top-level names to my_package.egg-info/top_level.txt
[7.378s] reading manifest file 'my_package.egg-info/SOURCES.txt'
[7.382s] writing manifest file 'my_package.egg-info/SOURCES.txt'
[7.389s] running build_ext
[7.391s] Creating /home/pi/wk2/ros2_ws/install/my_package/lib/python3.10/site-packages/my-package.egg-link (link to .)
[7.396s] Installing color script to /home/pi/wk2/ros2_ws/install/my_package/lib/my_package
[7.398s] Installing drive script to /home/pi/wk2/ros2_ws/install/my_package/lib/my_package
[7.399s] Installing gyro script to /home/pi/wk2/ros2_ws/install/my_package/lib/my_package
[7.400s] Installing motor script to /home/pi/wk2/ros2_ws/install/my_package/lib/my_package
[7.401s] Installing my_node script to /home/pi/wk2/ros2_ws/install/my_package/lib/my_package
[7.401s] Installing touch script to /home/pi/wk2/ros2_ws/install/my_package/lib/my_package
[7.402s] Installing ultrasonic script to /home/pi/wk2/ros2_ws/install/my_package/lib/my_package
[7.403s] 
[7.403s] Installed /home/pi/wk2/ros2_ws/build/my_package
[7.404s] running install_data
[7.667s] Invoked command in '/home/pi/wk2/ros2_ws/build/my_package' returned '0': PYTHONPATH=/home/pi/wk2/ros2_ws/build/my_package/prefix_override:/home/pi/wk2/ros2_ws/install/my_package/lib/python3.10/site-packages:${PYTHONPATH} /usr/bin/python3 setup.py develop --editable --build-directory /home/pi/wk2/ros2_ws/build/my_package/build --no-deps install_data
