[2.794s] Invoking command in '/home/pi/wk2/ros2_ws/build/my_package': PYTHONPATH=/home/pi/wk2/ros2_ws/build/my_package/prefix_override:/home/pi/wk2/ros2_ws/install/my_package/lib/python3.10/site-packages:${PYTHONPATH} /usr/bin/python3 setup.py develop --editable --build-directory /home/pi/wk2/ros2_ws/build/my_package/build --no-deps install_data
[3.883s] running develop
[3.885s] /usr/lib/python3/dist-packages/setuptools/command/easy_install.py:158: EasyInstallDeprecationWarning: easy_install command is deprecated. Use build and pip and other standards-based tools.
[3.886s]   warnings.warn(
[3.891s] /usr/lib/python3/dist-packages/setuptools/command/install.py:34: SetuptoolsDeprecationWarning: setup.py install is deprecated. Use build and pip and other standards-based tools.
[3.891s]   warnings.warn(
[4.191s] /usr/lib/python3/dist-packages/pkg_resources/__init__.py:116: PkgResourcesDeprecationWarning: 1.16.0-unknown is an invalid version and will not be supported in a future release
[4.191s]   warnings.warn(
[4.192s] /usr/lib/python3/dist-packages/pkg_resources/__init__.py:116: PkgResourcesDeprecationWarning: 1.1build1 is an invalid version and will not be supported in a future release
[4.193s]   warnings.warn(
[4.194s] /usr/lib/python3/dist-packages/pkg_resources/__init__.py:116: PkgResourcesDeprecationWarning: 0.1.43ubuntu1 is an invalid version and will not be supported in a future release
[4.195s]   warnings.warn(
[4.816s] running egg_info
[4.820s] writing my_package.egg-info/PKG-INFO
[4.820s] writing dependency_links to my_package.egg-info/dependency_links.txt
[4.821s] writing entry points to my_package.egg-info/entry_points.txt
[4.821s] writing requirements to my_package.egg-info/requires.txt
[4.822s] writing top-level names to my_package.egg-info/top_level.txt
[4.829s] reading manifest file 'my_package.egg-info/SOURCES.txt'
[4.833s] writing manifest file 'my_package.egg-info/SOURCES.txt'
[4.839s] running build_ext
[4.840s] Creating /home/pi/wk2/ros2_ws/install/my_package/lib/python3.10/site-packages/my-package.egg-link (link to .)
[4.845s] Installing color script to /home/pi/wk2/ros2_ws/install/my_package/lib/my_package
[4.846s] Installing drive script to /home/pi/wk2/ros2_ws/install/my_package/lib/my_package
[4.847s] Installing gyro script to /home/pi/wk2/ros2_ws/install/my_package/lib/my_package
[4.847s] Installing motor script to /home/pi/wk2/ros2_ws/install/my_package/lib/my_package
[4.848s] Installing my_node script to /home/pi/wk2/ros2_ws/install/my_package/lib/my_package
[4.849s] Installing touch script to /home/pi/wk2/ros2_ws/install/my_package/lib/my_package
[4.850s] Installing ultrasonic script to /home/pi/wk2/ros2_ws/install/my_package/lib/my_package
[4.851s] 
[4.852s] Installed /home/pi/wk2/ros2_ws/build/my_package
[4.852s] running install_data
[4.853s] copying launch/drive.launch.py -> /home/pi/wk2/ros2_ws/install/my_package/share/my_package/launch
[4.990s] Invoked command in '/home/pi/wk2/ros2_ws/build/my_package' returned '0': PYTHONPATH=/home/pi/wk2/ros2_ws/build/my_package/prefix_override:/home/pi/wk2/ros2_ws/install/my_package/lib/python3.10/site-packages:${PYTHONPATH} /usr/bin/python3 setup.py develop --editable --build-directory /home/pi/wk2/ros2_ws/build/my_package/build --no-deps install_data
