[6.470s] Invoking command in '/home/pi/wk2/ros2_ws/build/tutorial': PYTHONPATH=/home/pi/wk2/ros2_ws/build/tutorial/prefix_override:/home/pi/wk2/ros2_ws/install/tutorial/lib/python3.10/site-packages:${PYTHONPATH} /usr/bin/python3 setup.py develop --editable --build-directory /home/pi/wk2/ros2_ws/build/tutorial/build --no-deps install_data
[7.969s] running develop
[7.975s] /usr/lib/python3/dist-packages/setuptools/command/easy_install.py:158: EasyInstallDeprecationWarning: easy_install command is deprecated. Use build and pip and other standards-based tools.
[7.976s]   warnings.warn(
[7.983s] /usr/lib/python3/dist-packages/setuptools/command/install.py:34: SetuptoolsDeprecationWarning: setup.py install is deprecated. Use build and pip and other standards-based tools.
[7.983s]   warnings.warn(
[8.356s] /usr/lib/python3/dist-packages/pkg_resources/__init__.py:116: PkgResourcesDeprecationWarning: 1.16.0-unknown is an invalid version and will not be supported in a future release
[8.356s]   warnings.warn(
[8.357s] /usr/lib/python3/dist-packages/pkg_resources/__init__.py:116: PkgResourcesDeprecationWarning: 1.1build1 is an invalid version and will not be supported in a future release
[8.357s]   warnings.warn(
[8.358s] /usr/lib/python3/dist-packages/pkg_resources/__init__.py:116: PkgResourcesDeprecationWarning: 0.1.43ubuntu1 is an invalid version and will not be supported in a future release
[8.359s]   warnings.warn(
[8.969s] running egg_info
[8.971s] writing tutorial.egg-info/PKG-INFO
[8.975s] writing dependency_links to tutorial.egg-info/dependency_links.txt
[8.980s] writing entry points to tutorial.egg-info/entry_points.txt
[8.982s] writing requirements to tutorial.egg-info/requires.txt
[8.984s] writing top-level names to tutorial.egg-info/top_level.txt
[8.995s] reading manifest file 'tutorial.egg-info/SOURCES.txt'
[9.001s] writing manifest file 'tutorial.egg-info/SOURCES.txt'
[9.012s] running build_ext
[9.015s] Creating /home/pi/wk2/ros2_ws/install/tutorial/lib/python3.10/site-packages/tutorial.egg-link (link to .)
[9.019s] Installing listener script to /home/pi/wk2/ros2_ws/install/tutorial/lib/tutorial
[9.022s] Installing talker script to /home/pi/wk2/ros2_ws/install/tutorial/lib/tutorial
[9.023s] 
[9.024s] Installed /home/pi/wk2/ros2_ws/build/tutorial
[9.043s] running install_data
[9.502s] Invoked command in '/home/pi/wk2/ros2_ws/build/tutorial' returned '0': PYTHONPATH=/home/pi/wk2/ros2_ws/build/tutorial/prefix_override:/home/pi/wk2/ros2_ws/install/tutorial/lib/python3.10/site-packages:${PYTHONPATH} /usr/bin/python3 setup.py develop --editable --build-directory /home/pi/wk2/ros2_ws/build/tutorial/build --no-deps install_data
