[2.689s] Invoking command in '/home/pi/wk2/ros2_ws/build/my_package': PYTHONPATH=/home/pi/wk2/ros2_ws/build/my_package/prefix_override:/home/pi/wk2/ros2_ws/install/my_package/lib/python3.10/site-packages:${PYTHONPATH} /usr/bin/python3 setup.py develop --editable --build-directory /home/pi/wk2/ros2_ws/build/my_package/build --no-deps install_data
[3.755s] running develop
[3.757s] /usr/lib/python3/dist-packages/setuptools/command/easy_install.py:158: EasyInstallDeprecationWarning: easy_install command is deprecated. Use build and pip and other standards-based tools.
[3.757s]   warnings.warn(
[3.761s] /usr/lib/python3/dist-packages/setuptools/command/install.py:34: SetuptoolsDeprecationWarning: setup.py install is deprecated. Use build and pip and other standards-based tools.
[3.762s]   warnings.warn(
[3.984s] /usr/lib/python3/dist-packages/pkg_resources/__init__.py:116: PkgResourcesDeprecationWarning: 1.16.0-unknown is an invalid version and will not be supported in a future release
[3.984s]   warnings.warn(
[3.985s] /usr/lib/python3/dist-packages/pkg_resources/__init__.py:116: PkgResourcesDeprecationWarning: 1.1build1 is an invalid version and will not be supported in a future release
[3.985s]   warnings.warn(
[3.986s] /usr/lib/python3/dist-packages/pkg_resources/__init__.py:116: PkgResourcesDeprecationWarning: 0.1.43ubuntu1 is an invalid version and will not be supported in a future release
[3.987s]   warnings.warn(
[4.395s] running egg_info
[4.396s] writing my_package.egg-info/PKG-INFO
[4.397s] writing dependency_links to my_package.egg-info/dependency_links.txt
[4.398s] writing entry points to my_package.egg-info/entry_points.txt
[4.399s] writing requirements to my_package.egg-info/requires.txt
[4.400s] writing top-level names to my_package.egg-info/top_level.txt
[4.408s] reading manifest file 'my_package.egg-info/SOURCES.txt'
[4.411s] writing manifest file 'my_package.egg-info/SOURCES.txt'
[4.417s] running build_ext
[4.418s] Creating /home/pi/wk2/ros2_ws/install/my_package/lib/python3.10/site-packages/my-package.egg-link (link to .)
[4.422s] Installing color script to /home/pi/wk2/ros2_ws/install/my_package/lib/my_package
[4.423s] Installing drive script to /home/pi/wk2/ros2_ws/install/my_package/lib/my_package
[4.424s] Installing gyro script to /home/pi/wk2/ros2_ws/install/my_package/lib/my_package
[4.425s] Installing motor script to /home/pi/wk2/ros2_ws/install/my_package/lib/my_package
[4.426s] Installing my_node script to /home/pi/wk2/ros2_ws/install/my_package/lib/my_package
[4.426s] Installing touch script to /home/pi/wk2/ros2_ws/install/my_package/lib/my_package
[4.427s] Installing ultrasonic script to /home/pi/wk2/ros2_ws/install/my_package/lib/my_package
[4.429s] 
[4.432s] Installed /home/pi/wk2/ros2_ws/build/my_package
[4.433s] running install_data
[4.434s] copying launch/drive.launch.py -> /home/pi/wk2/ros2_ws/install/my_package/share/my_package/launch
[4.568s] Invoked command in '/home/pi/wk2/ros2_ws/build/my_package' returned '0': PYTHONPATH=/home/pi/wk2/ros2_ws/build/my_package/prefix_override:/home/pi/wk2/ros2_ws/install/my_package/lib/python3.10/site-packages:${PYTHONPATH} /usr/bin/python3 setup.py develop --editable --build-directory /home/pi/wk2/ros2_ws/build/my_package/build --no-deps install_data
