[3.926s] Invoking command in '/home/pi/wk2/ros2_ws/build/tutorial': PYTHONPATH=/home/pi/wk2/ros2_ws/build/tutorial/prefix_override:/home/pi/wk2/ros2_ws/install/tutorial/lib/python3.10/site-packages:${PYTHONPATH} /usr/bin/python3 setup.py develop --editable --build-directory /home/pi/wk2/ros2_ws/build/tutorial/build --no-deps install_data
[5.121s] running develop
[5.123s] /usr/lib/python3/dist-packages/setuptools/command/easy_install.py:158: EasyInstallDeprecationWarning: easy_install command is deprecated. Use build and pip and other standards-based tools.
[5.124s]   warnings.warn(
[5.128s] /usr/lib/python3/dist-packages/setuptools/command/install.py:34: SetuptoolsDeprecationWarning: setup.py install is deprecated. Use build and pip and other standards-based tools.
[5.129s]   warnings.warn(
[5.391s] /usr/lib/python3/dist-packages/pkg_resources/__init__.py:116: PkgResourcesDeprecationWarning: 1.16.0-unknown is an invalid version and will not be supported in a future release
[5.392s]   warnings.warn(
[5.393s] /usr/lib/python3/dist-packages/pkg_resources/__init__.py:116: PkgResourcesDeprecationWarning: 1.1build1 is an invalid version and will not be supported in a future release
[5.394s]   warnings.warn(
[5.395s] /usr/lib/python3/dist-packages/pkg_resources/__init__.py:116: PkgResourcesDeprecationWarning: 0.1.43ubuntu1 is an invalid version and will not be supported in a future release
[5.395s]   warnings.warn(
[5.915s] running egg_info
[5.917s] writing tutorial.egg-info/PKG-INFO
[5.921s] writing dependency_links to tutorial.egg-info/dependency_links.txt
[5.922s] writing entry points to tutorial.egg-info/entry_points.txt
[5.925s] writing requirements to tutorial.egg-info/requires.txt
[5.928s] writing top-level names to tutorial.egg-info/top_level.txt
[5.936s] reading manifest file 'tutorial.egg-info/SOURCES.txt'
[5.941s] writing manifest file 'tutorial.egg-info/SOURCES.txt'
[5.953s] running build_ext
[5.954s] Creating /home/pi/wk2/ros2_ws/install/tutorial/lib/python3.10/site-packages/tutorial.egg-link (link to .)
[5.962s] Installing listener script to /home/pi/wk2/ros2_ws/install/tutorial/lib/tutorial
[5.967s] Installing talker script to /home/pi/wk2/ros2_ws/install/tutorial/lib/tutorial
[5.971s] 
[5.973s] Installed /home/pi/wk2/ros2_ws/build/tutorial
[5.975s] running install_data
[6.160s] Invoked command in '/home/pi/wk2/ros2_ws/build/tutorial' returned '0': PYTHONPATH=/home/pi/wk2/ros2_ws/build/tutorial/prefix_override:/home/pi/wk2/ros2_ws/install/tutorial/lib/python3.10/site-packages:${PYTHONPATH} /usr/bin/python3 setup.py develop --editable --build-directory /home/pi/wk2/ros2_ws/build/tutorial/build --no-deps install_data
