[5.414s] Invoking command in '/home/pi/wk2/ros2_ws/build/my_package': PYTHONPATH=/home/pi/wk2/ros2_ws/build/my_package/prefix_override:/home/pi/wk2/ros2_ws/install/my_package/lib/python3.10/site-packages:${PYTHONPATH} /usr/bin/python3 setup.py develop --editable --build-directory /home/pi/wk2/ros2_ws/build/my_package/build --no-deps install_data
[6.765s] running develop
[6.767s] /usr/lib/python3/dist-packages/setuptools/command/easy_install.py:158: EasyInstallDeprecationWarning: easy_install command is deprecated. Use build and pip and other standards-based tools.
[6.768s]   warnings.warn(
[6.775s] /usr/lib/python3/dist-packages/setuptools/command/install.py:34: SetuptoolsDeprecationWarning: setup.py install is deprecated. Use build and pip and other standards-based tools.
[6.775s]   warnings.warn(
[7.068s] /usr/lib/python3/dist-packages/pkg_resources/__init__.py:116: PkgResourcesDeprecationWarning: 1.16.0-unknown is an invalid version and will not be supported in a future release
[7.069s]   warnings.warn(
[7.070s] /usr/lib/python3/dist-packages/pkg_resources/__init__.py:116: PkgResourcesDeprecationWarning: 1.1build1 is an invalid version and will not be supported in a future release
[7.071s]   warnings.warn(
[7.072s] /usr/lib/python3/dist-packages/pkg_resources/__init__.py:116: PkgResourcesDeprecationWarning: 0.1.43ubuntu1 is an invalid version and will not be supported in a future release
[7.072s]   warnings.warn(
[7.618s] running egg_info
[7.618s] writing my_package.egg-info/PKG-INFO
[7.619s] writing dependency_links to my_package.egg-info/dependency_links.txt
[7.621s] writing entry points to my_package.egg-info/entry_points.txt
[7.622s] writing requirements to my_package.egg-info/requires.txt
[7.625s] writing top-level names to my_package.egg-info/top_level.txt
[7.633s] reading manifest file 'my_package.egg-info/SOURCES.txt'
[7.636s] writing manifest file 'my_package.egg-info/SOURCES.txt'
[7.646s] running build_ext
[7.647s] Creating /home/pi/wk2/ros2_ws/install/my_package/lib/python3.10/site-packages/my-package.egg-link (link to .)
[7.652s] Installing chatter script to /home/pi/wk2/ros2_ws/install/my_package/lib/my_package
[7.653s] Installing my_node script to /home/pi/wk2/ros2_ws/install/my_package/lib/my_package
[7.654s] 
[7.655s] Installed /home/pi/wk2/ros2_ws/build/my_package
[7.656s] running install_data
[7.956s] Invoked command in '/home/pi/wk2/ros2_ws/build/my_package' returned '0': PYTHONPATH=/home/pi/wk2/ros2_ws/build/my_package/prefix_override:/home/pi/wk2/ros2_ws/install/my_package/lib/python3.10/site-packages:${PYTHONPATH} /usr/bin/python3 setup.py develop --editable --build-directory /home/pi/wk2/ros2_ws/build/my_package/build --no-deps install_data
