[5.345s] Invoking command in '/home/pi/wk2/ros2_ws/build/tutorial': PYTHONPATH=/home/pi/wk2/ros2_ws/build/tutorial/prefix_override:/home/pi/wk2/ros2_ws/install/tutorial/lib/python3.10/site-packages:${PYTHONPATH} /usr/bin/python3 setup.py develop --uninstall --editable --build-directory /home/pi/wk2/ros2_ws/build/tutorial/build
[6.705s] running develop
[6.707s] /usr/lib/python3/dist-packages/setuptools/command/easy_install.py:158: EasyInstallDeprecationWarning: easy_install command is deprecated. Use build and pip and other standards-based tools.
[6.707s]   warnings.warn(
[6.712s] /usr/lib/python3/dist-packages/setuptools/command/install.py:34: SetuptoolsDeprecationWarning: setup.py install is deprecated. Use build and pip and other standards-based tools.
[6.712s]   warnings.warn(
[7.006s] /usr/lib/python3/dist-packages/pkg_resources/__init__.py:116: PkgResourcesDeprecationWarning: 1.16.0-unknown is an invalid version and will not be supported in a future release
[7.007s]   warnings.warn(
[7.008s] /usr/lib/python3/dist-packages/pkg_resources/__init__.py:116: PkgResourcesDeprecationWarning: 1.1build1 is an invalid version and will not be supported in a future release
[7.009s]   warnings.warn(
[7.009s] /usr/lib/python3/dist-packages/pkg_resources/__init__.py:116: PkgResourcesDeprecationWarning: 0.1.43ubuntu1 is an invalid version and will not be supported in a future release
[7.010s]   warnings.warn(
[7.618s] Removing /home/pi/wk2/ros2_ws/install/tutorial/lib/python3.10/site-packages/tutorial.egg-link (link to .)
[7.858s] Invoked command in '/home/pi/wk2/ros2_ws/build/tutorial' returned '0': PYTHONPATH=/home/pi/wk2/ros2_ws/build/tutorial/prefix_override:/home/pi/wk2/ros2_ws/install/tutorial/lib/python3.10/site-packages:${PYTHONPATH} /usr/bin/python3 setup.py develop --uninstall --editable --build-directory /home/pi/wk2/ros2_ws/build/tutorial/build
[7.862s] Invoking command in '/home/pi/wk2/ros2_ws/src/tutorial': PYTHONPATH=/home/pi/wk2/ros2_ws/build/tutorial/prefix_override:/home/pi/wk2/ros2_ws/install/tutorial/lib/python3.10/site-packages:${PYTHONPATH} /usr/bin/python3 setup.py egg_info --egg-base ../../build/tutorial build --build-base /home/pi/wk2/ros2_ws/build/tutorial/build install --record /home/pi/wk2/ros2_ws/build/tutorial/install.log --single-version-externally-managed
[9.160s] running egg_info
[9.163s] writing ../../build/tutorial/tutorial.egg-info/PKG-INFO
[9.164s] writing dependency_links to ../../build/tutorial/tutorial.egg-info/dependency_links.txt
[9.166s] writing entry points to ../../build/tutorial/tutorial.egg-info/entry_points.txt
[9.166s] writing requirements to ../../build/tutorial/tutorial.egg-info/requires.txt
[9.168s] writing top-level names to ../../build/tutorial/tutorial.egg-info/top_level.txt
[9.183s] reading manifest file '../../build/tutorial/tutorial.egg-info/SOURCES.txt'
[9.189s] writing manifest file '../../build/tutorial/tutorial.egg-info/SOURCES.txt'
[9.189s] running build
[9.190s] running build_py
[9.200s] running install
[9.201s] /usr/lib/python3/dist-packages/setuptools/command/install.py:34: SetuptoolsDeprecationWarning: setup.py install is deprecated. Use build and pip and other standards-based tools.
[9.201s]   warnings.warn(
[9.203s] running install_lib
[9.209s] running install_data
[9.214s] running install_egg_info
[9.221s] removing '/home/pi/wk2/ros2_ws/install/tutorial/lib/python3.10/site-packages/tutorial-0.0.0-py3.10.egg-info' (and everything under it)
[9.223s] Copying ../../build/tutorial/tutorial.egg-info to /home/pi/wk2/ros2_ws/install/tutorial/lib/python3.10/site-packages/tutorial-0.0.0-py3.10.egg-info
[9.232s] running install_scripts
[9.349s] Installing listener script to /home/pi/wk2/ros2_ws/install/tutorial/lib/tutorial
[9.353s] Installing talker script to /home/pi/wk2/ros2_ws/install/tutorial/lib/tutorial
[9.356s] writing list of installed files to '/home/pi/wk2/ros2_ws/build/tutorial/install.log'
[9.710s] Invoked command in '/home/pi/wk2/ros2_ws/src/tutorial' returned '0': PYTHONPATH=/home/pi/wk2/ros2_ws/build/tutorial/prefix_override:/home/pi/wk2/ros2_ws/install/tutorial/lib/python3.10/site-packages:${PYTHONPATH} /usr/bin/python3 setup.py egg_info --egg-base ../../build/tutorial build --build-base /home/pi/wk2/ros2_ws/build/tutorial/build install --record /home/pi/wk2/ros2_ws/build/tutorial/install.log --single-version-externally-managed
