[5.180s] Invoking command in '/home/pi/wk2/ros2_ws/build/my_package': PYTHONPATH=/home/pi/wk2/ros2_ws/build/my_package/prefix_override:/home/pi/wk2/ros2_ws/install/my_package/lib/python3.10/site-packages:${PYTHONPATH} /usr/bin/python3 setup.py develop --editable --build-directory /home/pi/wk2/ros2_ws/build/my_package/build --no-deps install_data
[6.474s] running develop
[6.476s] /usr/lib/python3/dist-packages/setuptools/command/easy_install.py:158: EasyInstallDeprecationWarning: easy_install command is deprecated. Use build and pip and other standards-based tools.
[6.477s]   warnings.warn(
[6.483s] /usr/lib/python3/dist-packages/setuptools/command/install.py:34: SetuptoolsDeprecationWarning: setup.py install is deprecated. Use build and pip and other standards-based tools.
[6.484s]   warnings.warn(
[6.766s] /usr/lib/python3/dist-packages/pkg_resources/__init__.py:116: PkgResourcesDeprecationWarning: 1.16.0-unknown is an invalid version and will not be supported in a future release
[6.767s]   warnings.warn(
[6.767s] /usr/lib/python3/dist-packages/pkg_resources/__init__.py:116: PkgResourcesDeprecationWarning: 1.1build1 is an invalid version and will not be supported in a future release
[6.768s]   warnings.warn(
[6.769s] /usr/lib/python3/dist-packages/pkg_resources/__init__.py:116: PkgResourcesDeprecationWarning: 0.1.43ubuntu1 is an invalid version and will not be supported in a future release
[6.770s]   warnings.warn(
[7.297s] running egg_info
[7.298s] writing my_package.egg-info/PKG-INFO
[7.299s] writing dependency_links to my_package.egg-info/dependency_links.txt
[7.301s] writing entry points to my_package.egg-info/entry_points.txt
[7.303s] writing requirements to my_package.egg-info/requires.txt
[7.305s] writing top-level names to my_package.egg-info/top_level.txt
[7.312s] reading manifest file 'my_package.egg-info/SOURCES.txt'
[7.317s] writing manifest file 'my_package.egg-info/SOURCES.txt'
[7.323s] running build_ext
[7.324s] Creating /home/pi/wk2/ros2_ws/install/my_package/lib/python3.10/site-packages/my-package.egg-link (link to .)
[7.330s] Installing color script to /home/pi/wk2/ros2_ws/install/my_package/lib/my_package
[7.331s] Installing drive script to /home/pi/wk2/ros2_ws/install/my_package/lib/my_package
[7.335s] Installing gyro script to /home/pi/wk2/ros2_ws/install/my_package/lib/my_package
[7.337s] Installing motor script to /home/pi/wk2/ros2_ws/install/my_package/lib/my_package
[7.343s] Installing my_node script to /home/pi/wk2/ros2_ws/install/my_package/lib/my_package
[7.345s] Installing touch script to /home/pi/wk2/ros2_ws/install/my_package/lib/my_package
[7.351s] Installing ultrasonic script to /home/pi/wk2/ros2_ws/install/my_package/lib/my_package
[7.357s] 
[7.359s] Installed /home/pi/wk2/ros2_ws/build/my_package
[7.361s] running install_data
[7.636s] Invoked command in '/home/pi/wk2/ros2_ws/build/my_package' returned '0': PYTHONPATH=/home/pi/wk2/ros2_ws/build/my_package/prefix_override:/home/pi/wk2/ros2_ws/install/my_package/lib/python3.10/site-packages:${PYTHONPATH} /usr/bin/python3 setup.py develop --editable --build-directory /home/pi/wk2/ros2_ws/build/my_package/build --no-deps install_data
