[3.423s] Invoking command in '/home/pi/wk2/ros2_ws/build/tutorial': PYTHONPATH=/home/pi/wk2/ros2_ws/build/tutorial/prefix_override:/home/pi/wk2/ros2_ws/install/tutorial/lib/python3.10/site-packages:${PYTHONPATH} /usr/bin/python3 setup.py develop --editable --build-directory /home/pi/wk2/ros2_ws/build/tutorial/build --no-deps install_data
[4.861s] running develop
[4.862s] /usr/lib/python3/dist-packages/setuptools/command/easy_install.py:158: EasyInstallDeprecationWarning: easy_install command is deprecated. Use build and pip and other standards-based tools.
[4.863s]   warnings.warn(
[4.866s] /usr/lib/python3/dist-packages/setuptools/command/install.py:34: SetuptoolsDeprecationWarning: setup.py install is deprecated. Use build and pip and other standards-based tools.
[4.867s]   warnings.warn(
[5.069s] /usr/lib/python3/dist-packages/pkg_resources/__init__.py:116: PkgResourcesDeprecationWarning: 1.16.0-unknown is an invalid version and will not be supported in a future release
[5.070s]   warnings.warn(
[5.070s] /usr/lib/python3/dist-packages/pkg_resources/__init__.py:116: PkgResourcesDeprecationWarning: 1.1build1 is an invalid version and will not be supported in a future release
[5.071s]   warnings.warn(
[5.071s] /usr/lib/python3/dist-packages/pkg_resources/__init__.py:116: PkgResourcesDeprecationWarning: 0.1.43ubuntu1 is an invalid version and will not be supported in a future release
[5.072s]   warnings.warn(
[5.440s] running egg_info
[5.441s] writing tutorial.egg-info/PKG-INFO
[5.442s] writing dependency_links to tutorial.egg-info/dependency_links.txt
[5.443s] writing entry points to tutorial.egg-info/entry_points.txt
[5.444s] writing requirements to tutorial.egg-info/requires.txt
[5.444s] writing top-level names to tutorial.egg-info/top_level.txt
[5.451s] reading manifest file 'tutorial.egg-info/SOURCES.txt'
[5.456s] writing manifest file 'tutorial.egg-info/SOURCES.txt'
[5.461s] running build_ext
[5.462s] Creating /home/pi/wk2/ros2_ws/install/tutorial/lib/python3.10/site-packages/tutorial.egg-link (link to .)
[5.466s] Installing listener script to /home/pi/wk2/ros2_ws/install/tutorial/lib/tutorial
[5.467s] Installing talker script to /home/pi/wk2/ros2_ws/install/tutorial/lib/tutorial
[5.468s] 
[5.468s] Installed /home/pi/wk2/ros2_ws/build/tutorial
[5.469s] running install_data
[5.602s] Invoked command in '/home/pi/wk2/ros2_ws/build/tutorial' returned '0': PYTHONPATH=/home/pi/wk2/ros2_ws/build/tutorial/prefix_override:/home/pi/wk2/ros2_ws/install/tutorial/lib/python3.10/site-packages:${PYTHONPATH} /usr/bin/python3 setup.py develop --editable --build-directory /home/pi/wk2/ros2_ws/build/tutorial/build --no-deps install_data
