[5.104s] Invoking command in '/home/pi/wk2/ros2_ws/build/tutorial': PYTHONPATH=/home/pi/wk2/ros2_ws/build/tutorial/prefix_override:/home/pi/wk2/ros2_ws/install/tutorial/lib/python3.10/site-packages:${PYTHONPATH} /usr/bin/python3 setup.py develop --editable --build-directory /home/pi/wk2/ros2_ws/build/tutorial/build --no-deps install_data
[6.430s] running develop
[6.432s] /usr/lib/python3/dist-packages/setuptools/command/easy_install.py:158: EasyInstallDeprecationWarning: easy_install command is deprecated. Use build and pip and other standards-based tools.
[6.433s]   warnings.warn(
[6.439s] /usr/lib/python3/dist-packages/setuptools/command/install.py:34: SetuptoolsDeprecationWarning: setup.py install is deprecated. Use build and pip and other standards-based tools.
[6.440s]   warnings.warn(
[6.720s] /usr/lib/python3/dist-packages/pkg_resources/__init__.py:116: PkgResourcesDeprecationWarning: 1.16.0-unknown is an invalid version and will not be supported in a future release
[6.720s]   warnings.warn(
[6.721s] /usr/lib/python3/dist-packages/pkg_resources/__init__.py:116: PkgResourcesDeprecationWarning: 1.1build1 is an invalid version and will not be supported in a future release
[6.722s]   warnings.warn(
[6.723s] /usr/lib/python3/dist-packages/pkg_resources/__init__.py:116: PkgResourcesDeprecationWarning: 0.1.43ubuntu1 is an invalid version and will not be supported in a future release
[6.723s]   warnings.warn(
[7.286s] running egg_info
[7.290s] writing tutorial.egg-info/PKG-INFO
[7.292s] writing dependency_links to tutorial.egg-info/dependency_links.txt
[7.294s] writing entry points to tutorial.egg-info/entry_points.txt
[7.296s] writing requirements to tutorial.egg-info/requires.txt
[7.298s] writing top-level names to tutorial.egg-info/top_level.txt
[7.300s] reading manifest file 'tutorial.egg-info/SOURCES.txt'
[7.302s] writing manifest file 'tutorial.egg-info/SOURCES.txt'
[7.314s] running build_ext
[7.316s] Creating /home/pi/wk2/ros2_ws/install/tutorial/lib/python3.10/site-packages/tutorial.egg-link (link to .)
[7.331s] Installing listener script to /home/pi/wk2/ros2_ws/install/tutorial/lib/tutorial
[7.334s] Installing talker script to /home/pi/wk2/ros2_ws/install/tutorial/lib/tutorial
[7.339s] 
[7.341s] Installed /home/pi/wk2/ros2_ws/build/tutorial
[7.344s] running install_data
[7.696s] Invoked command in '/home/pi/wk2/ros2_ws/build/tutorial' returned '0': PYTHONPATH=/home/pi/wk2/ros2_ws/build/tutorial/prefix_override:/home/pi/wk2/ros2_ws/install/tutorial/lib/python3.10/site-packages:${PYTHONPATH} /usr/bin/python3 setup.py develop --editable --build-directory /home/pi/wk2/ros2_ws/build/tutorial/build --no-deps install_data
