[2.679s] Invoking command in '/home/pi/wk2/ros2_ws/build/my_package': PYTHONPATH=/home/pi/wk2/ros2_ws/build/my_package/prefix_override:/home/pi/wk2/ros2_ws/install/my_package/lib/python3.10/site-packages:${PYTHONPATH} /usr/bin/python3 setup.py develop --editable --build-directory /home/pi/wk2/ros2_ws/build/my_package/build --no-deps install_data
[3.750s] running develop
[3.751s] /usr/lib/python3/dist-packages/setuptools/command/easy_install.py:158: EasyInstallDeprecationWarning: easy_install command is deprecated. Use build and pip and other standards-based tools.
[3.752s]   warnings.warn(
[3.756s] /usr/lib/python3/dist-packages/setuptools/command/install.py:34: SetuptoolsDeprecationWarning: setup.py install is deprecated. Use build and pip and other standards-based tools.
[3.757s]   warnings.warn(
[3.985s] /usr/lib/python3/dist-packages/pkg_resources/__init__.py:116: PkgResourcesDeprecationWarning: 1.16.0-unknown is an invalid version and will not be supported in a future release
[3.985s]   warnings.warn(
[3.987s] /usr/lib/python3/dist-packages/pkg_resources/__init__.py:116: PkgResourcesDeprecationWarning: 1.1build1 is an invalid version and will not be supported in a future release
[3.987s]   warnings.warn(
[3.988s] /usr/lib/python3/dist-packages/pkg_resources/__init__.py:116: PkgResourcesDeprecationWarning: 0.1.43ubuntu1 is an invalid version and will not be supported in a future release
[3.988s]   warnings.warn(
[4.403s] running egg_info
[4.404s] writing my_package.egg-info/PKG-INFO
[4.405s] writing dependency_links to my_package.egg-info/dependency_links.txt
[4.406s] writing entry points to my_package.egg-info/entry_points.txt
[4.407s] writing requirements to my_package.egg-info/requires.txt
[4.407s] writing top-level names to my_package.egg-info/top_level.txt
[4.415s] reading manifest file 'my_package.egg-info/SOURCES.txt'
[4.419s] writing manifest file 'my_package.egg-info/SOURCES.txt'
[4.425s] running build_ext
[4.426s] Creating /home/pi/wk2/ros2_ws/install/my_package/lib/python3.10/site-packages/my-package.egg-link (link to .)
[4.430s] Installing color script to /home/pi/wk2/ros2_ws/install/my_package/lib/my_package
[4.431s] Installing drive script to /home/pi/wk2/ros2_ws/install/my_package/lib/my_package
[4.432s] Installing gyro script to /home/pi/wk2/ros2_ws/install/my_package/lib/my_package
[4.433s] Installing motor script to /home/pi/wk2/ros2_ws/install/my_package/lib/my_package
[4.434s] Installing my_node script to /home/pi/wk2/ros2_ws/install/my_package/lib/my_package
[4.435s] Installing touch script to /home/pi/wk2/ros2_ws/install/my_package/lib/my_package
[4.435s] Installing ultrasonic script to /home/pi/wk2/ros2_ws/install/my_package/lib/my_package
[4.437s] 
[4.437s] Installed /home/pi/wk2/ros2_ws/build/my_package
[4.438s] running install_data
[4.438s] copying launch/my.launch.py -> /home/pi/wk2/ros2_ws/install/my_package/share/my_package/launch
[4.439s] copying launch/drive.launch.py -> /home/pi/wk2/ros2_ws/install/my_package/share/my_package/launch
[4.576s] Invoked command in '/home/pi/wk2/ros2_ws/build/my_package' returned '0': PYTHONPATH=/home/pi/wk2/ros2_ws/build/my_package/prefix_override:/home/pi/wk2/ros2_ws/install/my_package/lib/python3.10/site-packages:${PYTHONPATH} /usr/bin/python3 setup.py develop --editable --build-directory /home/pi/wk2/ros2_ws/build/my_package/build --no-deps install_data
