[1.272s] DEBUG:colcon:Command line arguments: ['/usr/bin/colcon', 'build', '--symlink-install']
[1.273s] DEBUG:colcon:Parsed command line arguments: Namespace(log_base=None, log_level=None, verb_name='build', build_base='build', install_base='install', merge_install=False, symlink_install=True, test_result_base=None, continue_on_error=False, executor='parallel', parallel_workers=4, event_handlers=None, ignore_user_meta=False, metas=['./colcon.meta'], base_paths=['.'], packages_ignore=None, packages_ignore_regex=None, paths=None, packages_up_to=None, packages_up_to_regex=None, packages_above=None, packages_above_and_dependencies=None, packages_above_depth=None, packages_select_by_dep=None, packages_skip_by_dep=None, packages_skip_up_to=None, packages_select_build_failed=False, packages_skip_build_finished=False, packages_select_test_failures=False, packages_skip_test_passed=False, packages_select=None, packages_skip=None, packages_select_regex=None, packages_skip_regex=None, packages_start=None, packages_end=None, allow_overriding=[], cmake_args=None, cmake_target=None, cmake_target_skip_unavailable=False, cmake_clean_cache=False, cmake_clean_first=False, cmake_force_configure=False, ament_cmake_args=None, catkin_cmake_args=None, catkin_skip_building_tests=False, verb_parser=<colcon_defaults.argument_parser.defaults.DefaultArgumentsDecorator object at 0xffffb04ec2b0>, verb_extension=<colcon_core.verb.build.BuildVerb object at 0xffffb0437280>, main=<bound method BuildVerb.main of <colcon_core.verb.build.BuildVerb object at 0xffffb0437280>>)
[1.407s] Level 1:colcon.colcon_core.package_discovery:discover_packages(colcon_meta) check parameters
[1.407s] Level 1:colcon.colcon_core.package_discovery:discover_packages(recursive) check parameters
[1.407s] Level 1:colcon.colcon_core.package_discovery:discover_packages(ignore) check parameters
[1.408s] Level 1:colcon.colcon_core.package_discovery:discover_packages(path) check parameters
[1.408s] Level 1:colcon.colcon_core.package_discovery:discover_packages(colcon_meta) discover
[1.408s] Level 1:colcon.colcon_core.package_discovery:discover_packages(recursive) discover
[1.408s] INFO:colcon.colcon_core.package_discovery:Crawling recursively for packages in '/home/pi/wk2/ros2_ws'
[1.409s] Level 1:colcon.colcon_core.package_identification:_identify(.) by extensions ['ignore', 'ignore_ament_install']
[1.409s] Level 1:colcon.colcon_core.package_identification:_identify(.) by extension 'ignore'
[1.409s] Level 1:colcon.colcon_core.package_identification:_identify(.) by extension 'ignore_ament_install'
[1.409s] Level 1:colcon.colcon_core.package_identification:_identify(.) by extensions ['colcon_pkg']
[1.409s] Level 1:colcon.colcon_core.package_identification:_identify(.) by extension 'colcon_pkg'
[1.410s] Level 1:colcon.colcon_core.package_identification:_identify(.) by extensions ['colcon_meta']
[1.410s] Level 1:colcon.colcon_core.package_identification:_identify(.) by extension 'colcon_meta'
[1.410s] Level 1:colcon.colcon_core.package_identification:_identify(.) by extensions ['ros']
[1.410s] Level 1:colcon.colcon_core.package_identification:_identify(.) by extension 'ros'
[1.458s] Level 1:colcon.colcon_core.package_identification:_identify(.) by extensions ['cmake', 'python']
[1.459s] Level 1:colcon.colcon_core.package_identification:_identify(.) by extension 'cmake'
[1.459s] Level 1:colcon.colcon_core.package_identification:_identify(.) by extension 'python'
[1.459s] Level 1:colcon.colcon_core.package_identification:_identify(.) by extensions ['python_setup_py']
[1.459s] Level 1:colcon.colcon_core.package_identification:_identify(.) by extension 'python_setup_py'
[1.460s] Level 1:colcon.colcon_core.package_identification:_identify(build) by extensions ['ignore', 'ignore_ament_install']
[1.460s] Level 1:colcon.colcon_core.package_identification:_identify(build) by extension 'ignore'
[1.460s] Level 1:colcon.colcon_core.package_identification:_identify(build) ignored
[1.461s] Level 1:colcon.colcon_core.package_identification:_identify(install) by extensions ['ignore', 'ignore_ament_install']
[1.461s] Level 1:colcon.colcon_core.package_identification:_identify(install) by extension 'ignore'
[1.461s] Level 1:colcon.colcon_core.package_identification:_identify(install) ignored
[1.462s] Level 1:colcon.colcon_core.package_identification:_identify(log) by extensions ['ignore', 'ignore_ament_install']
[1.463s] Level 1:colcon.colcon_core.package_identification:_identify(log) by extension 'ignore'
[1.463s] Level 1:colcon.colcon_core.package_identification:_identify(log) ignored
[1.463s] Level 1:colcon.colcon_core.package_identification:_identify(src) by extensions ['ignore', 'ignore_ament_install']
[1.464s] Level 1:colcon.colcon_core.package_identification:_identify(src) by extension 'ignore'
[1.464s] Level 1:colcon.colcon_core.package_identification:_identify(src) by extension 'ignore_ament_install'
[1.464s] Level 1:colcon.colcon_core.package_identification:_identify(src) by extensions ['colcon_pkg']
[1.464s] Level 1:colcon.colcon_core.package_identification:_identify(src) by extension 'colcon_pkg'
[1.465s] Level 1:colcon.colcon_core.package_identification:_identify(src) by extensions ['colcon_meta']
[1.465s] Level 1:colcon.colcon_core.package_identification:_identify(src) by extension 'colcon_meta'
[1.465s] Level 1:colcon.colcon_core.package_identification:_identify(src) by extensions ['ros']
[1.465s] Level 1:colcon.colcon_core.package_identification:_identify(src) by extension 'ros'
[1.465s] Level 1:colcon.colcon_core.package_identification:_identify(src) by extensions ['cmake', 'python']
[1.465s] Level 1:colcon.colcon_core.package_identification:_identify(src) by extension 'cmake'
[1.466s] Level 1:colcon.colcon_core.package_identification:_identify(src) by extension 'python'
[1.466s] Level 1:colcon.colcon_core.package_identification:_identify(src) by extensions ['python_setup_py']
[1.466s] Level 1:colcon.colcon_core.package_identification:_identify(src) by extension 'python_setup_py'
[1.466s] Level 1:colcon.colcon_core.package_identification:_identify(src/my_package) by extensions ['ignore', 'ignore_ament_install']
[1.467s] Level 1:colcon.colcon_core.package_identification:_identify(src/my_package) by extension 'ignore'
[1.467s] Level 1:colcon.colcon_core.package_identification:_identify(src/my_package) by extension 'ignore_ament_install'
[1.467s] Level 1:colcon.colcon_core.package_identification:_identify(src/my_package) by extensions ['colcon_pkg']
[1.467s] Level 1:colcon.colcon_core.package_identification:_identify(src/my_package) by extension 'colcon_pkg'
[1.468s] Level 1:colcon.colcon_core.package_identification:_identify(src/my_package) by extensions ['colcon_meta']
[1.468s] Level 1:colcon.colcon_core.package_identification:_identify(src/my_package) by extension 'colcon_meta'
[1.468s] Level 1:colcon.colcon_core.package_identification:_identify(src/my_package) by extensions ['ros']
[1.468s] Level 1:colcon.colcon_core.package_identification:_identify(src/my_package) by extension 'ros'
[1.477s] DEBUG:colcon.colcon_core.package_identification:Package 'src/my_package' with type 'ros.ament_python' and name 'my_package'
[1.478s] Level 1:colcon.colcon_core.package_identification:_identify(src/ros2_brickpi3) by extensions ['ignore', 'ignore_ament_install']
[1.478s] Level 1:colcon.colcon_core.package_identification:_identify(src/ros2_brickpi3) by extension 'ignore'
[1.479s] Level 1:colcon.colcon_core.package_identification:_identify(src/ros2_brickpi3) by extension 'ignore_ament_install'
[1.479s] Level 1:colcon.colcon_core.package_identification:_identify(src/ros2_brickpi3) by extensions ['colcon_pkg']
[1.479s] Level 1:colcon.colcon_core.package_identification:_identify(src/ros2_brickpi3) by extension 'colcon_pkg'
[1.479s] Level 1:colcon.colcon_core.package_identification:_identify(src/ros2_brickpi3) by extensions ['colcon_meta']
[1.479s] Level 1:colcon.colcon_core.package_identification:_identify(src/ros2_brickpi3) by extension 'colcon_meta'
[1.479s] Level 1:colcon.colcon_core.package_identification:_identify(src/ros2_brickpi3) by extensions ['ros']
[1.480s] Level 1:colcon.colcon_core.package_identification:_identify(src/ros2_brickpi3) by extension 'ros'
[1.482s] DEBUG:colcon.colcon_core.package_identification:Package 'src/ros2_brickpi3' with type 'ros.ament_python' and name 'ros2_brickpi3'
[1.482s] Level 1:colcon.colcon_core.package_identification:_identify(src/tutorial) by extensions ['ignore', 'ignore_ament_install']
[1.483s] Level 1:colcon.colcon_core.package_identification:_identify(src/tutorial) by extension 'ignore'
[1.483s] Level 1:colcon.colcon_core.package_identification:_identify(src/tutorial) by extension 'ignore_ament_install'
[1.483s] Level 1:colcon.colcon_core.package_identification:_identify(src/tutorial) by extensions ['colcon_pkg']
[1.483s] Level 1:colcon.colcon_core.package_identification:_identify(src/tutorial) by extension 'colcon_pkg'
[1.484s] Level 1:colcon.colcon_core.package_identification:_identify(src/tutorial) by extensions ['colcon_meta']
[1.484s] Level 1:colcon.colcon_core.package_identification:_identify(src/tutorial) by extension 'colcon_meta'
[1.484s] Level 1:colcon.colcon_core.package_identification:_identify(src/tutorial) by extensions ['ros']
[1.484s] Level 1:colcon.colcon_core.package_identification:_identify(src/tutorial) by extension 'ros'
[1.486s] DEBUG:colcon.colcon_core.package_identification:Package 'src/tutorial' with type 'ros.ament_python' and name 'tutorial'
[1.486s] Level 1:colcon.colcon_core.package_discovery:discover_packages(recursive) using defaults
[1.486s] Level 1:colcon.colcon_core.package_discovery:discover_packages(ignore) discover
[1.487s] Level 1:colcon.colcon_core.package_discovery:discover_packages(ignore) using defaults
[1.487s] Level 1:colcon.colcon_core.package_discovery:discover_packages(path) discover
[1.487s] Level 1:colcon.colcon_core.package_discovery:discover_packages(path) using defaults
[1.575s] Level 1:colcon.colcon_core.package_discovery:discover_packages(prefix_path) check parameters
[1.575s] Level 1:colcon.colcon_core.package_discovery:discover_packages(prefix_path) discover
[1.590s] DEBUG:colcon.colcon_installed_package_information.package_discovery:Found 180 installed packages in /opt/ros/humble
[1.594s] Level 1:colcon.colcon_core.package_discovery:discover_packages(prefix_path) using defaults
[1.762s] Level 5:colcon.colcon_core.verb:set package 'my_package' build argument 'cmake_args' from command line to 'None'
[1.763s] Level 5:colcon.colcon_core.verb:set package 'my_package' build argument 'cmake_target' from command line to 'None'
[1.763s] Level 5:colcon.colcon_core.verb:set package 'my_package' build argument 'cmake_target_skip_unavailable' from command line to 'False'
[1.763s] Level 5:colcon.colcon_core.verb:set package 'my_package' build argument 'cmake_clean_cache' from command line to 'False'
[1.763s] Level 5:colcon.colcon_core.verb:set package 'my_package' build argument 'cmake_clean_first' from command line to 'False'
[1.763s] Level 5:colcon.colcon_core.verb:set package 'my_package' build argument 'cmake_force_configure' from command line to 'False'
[1.763s] Level 5:colcon.colcon_core.verb:set package 'my_package' build argument 'ament_cmake_args' from command line to 'None'
[1.763s] Level 5:colcon.colcon_core.verb:set package 'my_package' build argument 'catkin_cmake_args' from command line to 'None'
[1.763s] Level 5:colcon.colcon_core.verb:set package 'my_package' build argument 'catkin_skip_building_tests' from command line to 'False'
[1.763s] DEBUG:colcon.colcon_core.verb:Building package 'my_package' with the following arguments: {'ament_cmake_args': None, 'build_base': '/home/pi/wk2/ros2_ws/build/my_package', 'catkin_cmake_args': None, 'catkin_skip_building_tests': False, 'cmake_args': None, 'cmake_clean_cache': False, 'cmake_clean_first': False, 'cmake_force_configure': False, 'cmake_target': None, 'cmake_target_skip_unavailable': False, 'install_base': '/home/pi/wk2/ros2_ws/install/my_package', 'merge_install': False, 'path': '/home/pi/wk2/ros2_ws/src/my_package', 'symlink_install': True, 'test_result_base': None}
[1.767s] Level 5:colcon.colcon_core.verb:set package 'ros2_brickpi3' build argument 'cmake_args' from command line to 'None'
[1.768s] Level 5:colcon.colcon_core.verb:set package 'ros2_brickpi3' build argument 'cmake_target' from command line to 'None'
[1.768s] Level 5:colcon.colcon_core.verb:set package 'ros2_brickpi3' build argument 'cmake_target_skip_unavailable' from command line to 'False'
[1.768s] Level 5:colcon.colcon_core.verb:set package 'ros2_brickpi3' build argument 'cmake_clean_cache' from command line to 'False'
[1.768s] Level 5:colcon.colcon_core.verb:set package 'ros2_brickpi3' build argument 'cmake_clean_first' from command line to 'False'
[1.768s] Level 5:colcon.colcon_core.verb:set package 'ros2_brickpi3' build argument 'cmake_force_configure' from command line to 'False'
[1.768s] Level 5:colcon.colcon_core.verb:set package 'ros2_brickpi3' build argument 'ament_cmake_args' from command line to 'None'
[1.768s] Level 5:colcon.colcon_core.verb:set package 'ros2_brickpi3' build argument 'catkin_cmake_args' from command line to 'None'
[1.768s] Level 5:colcon.colcon_core.verb:set package 'ros2_brickpi3' build argument 'catkin_skip_building_tests' from command line to 'False'
[1.769s] DEBUG:colcon.colcon_core.verb:Building package 'ros2_brickpi3' with the following arguments: {'ament_cmake_args': None, 'build_base': '/home/pi/wk2/ros2_ws/build/ros2_brickpi3', 'catkin_cmake_args': None, 'catkin_skip_building_tests': False, 'cmake_args': None, 'cmake_clean_cache': False, 'cmake_clean_first': False, 'cmake_force_configure': False, 'cmake_target': None, 'cmake_target_skip_unavailable': False, 'install_base': '/home/pi/wk2/ros2_ws/install/ros2_brickpi3', 'merge_install': False, 'path': '/home/pi/wk2/ros2_ws/src/ros2_brickpi3', 'symlink_install': True, 'test_result_base': None}
[1.772s] Level 5:colcon.colcon_core.verb:set package 'tutorial' build argument 'cmake_args' from command line to 'None'
[1.773s] Level 5:colcon.colcon_core.verb:set package 'tutorial' build argument 'cmake_target' from command line to 'None'
[1.773s] Level 5:colcon.colcon_core.verb:set package 'tutorial' build argument 'cmake_target_skip_unavailable' from command line to 'False'
[1.773s] Level 5:colcon.colcon_core.verb:set package 'tutorial' build argument 'cmake_clean_cache' from command line to 'False'
[1.773s] Level 5:colcon.colcon_core.verb:set package 'tutorial' build argument 'cmake_clean_first' from command line to 'False'
[1.773s] Level 5:colcon.colcon_core.verb:set package 'tutorial' build argument 'cmake_force_configure' from command line to 'False'
[1.773s] Level 5:colcon.colcon_core.verb:set package 'tutorial' build argument 'ament_cmake_args' from command line to 'None'
[1.773s] Level 5:colcon.colcon_core.verb:set package 'tutorial' build argument 'catkin_cmake_args' from command line to 'None'
[1.773s] Level 5:colcon.colcon_core.verb:set package 'tutorial' build argument 'catkin_skip_building_tests' from command line to 'False'
[1.773s] DEBUG:colcon.colcon_core.verb:Building package 'tutorial' with the following arguments: {'ament_cmake_args': None, 'build_base': '/home/pi/wk2/ros2_ws/build/tutorial', 'catkin_cmake_args': None, 'catkin_skip_building_tests': False, 'cmake_args': None, 'cmake_clean_cache': False, 'cmake_clean_first': False, 'cmake_force_configure': False, 'cmake_target': None, 'cmake_target_skip_unavailable': False, 'install_base': '/home/pi/wk2/ros2_ws/install/tutorial', 'merge_install': False, 'path': '/home/pi/wk2/ros2_ws/src/tutorial', 'symlink_install': True, 'test_result_base': None}
[1.776s] INFO:colcon.colcon_core.executor:Executing jobs using 'parallel' executor
[1.788s] DEBUG:colcon.colcon_parallel_executor.executor.parallel:run_until_complete
[1.789s] INFO:colcon.colcon_ros.task.ament_python.build:Building ROS package in '/home/pi/wk2/ros2_ws/src/my_package' with build type 'ament_python'
[1.790s] Level 1:colcon.colcon_core.shell:create_environment_hook('my_package', 'ament_prefix_path')
[1.810s] INFO:colcon.colcon_core.plugin_system:Skipping extension 'colcon_core.shell.bat': Not used on non-Windows systems
[1.811s] INFO:colcon.colcon_core.shell:Creating environment hook '/home/pi/wk2/ros2_ws/install/my_package/share/my_package/hook/ament_prefix_path.ps1'
[1.813s] INFO:colcon.colcon_core.shell:Creating environment descriptor '/home/pi/wk2/ros2_ws/install/my_package/share/my_package/hook/ament_prefix_path.dsv'
[1.816s] INFO:colcon.colcon_core.shell:Creating environment hook '/home/pi/wk2/ros2_ws/install/my_package/share/my_package/hook/ament_prefix_path.sh'
[1.823s] INFO:colcon.colcon_core.shell:Skip shell extension 'powershell' for command environment: Not usable outside of PowerShell
[1.823s] DEBUG:colcon.colcon_core.shell:Skip shell extension 'dsv' for command environment
[1.839s] INFO:colcon.colcon_ros.task.ament_python.build:Building ROS package in '/home/pi/wk2/ros2_ws/src/ros2_brickpi3' with build type 'ament_python'
[1.841s] Level 1:colcon.colcon_core.shell:create_environment_hook('ros2_brickpi3', 'ament_prefix_path')
[1.848s] INFO:colcon.colcon_core.shell:Creating environment hook '/home/pi/wk2/ros2_ws/install/ros2_brickpi3/share/ros2_brickpi3/hook/ament_prefix_path.ps1'
[1.851s] INFO:colcon.colcon_core.shell:Creating environment descriptor '/home/pi/wk2/ros2_ws/install/ros2_brickpi3/share/ros2_brickpi3/hook/ament_prefix_path.dsv'
[1.853s] INFO:colcon.colcon_core.shell:Creating environment hook '/home/pi/wk2/ros2_ws/install/ros2_brickpi3/share/ros2_brickpi3/hook/ament_prefix_path.sh'
[1.859s] INFO:colcon.colcon_core.shell:Skip shell extension 'powershell' for command environment: Not usable outside of PowerShell
[1.860s] DEBUG:colcon.colcon_core.shell:Skip shell extension 'dsv' for command environment
[1.874s] INFO:colcon.colcon_ros.task.ament_python.build:Building ROS package in '/home/pi/wk2/ros2_ws/src/tutorial' with build type 'ament_python'
[1.874s] Level 1:colcon.colcon_core.shell:create_environment_hook('tutorial', 'ament_prefix_path')
[1.881s] INFO:colcon.colcon_core.shell:Creating environment hook '/home/pi/wk2/ros2_ws/install/tutorial/share/tutorial/hook/ament_prefix_path.ps1'
[1.884s] INFO:colcon.colcon_core.shell:Creating environment descriptor '/home/pi/wk2/ros2_ws/install/tutorial/share/tutorial/hook/ament_prefix_path.dsv'
[1.886s] INFO:colcon.colcon_core.shell:Creating environment hook '/home/pi/wk2/ros2_ws/install/tutorial/share/tutorial/hook/ament_prefix_path.sh'
[1.894s] INFO:colcon.colcon_core.shell:Skip shell extension 'powershell' for command environment: Not usable outside of PowerShell
[1.894s] DEBUG:colcon.colcon_core.shell:Skip shell extension 'dsv' for command environment
[2.967s] INFO:colcon.colcon_core.task.python.build:Building Python package in '/home/pi/wk2/ros2_ws/src/my_package'
[2.972s] INFO:colcon.colcon_core.shell:Skip shell extension 'powershell' for command environment: Not usable outside of PowerShell
[2.972s] DEBUG:colcon.colcon_core.shell:Skip shell extension 'dsv' for command environment
[4.017s] INFO:colcon.colcon_core.task.python.build:Building Python package in '/home/pi/wk2/ros2_ws/src/ros2_brickpi3'
[4.022s] INFO:colcon.colcon_core.shell:Skip shell extension 'powershell' for command environment: Not usable outside of PowerShell
[4.022s] DEBUG:colcon.colcon_core.shell:Skip shell extension 'dsv' for command environment
[5.071s] INFO:colcon.colcon_core.task.python.build:Building Python package in '/home/pi/wk2/ros2_ws/src/tutorial'
[5.077s] INFO:colcon.colcon_core.shell:Skip shell extension 'powershell' for command environment: Not usable outside of PowerShell
[5.077s] DEBUG:colcon.colcon_core.shell:Skip shell extension 'dsv' for command environment
[7.189s] DEBUG:colcon.colcon_core.event_handler.log_command:Invoking command in '/home/pi/wk2/ros2_ws/build/my_package': PYTHONPATH=/home/pi/wk2/ros2_ws/build/my_package/prefix_override:/home/pi/wk2/ros2_ws/install/my_package/lib/python3.10/site-packages:${PYTHONPATH} /usr/bin/python3 setup.py develop --editable --build-directory /home/pi/wk2/ros2_ws/build/my_package/build --no-deps install_data
[7.224s] DEBUG:colcon.colcon_core.event_handler.log_command:Invoking command in '/home/pi/wk2/ros2_ws/build/ros2_brickpi3': PYTHONPATH=/home/pi/wk2/ros2_ws/build/ros2_brickpi3/prefix_override:/home/pi/wk2/ros2_ws/install/ros2_brickpi3/lib/python3.10/site-packages:${PYTHONPATH} /usr/bin/python3 setup.py develop --editable --build-directory /home/pi/wk2/ros2_ws/build/ros2_brickpi3/build --no-deps install_data
[7.238s] DEBUG:colcon.colcon_core.event_handler.log_command:Invoking command in '/home/pi/wk2/ros2_ws/build/tutorial': PYTHONPATH=/home/pi/wk2/ros2_ws/build/tutorial/prefix_override:/home/pi/wk2/ros2_ws/install/tutorial/lib/python3.10/site-packages:${PYTHONPATH} /usr/bin/python3 setup.py develop --editable --build-directory /home/pi/wk2/ros2_ws/build/tutorial/build --no-deps install_data
[9.811s] Level 1:colcon.colcon_core.shell:create_environment_hook('my_package', 'pythonpath_develop')
[9.817s] INFO:colcon.colcon_core.shell:Creating environment hook '/home/pi/wk2/ros2_ws/build/my_package/share/my_package/hook/pythonpath_develop.ps1'
[9.819s] DEBUG:colcon.colcon_core.event_handler.log_command:Invoked command in '/home/pi/wk2/ros2_ws/build/my_package' returned '0': PYTHONPATH=/home/pi/wk2/ros2_ws/build/my_package/prefix_override:/home/pi/wk2/ros2_ws/install/my_package/lib/python3.10/site-packages:${PYTHONPATH} /usr/bin/python3 setup.py develop --editable --build-directory /home/pi/wk2/ros2_ws/build/my_package/build --no-deps install_data
[9.824s] INFO:colcon.colcon_core.shell:Creating environment descriptor '/home/pi/wk2/ros2_ws/build/my_package/share/my_package/hook/pythonpath_develop.dsv'
[9.828s] INFO:colcon.colcon_core.shell:Creating environment hook '/home/pi/wk2/ros2_ws/build/my_package/share/my_package/hook/pythonpath_develop.sh'
[9.854s] Level 1:colcon.colcon_core.environment:checking '/home/pi/wk2/ros2_ws/install/my_package' for CMake module files
[9.856s] Level 1:colcon.colcon_core.environment:checking '/home/pi/wk2/ros2_ws/install/my_package' for CMake config files
[9.860s] Level 1:colcon.colcon_core.environment:checking '/home/pi/wk2/ros2_ws/install/my_package/lib'
[9.861s] Level 1:colcon.colcon_core.environment:checking '/home/pi/wk2/ros2_ws/install/my_package/bin'
[9.861s] Level 1:colcon.colcon_core.environment:checking '/home/pi/wk2/ros2_ws/install/my_package/lib/pkgconfig/my_package.pc'
[9.863s] Level 1:colcon.colcon_core.environment:checking '/home/pi/wk2/ros2_ws/install/my_package/lib/python3.10/site-packages'
[9.863s] Level 1:colcon.colcon_core.shell:create_environment_hook('my_package', 'pythonpath')
[9.869s] INFO:colcon.colcon_core.shell:Creating environment hook '/home/pi/wk2/ros2_ws/install/my_package/share/my_package/hook/pythonpath.ps1'
[9.872s] INFO:colcon.colcon_core.shell:Creating environment descriptor '/home/pi/wk2/ros2_ws/install/my_package/share/my_package/hook/pythonpath.dsv'
[9.873s] INFO:colcon.colcon_core.shell:Creating environment hook '/home/pi/wk2/ros2_ws/install/my_package/share/my_package/hook/pythonpath.sh'
[9.876s] Level 1:colcon.colcon_core.environment:checking '/home/pi/wk2/ros2_ws/install/my_package/bin'
[9.877s] Level 1:colcon.colcon_core.environment:create_environment_scripts_only(my_package)
[9.884s] INFO:colcon.colcon_core.shell:Creating package script '/home/pi/wk2/ros2_ws/install/my_package/share/my_package/package.ps1'
[9.888s] INFO:colcon.colcon_core.shell:Creating package descriptor '/home/pi/wk2/ros2_ws/install/my_package/share/my_package/package.dsv'
[9.892s] INFO:colcon.colcon_core.shell:Creating package script '/home/pi/wk2/ros2_ws/install/my_package/share/my_package/package.sh'
[9.896s] INFO:colcon.colcon_core.shell:Creating package script '/home/pi/wk2/ros2_ws/install/my_package/share/my_package/package.bash'
[9.900s] INFO:colcon.colcon_core.shell:Creating package script '/home/pi/wk2/ros2_ws/install/my_package/share/my_package/package.zsh'
[9.904s] Level 1:colcon.colcon_core.environment:create_file_with_runtime_dependencies(/home/pi/wk2/ros2_ws/install/my_package/share/colcon-core/packages/my_package)
[9.913s] Level 1:colcon.colcon_core.shell:create_environment_hook('tutorial', 'pythonpath_develop')
[9.919s] INFO:colcon.colcon_core.shell:Creating environment hook '/home/pi/wk2/ros2_ws/build/tutorial/share/tutorial/hook/pythonpath_develop.ps1'
[9.921s] DEBUG:colcon.colcon_core.event_handler.log_command:Invoked command in '/home/pi/wk2/ros2_ws/build/tutorial' returned '0': PYTHONPATH=/home/pi/wk2/ros2_ws/build/tutorial/prefix_override:/home/pi/wk2/ros2_ws/install/tutorial/lib/python3.10/site-packages:${PYTHONPATH} /usr/bin/python3 setup.py develop --editable --build-directory /home/pi/wk2/ros2_ws/build/tutorial/build --no-deps install_data
[9.923s] INFO:colcon.colcon_core.shell:Creating environment descriptor '/home/pi/wk2/ros2_ws/build/tutorial/share/tutorial/hook/pythonpath_develop.dsv'
[9.925s] INFO:colcon.colcon_core.shell:Creating environment hook '/home/pi/wk2/ros2_ws/build/tutorial/share/tutorial/hook/pythonpath_develop.sh'
[9.936s] Level 1:colcon.colcon_core.environment:checking '/home/pi/wk2/ros2_ws/install/tutorial' for CMake module files
[9.938s] Level 1:colcon.colcon_core.environment:checking '/home/pi/wk2/ros2_ws/install/tutorial' for CMake config files
[9.942s] Level 1:colcon.colcon_core.environment:checking '/home/pi/wk2/ros2_ws/install/tutorial/lib'
[9.942s] Level 1:colcon.colcon_core.environment:checking '/home/pi/wk2/ros2_ws/install/tutorial/bin'
[9.942s] Level 1:colcon.colcon_core.environment:checking '/home/pi/wk2/ros2_ws/install/tutorial/lib/pkgconfig/tutorial.pc'
[9.943s] Level 1:colcon.colcon_core.environment:checking '/home/pi/wk2/ros2_ws/install/tutorial/lib/python3.10/site-packages'
[9.943s] Level 1:colcon.colcon_core.shell:create_environment_hook('tutorial', 'pythonpath')
[9.949s] INFO:colcon.colcon_core.shell:Creating environment hook '/home/pi/wk2/ros2_ws/install/tutorial/share/tutorial/hook/pythonpath.ps1'
[9.951s] INFO:colcon.colcon_core.shell:Creating environment descriptor '/home/pi/wk2/ros2_ws/install/tutorial/share/tutorial/hook/pythonpath.dsv'
[9.953s] INFO:colcon.colcon_core.shell:Creating environment hook '/home/pi/wk2/ros2_ws/install/tutorial/share/tutorial/hook/pythonpath.sh'
[9.955s] Level 1:colcon.colcon_core.environment:checking '/home/pi/wk2/ros2_ws/install/tutorial/bin'
[9.956s] Level 1:colcon.colcon_core.environment:create_environment_scripts_only(tutorial)
[9.961s] INFO:colcon.colcon_core.shell:Creating package script '/home/pi/wk2/ros2_ws/install/tutorial/share/tutorial/package.ps1'
[9.964s] INFO:colcon.colcon_core.shell:Creating package descriptor '/home/pi/wk2/ros2_ws/install/tutorial/share/tutorial/package.dsv'
[9.966s] INFO:colcon.colcon_core.shell:Creating package script '/home/pi/wk2/ros2_ws/install/tutorial/share/tutorial/package.sh'
[9.968s] INFO:colcon.colcon_core.shell:Creating package script '/home/pi/wk2/ros2_ws/install/tutorial/share/tutorial/package.bash'
[9.970s] INFO:colcon.colcon_core.shell:Creating package script '/home/pi/wk2/ros2_ws/install/tutorial/share/tutorial/package.zsh'
[9.972s] Level 1:colcon.colcon_core.environment:create_file_with_runtime_dependencies(/home/pi/wk2/ros2_ws/install/tutorial/share/colcon-core/packages/tutorial)
[9.973s] Level 1:colcon.colcon_core.shell:create_environment_hook('ros2_brickpi3', 'pythonpath_develop')
[9.978s] INFO:colcon.colcon_core.shell:Creating environment hook '/home/pi/wk2/ros2_ws/build/ros2_brickpi3/share/ros2_brickpi3/hook/pythonpath_develop.ps1'
[9.982s] INFO:colcon.colcon_core.shell:Creating environment descriptor '/home/pi/wk2/ros2_ws/build/ros2_brickpi3/share/ros2_brickpi3/hook/pythonpath_develop.dsv'
[9.984s] DEBUG:colcon.colcon_core.event_handler.log_command:Invoked command in '/home/pi/wk2/ros2_ws/build/ros2_brickpi3' returned '0': PYTHONPATH=/home/pi/wk2/ros2_ws/build/ros2_brickpi3/prefix_override:/home/pi/wk2/ros2_ws/install/ros2_brickpi3/lib/python3.10/site-packages:${PYTHONPATH} /usr/bin/python3 setup.py develop --editable --build-directory /home/pi/wk2/ros2_ws/build/ros2_brickpi3/build --no-deps install_data
[9.985s] INFO:colcon.colcon_core.shell:Creating environment hook '/home/pi/wk2/ros2_ws/build/ros2_brickpi3/share/ros2_brickpi3/hook/pythonpath_develop.sh'
[9.995s] Level 1:colcon.colcon_core.environment:checking '/home/pi/wk2/ros2_ws/install/ros2_brickpi3' for CMake module files
[9.997s] Level 1:colcon.colcon_core.environment:checking '/home/pi/wk2/ros2_ws/install/ros2_brickpi3' for CMake config files
[10.001s] Level 1:colcon.colcon_core.environment:checking '/home/pi/wk2/ros2_ws/install/ros2_brickpi3/lib'
[10.001s] Level 1:colcon.colcon_core.environment:checking '/home/pi/wk2/ros2_ws/install/ros2_brickpi3/bin'
[10.002s] Level 1:colcon.colcon_core.environment:checking '/home/pi/wk2/ros2_ws/install/ros2_brickpi3/lib/pkgconfig/ros2_brickpi3.pc'
[10.003s] Level 1:colcon.colcon_core.environment:checking '/home/pi/wk2/ros2_ws/install/ros2_brickpi3/lib/python3.10/site-packages'
[10.003s] Level 1:colcon.colcon_core.shell:create_environment_hook('ros2_brickpi3', 'pythonpath')
[10.008s] INFO:colcon.colcon_core.shell:Creating environment hook '/home/pi/wk2/ros2_ws/install/ros2_brickpi3/share/ros2_brickpi3/hook/pythonpath.ps1'
[10.010s] INFO:colcon.colcon_core.shell:Creating environment descriptor '/home/pi/wk2/ros2_ws/install/ros2_brickpi3/share/ros2_brickpi3/hook/pythonpath.dsv'
[10.012s] INFO:colcon.colcon_core.shell:Creating environment hook '/home/pi/wk2/ros2_ws/install/ros2_brickpi3/share/ros2_brickpi3/hook/pythonpath.sh'
[10.014s] Level 1:colcon.colcon_core.environment:checking '/home/pi/wk2/ros2_ws/install/ros2_brickpi3/bin'
[10.015s] Level 1:colcon.colcon_core.environment:create_environment_scripts_only(ros2_brickpi3)
[10.020s] INFO:colcon.colcon_core.shell:Creating package script '/home/pi/wk2/ros2_ws/install/ros2_brickpi3/share/ros2_brickpi3/package.ps1'
[10.023s] INFO:colcon.colcon_core.shell:Creating package descriptor '/home/pi/wk2/ros2_ws/install/ros2_brickpi3/share/ros2_brickpi3/package.dsv'
[10.025s] INFO:colcon.colcon_core.shell:Creating package script '/home/pi/wk2/ros2_ws/install/ros2_brickpi3/share/ros2_brickpi3/package.sh'
[10.028s] INFO:colcon.colcon_core.shell:Creating package script '/home/pi/wk2/ros2_ws/install/ros2_brickpi3/share/ros2_brickpi3/package.bash'
[10.030s] INFO:colcon.colcon_core.shell:Creating package script '/home/pi/wk2/ros2_ws/install/ros2_brickpi3/share/ros2_brickpi3/package.zsh'
[10.032s] Level 1:colcon.colcon_core.environment:create_file_with_runtime_dependencies(/home/pi/wk2/ros2_ws/install/ros2_brickpi3/share/colcon-core/packages/ros2_brickpi3)
[10.034s] DEBUG:colcon.colcon_parallel_executor.executor.parallel:closing loop
[10.035s] DEBUG:colcon.colcon_parallel_executor.executor.parallel:loop closed
[10.036s] DEBUG:colcon.colcon_parallel_executor.executor.parallel:run_until_complete finished with '0'
[10.037s] DEBUG:colcon.colcon_core.event_reactor:joining thread
[10.060s] INFO:colcon.colcon_core.plugin_system:Skipping extension 'colcon_notification.desktop_notification.notify_send': Could not find 'notify-send'
[10.060s] INFO:colcon.colcon_core.plugin_system:Skipping extension 'colcon_notification.desktop_notification.terminal_notifier': Not used on non-Darwin systems
[10.061s] INFO:colcon.colcon_core.plugin_system:Skipping extension 'colcon_notification.desktop_notification.win32': Not used on non-Windows systems
[10.061s] INFO:colcon.colcon_notification.desktop_notification:Sending desktop notification using 'notify2'
[10.064s] DEBUG:colcon.colcon_notification.desktop_notification.notify2:Failed to initialize notify2: org.freedesktop.DBus.Error.ServiceUnknown: The name org.freedesktop.Notifications was not provided by any .service files
[10.065s] DEBUG:colcon.colcon_core.event_reactor:joined thread
[10.069s] INFO:colcon.colcon_core.shell:Creating prefix script '/home/pi/wk2/ros2_ws/install/local_setup.ps1'
[10.073s] INFO:colcon.colcon_core.shell:Creating prefix util module '/home/pi/wk2/ros2_ws/install/_local_setup_util_ps1.py'
[10.080s] INFO:colcon.colcon_core.shell:Creating prefix chain script '/home/pi/wk2/ros2_ws/install/setup.ps1'
[10.086s] INFO:colcon.colcon_core.shell:Creating prefix script '/home/pi/wk2/ros2_ws/install/local_setup.sh'
[10.088s] INFO:colcon.colcon_core.shell:Creating prefix util module '/home/pi/wk2/ros2_ws/install/_local_setup_util_sh.py'
[10.090s] INFO:colcon.colcon_core.shell:Creating prefix chain script '/home/pi/wk2/ros2_ws/install/setup.sh'
[10.096s] INFO:colcon.colcon_core.shell:Creating prefix script '/home/pi/wk2/ros2_ws/install/local_setup.bash'
[10.098s] INFO:colcon.colcon_core.shell:Creating prefix chain script '/home/pi/wk2/ros2_ws/install/setup.bash'
[10.103s] INFO:colcon.colcon_core.shell:Creating prefix script '/home/pi/wk2/ros2_ws/install/local_setup.zsh'
[10.105s] INFO:colcon.colcon_core.shell:Creating prefix chain script '/home/pi/wk2/ros2_ws/install/setup.zsh'
