[2.632s] Invoking command in '/home/pi/wk2/ros2_ws/build/my_package': PYTHONPATH=/home/pi/wk2/ros2_ws/build/my_package/prefix_override:/home/pi/wk2/ros2_ws/install/my_package/lib/python3.10/site-packages:${PYTHONPATH} /usr/bin/python3 setup.py develop --editable --build-directory /home/pi/wk2/ros2_ws/build/my_package/build --no-deps install_data
[3.685s] running develop
[3.686s] /usr/lib/python3/dist-packages/setuptools/command/easy_install.py:158: EasyInstallDeprecationWarning: easy_install command is deprecated. Use build and pip and other standards-based tools.
[3.687s]   warnings.warn(
[3.691s] /usr/lib/python3/dist-packages/setuptools/command/install.py:34: SetuptoolsDeprecationWarning: setup.py install is deprecated. Use build and pip and other standards-based tools.
[3.691s]   warnings.warn(
[3.909s] /usr/lib/python3/dist-packages/pkg_resources/__init__.py:116: PkgResourcesDeprecationWarning: 1.16.0-unknown is an invalid version and will not be supported in a future release
[3.910s]   warnings.warn(
[3.911s] /usr/lib/python3/dist-packages/pkg_resources/__init__.py:116: PkgResourcesDeprecationWarning: 1.1build1 is an invalid version and will not be supported in a future release
[3.911s]   warnings.warn(
[3.912s] /usr/lib/python3/dist-packages/pkg_resources/__init__.py:116: PkgResourcesDeprecationWarning: 0.1.43ubuntu1 is an invalid version and will not be supported in a future release
[3.912s]   warnings.warn(
[4.315s] running egg_info
[4.316s] writing my_package.egg-info/PKG-INFO
[4.317s] writing dependency_links to my_package.egg-info/dependency_links.txt
[4.318s] writing entry points to my_package.egg-info/entry_points.txt
[4.319s] writing requirements to my_package.egg-info/requires.txt
[4.320s] writing top-level names to my_package.egg-info/top_level.txt
[4.328s] reading manifest file 'my_package.egg-info/SOURCES.txt'
[4.333s] writing manifest file 'my_package.egg-info/SOURCES.txt'
[4.339s] running build_ext
[4.340s] Creating /home/pi/wk2/ros2_ws/install/my_package/lib/python3.10/site-packages/my-package.egg-link (link to .)
[4.343s] Installing color script to /home/pi/wk2/ros2_ws/install/my_package/lib/my_package
[4.344s] Installing drive script to /home/pi/wk2/ros2_ws/install/my_package/lib/my_package
[4.345s] Installing gyro script to /home/pi/wk2/ros2_ws/install/my_package/lib/my_package
[4.346s] Installing motor script to /home/pi/wk2/ros2_ws/install/my_package/lib/my_package
[4.347s] Installing my_node script to /home/pi/wk2/ros2_ws/install/my_package/lib/my_package
[4.347s] Installing touch script to /home/pi/wk2/ros2_ws/install/my_package/lib/my_package
[4.348s] Installing ultrasonic script to /home/pi/wk2/ros2_ws/install/my_package/lib/my_package
[4.350s] 
[4.350s] Installed /home/pi/wk2/ros2_ws/build/my_package
[4.351s] running install_data
[4.352s] copying launch/my.launch.py -> /home/pi/wk2/ros2_ws/install/my_package/share/my_package/launch
[4.486s] Invoked command in '/home/pi/wk2/ros2_ws/build/my_package' returned '0': PYTHONPATH=/home/pi/wk2/ros2_ws/build/my_package/prefix_override:/home/pi/wk2/ros2_ws/install/my_package/lib/python3.10/site-packages:${PYTHONPATH} /usr/bin/python3 setup.py develop --editable --build-directory /home/pi/wk2/ros2_ws/build/my_package/build --no-deps install_data
