[5.715s] Invoking command in '/home/pi/wk2/ros2_ws/build/tutorial': PYTHONPATH=/home/pi/wk2/ros2_ws/build/tutorial/prefix_override:/home/pi/wk2/ros2_ws/install/tutorial/lib/python3.10/site-packages:${PYTHONPATH} /usr/bin/python3 setup.py develop --editable --build-directory /home/pi/wk2/ros2_ws/build/tutorial/build --no-deps install_data
[7.169s] running develop
[7.171s] /usr/lib/python3/dist-packages/setuptools/command/easy_install.py:158: EasyInstallDeprecationWarning: easy_install command is deprecated. Use build and pip and other standards-based tools.
[7.172s]   warnings.warn(
[7.178s] /usr/lib/python3/dist-packages/setuptools/command/install.py:34: SetuptoolsDeprecationWarning: setup.py install is deprecated. Use build and pip and other standards-based tools.
[7.179s]   warnings.warn(
[7.522s] /usr/lib/python3/dist-packages/pkg_resources/__init__.py:116: PkgResourcesDeprecationWarning: 1.16.0-unknown is an invalid version and will not be supported in a future release
[7.522s]   warnings.warn(
[7.524s] /usr/lib/python3/dist-packages/pkg_resources/__init__.py:116: PkgResourcesDeprecationWarning: 1.1build1 is an invalid version and will not be supported in a future release
[7.525s]   warnings.warn(
[7.527s] /usr/lib/python3/dist-packages/pkg_resources/__init__.py:116: PkgResourcesDeprecationWarning: 0.1.43ubuntu1 is an invalid version and will not be supported in a future release
[7.527s]   warnings.warn(
[8.304s] running egg_info
[8.305s] writing tutorial.egg-info/PKG-INFO
[8.306s] writing dependency_links to tutorial.egg-info/dependency_links.txt
[8.314s] writing entry points to tutorial.egg-info/entry_points.txt
[8.315s] writing requirements to tutorial.egg-info/requires.txt
[8.316s] writing top-level names to tutorial.egg-info/top_level.txt
[8.321s] reading manifest file 'tutorial.egg-info/SOURCES.txt'
[8.325s] writing manifest file 'tutorial.egg-info/SOURCES.txt'
[8.332s] running build_ext
[8.334s] Creating /home/pi/wk2/ros2_ws/install/tutorial/lib/python3.10/site-packages/tutorial.egg-link (link to .)
[8.341s] Installing listener script to /home/pi/wk2/ros2_ws/install/tutorial/lib/tutorial
[8.343s] Installing talker script to /home/pi/wk2/ros2_ws/install/tutorial/lib/tutorial
[8.346s] 
[8.346s] Installed /home/pi/wk2/ros2_ws/build/tutorial
[8.347s] running install_data
[8.509s] Invoked command in '/home/pi/wk2/ros2_ws/build/tutorial' returned '0': PYTHONPATH=/home/pi/wk2/ros2_ws/build/tutorial/prefix_override:/home/pi/wk2/ros2_ws/install/tutorial/lib/python3.10/site-packages:${PYTHONPATH} /usr/bin/python3 setup.py develop --editable --build-directory /home/pi/wk2/ros2_ws/build/tutorial/build --no-deps install_data
