[7.844s] Invoking command in '/home/pi/wk2/ros2_ws/build/ros2_aruco': PYTHONPATH=/home/pi/wk2/ros2_ws/build/ros2_aruco/prefix_override:/home/pi/wk2/ros2_ws/install/ros2_aruco/lib/python3.10/site-packages:${PYTHONPATH} /usr/bin/python3 setup.py develop --uninstall --editable --build-directory /home/pi/wk2/ros2_ws/build/ros2_aruco/build
[9.793s] running develop
[9.797s] /usr/lib/python3/dist-packages/setuptools/command/easy_install.py:158: EasyInstallDeprecationWarning: easy_install command is deprecated. Use build and pip and other standards-based tools.
[9.798s]   warnings.warn(
[9.807s] /usr/lib/python3/dist-packages/setuptools/command/install.py:34: SetuptoolsDeprecationWarning: setup.py install is deprecated. Use build and pip and other standards-based tools.
[9.808s]   warnings.warn(
[10.314s] /usr/lib/python3/dist-packages/pkg_resources/__init__.py:116: PkgResourcesDeprecationWarning: 1.16.0-unknown is an invalid version and will not be supported in a future release
[10.315s]   warnings.warn(
[10.319s] /usr/lib/python3/dist-packages/pkg_resources/__init__.py:116: PkgResourcesDeprecationWarning: 1.1build1 is an invalid version and will not be supported in a future release
[10.320s]   warnings.warn(
[10.324s] /usr/lib/python3/dist-packages/pkg_resources/__init__.py:116: PkgResourcesDeprecationWarning: 0.1.43ubuntu1 is an invalid version and will not be supported in a future release
[10.325s]   warnings.warn(
[11.627s] Invoked command in '/home/pi/wk2/ros2_ws/build/ros2_aruco' returned '0': PYTHONPATH=/home/pi/wk2/ros2_ws/build/ros2_aruco/prefix_override:/home/pi/wk2/ros2_ws/install/ros2_aruco/lib/python3.10/site-packages:${PYTHONPATH} /usr/bin/python3 setup.py develop --uninstall --editable --build-directory /home/pi/wk2/ros2_ws/build/ros2_aruco/build
[11.630s] Invoking command in '/home/pi/wk2/ros2_ws/src/ros2_aruco/ros2_aruco': PYTHONPATH=/home/pi/wk2/ros2_ws/build/ros2_aruco/prefix_override:/home/pi/wk2/ros2_ws/install/ros2_aruco/lib/python3.10/site-packages:${PYTHONPATH} /usr/bin/python3 setup.py egg_info --egg-base ../../../build/ros2_aruco build --build-base /home/pi/wk2/ros2_ws/build/ros2_aruco/build install --record /home/pi/wk2/ros2_ws/build/ros2_aruco/install.log --single-version-externally-managed
[13.641s] running egg_info
[13.643s] writing ../../../build/ros2_aruco/ros2_aruco.egg-info/PKG-INFO
[13.647s] writing dependency_links to ../../../build/ros2_aruco/ros2_aruco.egg-info/dependency_links.txt
[13.649s] writing entry points to ../../../build/ros2_aruco/ros2_aruco.egg-info/entry_points.txt
[13.652s] writing requirements to ../../../build/ros2_aruco/ros2_aruco.egg-info/requires.txt
[13.655s] writing top-level names to ../../../build/ros2_aruco/ros2_aruco.egg-info/top_level.txt
[13.676s] reading manifest file '../../../build/ros2_aruco/ros2_aruco.egg-info/SOURCES.txt'
[13.696s] writing manifest file '../../../build/ros2_aruco/ros2_aruco.egg-info/SOURCES.txt'
[13.699s] running build
[13.699s] running build_py
[13.706s] running install
[13.715s] /usr/lib/python3/dist-packages/setuptools/command/install.py:34: SetuptoolsDeprecationWarning: setup.py install is deprecated. Use build and pip and other standards-based tools.
[13.715s]   warnings.warn(
[13.723s] running install_lib
[13.760s] running install_data
[13.762s] running install_egg_info
[13.779s] removing '/home/pi/wk2/ros2_ws/install/ros2_aruco/lib/python3.10/site-packages/ros2_aruco-0.1.0-py3.10.egg-info' (and everything under it)
[13.802s] Copying ../../../build/ros2_aruco/ros2_aruco.egg-info to /home/pi/wk2/ros2_ws/install/ros2_aruco/lib/python3.10/site-packages/ros2_aruco-0.1.0-py3.10.egg-info
[13.827s] running install_scripts
[13.964s] Installing aruco_generate_marker script to /home/pi/wk2/ros2_ws/install/ros2_aruco/lib/ros2_aruco
[13.968s] Installing aruco_node script to /home/pi/wk2/ros2_ws/install/ros2_aruco/lib/ros2_aruco
[13.975s] writing list of installed files to '/home/pi/wk2/ros2_ws/build/ros2_aruco/install.log'
[15.711s] Invoked command in '/home/pi/wk2/ros2_ws/src/ros2_aruco/ros2_aruco' returned '0': PYTHONPATH=/home/pi/wk2/ros2_ws/build/ros2_aruco/prefix_override:/home/pi/wk2/ros2_ws/install/ros2_aruco/lib/python3.10/site-packages:${PYTHONPATH} /usr/bin/python3 setup.py egg_info --egg-base ../../../build/ros2_aruco build --build-base /home/pi/wk2/ros2_ws/build/ros2_aruco/build install --record /home/pi/wk2/ros2_ws/build/ros2_aruco/install.log --single-version-externally-managed
