[8.806s] Invoking command in '/home/pi/wk2/ros2_ws/build/tutorial': PYTHONPATH=/home/pi/wk2/ros2_ws/build/tutorial/prefix_override:/home/pi/wk2/ros2_ws/install/tutorial/lib/python3.10/site-packages:${PYTHONPATH} /usr/bin/python3 setup.py develop --editable --build-directory /home/pi/wk2/ros2_ws/build/tutorial/build --no-deps install_data
[10.286s] running develop
[10.291s] /usr/lib/python3/dist-packages/setuptools/command/easy_install.py:158: EasyInstallDeprecationWarning: easy_install command is deprecated. Use build and pip and other standards-based tools.
[10.292s]   warnings.warn(
[10.298s] /usr/lib/python3/dist-packages/setuptools/command/install.py:34: SetuptoolsDeprecationWarning: setup.py install is deprecated. Use build and pip and other standards-based tools.
[10.299s]   warnings.warn(
[10.563s] /usr/lib/python3/dist-packages/pkg_resources/__init__.py:116: PkgResourcesDeprecationWarning: 1.16.0-unknown is an invalid version and will not be supported in a future release
[10.564s]   warnings.warn(
[10.564s] /usr/lib/python3/dist-packages/pkg_resources/__init__.py:116: PkgResourcesDeprecationWarning: 1.1build1 is an invalid version and will not be supported in a future release
[10.565s]   warnings.warn(
[10.566s] /usr/lib/python3/dist-packages/pkg_resources/__init__.py:116: PkgResourcesDeprecationWarning: 0.1.43ubuntu1 is an invalid version and will not be supported in a future release
[10.567s]   warnings.warn(
[11.036s] running egg_info
[11.038s] writing tutorial.egg-info/PKG-INFO
[11.041s] writing dependency_links to tutorial.egg-info/dependency_links.txt
[11.042s] writing entry points to tutorial.egg-info/entry_points.txt
[11.044s] writing requirements to tutorial.egg-info/requires.txt
[11.045s] writing top-level names to tutorial.egg-info/top_level.txt
[11.051s] reading manifest file 'tutorial.egg-info/SOURCES.txt'
[11.062s] writing manifest file 'tutorial.egg-info/SOURCES.txt'
[11.070s] running build_ext
[11.071s] Creating /home/pi/wk2/ros2_ws/install/tutorial/lib/python3.10/site-packages/tutorial.egg-link (link to .)
[11.074s] Installing listener script to /home/pi/wk2/ros2_ws/install/tutorial/lib/tutorial
[11.079s] Installing talker script to /home/pi/wk2/ros2_ws/install/tutorial/lib/tutorial
[11.084s] 
[11.086s] Installed /home/pi/wk2/ros2_ws/build/tutorial
[11.088s] running install_data
[11.290s] Invoked command in '/home/pi/wk2/ros2_ws/build/tutorial' returned '0': PYTHONPATH=/home/pi/wk2/ros2_ws/build/tutorial/prefix_override:/home/pi/wk2/ros2_ws/install/tutorial/lib/python3.10/site-packages:${PYTHONPATH} /usr/bin/python3 setup.py develop --editable --build-directory /home/pi/wk2/ros2_ws/build/tutorial/build --no-deps install_data
