[2.667s] Invoking command in '/home/pi/wk2/ros2_ws/build/my_package': PYTHONPATH=/home/pi/wk2/ros2_ws/build/my_package/prefix_override:/home/pi/wk2/ros2_ws/install/my_package/lib/python3.10/site-packages:${PYTHONPATH} /usr/bin/python3 setup.py develop --editable --build-directory /home/pi/wk2/ros2_ws/build/my_package/build --no-deps install_data
[3.723s] running develop
[3.725s] /usr/lib/python3/dist-packages/setuptools/command/easy_install.py:158: EasyInstallDeprecationWarning: easy_install command is deprecated. Use build and pip and other standards-based tools.
[3.725s]   warnings.warn(
[3.729s] /usr/lib/python3/dist-packages/setuptools/command/install.py:34: SetuptoolsDeprecationWarning: setup.py install is deprecated. Use build and pip and other standards-based tools.
[3.729s]   warnings.warn(
[3.951s] /usr/lib/python3/dist-packages/pkg_resources/__init__.py:116: PkgResourcesDeprecationWarning: 1.16.0-unknown is an invalid version and will not be supported in a future release
[3.951s]   warnings.warn(
[3.952s] /usr/lib/python3/dist-packages/pkg_resources/__init__.py:116: PkgResourcesDeprecationWarning: 1.1build1 is an invalid version and will not be supported in a future release
[3.953s]   warnings.warn(
[3.953s] /usr/lib/python3/dist-packages/pkg_resources/__init__.py:116: PkgResourcesDeprecationWarning: 0.1.43ubuntu1 is an invalid version and will not be supported in a future release
[3.954s]   warnings.warn(
[4.362s] running egg_info
[4.362s] writing my_package.egg-info/PKG-INFO
[4.363s] writing dependency_links to my_package.egg-info/dependency_links.txt
[4.364s] writing entry points to my_package.egg-info/entry_points.txt
[4.366s] writing requirements to my_package.egg-info/requires.txt
[4.367s] writing top-level names to my_package.egg-info/top_level.txt
[4.374s] reading manifest file 'my_package.egg-info/SOURCES.txt'
[4.378s] writing manifest file 'my_package.egg-info/SOURCES.txt'
[4.384s] running build_ext
[4.385s] Creating /home/pi/wk2/ros2_ws/install/my_package/lib/python3.10/site-packages/my-package.egg-link (link to .)
[4.389s] Installing color script to /home/pi/wk2/ros2_ws/install/my_package/lib/my_package
[4.390s] Installing drive script to /home/pi/wk2/ros2_ws/install/my_package/lib/my_package
[4.391s] Installing gyro script to /home/pi/wk2/ros2_ws/install/my_package/lib/my_package
[4.391s] Installing motor script to /home/pi/wk2/ros2_ws/install/my_package/lib/my_package
[4.392s] Installing my_node script to /home/pi/wk2/ros2_ws/install/my_package/lib/my_package
[4.393s] Installing touch script to /home/pi/wk2/ros2_ws/install/my_package/lib/my_package
[4.394s] Installing ultrasonic script to /home/pi/wk2/ros2_ws/install/my_package/lib/my_package
[4.396s] 
[4.396s] Installed /home/pi/wk2/ros2_ws/build/my_package
[4.396s] running install_data
[4.397s] copying launch/drive.launch.py -> /home/pi/wk2/ros2_ws/install/my_package/share/my_package/launch
[4.532s] Invoked command in '/home/pi/wk2/ros2_ws/build/my_package' returned '0': PYTHONPATH=/home/pi/wk2/ros2_ws/build/my_package/prefix_override:/home/pi/wk2/ros2_ws/install/my_package/lib/python3.10/site-packages:${PYTHONPATH} /usr/bin/python3 setup.py develop --editable --build-directory /home/pi/wk2/ros2_ws/build/my_package/build --no-deps install_data
