[11.189s] Invoking command in '/home/pi/wk2/ros2_ws/build/ros2_aruco': PYTHONPATH=/home/pi/wk2/ros2_ws/build/ros2_aruco/prefix_override:/home/pi/wk2/ros2_ws/install/ros2_aruco/lib/python3.10/site-packages:${PYTHONPATH} /usr/bin/python3 setup.py develop --editable --build-directory /home/pi/wk2/ros2_ws/build/ros2_aruco/build --no-deps install_data
[14.265s] running develop
[14.268s] /usr/lib/python3/dist-packages/setuptools/command/easy_install.py:158: EasyInstallDeprecationWarning: easy_install command is deprecated. Use build and pip and other standards-based tools.
[14.268s]   warnings.warn(
[14.272s] /usr/lib/python3/dist-packages/setuptools/command/install.py:34: SetuptoolsDeprecationWarning: setup.py install is deprecated. Use build and pip and other standards-based tools.
[14.273s]   warnings.warn(
[14.856s] /usr/lib/python3/dist-packages/pkg_resources/__init__.py:116: PkgResourcesDeprecationWarning: 1.16.0-unknown is an invalid version and will not be supported in a future release
[14.857s]   warnings.warn(
[14.870s] /usr/lib/python3/dist-packages/pkg_resources/__init__.py:116: PkgResourcesDeprecationWarning: 1.1build1 is an invalid version and will not be supported in a future release
[14.871s]   warnings.warn(
[14.872s] /usr/lib/python3/dist-packages/pkg_resources/__init__.py:116: PkgResourcesDeprecationWarning: 0.1.43ubuntu1 is an invalid version and will not be supported in a future release
[14.873s]   warnings.warn(
[17.052s] running egg_info
[17.059s] writing ros2_aruco.egg-info/PKG-INFO
[17.111s] writing dependency_links to ros2_aruco.egg-info/dependency_links.txt
[17.147s] writing entry points to ros2_aruco.egg-info/entry_points.txt
[17.155s] writing requirements to ros2_aruco.egg-info/requires.txt
[17.160s] writing top-level names to ros2_aruco.egg-info/top_level.txt
[17.179s] reading manifest file 'ros2_aruco.egg-info/SOURCES.txt'
[17.189s] writing manifest file 'ros2_aruco.egg-info/SOURCES.txt'
[17.205s] running build_ext
[17.212s] Creating /home/pi/wk2/ros2_ws/install/ros2_aruco/lib/python3.10/site-packages/ros2-aruco.egg-link (link to .)
[17.225s] Installing aruco_generate_marker script to /home/pi/wk2/ros2_ws/install/ros2_aruco/lib/ros2_aruco
[17.238s] Installing aruco_node script to /home/pi/wk2/ros2_ws/install/ros2_aruco/lib/ros2_aruco
[17.266s] 
[17.267s] Installed /home/pi/wk2/ros2_ws/build/ros2_aruco
[17.275s] running install_data
[17.810s] Invoked command in '/home/pi/wk2/ros2_ws/build/ros2_aruco' returned '0': PYTHONPATH=/home/pi/wk2/ros2_ws/build/ros2_aruco/prefix_override:/home/pi/wk2/ros2_ws/install/ros2_aruco/lib/python3.10/site-packages:${PYTHONPATH} /usr/bin/python3 setup.py develop --editable --build-directory /home/pi/wk2/ros2_ws/build/ros2_aruco/build --no-deps install_data
