[4.369s] Invoking command in '/home/pi/wk2/ros2_ws/build/my_package': PYTHONPATH=/home/pi/wk2/ros2_ws/build/my_package/prefix_override:/home/pi/wk2/ros2_ws/install/my_package/lib/python3.10/site-packages:${PYTHONPATH} /usr/bin/python3 setup.py develop --editable --build-directory /home/pi/wk2/ros2_ws/build/my_package/build --no-deps install_data
[6.128s] running develop
[6.144s] /usr/lib/python3/dist-packages/setuptools/command/easy_install.py:158: EasyInstallDeprecationWarning: easy_install command is deprecated. Use build and pip and other standards-based tools.
[6.147s]   warnings.warn(
[6.148s] /usr/lib/python3/dist-packages/setuptools/command/install.py:34: SetuptoolsDeprecationWarning: setup.py install is deprecated. Use build and pip and other standards-based tools.
[6.148s]   warnings.warn(
[6.492s] /usr/lib/python3/dist-packages/pkg_resources/__init__.py:116: PkgResourcesDeprecationWarning: 1.16.0-unknown is an invalid version and will not be supported in a future release
[6.493s]   warnings.warn(
[6.494s] /usr/lib/python3/dist-packages/pkg_resources/__init__.py:116: PkgResourcesDeprecationWarning: 1.1build1 is an invalid version and will not be supported in a future release
[6.495s]   warnings.warn(
[6.497s] /usr/lib/python3/dist-packages/pkg_resources/__init__.py:116: PkgResourcesDeprecationWarning: 0.1.43ubuntu1 is an invalid version and will not be supported in a future release
[6.498s]   warnings.warn(
[7.267s] running egg_info
[7.268s] writing my_package.egg-info/PKG-INFO
[7.273s] writing dependency_links to my_package.egg-info/dependency_links.txt
[7.279s] writing entry points to my_package.egg-info/entry_points.txt
[7.285s] writing requirements to my_package.egg-info/requires.txt
[7.289s] writing top-level names to my_package.egg-info/top_level.txt
[7.303s] reading manifest file 'my_package.egg-info/SOURCES.txt'
[7.308s] writing manifest file 'my_package.egg-info/SOURCES.txt'
[7.317s] running build_ext
[7.319s] Creating /home/pi/wk2/ros2_ws/install/my_package/lib/python3.10/site-packages/my-package.egg-link (link to .)
[7.326s] Installing color script to /home/pi/wk2/ros2_ws/install/my_package/lib/my_package
[7.333s] Installing drive script to /home/pi/wk2/ros2_ws/install/my_package/lib/my_package
[7.334s] Installing gyro script to /home/pi/wk2/ros2_ws/install/my_package/lib/my_package
[7.355s] Installing motor script to /home/pi/wk2/ros2_ws/install/my_package/lib/my_package
[7.361s] Installing my_node script to /home/pi/wk2/ros2_ws/install/my_package/lib/my_package
[7.362s] Installing touch script to /home/pi/wk2/ros2_ws/install/my_package/lib/my_package
[7.364s] Installing ultrasonic script to /home/pi/wk2/ros2_ws/install/my_package/lib/my_package
[7.365s] 
[7.367s] Installed /home/pi/wk2/ros2_ws/build/my_package
[7.368s] running install_data
[7.369s] copying launch/drive.launch.py -> /home/pi/wk2/ros2_ws/install/my_package/share/my_package/launch
[7.506s] Invoked command in '/home/pi/wk2/ros2_ws/build/my_package' returned '0': PYTHONPATH=/home/pi/wk2/ros2_ws/build/my_package/prefix_override:/home/pi/wk2/ros2_ws/install/my_package/lib/python3.10/site-packages:${PYTHONPATH} /usr/bin/python3 setup.py develop --editable --build-directory /home/pi/wk2/ros2_ws/build/my_package/build --no-deps install_data
