[7.205s] Invoking command in '/home/pi/wk2/ros2_ws/build/my_package': PYTHONPATH=/home/pi/wk2/ros2_ws/build/my_package/prefix_override:/home/pi/wk2/ros2_ws/install/my_package/lib/python3.10/site-packages:${PYTHONPATH} /usr/bin/python3 setup.py develop --editable --build-directory /home/pi/wk2/ros2_ws/build/my_package/build --no-deps install_data
[8.828s] running develop
[8.830s] /usr/lib/python3/dist-packages/setuptools/command/easy_install.py:158: EasyInstallDeprecationWarning: easy_install command is deprecated. Use build and pip and other standards-based tools.
[8.831s]   warnings.warn(
[8.839s] /usr/lib/python3/dist-packages/setuptools/command/install.py:34: SetuptoolsDeprecationWarning: setup.py install is deprecated. Use build and pip and other standards-based tools.
[8.840s]   warnings.warn(
[9.220s] /usr/lib/python3/dist-packages/pkg_resources/__init__.py:116: PkgResourcesDeprecationWarning: 1.16.0-unknown is an invalid version and will not be supported in a future release
[9.221s]   warnings.warn(
[9.230s] /usr/lib/python3/dist-packages/pkg_resources/__init__.py:116: PkgResourcesDeprecationWarning: 1.1build1 is an invalid version and will not be supported in a future release
[9.231s]   warnings.warn(
[9.234s] /usr/lib/python3/dist-packages/pkg_resources/__init__.py:116: PkgResourcesDeprecationWarning: 0.1.43ubuntu1 is an invalid version and will not be supported in a future release
[9.235s]   warnings.warn(
[9.912s] running egg_info
[9.913s] writing my_package.egg-info/PKG-INFO
[9.915s] writing dependency_links to my_package.egg-info/dependency_links.txt
[9.917s] writing entry points to my_package.egg-info/entry_points.txt
[9.919s] writing requirements to my_package.egg-info/requires.txt
[9.921s] writing top-level names to my_package.egg-info/top_level.txt
[9.933s] reading manifest file 'my_package.egg-info/SOURCES.txt'
[9.944s] writing manifest file 'my_package.egg-info/SOURCES.txt'
[9.955s] running build_ext
[9.956s] Creating /home/pi/wk2/ros2_ws/install/my_package/lib/python3.10/site-packages/my-package.egg-link (link to .)
[9.964s] Installing color script to /home/pi/wk2/ros2_ws/install/my_package/lib/my_package
[9.970s] Installing drive script to /home/pi/wk2/ros2_ws/install/my_package/lib/my_package
[9.972s] Installing gyro script to /home/pi/wk2/ros2_ws/install/my_package/lib/my_package
[9.976s] Installing motor script to /home/pi/wk2/ros2_ws/install/my_package/lib/my_package
[9.977s] Installing my_node script to /home/pi/wk2/ros2_ws/install/my_package/lib/my_package
[9.983s] Installing touch script to /home/pi/wk2/ros2_ws/install/my_package/lib/my_package
[9.985s] Installing ultrasonic script to /home/pi/wk2/ros2_ws/install/my_package/lib/my_package
[9.987s] 
[9.988s] Installed /home/pi/wk2/ros2_ws/build/my_package
[9.990s] running install_data
[9.992s] copying launch/my.launch.py -> /home/pi/wk2/ros2_ws/install/my_package/share/my_package/launch
[10.391s] Invoked command in '/home/pi/wk2/ros2_ws/build/my_package' returned '0': PYTHONPATH=/home/pi/wk2/ros2_ws/build/my_package/prefix_override:/home/pi/wk2/ros2_ws/install/my_package/lib/python3.10/site-packages:${PYTHONPATH} /usr/bin/python3 setup.py develop --editable --build-directory /home/pi/wk2/ros2_ws/build/my_package/build --no-deps install_data
