[6.579s] Invoking command in '/home/pi/wk2/ros2_ws/build/ros2_brickpi3': PYTHONPATH=/home/pi/wk2/ros2_ws/build/ros2_brickpi3/prefix_override:/home/pi/wk2/ros2_ws/install/ros2_brickpi3/lib/python3.10/site-packages:${PYTHONPATH} /usr/bin/python3 setup.py develop --editable --build-directory /home/pi/wk2/ros2_ws/build/ros2_brickpi3/build --no-deps install_data
[8.245s] running develop
[8.249s] /usr/lib/python3/dist-packages/setuptools/command/easy_install.py:158: EasyInstallDeprecationWarning: easy_install command is deprecated. Use build and pip and other standards-based tools.
[8.249s]   warnings.warn(
[8.256s] /usr/lib/python3/dist-packages/setuptools/command/install.py:34: SetuptoolsDeprecationWarning: setup.py install is deprecated. Use build and pip and other standards-based tools.
[8.257s]   warnings.warn(
[8.619s] /usr/lib/python3/dist-packages/pkg_resources/__init__.py:116: PkgResourcesDeprecationWarning: 1.16.0-unknown is an invalid version and will not be supported in a future release
[8.620s]   warnings.warn(
[8.623s] /usr/lib/python3/dist-packages/pkg_resources/__init__.py:116: PkgResourcesDeprecationWarning: 1.1build1 is an invalid version and will not be supported in a future release
[8.631s]   warnings.warn(
[8.632s] /usr/lib/python3/dist-packages/pkg_resources/__init__.py:116: PkgResourcesDeprecationWarning: 0.1.43ubuntu1 is an invalid version and will not be supported in a future release
[8.637s]   warnings.warn(
[9.505s] running egg_info
[9.506s] writing ros2_brickpi3.egg-info/PKG-INFO
[9.508s] writing dependency_links to ros2_brickpi3.egg-info/dependency_links.txt
[9.510s] writing entry points to ros2_brickpi3.egg-info/entry_points.txt
[9.511s] writing requirements to ros2_brickpi3.egg-info/requires.txt
[9.512s] writing top-level names to ros2_brickpi3.egg-info/top_level.txt
[9.525s] reading manifest file 'ros2_brickpi3.egg-info/SOURCES.txt'
[9.529s] writing manifest file 'ros2_brickpi3.egg-info/SOURCES.txt'
[9.535s] running build_ext
[9.536s] Creating /home/pi/wk2/ros2_ws/install/ros2_brickpi3/lib/python3.10/site-packages/ros2-brickpi3.egg-link (link to .)
[9.543s] Installing color script to /home/pi/wk2/ros2_ws/install/ros2_brickpi3/lib/ros2_brickpi3
[9.543s] Installing gyro script to /home/pi/wk2/ros2_ws/install/ros2_brickpi3/lib/ros2_brickpi3
[9.544s] Installing motor script to /home/pi/wk2/ros2_ws/install/ros2_brickpi3/lib/ros2_brickpi3
[9.544s] Installing touch script to /home/pi/wk2/ros2_ws/install/ros2_brickpi3/lib/ros2_brickpi3
[9.549s] Installing ultrasonic script to /home/pi/wk2/ros2_ws/install/ros2_brickpi3/lib/ros2_brickpi3
[9.554s] 
[9.555s] Installed /home/pi/wk2/ros2_ws/build/ros2_brickpi3
[9.565s] running install_data
[9.725s] Invoked command in '/home/pi/wk2/ros2_ws/build/ros2_brickpi3' returned '0': PYTHONPATH=/home/pi/wk2/ros2_ws/build/ros2_brickpi3/prefix_override:/home/pi/wk2/ros2_ws/install/ros2_brickpi3/lib/python3.10/site-packages:${PYTHONPATH} /usr/bin/python3 setup.py develop --editable --build-directory /home/pi/wk2/ros2_ws/build/ros2_brickpi3/build --no-deps install_data
