[5.567s] Invoking command in '/home/pi/wk2/ros2_ws/build/my_package': PYTHONPATH=/home/pi/wk2/ros2_ws/build/my_package/prefix_override:/home/pi/wk2/ros2_ws/install/my_package/lib/python3.10/site-packages:${PYTHONPATH} /usr/bin/python3 setup.py develop --editable --build-directory /home/pi/wk2/ros2_ws/build/my_package/build --no-deps install_data
[7.375s] running develop
[7.378s] /usr/lib/python3/dist-packages/setuptools/command/easy_install.py:158: EasyInstallDeprecationWarning: easy_install command is deprecated. Use build and pip and other standards-based tools.
[7.379s]   warnings.warn(
[7.384s] /usr/lib/python3/dist-packages/setuptools/command/install.py:34: SetuptoolsDeprecationWarning: setup.py install is deprecated. Use build and pip and other standards-based tools.
[7.385s]   warnings.warn(
[7.749s] /usr/lib/python3/dist-packages/pkg_resources/__init__.py:116: PkgResourcesDeprecationWarning: 1.16.0-unknown is an invalid version and will not be supported in a future release
[7.752s]   warnings.warn(
[7.757s] /usr/lib/python3/dist-packages/pkg_resources/__init__.py:116: PkgResourcesDeprecationWarning: 1.1build1 is an invalid version and will not be supported in a future release
[7.761s]   warnings.warn(
[7.767s] /usr/lib/python3/dist-packages/pkg_resources/__init__.py:116: PkgResourcesDeprecationWarning: 0.1.43ubuntu1 is an invalid version and will not be supported in a future release
[7.770s]   warnings.warn(
[8.687s] running egg_info
[8.688s] writing my_package.egg-info/PKG-INFO
[8.693s] writing dependency_links to my_package.egg-info/dependency_links.txt
[8.696s] writing entry points to my_package.egg-info/entry_points.txt
[8.702s] writing requirements to my_package.egg-info/requires.txt
[8.707s] writing top-level names to my_package.egg-info/top_level.txt
[8.718s] reading manifest file 'my_package.egg-info/SOURCES.txt'
[8.723s] writing manifest file 'my_package.egg-info/SOURCES.txt'
[8.746s] running build_ext
[8.746s] Creating /home/pi/wk2/ros2_ws/install/my_package/lib/python3.10/site-packages/my-package.egg-link (link to .)
[8.747s] Installing chatter script to /home/pi/wk2/ros2_ws/install/my_package/lib/my_package
[8.748s] Installing my_node script to /home/pi/wk2/ros2_ws/install/my_package/lib/my_package
[8.749s] 
[8.749s] Installed /home/pi/wk2/ros2_ws/build/my_package
[8.750s] running install_data
[8.965s] Invoked command in '/home/pi/wk2/ros2_ws/build/my_package' returned '0': PYTHONPATH=/home/pi/wk2/ros2_ws/build/my_package/prefix_override:/home/pi/wk2/ros2_ws/install/my_package/lib/python3.10/site-packages:${PYTHONPATH} /usr/bin/python3 setup.py develop --editable --build-directory /home/pi/wk2/ros2_ws/build/my_package/build --no-deps install_data
