[2.589s] Invoking command in '/home/pi/ros2_ws/build/ros2_brickpi3': PYTHONPATH=/home/pi/ros2_ws/build/ros2_brickpi3/prefix_override:/home/pi/ros2_ws/install/ros2_brickpi3/lib/python3.10/site-packages:${PYTHONPATH} /usr/bin/python3 setup.py develop --uninstall --editable --build-directory /home/pi/ros2_ws/build/ros2_brickpi3/build
[3.622s] running develop
[3.624s] /usr/lib/python3/dist-packages/setuptools/command/easy_install.py:158: EasyInstallDeprecationWarning: easy_install command is deprecated. Use build and pip and other standards-based tools.
[3.624s]   warnings.warn(
[3.628s] /usr/lib/python3/dist-packages/setuptools/command/install.py:34: SetuptoolsDeprecationWarning: setup.py install is deprecated. Use build and pip and other standards-based tools.
[3.629s]   warnings.warn(
[3.838s] /usr/lib/python3/dist-packages/pkg_resources/__init__.py:116: PkgResourcesDeprecationWarning: 1.16.0-unknown is an invalid version and will not be supported in a future release
[3.839s]   warnings.warn(
[3.839s] /usr/lib/python3/dist-packages/pkg_resources/__init__.py:116: PkgResourcesDeprecationWarning: 1.1build1 is an invalid version and will not be supported in a future release
[3.840s]   warnings.warn(
[3.840s] /usr/lib/python3/dist-packages/pkg_resources/__init__.py:116: PkgResourcesDeprecationWarning: 0.1.43ubuntu1 is an invalid version and will not be supported in a future release
[3.841s]   warnings.warn(
[4.364s] Invoked command in '/home/pi/ros2_ws/build/ros2_brickpi3' returned '0': PYTHONPATH=/home/pi/ros2_ws/build/ros2_brickpi3/prefix_override:/home/pi/ros2_ws/install/ros2_brickpi3/lib/python3.10/site-packages:${PYTHONPATH} /usr/bin/python3 setup.py develop --uninstall --editable --build-directory /home/pi/ros2_ws/build/ros2_brickpi3/build
[4.372s] Invoking command in '/home/pi/ros2_ws/src/ros2_brickpi3': PYTHONPATH=/home/pi/ros2_ws/build/ros2_brickpi3/prefix_override:/home/pi/ros2_ws/install/ros2_brickpi3/lib/python3.10/site-packages:${PYTHONPATH} /usr/bin/python3 setup.py egg_info --egg-base ../../build/ros2_brickpi3 build --build-base /home/pi/ros2_ws/build/ros2_brickpi3/build install --record /home/pi/ros2_ws/build/ros2_brickpi3/install.log --single-version-externally-managed
[5.343s] running egg_info
[5.345s] writing ../../build/ros2_brickpi3/ros2_brickpi3.egg-info/PKG-INFO
[5.347s] writing dependency_links to ../../build/ros2_brickpi3/ros2_brickpi3.egg-info/dependency_links.txt
[5.349s] writing entry points to ../../build/ros2_brickpi3/ros2_brickpi3.egg-info/entry_points.txt
[5.350s] writing requirements to ../../build/ros2_brickpi3/ros2_brickpi3.egg-info/requires.txt
[5.350s] writing top-level names to ../../build/ros2_brickpi3/ros2_brickpi3.egg-info/top_level.txt
[5.359s] reading manifest file '../../build/ros2_brickpi3/ros2_brickpi3.egg-info/SOURCES.txt'
[5.361s] adding license file 'LICENSE'
[5.363s] writing manifest file '../../build/ros2_brickpi3/ros2_brickpi3.egg-info/SOURCES.txt'
[5.365s] running build
[5.365s] running build_py
[5.365s] copying ros2_brickpi3/motor.py -> /home/pi/ros2_ws/build/ros2_brickpi3/build/lib/ros2_brickpi3
[5.366s] copying ros2_brickpi3/talker.py -> /home/pi/ros2_ws/build/ros2_brickpi3/build/lib/ros2_brickpi3
[5.368s] running install
[5.368s] /usr/lib/python3/dist-packages/setuptools/command/install.py:34: SetuptoolsDeprecationWarning: setup.py install is deprecated. Use build and pip and other standards-based tools.
[5.369s]   warnings.warn(
[5.369s] running install_lib
[5.372s] copying /home/pi/ros2_ws/build/ros2_brickpi3/build/lib/ros2_brickpi3/motor.py -> /home/pi/ros2_ws/install/ros2_brickpi3/lib/python3.10/site-packages/ros2_brickpi3
[5.373s] copying /home/pi/ros2_ws/build/ros2_brickpi3/build/lib/ros2_brickpi3/talker.py -> /home/pi/ros2_ws/install/ros2_brickpi3/lib/python3.10/site-packages/ros2_brickpi3
[5.377s] byte-compiling /home/pi/ros2_ws/install/ros2_brickpi3/lib/python3.10/site-packages/ros2_brickpi3/motor.py to motor.cpython-310.pyc
[5.380s] byte-compiling /home/pi/ros2_ws/install/ros2_brickpi3/lib/python3.10/site-packages/ros2_brickpi3/talker.py to talker.cpython-310.pyc
[5.382s] running install_data
[5.385s] running install_egg_info
[5.391s] removing '/home/pi/ros2_ws/install/ros2_brickpi3/lib/python3.10/site-packages/ros2_brickpi3-0.0.0-py3.10.egg-info' (and everything under it)
[5.392s] Copying ../../build/ros2_brickpi3/ros2_brickpi3.egg-info to /home/pi/ros2_ws/install/ros2_brickpi3/lib/python3.10/site-packages/ros2_brickpi3-0.0.0-py3.10.egg-info
[5.400s] running install_scripts
[5.478s] Installing motor script to /home/pi/ros2_ws/install/ros2_brickpi3/lib/ros2_brickpi3
[5.481s] writing list of installed files to '/home/pi/ros2_ws/build/ros2_brickpi3/install.log'
[5.597s] Invoked command in '/home/pi/ros2_ws/src/ros2_brickpi3' returned '0': PYTHONPATH=/home/pi/ros2_ws/build/ros2_brickpi3/prefix_override:/home/pi/ros2_ws/install/ros2_brickpi3/lib/python3.10/site-packages:${PYTHONPATH} /usr/bin/python3 setup.py egg_info --egg-base ../../build/ros2_brickpi3 build --build-base /home/pi/ros2_ws/build/ros2_brickpi3/build install --record /home/pi/ros2_ws/build/ros2_brickpi3/install.log --single-version-externally-managed
