[2.654s] Invoking command in '/home/pi/wk2/ros2_ws/build/my_package': PYTHONPATH=/home/pi/wk2/ros2_ws/build/my_package/prefix_override:/home/pi/wk2/ros2_ws/install/my_package/lib/python3.10/site-packages:${PYTHONPATH} /usr/bin/python3 setup.py develop --editable --build-directory /home/pi/wk2/ros2_ws/build/my_package/build --no-deps install_data
[3.718s] running develop
[3.720s] /usr/lib/python3/dist-packages/setuptools/command/easy_install.py:158: EasyInstallDeprecationWarning: easy_install command is deprecated. Use build and pip and other standards-based tools.
[3.720s]   warnings.warn(
[3.724s] /usr/lib/python3/dist-packages/setuptools/command/install.py:34: SetuptoolsDeprecationWarning: setup.py install is deprecated. Use build and pip and other standards-based tools.
[3.725s]   warnings.warn(
[3.948s] /usr/lib/python3/dist-packages/pkg_resources/__init__.py:116: PkgResourcesDeprecationWarning: 1.16.0-unknown is an invalid version and will not be supported in a future release
[3.949s]   warnings.warn(
[3.949s] /usr/lib/python3/dist-packages/pkg_resources/__init__.py:116: PkgResourcesDeprecationWarning: 1.1build1 is an invalid version and will not be supported in a future release
[3.950s]   warnings.warn(
[3.950s] /usr/lib/python3/dist-packages/pkg_resources/__init__.py:116: PkgResourcesDeprecationWarning: 0.1.43ubuntu1 is an invalid version and will not be supported in a future release
[3.952s]   warnings.warn(
[4.357s] running egg_info
[4.358s] writing my_package.egg-info/PKG-INFO
[4.359s] writing dependency_links to my_package.egg-info/dependency_links.txt
[4.360s] writing entry points to my_package.egg-info/entry_points.txt
[4.360s] writing requirements to my_package.egg-info/requires.txt
[4.363s] writing top-level names to my_package.egg-info/top_level.txt
[4.369s] reading manifest file 'my_package.egg-info/SOURCES.txt'
[4.373s] writing manifest file 'my_package.egg-info/SOURCES.txt'
[4.379s] running build_ext
[4.381s] Creating /home/pi/wk2/ros2_ws/install/my_package/lib/python3.10/site-packages/my-package.egg-link (link to .)
[4.384s] Installing color script to /home/pi/wk2/ros2_ws/install/my_package/lib/my_package
[4.385s] Installing drive script to /home/pi/wk2/ros2_ws/install/my_package/lib/my_package
[4.386s] Installing gyro script to /home/pi/wk2/ros2_ws/install/my_package/lib/my_package
[4.387s] Installing motor script to /home/pi/wk2/ros2_ws/install/my_package/lib/my_package
[4.387s] Installing my_node script to /home/pi/wk2/ros2_ws/install/my_package/lib/my_package
[4.388s] Installing touch script to /home/pi/wk2/ros2_ws/install/my_package/lib/my_package
[4.389s] Installing ultrasonic script to /home/pi/wk2/ros2_ws/install/my_package/lib/my_package
[4.391s] 
[4.391s] Installed /home/pi/wk2/ros2_ws/build/my_package
[4.392s] running install_data
[4.392s] copying launch/drive.launch.py -> /home/pi/wk2/ros2_ws/install/my_package/share/my_package/launch
[4.528s] Invoked command in '/home/pi/wk2/ros2_ws/build/my_package' returned '0': PYTHONPATH=/home/pi/wk2/ros2_ws/build/my_package/prefix_override:/home/pi/wk2/ros2_ws/install/my_package/lib/python3.10/site-packages:${PYTHONPATH} /usr/bin/python3 setup.py develop --editable --build-directory /home/pi/wk2/ros2_ws/build/my_package/build --no-deps install_data
