[6.512s] Invoking command in '/home/pi/wk2/ros2_ws/build/my_package': PYTHONPATH=/home/pi/wk2/ros2_ws/build/my_package/prefix_override:/home/pi/wk2/ros2_ws/install/my_package/lib/python3.10/site-packages:${PYTHONPATH} /usr/bin/python3 setup.py develop --editable --build-directory /home/pi/wk2/ros2_ws/build/my_package/build --no-deps install_data
[8.216s] running develop
[8.221s] /usr/lib/python3/dist-packages/setuptools/command/easy_install.py:158: EasyInstallDeprecationWarning: easy_install command is deprecated. Use build and pip and other standards-based tools.
[8.221s]   warnings.warn(
[8.225s] /usr/lib/python3/dist-packages/setuptools/command/install.py:34: SetuptoolsDeprecationWarning: setup.py install is deprecated. Use build and pip and other standards-based tools.
[8.225s]   warnings.warn(
[8.562s] /usr/lib/python3/dist-packages/pkg_resources/__init__.py:116: PkgResourcesDeprecationWarning: 1.16.0-unknown is an invalid version and will not be supported in a future release
[8.562s]   warnings.warn(
[8.566s] /usr/lib/python3/dist-packages/pkg_resources/__init__.py:116: PkgResourcesDeprecationWarning: 1.1build1 is an invalid version and will not be supported in a future release
[8.566s]   warnings.warn(
[8.567s] /usr/lib/python3/dist-packages/pkg_resources/__init__.py:116: PkgResourcesDeprecationWarning: 0.1.43ubuntu1 is an invalid version and will not be supported in a future release
[8.568s]   warnings.warn(
[9.362s] running egg_info
[9.365s] writing my_package.egg-info/PKG-INFO
[9.369s] writing dependency_links to my_package.egg-info/dependency_links.txt
[9.370s] writing entry points to my_package.egg-info/entry_points.txt
[9.375s] writing requirements to my_package.egg-info/requires.txt
[9.380s] writing top-level names to my_package.egg-info/top_level.txt
[9.383s] reading manifest file 'my_package.egg-info/SOURCES.txt'
[9.391s] writing manifest file 'my_package.egg-info/SOURCES.txt'
[9.401s] running build_ext
[9.418s] Creating /home/pi/wk2/ros2_ws/install/my_package/lib/python3.10/site-packages/my-package.egg-link (link to .)
[9.421s] Installing chatter script to /home/pi/wk2/ros2_ws/install/my_package/lib/my_package
[9.423s] Installing my_node script to /home/pi/wk2/ros2_ws/install/my_package/lib/my_package
[9.431s] 
[9.435s] Installed /home/pi/wk2/ros2_ws/build/my_package
[9.436s] running install_data
[9.666s] Invoked command in '/home/pi/wk2/ros2_ws/build/my_package' returned '0': PYTHONPATH=/home/pi/wk2/ros2_ws/build/my_package/prefix_override:/home/pi/wk2/ros2_ws/install/my_package/lib/python3.10/site-packages:${PYTHONPATH} /usr/bin/python3 setup.py develop --editable --build-directory /home/pi/wk2/ros2_ws/build/my_package/build --no-deps install_data
