[5.583s] Invoking command in '/home/pi/wk2/ros2_ws/build/tutorial': PYTHONPATH=/home/pi/wk2/ros2_ws/build/tutorial/prefix_override:/home/pi/wk2/ros2_ws/install/tutorial/lib/python3.10/site-packages:${PYTHONPATH} /usr/bin/python3 setup.py develop --editable --build-directory /home/pi/wk2/ros2_ws/build/tutorial/build --no-deps install_data
[6.981s] running develop
[6.983s] /usr/lib/python3/dist-packages/setuptools/command/easy_install.py:158: EasyInstallDeprecationWarning: easy_install command is deprecated. Use build and pip and other standards-based tools.
[6.986s]   warnings.warn(
[6.989s] /usr/lib/python3/dist-packages/setuptools/command/install.py:34: SetuptoolsDeprecationWarning: setup.py install is deprecated. Use build and pip and other standards-based tools.
[6.989s]   warnings.warn(
[7.313s] /usr/lib/python3/dist-packages/pkg_resources/__init__.py:116: PkgResourcesDeprecationWarning: 1.16.0-unknown is an invalid version and will not be supported in a future release
[7.314s]   warnings.warn(
[7.316s] /usr/lib/python3/dist-packages/pkg_resources/__init__.py:116: PkgResourcesDeprecationWarning: 1.1build1 is an invalid version and will not be supported in a future release
[7.319s]   warnings.warn(
[7.323s] /usr/lib/python3/dist-packages/pkg_resources/__init__.py:116: PkgResourcesDeprecationWarning: 0.1.43ubuntu1 is an invalid version and will not be supported in a future release
[7.325s]   warnings.warn(
[7.971s] running egg_info
[7.972s] writing tutorial.egg-info/PKG-INFO
[7.974s] writing dependency_links to tutorial.egg-info/dependency_links.txt
[7.976s] writing entry points to tutorial.egg-info/entry_points.txt
[7.977s] writing requirements to tutorial.egg-info/requires.txt
[7.978s] writing top-level names to tutorial.egg-info/top_level.txt
[7.990s] reading manifest file 'tutorial.egg-info/SOURCES.txt'
[7.995s] writing manifest file 'tutorial.egg-info/SOURCES.txt'
[8.003s] running build_ext
[8.004s] Creating /home/pi/wk2/ros2_ws/install/tutorial/lib/python3.10/site-packages/tutorial.egg-link (link to .)
[8.022s] Installing listener script to /home/pi/wk2/ros2_ws/install/tutorial/lib/tutorial
[8.025s] Installing talker script to /home/pi/wk2/ros2_ws/install/tutorial/lib/tutorial
[8.027s] 
[8.030s] Installed /home/pi/wk2/ros2_ws/build/tutorial
[8.032s] running install_data
[8.386s] Invoked command in '/home/pi/wk2/ros2_ws/build/tutorial' returned '0': PYTHONPATH=/home/pi/wk2/ros2_ws/build/tutorial/prefix_override:/home/pi/wk2/ros2_ws/install/tutorial/lib/python3.10/site-packages:${PYTHONPATH} /usr/bin/python3 setup.py develop --editable --build-directory /home/pi/wk2/ros2_ws/build/tutorial/build --no-deps install_data
