[3.160s] Invoking command in '/home/pi/ros2_ws/build/ros2_brickpi3': PYTHONPATH=/home/pi/ros2_ws/build/ros2_brickpi3/prefix_override:/home/pi/ros2_ws/install/ros2_brickpi3/lib/python3.10/site-packages:${PYTHONPATH} /usr/bin/python3 setup.py develop --editable --build-directory /home/pi/ros2_ws/build/ros2_brickpi3/build --no-deps install_data
[4.181s] running develop
[4.186s] /usr/lib/python3/dist-packages/setuptools/command/easy_install.py:158: EasyInstallDeprecationWarning: easy_install command is deprecated. Use build and pip and other standards-based tools.
[4.186s]   warnings.warn(
[4.191s] /usr/lib/python3/dist-packages/setuptools/command/install.py:34: SetuptoolsDeprecationWarning: setup.py install is deprecated. Use build and pip and other standards-based tools.
[4.191s]   warnings.warn(
[4.400s] /usr/lib/python3/dist-packages/pkg_resources/__init__.py:116: PkgResourcesDeprecationWarning: 1.16.0-unknown is an invalid version and will not be supported in a future release
[4.400s]   warnings.warn(
[4.401s] /usr/lib/python3/dist-packages/pkg_resources/__init__.py:116: PkgResourcesDeprecationWarning: 1.1build1 is an invalid version and will not be supported in a future release
[4.401s]   warnings.warn(
[4.402s] /usr/lib/python3/dist-packages/pkg_resources/__init__.py:116: PkgResourcesDeprecationWarning: 0.1.43ubuntu1 is an invalid version and will not be supported in a future release
[4.402s]   warnings.warn(
[4.785s] running egg_info
[4.786s] creating ros2_brickpi3.egg-info
[4.786s] writing ros2_brickpi3.egg-info/PKG-INFO
[4.788s] writing dependency_links to ros2_brickpi3.egg-info/dependency_links.txt
[4.788s] writing entry points to ros2_brickpi3.egg-info/entry_points.txt
[4.789s] writing requirements to ros2_brickpi3.egg-info/requires.txt
[4.789s] writing top-level names to ros2_brickpi3.egg-info/top_level.txt
[4.790s] writing manifest file 'ros2_brickpi3.egg-info/SOURCES.txt'
[4.796s] reading manifest file 'ros2_brickpi3.egg-info/SOURCES.txt'
[4.799s] writing manifest file 'ros2_brickpi3.egg-info/SOURCES.txt'
[4.804s] running build_ext
[4.805s] Creating /home/pi/ros2_ws/install/ros2_brickpi3/lib/python3.10/site-packages/ros2-brickpi3.egg-link (link to .)
[4.809s] Installing motor script to /home/pi/ros2_ws/install/ros2_brickpi3/lib/ros2_brickpi3
[4.810s] 
[4.811s] Installed /home/pi/ros2_ws/build/ros2_brickpi3
[4.811s] running install_data
[4.811s] creating /home/pi/ros2_ws/install/ros2_brickpi3/share/ament_index
[4.812s] creating /home/pi/ros2_ws/install/ros2_brickpi3/share/ament_index/resource_index
[4.812s] creating /home/pi/ros2_ws/install/ros2_brickpi3/share/ament_index/resource_index/packages
[4.813s] copying resource/ros2_brickpi3 -> /home/pi/ros2_ws/install/ros2_brickpi3/share/ament_index/resource_index/packages
[4.814s] copying package.xml -> /home/pi/ros2_ws/install/ros2_brickpi3/share/ros2_brickpi3
[4.953s] Invoked command in '/home/pi/ros2_ws/build/ros2_brickpi3' returned '0': PYTHONPATH=/home/pi/ros2_ws/build/ros2_brickpi3/prefix_override:/home/pi/ros2_ws/install/ros2_brickpi3/lib/python3.10/site-packages:${PYTHONPATH} /usr/bin/python3 setup.py develop --editable --build-directory /home/pi/ros2_ws/build/ros2_brickpi3/build --no-deps install_data
