[1.281s] DEBUG:colcon:Command line arguments: ['/usr/bin/colcon', 'build', '--symlink-install', '--packages-select', 'ros2_brickpi3']
[1.281s] DEBUG:colcon:Parsed command line arguments: Namespace(log_base=None, log_level=None, verb_name='build', build_base='build', install_base='install', merge_install=False, symlink_install=True, test_result_base=None, continue_on_error=False, executor='parallel', parallel_workers=4, event_handlers=None, ignore_user_meta=False, metas=['./colcon.meta'], base_paths=['.'], packages_ignore=None, packages_ignore_regex=None, paths=None, packages_up_to=None, packages_up_to_regex=None, packages_above=None, packages_above_and_dependencies=None, packages_above_depth=None, packages_select_by_dep=None, packages_skip_by_dep=None, packages_skip_up_to=None, packages_select_build_failed=False, packages_skip_build_finished=False, packages_select_test_failures=False, packages_skip_test_passed=False, packages_select=['ros2_brickpi3'], packages_skip=None, packages_select_regex=None, packages_skip_regex=None, packages_start=None, packages_end=None, allow_overriding=[], cmake_args=None, cmake_target=None, cmake_target_skip_unavailable=False, cmake_clean_cache=False, cmake_clean_first=False, cmake_force_configure=False, ament_cmake_args=None, catkin_cmake_args=None, catkin_skip_building_tests=False, verb_parser=<colcon_defaults.argument_parser.defaults.DefaultArgumentsDecorator object at 0xffff8f765630>, verb_extension=<colcon_core.verb.build.BuildVerb object at 0xffff8f6bff10>, main=<bound method BuildVerb.main of <colcon_core.verb.build.BuildVerb object at 0xffff8f6bff10>>)
[1.418s] Level 1:colcon.colcon_core.package_discovery:discover_packages(colcon_meta) check parameters
[1.418s] Level 1:colcon.colcon_core.package_discovery:discover_packages(recursive) check parameters
[1.418s] Level 1:colcon.colcon_core.package_discovery:discover_packages(ignore) check parameters
[1.418s] Level 1:colcon.colcon_core.package_discovery:discover_packages(path) check parameters
[1.419s] Level 1:colcon.colcon_core.package_discovery:discover_packages(colcon_meta) discover
[1.419s] Level 1:colcon.colcon_core.package_discovery:discover_packages(recursive) discover
[1.419s] INFO:colcon.colcon_core.package_discovery:Crawling recursively for packages in '/home/pi/wk2/ros2_ws'
[1.419s] Level 1:colcon.colcon_core.package_identification:_identify(.) by extensions ['ignore', 'ignore_ament_install']
[1.420s] Level 1:colcon.colcon_core.package_identification:_identify(.) by extension 'ignore'
[1.420s] Level 1:colcon.colcon_core.package_identification:_identify(.) by extension 'ignore_ament_install'
[1.420s] Level 1:colcon.colcon_core.package_identification:_identify(.) by extensions ['colcon_pkg']
[1.421s] Level 1:colcon.colcon_core.package_identification:_identify(.) by extension 'colcon_pkg'
[1.421s] Level 1:colcon.colcon_core.package_identification:_identify(.) by extensions ['colcon_meta']
[1.421s] Level 1:colcon.colcon_core.package_identification:_identify(.) by extension 'colcon_meta'
[1.421s] Level 1:colcon.colcon_core.package_identification:_identify(.) by extensions ['ros']
[1.421s] Level 1:colcon.colcon_core.package_identification:_identify(.) by extension 'ros'
[1.470s] Level 1:colcon.colcon_core.package_identification:_identify(.) by extensions ['cmake', 'python']
[1.470s] Level 1:colcon.colcon_core.package_identification:_identify(.) by extension 'cmake'
[1.470s] Level 1:colcon.colcon_core.package_identification:_identify(.) by extension 'python'
[1.471s] Level 1:colcon.colcon_core.package_identification:_identify(.) by extensions ['python_setup_py']
[1.471s] Level 1:colcon.colcon_core.package_identification:_identify(.) by extension 'python_setup_py'
[1.471s] Level 1:colcon.colcon_core.package_identification:_identify(build) by extensions ['ignore', 'ignore_ament_install']
[1.472s] Level 1:colcon.colcon_core.package_identification:_identify(build) by extension 'ignore'
[1.472s] Level 1:colcon.colcon_core.package_identification:_identify(build) ignored
[1.473s] Level 1:colcon.colcon_core.package_identification:_identify(install) by extensions ['ignore', 'ignore_ament_install']
[1.473s] Level 1:colcon.colcon_core.package_identification:_identify(install) by extension 'ignore'
[1.473s] Level 1:colcon.colcon_core.package_identification:_identify(install) ignored
[1.475s] Level 1:colcon.colcon_core.package_identification:_identify(log) by extensions ['ignore', 'ignore_ament_install']
[1.475s] Level 1:colcon.colcon_core.package_identification:_identify(log) by extension 'ignore'
[1.475s] Level 1:colcon.colcon_core.package_identification:_identify(log) ignored
[1.476s] Level 1:colcon.colcon_core.package_identification:_identify(src) by extensions ['ignore', 'ignore_ament_install']
[1.476s] Level 1:colcon.colcon_core.package_identification:_identify(src) by extension 'ignore'
[1.476s] Level 1:colcon.colcon_core.package_identification:_identify(src) by extension 'ignore_ament_install'
[1.477s] Level 1:colcon.colcon_core.package_identification:_identify(src) by extensions ['colcon_pkg']
[1.477s] Level 1:colcon.colcon_core.package_identification:_identify(src) by extension 'colcon_pkg'
[1.477s] Level 1:colcon.colcon_core.package_identification:_identify(src) by extensions ['colcon_meta']
[1.477s] Level 1:colcon.colcon_core.package_identification:_identify(src) by extension 'colcon_meta'
[1.477s] Level 1:colcon.colcon_core.package_identification:_identify(src) by extensions ['ros']
[1.478s] Level 1:colcon.colcon_core.package_identification:_identify(src) by extension 'ros'
[1.478s] Level 1:colcon.colcon_core.package_identification:_identify(src) by extensions ['cmake', 'python']
[1.478s] Level 1:colcon.colcon_core.package_identification:_identify(src) by extension 'cmake'
[1.478s] Level 1:colcon.colcon_core.package_identification:_identify(src) by extension 'python'
[1.479s] Level 1:colcon.colcon_core.package_identification:_identify(src) by extensions ['python_setup_py']
[1.479s] Level 1:colcon.colcon_core.package_identification:_identify(src) by extension 'python_setup_py'
[1.479s] Level 1:colcon.colcon_core.package_identification:_identify(src/my_package) by extensions ['ignore', 'ignore_ament_install']
[1.480s] Level 1:colcon.colcon_core.package_identification:_identify(src/my_package) by extension 'ignore'
[1.480s] Level 1:colcon.colcon_core.package_identification:_identify(src/my_package) by extension 'ignore_ament_install'
[1.480s] Level 1:colcon.colcon_core.package_identification:_identify(src/my_package) by extensions ['colcon_pkg']
[1.480s] Level 1:colcon.colcon_core.package_identification:_identify(src/my_package) by extension 'colcon_pkg'
[1.481s] Level 1:colcon.colcon_core.package_identification:_identify(src/my_package) by extensions ['colcon_meta']
[1.481s] Level 1:colcon.colcon_core.package_identification:_identify(src/my_package) by extension 'colcon_meta'
[1.481s] Level 1:colcon.colcon_core.package_identification:_identify(src/my_package) by extensions ['ros']
[1.481s] Level 1:colcon.colcon_core.package_identification:_identify(src/my_package) by extension 'ros'
[1.490s] DEBUG:colcon.colcon_core.package_identification:Package 'src/my_package' with type 'ros.ament_python' and name 'my_package'
[1.491s] Level 1:colcon.colcon_core.package_identification:_identify(src/ros2_brickpi3) by extensions ['ignore', 'ignore_ament_install']
[1.491s] Level 1:colcon.colcon_core.package_identification:_identify(src/ros2_brickpi3) by extension 'ignore'
[1.491s] Level 1:colcon.colcon_core.package_identification:_identify(src/ros2_brickpi3) by extension 'ignore_ament_install'
[1.492s] Level 1:colcon.colcon_core.package_identification:_identify(src/ros2_brickpi3) by extensions ['colcon_pkg']
[1.492s] Level 1:colcon.colcon_core.package_identification:_identify(src/ros2_brickpi3) by extension 'colcon_pkg'
[1.492s] Level 1:colcon.colcon_core.package_identification:_identify(src/ros2_brickpi3) by extensions ['colcon_meta']
[1.492s] Level 1:colcon.colcon_core.package_identification:_identify(src/ros2_brickpi3) by extension 'colcon_meta'
[1.492s] Level 1:colcon.colcon_core.package_identification:_identify(src/ros2_brickpi3) by extensions ['ros']
[1.492s] Level 1:colcon.colcon_core.package_identification:_identify(src/ros2_brickpi3) by extension 'ros'
[1.495s] DEBUG:colcon.colcon_core.package_identification:Package 'src/ros2_brickpi3' with type 'ros.ament_python' and name 'ros2_brickpi3'
[1.495s] Level 1:colcon.colcon_core.package_identification:_identify(src/tutorial) by extensions ['ignore', 'ignore_ament_install']
[1.496s] Level 1:colcon.colcon_core.package_identification:_identify(src/tutorial) by extension 'ignore'
[1.496s] Level 1:colcon.colcon_core.package_identification:_identify(src/tutorial) by extension 'ignore_ament_install'
[1.496s] Level 1:colcon.colcon_core.package_identification:_identify(src/tutorial) by extensions ['colcon_pkg']
[1.497s] Level 1:colcon.colcon_core.package_identification:_identify(src/tutorial) by extension 'colcon_pkg'
[1.497s] Level 1:colcon.colcon_core.package_identification:_identify(src/tutorial) by extensions ['colcon_meta']
[1.497s] Level 1:colcon.colcon_core.package_identification:_identify(src/tutorial) by extension 'colcon_meta'
[1.497s] Level 1:colcon.colcon_core.package_identification:_identify(src/tutorial) by extensions ['ros']
[1.497s] Level 1:colcon.colcon_core.package_identification:_identify(src/tutorial) by extension 'ros'
[1.499s] DEBUG:colcon.colcon_core.package_identification:Package 'src/tutorial' with type 'ros.ament_python' and name 'tutorial'
[1.500s] Level 1:colcon.colcon_core.package_discovery:discover_packages(recursive) using defaults
[1.500s] Level 1:colcon.colcon_core.package_discovery:discover_packages(ignore) discover
[1.500s] Level 1:colcon.colcon_core.package_discovery:discover_packages(ignore) using defaults
[1.500s] Level 1:colcon.colcon_core.package_discovery:discover_packages(path) discover
[1.500s] Level 1:colcon.colcon_core.package_discovery:discover_packages(path) using defaults
[1.589s] INFO:colcon.colcon_core.package_selection:Skipping not selected package 'my_package' in 'src/my_package'
[1.589s] INFO:colcon.colcon_core.package_selection:Skipping not selected package 'tutorial' in 'src/tutorial'
[1.592s] Level 1:colcon.colcon_core.package_discovery:discover_packages(prefix_path) check parameters
[1.592s] Level 1:colcon.colcon_core.package_discovery:discover_packages(prefix_path) discover
[1.604s] DEBUG:colcon.colcon_installed_package_information.package_discovery:Found 3 installed packages in /home/pi/wk2/ros2_ws/install
[1.612s] DEBUG:colcon.colcon_installed_package_information.package_discovery:Found 180 installed packages in /opt/ros/humble
[1.617s] Level 1:colcon.colcon_core.package_discovery:discover_packages(prefix_path) using defaults
[1.787s] Level 5:colcon.colcon_core.verb:set package 'ros2_brickpi3' build argument 'cmake_args' from command line to 'None'
[1.787s] Level 5:colcon.colcon_core.verb:set package 'ros2_brickpi3' build argument 'cmake_target' from command line to 'None'
[1.787s] Level 5:colcon.colcon_core.verb:set package 'ros2_brickpi3' build argument 'cmake_target_skip_unavailable' from command line to 'False'
[1.788s] Level 5:colcon.colcon_core.verb:set package 'ros2_brickpi3' build argument 'cmake_clean_cache' from command line to 'False'
[1.788s] Level 5:colcon.colcon_core.verb:set package 'ros2_brickpi3' build argument 'cmake_clean_first' from command line to 'False'
[1.788s] Level 5:colcon.colcon_core.verb:set package 'ros2_brickpi3' build argument 'cmake_force_configure' from command line to 'False'
[1.788s] Level 5:colcon.colcon_core.verb:set package 'ros2_brickpi3' build argument 'ament_cmake_args' from command line to 'None'
[1.788s] Level 5:colcon.colcon_core.verb:set package 'ros2_brickpi3' build argument 'catkin_cmake_args' from command line to 'None'
[1.788s] Level 5:colcon.colcon_core.verb:set package 'ros2_brickpi3' build argument 'catkin_skip_building_tests' from command line to 'False'
[1.788s] DEBUG:colcon.colcon_core.verb:Building package 'ros2_brickpi3' with the following arguments: {'ament_cmake_args': None, 'build_base': '/home/pi/wk2/ros2_ws/build/ros2_brickpi3', 'catkin_cmake_args': None, 'catkin_skip_building_tests': False, 'cmake_args': None, 'cmake_clean_cache': False, 'cmake_clean_first': False, 'cmake_force_configure': False, 'cmake_target': None, 'cmake_target_skip_unavailable': False, 'install_base': '/home/pi/wk2/ros2_ws/install/ros2_brickpi3', 'merge_install': False, 'path': '/home/pi/wk2/ros2_ws/src/ros2_brickpi3', 'symlink_install': True, 'test_result_base': None}
[1.791s] INFO:colcon.colcon_core.executor:Executing jobs using 'parallel' executor
[1.804s] DEBUG:colcon.colcon_parallel_executor.executor.parallel:run_until_complete
[1.805s] INFO:colcon.colcon_ros.task.ament_python.build:Building ROS package in '/home/pi/wk2/ros2_ws/src/ros2_brickpi3' with build type 'ament_python'
[1.806s] Level 1:colcon.colcon_core.shell:create_environment_hook('ros2_brickpi3', 'ament_prefix_path')
[1.825s] INFO:colcon.colcon_core.plugin_system:Skipping extension 'colcon_core.shell.bat': Not used on non-Windows systems
[1.826s] INFO:colcon.colcon_core.shell:Creating environment hook '/home/pi/wk2/ros2_ws/install/ros2_brickpi3/share/ros2_brickpi3/hook/ament_prefix_path.ps1'
[1.829s] INFO:colcon.colcon_core.shell:Creating environment descriptor '/home/pi/wk2/ros2_ws/install/ros2_brickpi3/share/ros2_brickpi3/hook/ament_prefix_path.dsv'
[1.831s] INFO:colcon.colcon_core.shell:Creating environment hook '/home/pi/wk2/ros2_ws/install/ros2_brickpi3/share/ros2_brickpi3/hook/ament_prefix_path.sh'
[1.838s] INFO:colcon.colcon_core.shell:Skip shell extension 'powershell' for command environment: Not usable outside of PowerShell
[1.838s] DEBUG:colcon.colcon_core.shell:Skip shell extension 'dsv' for command environment
[2.969s] INFO:colcon.colcon_core.task.python.build:Building Python package in '/home/pi/wk2/ros2_ws/src/ros2_brickpi3'
[2.974s] INFO:colcon.colcon_core.shell:Skip shell extension 'powershell' for command environment: Not usable outside of PowerShell
[2.974s] DEBUG:colcon.colcon_core.shell:Skip shell extension 'dsv' for command environment
[4.498s] DEBUG:colcon.colcon_core.event_handler.log_command:Invoking command in '/home/pi/wk2/ros2_ws/build/ros2_brickpi3': PYTHONPATH=/home/pi/wk2/ros2_ws/build/ros2_brickpi3/prefix_override:/home/pi/wk2/ros2_ws/install/ros2_brickpi3/lib/python3.10/site-packages:${PYTHONPATH} /usr/bin/python3 setup.py develop --editable --build-directory /home/pi/wk2/ros2_ws/build/ros2_brickpi3/build --no-deps install_data
[4.945s] DEBUG:colcon.colcon_parallel_executor.executor.parallel:run_until_complete was interrupted
[4.946s] DEBUG:colcon.colcon_parallel_executor.executor.parallel:run_until_complete again
[5.041s] DEBUG:colcon.colcon_core.event_handler.log_command:Invoked command in '/home/pi/wk2/ros2_ws/build/ros2_brickpi3' returned '-2': PYTHONPATH=/home/pi/wk2/ros2_ws/build/ros2_brickpi3/prefix_override:/home/pi/wk2/ros2_ws/install/ros2_brickpi3/lib/python3.10/site-packages:${PYTHONPATH} /usr/bin/python3 setup.py develop --editable --build-directory /home/pi/wk2/ros2_ws/build/ros2_brickpi3/build --no-deps install_data
[5.051s] DEBUG:colcon.colcon_parallel_executor.executor.parallel:run_until_complete finished
[5.051s] DEBUG:colcon.colcon_parallel_executor.executor.parallel:closing loop
[5.052s] DEBUG:colcon.colcon_parallel_executor.executor.parallel:loop closed
[5.052s] DEBUG:colcon.colcon_core.event_reactor:joining thread
[5.078s] INFO:colcon.colcon_core.plugin_system:Skipping extension 'colcon_notification.desktop_notification.notify_send': Could not find 'notify-send'
[5.078s] INFO:colcon.colcon_core.plugin_system:Skipping extension 'colcon_notification.desktop_notification.terminal_notifier': Not used on non-Darwin systems
[5.079s] INFO:colcon.colcon_core.plugin_system:Skipping extension 'colcon_notification.desktop_notification.win32': Not used on non-Windows systems
[5.079s] INFO:colcon.colcon_notification.desktop_notification:Sending desktop notification using 'notify2'
[5.082s] DEBUG:colcon.colcon_notification.desktop_notification.notify2:Failed to initialize notify2: org.freedesktop.DBus.Error.ServiceUnknown: The name org.freedesktop.Notifications was not provided by any .service files
[5.082s] DEBUG:colcon.colcon_core.event_reactor:joined thread
[5.087s] INFO:colcon.colcon_core.shell:Creating prefix script '/home/pi/wk2/ros2_ws/install/local_setup.ps1'
[5.092s] INFO:colcon.colcon_core.shell:Creating prefix util module '/home/pi/wk2/ros2_ws/install/_local_setup_util_ps1.py'
[5.099s] INFO:colcon.colcon_core.shell:Creating prefix chain script '/home/pi/wk2/ros2_ws/install/setup.ps1'
[5.105s] INFO:colcon.colcon_core.shell:Creating prefix script '/home/pi/wk2/ros2_ws/install/local_setup.sh'
[5.108s] INFO:colcon.colcon_core.shell:Creating prefix util module '/home/pi/wk2/ros2_ws/install/_local_setup_util_sh.py'
[5.111s] INFO:colcon.colcon_core.shell:Creating prefix chain script '/home/pi/wk2/ros2_ws/install/setup.sh'
[5.117s] INFO:colcon.colcon_core.shell:Creating prefix script '/home/pi/wk2/ros2_ws/install/local_setup.bash'
[5.119s] INFO:colcon.colcon_core.shell:Creating prefix chain script '/home/pi/wk2/ros2_ws/install/setup.bash'
[5.126s] INFO:colcon.colcon_core.shell:Creating prefix script '/home/pi/wk2/ros2_ws/install/local_setup.zsh'
[5.128s] INFO:colcon.colcon_core.shell:Creating prefix chain script '/home/pi/wk2/ros2_ws/install/setup.zsh'
