[2.722s] Invoking command in '/home/pi/wk2/ros2_ws/build/my_package': PYTHONPATH=/home/pi/wk2/ros2_ws/build/my_package/prefix_override:/home/pi/wk2/ros2_ws/install/my_package/lib/python3.10/site-packages:${PYTHONPATH} /usr/bin/python3 setup.py develop --editable --build-directory /home/pi/wk2/ros2_ws/build/my_package/build --no-deps install_data
[3.783s] running develop
[3.784s] /usr/lib/python3/dist-packages/setuptools/command/easy_install.py:158: EasyInstallDeprecationWarning: easy_install command is deprecated. Use build and pip and other standards-based tools.
[3.785s]   warnings.warn(
[3.788s] /usr/lib/python3/dist-packages/setuptools/command/install.py:34: SetuptoolsDeprecationWarning: setup.py install is deprecated. Use build and pip and other standards-based tools.
[3.788s]   warnings.warn(
[4.012s] /usr/lib/python3/dist-packages/pkg_resources/__init__.py:116: PkgResourcesDeprecationWarning: 1.16.0-unknown is an invalid version and will not be supported in a future release
[4.013s]   warnings.warn(
[4.014s] /usr/lib/python3/dist-packages/pkg_resources/__init__.py:116: PkgResourcesDeprecationWarning: 1.1build1 is an invalid version and will not be supported in a future release
[4.015s]   warnings.warn(
[4.015s] /usr/lib/python3/dist-packages/pkg_resources/__init__.py:116: PkgResourcesDeprecationWarning: 0.1.43ubuntu1 is an invalid version and will not be supported in a future release
[4.016s]   warnings.warn(
[4.421s] running egg_info
[4.421s] writing my_package.egg-info/PKG-INFO
[4.422s] writing dependency_links to my_package.egg-info/dependency_links.txt
[4.423s] writing entry points to my_package.egg-info/entry_points.txt
[4.424s] writing requirements to my_package.egg-info/requires.txt
[4.425s] writing top-level names to my_package.egg-info/top_level.txt
[4.433s] reading manifest file 'my_package.egg-info/SOURCES.txt'
[4.437s] writing manifest file 'my_package.egg-info/SOURCES.txt'
[4.443s] running build_ext
[4.444s] Creating /home/pi/wk2/ros2_ws/install/my_package/lib/python3.10/site-packages/my-package.egg-link (link to .)
[4.448s] Installing color script to /home/pi/wk2/ros2_ws/install/my_package/lib/my_package
[4.449s] Installing drive script to /home/pi/wk2/ros2_ws/install/my_package/lib/my_package
[4.449s] Installing gyro script to /home/pi/wk2/ros2_ws/install/my_package/lib/my_package
[4.450s] Installing motor script to /home/pi/wk2/ros2_ws/install/my_package/lib/my_package
[4.451s] Installing my_node script to /home/pi/wk2/ros2_ws/install/my_package/lib/my_package
[4.452s] Installing touch script to /home/pi/wk2/ros2_ws/install/my_package/lib/my_package
[4.453s] Installing ultrasonic script to /home/pi/wk2/ros2_ws/install/my_package/lib/my_package
[4.454s] 
[4.455s] Installed /home/pi/wk2/ros2_ws/build/my_package
[4.455s] running install_data
[4.456s] copying launch/drive.launch.py -> /home/pi/wk2/ros2_ws/install/my_package/share/my_package/launch
[4.593s] Invoked command in '/home/pi/wk2/ros2_ws/build/my_package' returned '0': PYTHONPATH=/home/pi/wk2/ros2_ws/build/my_package/prefix_override:/home/pi/wk2/ros2_ws/install/my_package/lib/python3.10/site-packages:${PYTHONPATH} /usr/bin/python3 setup.py develop --editable --build-directory /home/pi/wk2/ros2_ws/build/my_package/build --no-deps install_data
