[5.896s] Invoking command in '/home/pi/wk2/ros2_ws/build/my_package': PYTHONPATH=/home/pi/wk2/ros2_ws/build/my_package/prefix_override:/home/pi/wk2/ros2_ws/install/my_package/lib/python3.10/site-packages:${PYTHONPATH} /usr/bin/python3 setup.py develop --uninstall --editable --build-directory /home/pi/wk2/ros2_ws/build/my_package/build
[7.192s] running develop
[7.198s] /usr/lib/python3/dist-packages/setuptools/command/easy_install.py:158: EasyInstallDeprecationWarning: easy_install command is deprecated. Use build and pip and other standards-based tools.
[7.198s]   warnings.warn(
[7.206s] /usr/lib/python3/dist-packages/setuptools/command/install.py:34: SetuptoolsDeprecationWarning: setup.py install is deprecated. Use build and pip and other standards-based tools.
[7.206s]   warnings.warn(
[7.494s] /usr/lib/python3/dist-packages/pkg_resources/__init__.py:116: PkgResourcesDeprecationWarning: 1.16.0-unknown is an invalid version and will not be supported in a future release
[7.495s]   warnings.warn(
[7.496s] /usr/lib/python3/dist-packages/pkg_resources/__init__.py:116: PkgResourcesDeprecationWarning: 1.1build1 is an invalid version and will not be supported in a future release
[7.497s]   warnings.warn(
[7.498s] /usr/lib/python3/dist-packages/pkg_resources/__init__.py:116: PkgResourcesDeprecationWarning: 0.1.43ubuntu1 is an invalid version and will not be supported in a future release
[7.498s]   warnings.warn(
[8.300s] Invoked command in '/home/pi/wk2/ros2_ws/build/my_package' returned '0': PYTHONPATH=/home/pi/wk2/ros2_ws/build/my_package/prefix_override:/home/pi/wk2/ros2_ws/install/my_package/lib/python3.10/site-packages:${PYTHONPATH} /usr/bin/python3 setup.py develop --uninstall --editable --build-directory /home/pi/wk2/ros2_ws/build/my_package/build
[8.312s] Invoking command in '/home/pi/wk2/ros2_ws/src/my_package': PYTHONPATH=/home/pi/wk2/ros2_ws/build/my_package/prefix_override:/home/pi/wk2/ros2_ws/install/my_package/lib/python3.10/site-packages:${PYTHONPATH} /usr/bin/python3 setup.py egg_info --egg-base ../../build/my_package build --build-base /home/pi/wk2/ros2_ws/build/my_package/build install --record /home/pi/wk2/ros2_ws/build/my_package/install.log --single-version-externally-managed
[9.527s] running egg_info
[9.530s] writing ../../build/my_package/my_package.egg-info/PKG-INFO
[9.533s] writing dependency_links to ../../build/my_package/my_package.egg-info/dependency_links.txt
[9.534s] writing entry points to ../../build/my_package/my_package.egg-info/entry_points.txt
[9.535s] writing requirements to ../../build/my_package/my_package.egg-info/requires.txt
[9.537s] writing top-level names to ../../build/my_package/my_package.egg-info/top_level.txt
[9.550s] reading manifest file '../../build/my_package/my_package.egg-info/SOURCES.txt'
[9.556s] writing manifest file '../../build/my_package/my_package.egg-info/SOURCES.txt'
[9.557s] running build
[9.557s] running build_py
[9.567s] copying my_package/my_node.py -> /home/pi/wk2/ros2_ws/build/my_package/build/lib/my_package
[9.572s] running install
[9.573s] /usr/lib/python3/dist-packages/setuptools/command/install.py:34: SetuptoolsDeprecationWarning: setup.py install is deprecated. Use build and pip and other standards-based tools.
[9.573s]   warnings.warn(
[9.574s] running install_lib
[9.580s] copying /home/pi/wk2/ros2_ws/build/my_package/build/lib/my_package/my_node.py -> /home/pi/wk2/ros2_ws/install/my_package/lib/python3.10/site-packages/my_package
[9.586s] byte-compiling /home/pi/wk2/ros2_ws/install/my_package/lib/python3.10/site-packages/my_package/my_node.py to my_node.cpython-310.pyc
[9.593s] running install_data
[9.598s] running install_egg_info
[9.607s] removing '/home/pi/wk2/ros2_ws/install/my_package/lib/python3.10/site-packages/my_package-0.0.0-py3.10.egg-info' (and everything under it)
[9.609s] Copying ../../build/my_package/my_package.egg-info to /home/pi/wk2/ros2_ws/install/my_package/lib/python3.10/site-packages/my_package-0.0.0-py3.10.egg-info
[9.617s] running install_scripts
[9.728s] Installing color script to /home/pi/wk2/ros2_ws/install/my_package/lib/my_package
[9.730s] Installing drive script to /home/pi/wk2/ros2_ws/install/my_package/lib/my_package
[9.732s] Installing gyro script to /home/pi/wk2/ros2_ws/install/my_package/lib/my_package
[9.734s] Installing motor script to /home/pi/wk2/ros2_ws/install/my_package/lib/my_package
[9.738s] Installing my_node script to /home/pi/wk2/ros2_ws/install/my_package/lib/my_package
[9.740s] Installing touch script to /home/pi/wk2/ros2_ws/install/my_package/lib/my_package
[9.741s] Installing ultrasonic script to /home/pi/wk2/ros2_ws/install/my_package/lib/my_package
[9.745s] writing list of installed files to '/home/pi/wk2/ros2_ws/build/my_package/install.log'
[10.035s] Invoked command in '/home/pi/wk2/ros2_ws/src/my_package' returned '0': PYTHONPATH=/home/pi/wk2/ros2_ws/build/my_package/prefix_override:/home/pi/wk2/ros2_ws/install/my_package/lib/python3.10/site-packages:${PYTHONPATH} /usr/bin/python3 setup.py egg_info --egg-base ../../build/my_package build --build-base /home/pi/wk2/ros2_ws/build/my_package/build install --record /home/pi/wk2/ros2_ws/build/my_package/install.log --single-version-externally-managed
