[1.771s] DEBUG:colcon:Command line arguments: ['/usr/bin/colcon', 'build', '--symlink-install']
[1.771s] DEBUG:colcon:Parsed command line arguments: Namespace(log_base=None, log_level=None, verb_name='build', build_base='build', install_base='install', merge_install=False, symlink_install=True, test_result_base=None, continue_on_error=False, executor='parallel', parallel_workers=4, event_handlers=None, ignore_user_meta=False, metas=['./colcon.meta'], base_paths=['.'], packages_ignore=None, packages_ignore_regex=None, paths=None, packages_up_to=None, packages_up_to_regex=None, packages_above=None, packages_above_and_dependencies=None, packages_above_depth=None, packages_select_by_dep=None, packages_skip_by_dep=None, packages_skip_up_to=None, packages_select_build_failed=False, packages_skip_build_finished=False, packages_select_test_failures=False, packages_skip_test_passed=False, packages_select=None, packages_skip=None, packages_select_regex=None, packages_skip_regex=None, packages_start=None, packages_end=None, allow_overriding=[], cmake_args=None, cmake_target=None, cmake_target_skip_unavailable=False, cmake_clean_cache=False, cmake_clean_first=False, cmake_force_configure=False, ament_cmake_args=None, catkin_cmake_args=None, catkin_skip_building_tests=False, verb_parser=<colcon_defaults.argument_parser.defaults.DefaultArgumentsDecorator object at 0xffffb6f90280>, verb_extension=<colcon_core.verb.build.BuildVerb object at 0xffffb6ed72e0>, main=<bound method BuildVerb.main of <colcon_core.verb.build.BuildVerb object at 0xffffb6ed72e0>>)
[1.999s] Level 1:colcon.colcon_core.package_discovery:discover_packages(colcon_meta) check parameters
[1.999s] Level 1:colcon.colcon_core.package_discovery:discover_packages(recursive) check parameters
[1.999s] Level 1:colcon.colcon_core.package_discovery:discover_packages(ignore) check parameters
[1.999s] Level 1:colcon.colcon_core.package_discovery:discover_packages(path) check parameters
[2.000s] Level 1:colcon.colcon_core.package_discovery:discover_packages(colcon_meta) discover
[2.000s] Level 1:colcon.colcon_core.package_discovery:discover_packages(recursive) discover
[2.000s] INFO:colcon.colcon_core.package_discovery:Crawling recursively for packages in '/home/pi/wk2/ros2_ws'
[2.000s] Level 1:colcon.colcon_core.package_identification:_identify(.) by extensions ['ignore', 'ignore_ament_install']
[2.001s] Level 1:colcon.colcon_core.package_identification:_identify(.) by extension 'ignore'
[2.001s] Level 1:colcon.colcon_core.package_identification:_identify(.) by extension 'ignore_ament_install'
[2.001s] Level 1:colcon.colcon_core.package_identification:_identify(.) by extensions ['colcon_pkg']
[2.001s] Level 1:colcon.colcon_core.package_identification:_identify(.) by extension 'colcon_pkg'
[2.002s] Level 1:colcon.colcon_core.package_identification:_identify(.) by extensions ['colcon_meta']
[2.002s] Level 1:colcon.colcon_core.package_identification:_identify(.) by extension 'colcon_meta'
[2.002s] Level 1:colcon.colcon_core.package_identification:_identify(.) by extensions ['ros']
[2.002s] Level 1:colcon.colcon_core.package_identification:_identify(.) by extension 'ros'
[2.074s] Level 1:colcon.colcon_core.package_identification:_identify(.) by extensions ['cmake', 'python']
[2.074s] Level 1:colcon.colcon_core.package_identification:_identify(.) by extension 'cmake'
[2.074s] Level 1:colcon.colcon_core.package_identification:_identify(.) by extension 'python'
[2.075s] Level 1:colcon.colcon_core.package_identification:_identify(.) by extensions ['python_setup_py']
[2.075s] Level 1:colcon.colcon_core.package_identification:_identify(.) by extension 'python_setup_py'
[2.075s] Level 1:colcon.colcon_core.package_identification:_identify(build) by extensions ['ignore', 'ignore_ament_install']
[2.076s] Level 1:colcon.colcon_core.package_identification:_identify(build) by extension 'ignore'
[2.076s] Level 1:colcon.colcon_core.package_identification:_identify(build) ignored
[2.077s] Level 1:colcon.colcon_core.package_identification:_identify(install) by extensions ['ignore', 'ignore_ament_install']
[2.077s] Level 1:colcon.colcon_core.package_identification:_identify(install) by extension 'ignore'
[2.077s] Level 1:colcon.colcon_core.package_identification:_identify(install) ignored
[2.078s] Level 1:colcon.colcon_core.package_identification:_identify(log) by extensions ['ignore', 'ignore_ament_install']
[2.079s] Level 1:colcon.colcon_core.package_identification:_identify(log) by extension 'ignore'
[2.079s] Level 1:colcon.colcon_core.package_identification:_identify(log) ignored
[2.079s] Level 1:colcon.colcon_core.package_identification:_identify(src) by extensions ['ignore', 'ignore_ament_install']
[2.080s] Level 1:colcon.colcon_core.package_identification:_identify(src) by extension 'ignore'
[2.080s] Level 1:colcon.colcon_core.package_identification:_identify(src) by extension 'ignore_ament_install'
[2.080s] Level 1:colcon.colcon_core.package_identification:_identify(src) by extensions ['colcon_pkg']
[2.080s] Level 1:colcon.colcon_core.package_identification:_identify(src) by extension 'colcon_pkg'
[2.080s] Level 1:colcon.colcon_core.package_identification:_identify(src) by extensions ['colcon_meta']
[2.081s] Level 1:colcon.colcon_core.package_identification:_identify(src) by extension 'colcon_meta'
[2.081s] Level 1:colcon.colcon_core.package_identification:_identify(src) by extensions ['ros']
[2.081s] Level 1:colcon.colcon_core.package_identification:_identify(src) by extension 'ros'
[2.081s] Level 1:colcon.colcon_core.package_identification:_identify(src) by extensions ['cmake', 'python']
[2.081s] Level 1:colcon.colcon_core.package_identification:_identify(src) by extension 'cmake'
[2.082s] Level 1:colcon.colcon_core.package_identification:_identify(src) by extension 'python'
[2.082s] Level 1:colcon.colcon_core.package_identification:_identify(src) by extensions ['python_setup_py']
[2.082s] Level 1:colcon.colcon_core.package_identification:_identify(src) by extension 'python_setup_py'
[2.082s] Level 1:colcon.colcon_core.package_identification:_identify(src/my_package) by extensions ['ignore', 'ignore_ament_install']
[2.083s] Level 1:colcon.colcon_core.package_identification:_identify(src/my_package) by extension 'ignore'
[2.083s] Level 1:colcon.colcon_core.package_identification:_identify(src/my_package) by extension 'ignore_ament_install'
[2.083s] Level 1:colcon.colcon_core.package_identification:_identify(src/my_package) by extensions ['colcon_pkg']
[2.083s] Level 1:colcon.colcon_core.package_identification:_identify(src/my_package) by extension 'colcon_pkg'
[2.084s] Level 1:colcon.colcon_core.package_identification:_identify(src/my_package) by extensions ['colcon_meta']
[2.084s] Level 1:colcon.colcon_core.package_identification:_identify(src/my_package) by extension 'colcon_meta'
[2.084s] Level 1:colcon.colcon_core.package_identification:_identify(src/my_package) by extensions ['ros']
[2.084s] Level 1:colcon.colcon_core.package_identification:_identify(src/my_package) by extension 'ros'
[2.097s] DEBUG:colcon.colcon_core.package_identification:Package 'src/my_package' with type 'ros.ament_python' and name 'my_package'
[2.098s] Level 1:colcon.colcon_core.package_identification:_identify(src/ros2_brickpi3) by extensions ['ignore', 'ignore_ament_install']
[2.098s] Level 1:colcon.colcon_core.package_identification:_identify(src/ros2_brickpi3) by extension 'ignore'
[2.098s] Level 1:colcon.colcon_core.package_identification:_identify(src/ros2_brickpi3) by extension 'ignore_ament_install'
[2.099s] Level 1:colcon.colcon_core.package_identification:_identify(src/ros2_brickpi3) by extensions ['colcon_pkg']
[2.099s] Level 1:colcon.colcon_core.package_identification:_identify(src/ros2_brickpi3) by extension 'colcon_pkg'
[2.099s] Level 1:colcon.colcon_core.package_identification:_identify(src/ros2_brickpi3) by extensions ['colcon_meta']
[2.099s] Level 1:colcon.colcon_core.package_identification:_identify(src/ros2_brickpi3) by extension 'colcon_meta'
[2.100s] Level 1:colcon.colcon_core.package_identification:_identify(src/ros2_brickpi3) by extensions ['ros']
[2.100s] Level 1:colcon.colcon_core.package_identification:_identify(src/ros2_brickpi3) by extension 'ros'
[2.102s] DEBUG:colcon.colcon_core.package_identification:Package 'src/ros2_brickpi3' with type 'ros.ament_python' and name 'ros2_brickpi3'
[2.103s] Level 1:colcon.colcon_core.package_identification:_identify(src/tutorial) by extensions ['ignore', 'ignore_ament_install']
[2.103s] Level 1:colcon.colcon_core.package_identification:_identify(src/tutorial) by extension 'ignore'
[2.104s] Level 1:colcon.colcon_core.package_identification:_identify(src/tutorial) by extension 'ignore_ament_install'
[2.104s] Level 1:colcon.colcon_core.package_identification:_identify(src/tutorial) by extensions ['colcon_pkg']
[2.104s] Level 1:colcon.colcon_core.package_identification:_identify(src/tutorial) by extension 'colcon_pkg'
[2.104s] Level 1:colcon.colcon_core.package_identification:_identify(src/tutorial) by extensions ['colcon_meta']
[2.105s] Level 1:colcon.colcon_core.package_identification:_identify(src/tutorial) by extension 'colcon_meta'
[2.105s] Level 1:colcon.colcon_core.package_identification:_identify(src/tutorial) by extensions ['ros']
[2.105s] Level 1:colcon.colcon_core.package_identification:_identify(src/tutorial) by extension 'ros'
[2.108s] DEBUG:colcon.colcon_core.package_identification:Package 'src/tutorial' with type 'ros.ament_python' and name 'tutorial'
[2.108s] Level 1:colcon.colcon_core.package_discovery:discover_packages(recursive) using defaults
[2.109s] Level 1:colcon.colcon_core.package_discovery:discover_packages(ignore) discover
[2.109s] Level 1:colcon.colcon_core.package_discovery:discover_packages(ignore) using defaults
[2.109s] Level 1:colcon.colcon_core.package_discovery:discover_packages(path) discover
[2.109s] Level 1:colcon.colcon_core.package_discovery:discover_packages(path) using defaults
[2.359s] Level 1:colcon.colcon_core.package_discovery:discover_packages(prefix_path) check parameters
[2.360s] Level 1:colcon.colcon_core.package_discovery:discover_packages(prefix_path) discover
[2.383s] DEBUG:colcon.colcon_installed_package_information.package_discovery:Found 180 installed packages in /opt/ros/humble
[2.388s] Level 1:colcon.colcon_core.package_discovery:discover_packages(prefix_path) using defaults
[2.569s] Level 5:colcon.colcon_core.verb:set package 'my_package' build argument 'cmake_args' from command line to 'None'
[2.569s] Level 5:colcon.colcon_core.verb:set package 'my_package' build argument 'cmake_target' from command line to 'None'
[2.569s] Level 5:colcon.colcon_core.verb:set package 'my_package' build argument 'cmake_target_skip_unavailable' from command line to 'False'
[2.569s] Level 5:colcon.colcon_core.verb:set package 'my_package' build argument 'cmake_clean_cache' from command line to 'False'
[2.569s] Level 5:colcon.colcon_core.verb:set package 'my_package' build argument 'cmake_clean_first' from command line to 'False'
[2.570s] Level 5:colcon.colcon_core.verb:set package 'my_package' build argument 'cmake_force_configure' from command line to 'False'
[2.570s] Level 5:colcon.colcon_core.verb:set package 'my_package' build argument 'ament_cmake_args' from command line to 'None'
[2.570s] Level 5:colcon.colcon_core.verb:set package 'my_package' build argument 'catkin_cmake_args' from command line to 'None'
[2.570s] Level 5:colcon.colcon_core.verb:set package 'my_package' build argument 'catkin_skip_building_tests' from command line to 'False'
[2.570s] DEBUG:colcon.colcon_core.verb:Building package 'my_package' with the following arguments: {'ament_cmake_args': None, 'build_base': '/home/pi/wk2/ros2_ws/build/my_package', 'catkin_cmake_args': None, 'catkin_skip_building_tests': False, 'cmake_args': None, 'cmake_clean_cache': False, 'cmake_clean_first': False, 'cmake_force_configure': False, 'cmake_target': None, 'cmake_target_skip_unavailable': False, 'install_base': '/home/pi/wk2/ros2_ws/install/my_package', 'merge_install': False, 'path': '/home/pi/wk2/ros2_ws/src/my_package', 'symlink_install': True, 'test_result_base': None}
[2.574s] Level 5:colcon.colcon_core.verb:set package 'ros2_brickpi3' build argument 'cmake_args' from command line to 'None'
[2.574s] Level 5:colcon.colcon_core.verb:set package 'ros2_brickpi3' build argument 'cmake_target' from command line to 'None'
[2.575s] Level 5:colcon.colcon_core.verb:set package 'ros2_brickpi3' build argument 'cmake_target_skip_unavailable' from command line to 'False'
[2.575s] Level 5:colcon.colcon_core.verb:set package 'ros2_brickpi3' build argument 'cmake_clean_cache' from command line to 'False'
[2.575s] Level 5:colcon.colcon_core.verb:set package 'ros2_brickpi3' build argument 'cmake_clean_first' from command line to 'False'
[2.575s] Level 5:colcon.colcon_core.verb:set package 'ros2_brickpi3' build argument 'cmake_force_configure' from command line to 'False'
[2.575s] Level 5:colcon.colcon_core.verb:set package 'ros2_brickpi3' build argument 'ament_cmake_args' from command line to 'None'
[2.576s] Level 5:colcon.colcon_core.verb:set package 'ros2_brickpi3' build argument 'catkin_cmake_args' from command line to 'None'
[2.576s] Level 5:colcon.colcon_core.verb:set package 'ros2_brickpi3' build argument 'catkin_skip_building_tests' from command line to 'False'
[2.576s] DEBUG:colcon.colcon_core.verb:Building package 'ros2_brickpi3' with the following arguments: {'ament_cmake_args': None, 'build_base': '/home/pi/wk2/ros2_ws/build/ros2_brickpi3', 'catkin_cmake_args': None, 'catkin_skip_building_tests': False, 'cmake_args': None, 'cmake_clean_cache': False, 'cmake_clean_first': False, 'cmake_force_configure': False, 'cmake_target': None, 'cmake_target_skip_unavailable': False, 'install_base': '/home/pi/wk2/ros2_ws/install/ros2_brickpi3', 'merge_install': False, 'path': '/home/pi/wk2/ros2_ws/src/ros2_brickpi3', 'symlink_install': True, 'test_result_base': None}
[2.580s] Level 5:colcon.colcon_core.verb:set package 'tutorial' build argument 'cmake_args' from command line to 'None'
[2.580s] Level 5:colcon.colcon_core.verb:set package 'tutorial' build argument 'cmake_target' from command line to 'None'
[2.580s] Level 5:colcon.colcon_core.verb:set package 'tutorial' build argument 'cmake_target_skip_unavailable' from command line to 'False'
[2.580s] Level 5:colcon.colcon_core.verb:set package 'tutorial' build argument 'cmake_clean_cache' from command line to 'False'
[2.580s] Level 5:colcon.colcon_core.verb:set package 'tutorial' build argument 'cmake_clean_first' from command line to 'False'
[2.581s] Level 5:colcon.colcon_core.verb:set package 'tutorial' build argument 'cmake_force_configure' from command line to 'False'
[2.581s] Level 5:colcon.colcon_core.verb:set package 'tutorial' build argument 'ament_cmake_args' from command line to 'None'
[2.581s] Level 5:colcon.colcon_core.verb:set package 'tutorial' build argument 'catkin_cmake_args' from command line to 'None'
[2.581s] Level 5:colcon.colcon_core.verb:set package 'tutorial' build argument 'catkin_skip_building_tests' from command line to 'False'
[2.581s] DEBUG:colcon.colcon_core.verb:Building package 'tutorial' with the following arguments: {'ament_cmake_args': None, 'build_base': '/home/pi/wk2/ros2_ws/build/tutorial', 'catkin_cmake_args': None, 'catkin_skip_building_tests': False, 'cmake_args': None, 'cmake_clean_cache': False, 'cmake_clean_first': False, 'cmake_force_configure': False, 'cmake_target': None, 'cmake_target_skip_unavailable': False, 'install_base': '/home/pi/wk2/ros2_ws/install/tutorial', 'merge_install': False, 'path': '/home/pi/wk2/ros2_ws/src/tutorial', 'symlink_install': True, 'test_result_base': None}
[2.584s] INFO:colcon.colcon_core.executor:Executing jobs using 'parallel' executor
[2.596s] DEBUG:colcon.colcon_parallel_executor.executor.parallel:run_until_complete
[2.597s] INFO:colcon.colcon_ros.task.ament_python.build:Building ROS package in '/home/pi/wk2/ros2_ws/src/my_package' with build type 'ament_python'
[2.598s] Level 1:colcon.colcon_core.shell:create_environment_hook('my_package', 'ament_prefix_path')
[2.627s] INFO:colcon.colcon_core.plugin_system:Skipping extension 'colcon_core.shell.bat': Not used on non-Windows systems
[2.628s] INFO:colcon.colcon_core.shell:Creating environment hook '/home/pi/wk2/ros2_ws/install/my_package/share/my_package/hook/ament_prefix_path.ps1'
[2.632s] INFO:colcon.colcon_core.shell:Creating environment descriptor '/home/pi/wk2/ros2_ws/install/my_package/share/my_package/hook/ament_prefix_path.dsv'
[2.637s] INFO:colcon.colcon_core.shell:Creating environment hook '/home/pi/wk2/ros2_ws/install/my_package/share/my_package/hook/ament_prefix_path.sh'
[2.649s] INFO:colcon.colcon_core.shell:Skip shell extension 'powershell' for command environment: Not usable outside of PowerShell
[2.649s] DEBUG:colcon.colcon_core.shell:Skip shell extension 'dsv' for command environment
[2.667s] INFO:colcon.colcon_ros.task.ament_python.build:Building ROS package in '/home/pi/wk2/ros2_ws/src/ros2_brickpi3' with build type 'ament_python'
[2.668s] Level 1:colcon.colcon_core.shell:create_environment_hook('ros2_brickpi3', 'ament_prefix_path')
[2.675s] INFO:colcon.colcon_core.shell:Creating environment hook '/home/pi/wk2/ros2_ws/install/ros2_brickpi3/share/ros2_brickpi3/hook/ament_prefix_path.ps1'
[2.677s] INFO:colcon.colcon_core.shell:Creating environment descriptor '/home/pi/wk2/ros2_ws/install/ros2_brickpi3/share/ros2_brickpi3/hook/ament_prefix_path.dsv'
[2.679s] INFO:colcon.colcon_core.shell:Creating environment hook '/home/pi/wk2/ros2_ws/install/ros2_brickpi3/share/ros2_brickpi3/hook/ament_prefix_path.sh'
[2.686s] INFO:colcon.colcon_core.shell:Skip shell extension 'powershell' for command environment: Not usable outside of PowerShell
[2.686s] DEBUG:colcon.colcon_core.shell:Skip shell extension 'dsv' for command environment
[2.702s] INFO:colcon.colcon_ros.task.ament_python.build:Building ROS package in '/home/pi/wk2/ros2_ws/src/tutorial' with build type 'ament_python'
[2.703s] Level 1:colcon.colcon_core.shell:create_environment_hook('tutorial', 'ament_prefix_path')
[2.709s] INFO:colcon.colcon_core.shell:Creating environment hook '/home/pi/wk2/ros2_ws/install/tutorial/share/tutorial/hook/ament_prefix_path.ps1'
[2.712s] INFO:colcon.colcon_core.shell:Creating environment descriptor '/home/pi/wk2/ros2_ws/install/tutorial/share/tutorial/hook/ament_prefix_path.dsv'
[2.714s] INFO:colcon.colcon_core.shell:Creating environment hook '/home/pi/wk2/ros2_ws/install/tutorial/share/tutorial/hook/ament_prefix_path.sh'
[2.721s] INFO:colcon.colcon_core.shell:Skip shell extension 'powershell' for command environment: Not usable outside of PowerShell
[2.722s] DEBUG:colcon.colcon_core.shell:Skip shell extension 'dsv' for command environment
[3.800s] INFO:colcon.colcon_core.task.python.build:Building Python package in '/home/pi/wk2/ros2_ws/src/my_package'
[3.805s] INFO:colcon.colcon_core.shell:Skip shell extension 'powershell' for command environment: Not usable outside of PowerShell
[3.805s] DEBUG:colcon.colcon_core.shell:Skip shell extension 'dsv' for command environment
[4.875s] INFO:colcon.colcon_core.task.python.build:Building Python package in '/home/pi/wk2/ros2_ws/src/ros2_brickpi3'
[4.880s] INFO:colcon.colcon_core.shell:Skip shell extension 'powershell' for command environment: Not usable outside of PowerShell
[4.880s] DEBUG:colcon.colcon_core.shell:Skip shell extension 'dsv' for command environment
[5.943s] INFO:colcon.colcon_core.task.python.build:Building Python package in '/home/pi/wk2/ros2_ws/src/tutorial'
[5.948s] INFO:colcon.colcon_core.shell:Skip shell extension 'powershell' for command environment: Not usable outside of PowerShell
[5.948s] DEBUG:colcon.colcon_core.shell:Skip shell extension 'dsv' for command environment
[9.243s] DEBUG:colcon.colcon_core.event_handler.log_command:Invoking command in '/home/pi/wk2/ros2_ws/build/tutorial': PYTHONPATH=/home/pi/wk2/ros2_ws/build/tutorial/prefix_override:/home/pi/wk2/ros2_ws/install/tutorial/lib/python3.10/site-packages:${PYTHONPATH} /usr/bin/python3 setup.py develop --editable --build-directory /home/pi/wk2/ros2_ws/build/tutorial/build --no-deps install_data
[9.272s] DEBUG:colcon.colcon_core.event_handler.log_command:Invoking command in '/home/pi/wk2/ros2_ws/build/ros2_brickpi3': PYTHONPATH=/home/pi/wk2/ros2_ws/build/ros2_brickpi3/prefix_override:/home/pi/wk2/ros2_ws/install/ros2_brickpi3/lib/python3.10/site-packages:${PYTHONPATH} /usr/bin/python3 setup.py develop --editable --build-directory /home/pi/wk2/ros2_ws/build/ros2_brickpi3/build --no-deps install_data
[9.283s] DEBUG:colcon.colcon_core.event_handler.log_command:Invoking command in '/home/pi/wk2/ros2_ws/build/my_package': PYTHONPATH=/home/pi/wk2/ros2_ws/build/my_package/prefix_override:/home/pi/wk2/ros2_ws/install/my_package/lib/python3.10/site-packages:${PYTHONPATH} /usr/bin/python3 setup.py develop --editable --build-directory /home/pi/wk2/ros2_ws/build/my_package/build --no-deps install_data
[11.834s] Level 1:colcon.colcon_core.shell:create_environment_hook('tutorial', 'pythonpath_develop')
[11.848s] DEBUG:colcon.colcon_core.event_handler.log_command:Invoked command in '/home/pi/wk2/ros2_ws/build/tutorial' returned '0': PYTHONPATH=/home/pi/wk2/ros2_ws/build/tutorial/prefix_override:/home/pi/wk2/ros2_ws/install/tutorial/lib/python3.10/site-packages:${PYTHONPATH} /usr/bin/python3 setup.py develop --editable --build-directory /home/pi/wk2/ros2_ws/build/tutorial/build --no-deps install_data
[11.850s] INFO:colcon.colcon_core.shell:Creating environment hook '/home/pi/wk2/ros2_ws/build/tutorial/share/tutorial/hook/pythonpath_develop.ps1'
[11.855s] INFO:colcon.colcon_core.shell:Creating environment descriptor '/home/pi/wk2/ros2_ws/build/tutorial/share/tutorial/hook/pythonpath_develop.dsv'
[11.860s] INFO:colcon.colcon_core.shell:Creating environment hook '/home/pi/wk2/ros2_ws/build/tutorial/share/tutorial/hook/pythonpath_develop.sh'
[11.913s] Level 1:colcon.colcon_core.environment:checking '/home/pi/wk2/ros2_ws/install/tutorial' for CMake module files
[11.918s] Level 1:colcon.colcon_core.environment:checking '/home/pi/wk2/ros2_ws/install/tutorial' for CMake config files
[11.924s] Level 1:colcon.colcon_core.environment:checking '/home/pi/wk2/ros2_ws/install/tutorial/lib'
[11.926s] Level 1:colcon.colcon_core.environment:checking '/home/pi/wk2/ros2_ws/install/tutorial/bin'
[11.927s] Level 1:colcon.colcon_core.environment:checking '/home/pi/wk2/ros2_ws/install/tutorial/lib/pkgconfig/tutorial.pc'
[11.929s] Level 1:colcon.colcon_core.environment:checking '/home/pi/wk2/ros2_ws/install/tutorial/lib/python3.10/site-packages'
[11.930s] Level 1:colcon.colcon_core.shell:create_environment_hook('tutorial', 'pythonpath')
[11.944s] INFO:colcon.colcon_core.shell:Creating environment hook '/home/pi/wk2/ros2_ws/install/tutorial/share/tutorial/hook/pythonpath.ps1'
[11.948s] INFO:colcon.colcon_core.shell:Creating environment descriptor '/home/pi/wk2/ros2_ws/install/tutorial/share/tutorial/hook/pythonpath.dsv'
[11.952s] INFO:colcon.colcon_core.shell:Creating environment hook '/home/pi/wk2/ros2_ws/install/tutorial/share/tutorial/hook/pythonpath.sh'
[11.957s] Level 1:colcon.colcon_core.environment:checking '/home/pi/wk2/ros2_ws/install/tutorial/bin'
[11.957s] Level 1:colcon.colcon_core.environment:create_environment_scripts_only(tutorial)
[11.965s] INFO:colcon.colcon_core.shell:Creating package script '/home/pi/wk2/ros2_ws/install/tutorial/share/tutorial/package.ps1'
[11.972s] INFO:colcon.colcon_core.shell:Creating package descriptor '/home/pi/wk2/ros2_ws/install/tutorial/share/tutorial/package.dsv'
[11.977s] INFO:colcon.colcon_core.shell:Creating package script '/home/pi/wk2/ros2_ws/install/tutorial/share/tutorial/package.sh'
[11.984s] INFO:colcon.colcon_core.shell:Creating package script '/home/pi/wk2/ros2_ws/install/tutorial/share/tutorial/package.bash'
[11.990s] INFO:colcon.colcon_core.shell:Creating package script '/home/pi/wk2/ros2_ws/install/tutorial/share/tutorial/package.zsh'
[11.994s] Level 1:colcon.colcon_core.environment:create_file_with_runtime_dependencies(/home/pi/wk2/ros2_ws/install/tutorial/share/colcon-core/packages/tutorial)
[11.996s] Level 1:colcon.colcon_core.shell:create_environment_hook('my_package', 'pythonpath_develop')
[12.003s] INFO:colcon.colcon_core.shell:Creating environment hook '/home/pi/wk2/ros2_ws/build/my_package/share/my_package/hook/pythonpath_develop.ps1'
[12.006s] INFO:colcon.colcon_core.shell:Creating environment descriptor '/home/pi/wk2/ros2_ws/build/my_package/share/my_package/hook/pythonpath_develop.dsv'
[12.011s] DEBUG:colcon.colcon_core.event_handler.log_command:Invoked command in '/home/pi/wk2/ros2_ws/build/my_package' returned '0': PYTHONPATH=/home/pi/wk2/ros2_ws/build/my_package/prefix_override:/home/pi/wk2/ros2_ws/install/my_package/lib/python3.10/site-packages:${PYTHONPATH} /usr/bin/python3 setup.py develop --editable --build-directory /home/pi/wk2/ros2_ws/build/my_package/build --no-deps install_data
[12.012s] INFO:colcon.colcon_core.shell:Creating environment hook '/home/pi/wk2/ros2_ws/build/my_package/share/my_package/hook/pythonpath_develop.sh'
[12.024s] Level 1:colcon.colcon_core.environment:checking '/home/pi/wk2/ros2_ws/install/my_package' for CMake module files
[12.026s] Level 1:colcon.colcon_core.environment:checking '/home/pi/wk2/ros2_ws/install/my_package' for CMake config files
[12.033s] Level 1:colcon.colcon_core.environment:checking '/home/pi/wk2/ros2_ws/install/my_package/lib'
[12.033s] Level 1:colcon.colcon_core.environment:checking '/home/pi/wk2/ros2_ws/install/my_package/bin'
[12.034s] Level 1:colcon.colcon_core.environment:checking '/home/pi/wk2/ros2_ws/install/my_package/lib/pkgconfig/my_package.pc'
[12.035s] Level 1:colcon.colcon_core.environment:checking '/home/pi/wk2/ros2_ws/install/my_package/lib/python3.10/site-packages'
[12.036s] Level 1:colcon.colcon_core.shell:create_environment_hook('my_package', 'pythonpath')
[12.041s] INFO:colcon.colcon_core.shell:Creating environment hook '/home/pi/wk2/ros2_ws/install/my_package/share/my_package/hook/pythonpath.ps1'
[12.044s] INFO:colcon.colcon_core.shell:Creating environment descriptor '/home/pi/wk2/ros2_ws/install/my_package/share/my_package/hook/pythonpath.dsv'
[12.047s] INFO:colcon.colcon_core.shell:Creating environment hook '/home/pi/wk2/ros2_ws/install/my_package/share/my_package/hook/pythonpath.sh'
[12.051s] Level 1:colcon.colcon_core.environment:checking '/home/pi/wk2/ros2_ws/install/my_package/bin'
[12.052s] Level 1:colcon.colcon_core.environment:create_environment_scripts_only(my_package)
[12.059s] INFO:colcon.colcon_core.shell:Creating package script '/home/pi/wk2/ros2_ws/install/my_package/share/my_package/package.ps1'
[12.063s] INFO:colcon.colcon_core.shell:Creating package descriptor '/home/pi/wk2/ros2_ws/install/my_package/share/my_package/package.dsv'
[12.067s] INFO:colcon.colcon_core.shell:Creating package script '/home/pi/wk2/ros2_ws/install/my_package/share/my_package/package.sh'
[12.072s] INFO:colcon.colcon_core.shell:Creating package script '/home/pi/wk2/ros2_ws/install/my_package/share/my_package/package.bash'
[12.076s] INFO:colcon.colcon_core.shell:Creating package script '/home/pi/wk2/ros2_ws/install/my_package/share/my_package/package.zsh'
[12.079s] Level 1:colcon.colcon_core.environment:create_file_with_runtime_dependencies(/home/pi/wk2/ros2_ws/install/my_package/share/colcon-core/packages/my_package)
[12.084s] Level 1:colcon.colcon_core.shell:create_environment_hook('ros2_brickpi3', 'pythonpath_develop')
[12.099s] INFO:colcon.colcon_core.shell:Creating environment hook '/home/pi/wk2/ros2_ws/build/ros2_brickpi3/share/ros2_brickpi3/hook/pythonpath_develop.ps1'
[12.101s] DEBUG:colcon.colcon_core.event_handler.log_command:Invoked command in '/home/pi/wk2/ros2_ws/build/ros2_brickpi3' returned '0': PYTHONPATH=/home/pi/wk2/ros2_ws/build/ros2_brickpi3/prefix_override:/home/pi/wk2/ros2_ws/install/ros2_brickpi3/lib/python3.10/site-packages:${PYTHONPATH} /usr/bin/python3 setup.py develop --editable --build-directory /home/pi/wk2/ros2_ws/build/ros2_brickpi3/build --no-deps install_data
[12.104s] INFO:colcon.colcon_core.shell:Creating environment descriptor '/home/pi/wk2/ros2_ws/build/ros2_brickpi3/share/ros2_brickpi3/hook/pythonpath_develop.dsv'
[12.106s] INFO:colcon.colcon_core.shell:Creating environment hook '/home/pi/wk2/ros2_ws/build/ros2_brickpi3/share/ros2_brickpi3/hook/pythonpath_develop.sh'
[12.117s] Level 1:colcon.colcon_core.environment:checking '/home/pi/wk2/ros2_ws/install/ros2_brickpi3' for CMake module files
[12.120s] Level 1:colcon.colcon_core.environment:checking '/home/pi/wk2/ros2_ws/install/ros2_brickpi3' for CMake config files
[12.124s] Level 1:colcon.colcon_core.environment:checking '/home/pi/wk2/ros2_ws/install/ros2_brickpi3/lib'
[12.124s] Level 1:colcon.colcon_core.environment:checking '/home/pi/wk2/ros2_ws/install/ros2_brickpi3/bin'
[12.125s] Level 1:colcon.colcon_core.environment:checking '/home/pi/wk2/ros2_ws/install/ros2_brickpi3/lib/pkgconfig/ros2_brickpi3.pc'
[12.126s] Level 1:colcon.colcon_core.environment:checking '/home/pi/wk2/ros2_ws/install/ros2_brickpi3/lib/python3.10/site-packages'
[12.126s] Level 1:colcon.colcon_core.shell:create_environment_hook('ros2_brickpi3', 'pythonpath')
[12.132s] INFO:colcon.colcon_core.shell:Creating environment hook '/home/pi/wk2/ros2_ws/install/ros2_brickpi3/share/ros2_brickpi3/hook/pythonpath.ps1'
[12.134s] INFO:colcon.colcon_core.shell:Creating environment descriptor '/home/pi/wk2/ros2_ws/install/ros2_brickpi3/share/ros2_brickpi3/hook/pythonpath.dsv'
[12.136s] INFO:colcon.colcon_core.shell:Creating environment hook '/home/pi/wk2/ros2_ws/install/ros2_brickpi3/share/ros2_brickpi3/hook/pythonpath.sh'
[12.140s] Level 1:colcon.colcon_core.environment:checking '/home/pi/wk2/ros2_ws/install/ros2_brickpi3/bin'
[12.141s] Level 1:colcon.colcon_core.environment:create_environment_scripts_only(ros2_brickpi3)
[12.147s] INFO:colcon.colcon_core.shell:Creating package script '/home/pi/wk2/ros2_ws/install/ros2_brickpi3/share/ros2_brickpi3/package.ps1'
[12.150s] INFO:colcon.colcon_core.shell:Creating package descriptor '/home/pi/wk2/ros2_ws/install/ros2_brickpi3/share/ros2_brickpi3/package.dsv'
[12.153s] INFO:colcon.colcon_core.shell:Creating package script '/home/pi/wk2/ros2_ws/install/ros2_brickpi3/share/ros2_brickpi3/package.sh'
[12.156s] INFO:colcon.colcon_core.shell:Creating package script '/home/pi/wk2/ros2_ws/install/ros2_brickpi3/share/ros2_brickpi3/package.bash'
[12.159s] INFO:colcon.colcon_core.shell:Creating package script '/home/pi/wk2/ros2_ws/install/ros2_brickpi3/share/ros2_brickpi3/package.zsh'
[12.161s] Level 1:colcon.colcon_core.environment:create_file_with_runtime_dependencies(/home/pi/wk2/ros2_ws/install/ros2_brickpi3/share/colcon-core/packages/ros2_brickpi3)
[12.163s] DEBUG:colcon.colcon_parallel_executor.executor.parallel:closing loop
[12.165s] DEBUG:colcon.colcon_parallel_executor.executor.parallel:loop closed
[12.166s] DEBUG:colcon.colcon_parallel_executor.executor.parallel:run_until_complete finished with '0'
[12.166s] DEBUG:colcon.colcon_core.event_reactor:joining thread
[12.217s] INFO:colcon.colcon_core.plugin_system:Skipping extension 'colcon_notification.desktop_notification.notify_send': Could not find 'notify-send'
[12.219s] INFO:colcon.colcon_core.plugin_system:Skipping extension 'colcon_notification.desktop_notification.terminal_notifier': Not used on non-Darwin systems
[12.219s] INFO:colcon.colcon_core.plugin_system:Skipping extension 'colcon_notification.desktop_notification.win32': Not used on non-Windows systems
[12.219s] INFO:colcon.colcon_notification.desktop_notification:Sending desktop notification using 'notify2'
[12.223s] DEBUG:colcon.colcon_notification.desktop_notification.notify2:Failed to initialize notify2: org.freedesktop.DBus.Error.ServiceUnknown: The name org.freedesktop.Notifications was not provided by any .service files
[12.223s] DEBUG:colcon.colcon_core.event_reactor:joined thread
[12.230s] INFO:colcon.colcon_core.shell:Creating prefix script '/home/pi/wk2/ros2_ws/install/local_setup.ps1'
[12.242s] INFO:colcon.colcon_core.shell:Creating prefix util module '/home/pi/wk2/ros2_ws/install/_local_setup_util_ps1.py'
[12.252s] INFO:colcon.colcon_core.shell:Creating prefix chain script '/home/pi/wk2/ros2_ws/install/setup.ps1'
[12.261s] INFO:colcon.colcon_core.shell:Creating prefix script '/home/pi/wk2/ros2_ws/install/local_setup.sh'
[12.274s] INFO:colcon.colcon_core.shell:Creating prefix util module '/home/pi/wk2/ros2_ws/install/_local_setup_util_sh.py'
[12.277s] INFO:colcon.colcon_core.shell:Creating prefix chain script '/home/pi/wk2/ros2_ws/install/setup.sh'
[12.286s] INFO:colcon.colcon_core.shell:Creating prefix script '/home/pi/wk2/ros2_ws/install/local_setup.bash'
[12.299s] INFO:colcon.colcon_core.shell:Creating prefix chain script '/home/pi/wk2/ros2_ws/install/setup.bash'
[12.306s] INFO:colcon.colcon_core.shell:Creating prefix script '/home/pi/wk2/ros2_ws/install/local_setup.zsh'
[12.310s] INFO:colcon.colcon_core.shell:Creating prefix chain script '/home/pi/wk2/ros2_ws/install/setup.zsh'
