[5.353s] Invoking command in '/home/pi/wk2/ros2_ws/build/tutorial': PYTHONPATH=/home/pi/wk2/ros2_ws/build/tutorial/prefix_override:/home/pi/wk2/ros2_ws/install/tutorial/lib/python3.10/site-packages:${PYTHONPATH} /usr/bin/python3 setup.py develop --editable --build-directory /home/pi/wk2/ros2_ws/build/tutorial/build --no-deps install_data
[6.707s] running develop
[6.709s] /usr/lib/python3/dist-packages/setuptools/command/easy_install.py:158: EasyInstallDeprecationWarning: easy_install command is deprecated. Use build and pip and other standards-based tools.
[6.710s]   warnings.warn(
[6.714s] /usr/lib/python3/dist-packages/setuptools/command/install.py:34: SetuptoolsDeprecationWarning: setup.py install is deprecated. Use build and pip and other standards-based tools.
[6.715s]   warnings.warn(
[7.004s] /usr/lib/python3/dist-packages/pkg_resources/__init__.py:116: PkgResourcesDeprecationWarning: 1.16.0-unknown is an invalid version and will not be supported in a future release
[7.005s]   warnings.warn(
[7.006s] /usr/lib/python3/dist-packages/pkg_resources/__init__.py:116: PkgResourcesDeprecationWarning: 1.1build1 is an invalid version and will not be supported in a future release
[7.007s]   warnings.warn(
[7.008s] /usr/lib/python3/dist-packages/pkg_resources/__init__.py:116: PkgResourcesDeprecationWarning: 0.1.43ubuntu1 is an invalid version and will not be supported in a future release
[7.008s]   warnings.warn(
[7.554s] running egg_info
[7.556s] writing tutorial.egg-info/PKG-INFO
[7.558s] writing dependency_links to tutorial.egg-info/dependency_links.txt
[7.560s] writing entry points to tutorial.egg-info/entry_points.txt
[7.561s] writing requirements to tutorial.egg-info/requires.txt
[7.561s] writing top-level names to tutorial.egg-info/top_level.txt
[7.575s] reading manifest file 'tutorial.egg-info/SOURCES.txt'
[7.582s] writing manifest file 'tutorial.egg-info/SOURCES.txt'
[7.594s] running build_ext
[7.596s] Creating /home/pi/wk2/ros2_ws/install/tutorial/lib/python3.10/site-packages/tutorial.egg-link (link to .)
[7.610s] Installing listener script to /home/pi/wk2/ros2_ws/install/tutorial/lib/tutorial
[7.612s] Installing talker script to /home/pi/wk2/ros2_ws/install/tutorial/lib/tutorial
[7.616s] 
[7.618s] Installed /home/pi/wk2/ros2_ws/build/tutorial
[7.620s] running install_data
[8.010s] Invoked command in '/home/pi/wk2/ros2_ws/build/tutorial' returned '0': PYTHONPATH=/home/pi/wk2/ros2_ws/build/tutorial/prefix_override:/home/pi/wk2/ros2_ws/install/tutorial/lib/python3.10/site-packages:${PYTHONPATH} /usr/bin/python3 setup.py develop --editable --build-directory /home/pi/wk2/ros2_ws/build/tutorial/build --no-deps install_data
