[5.727s] Invoking command in '/home/pi/wk2/ros2_ws/build/tutorial': PYTHONPATH=/home/pi/wk2/ros2_ws/build/tutorial/prefix_override:/home/pi/wk2/ros2_ws/install/tutorial/lib/python3.10/site-packages:${PYTHONPATH} /usr/bin/python3 setup.py develop --editable --build-directory /home/pi/wk2/ros2_ws/build/tutorial/build --no-deps install_data
[7.226s] running develop
[7.228s] /usr/lib/python3/dist-packages/setuptools/command/easy_install.py:158: EasyInstallDeprecationWarning: easy_install command is deprecated. Use build and pip and other standards-based tools.
[7.229s]   warnings.warn(
[7.233s] /usr/lib/python3/dist-packages/setuptools/command/install.py:34: SetuptoolsDeprecationWarning: setup.py install is deprecated. Use build and pip and other standards-based tools.
[7.234s]   warnings.warn(
[7.565s] /usr/lib/python3/dist-packages/pkg_resources/__init__.py:116: PkgResourcesDeprecationWarning: 1.16.0-unknown is an invalid version and will not be supported in a future release
[7.567s]   warnings.warn(
[7.569s] /usr/lib/python3/dist-packages/pkg_resources/__init__.py:116: PkgResourcesDeprecationWarning: 1.1build1 is an invalid version and will not be supported in a future release
[7.569s]   warnings.warn(
[7.570s] /usr/lib/python3/dist-packages/pkg_resources/__init__.py:116: PkgResourcesDeprecationWarning: 0.1.43ubuntu1 is an invalid version and will not be supported in a future release
[7.570s]   warnings.warn(
[8.208s] running egg_info
[8.210s] writing tutorial.egg-info/PKG-INFO
[8.211s] writing dependency_links to tutorial.egg-info/dependency_links.txt
[8.213s] writing entry points to tutorial.egg-info/entry_points.txt
[8.215s] writing requirements to tutorial.egg-info/requires.txt
[8.216s] writing top-level names to tutorial.egg-info/top_level.txt
[8.229s] reading manifest file 'tutorial.egg-info/SOURCES.txt'
[8.235s] writing manifest file 'tutorial.egg-info/SOURCES.txt'
[8.246s] running build_ext
[8.248s] Creating /home/pi/wk2/ros2_ws/install/tutorial/lib/python3.10/site-packages/tutorial.egg-link (link to .)
[8.254s] Installing listener script to /home/pi/wk2/ros2_ws/install/tutorial/lib/tutorial
[8.256s] Installing talker script to /home/pi/wk2/ros2_ws/install/tutorial/lib/tutorial
[8.257s] 
[8.258s] Installed /home/pi/wk2/ros2_ws/build/tutorial
[8.260s] running install_data
[8.533s] Invoked command in '/home/pi/wk2/ros2_ws/build/tutorial' returned '0': PYTHONPATH=/home/pi/wk2/ros2_ws/build/tutorial/prefix_override:/home/pi/wk2/ros2_ws/install/tutorial/lib/python3.10/site-packages:${PYTHONPATH} /usr/bin/python3 setup.py develop --editable --build-directory /home/pi/wk2/ros2_ws/build/tutorial/build --no-deps install_data
