[6.260s] Invoking command in '/home/pi/wk2/ros2_ws/build/my_package': PYTHONPATH=/home/pi/wk2/ros2_ws/build/my_package/prefix_override:/home/pi/wk2/ros2_ws/install/my_package/lib/python3.10/site-packages:${PYTHONPATH} /usr/bin/python3 setup.py develop --editable --build-directory /home/pi/wk2/ros2_ws/build/my_package/build --no-deps install_data
[7.610s] running develop
[7.618s] /usr/lib/python3/dist-packages/setuptools/command/easy_install.py:158: EasyInstallDeprecationWarning: easy_install command is deprecated. Use build and pip and other standards-based tools.
[7.619s]   warnings.warn(
[7.627s] /usr/lib/python3/dist-packages/setuptools/command/install.py:34: SetuptoolsDeprecationWarning: setup.py install is deprecated. Use build and pip and other standards-based tools.
[7.628s]   warnings.warn(
[7.956s] /usr/lib/python3/dist-packages/pkg_resources/__init__.py:116: PkgResourcesDeprecationWarning: 1.16.0-unknown is an invalid version and will not be supported in a future release
[7.958s]   warnings.warn(
[7.959s] /usr/lib/python3/dist-packages/pkg_resources/__init__.py:116: PkgResourcesDeprecationWarning: 1.1build1 is an invalid version and will not be supported in a future release
[7.962s]   warnings.warn(
[7.963s] /usr/lib/python3/dist-packages/pkg_resources/__init__.py:116: PkgResourcesDeprecationWarning: 0.1.43ubuntu1 is an invalid version and will not be supported in a future release
[7.964s]   warnings.warn(
[8.527s] running egg_info
[8.529s] writing my_package.egg-info/PKG-INFO
[8.531s] writing dependency_links to my_package.egg-info/dependency_links.txt
[8.534s] writing entry points to my_package.egg-info/entry_points.txt
[8.536s] writing requirements to my_package.egg-info/requires.txt
[8.538s] writing top-level names to my_package.egg-info/top_level.txt
[8.548s] reading manifest file 'my_package.egg-info/SOURCES.txt'
[8.554s] writing manifest file 'my_package.egg-info/SOURCES.txt'
[8.564s] running build_ext
[8.575s] Creating /home/pi/wk2/ros2_ws/install/my_package/lib/python3.10/site-packages/my-package.egg-link (link to .)
[8.580s] Installing chatter script to /home/pi/wk2/ros2_ws/install/my_package/lib/my_package
[8.586s] Installing my_node script to /home/pi/wk2/ros2_ws/install/my_package/lib/my_package
[8.601s] 
[8.607s] Installed /home/pi/wk2/ros2_ws/build/my_package
[8.609s] running install_data
[8.897s] Invoked command in '/home/pi/wk2/ros2_ws/build/my_package' returned '0': PYTHONPATH=/home/pi/wk2/ros2_ws/build/my_package/prefix_override:/home/pi/wk2/ros2_ws/install/my_package/lib/python3.10/site-packages:${PYTHONPATH} /usr/bin/python3 setup.py develop --editable --build-directory /home/pi/wk2/ros2_ws/build/my_package/build --no-deps install_data
