-- Found ament_cmake: 1.3.4 (/opt/ros/humble/share/ament_cmake/cmake)
-- Override CMake install command with custom implementation using symlinks instead of copying resources
-- Found rclcpp: 16.0.4 (/opt/ros/humble/share/rclcpp/cmake)
-- Found rosidl_generator_c: 3.1.4 (/opt/ros/humble/share/rosidl_generator_c/cmake)
-- Found rosidl_adapter: 3.1.4 (/opt/ros/humble/share/rosidl_adapter/cmake)
-- Found rosidl_generator_cpp: 3.1.4 (/opt/ros/humble/share/rosidl_generator_cpp/cmake)
-- Using all available rosidl_typesupport_c: rosidl_typesupport_fastrtps_c;rosidl_typesupport_introspection_c
-- Using all available rosidl_typesupport_cpp: rosidl_typesupport_fastrtps_cpp;rosidl_typesupport_introspection_cpp
-- Found rmw_implementation_cmake: 6.1.1 (/opt/ros/humble/share/rmw_implementation_cmake/cmake)
-- Found rmw_fastrtps_cpp: 6.2.2 (/opt/ros/humble/share/rmw_fastrtps_cpp/cmake)
-- Using RMW implementation 'rmw_fastrtps_cpp' as default
-- Found rclpy: 3.3.8 (/opt/ros/humble/share/rclpy/cmake)
-- Found geometry_msgs: 4.2.3 (/opt/ros/humble/share/geometry_msgs/cmake)
-- Found nav_msgs: 4.2.3 (/opt/ros/humble/share/nav_msgs/cmake)
-- Found rosidl_default_generators: 1.2.0 (/opt/ros/humble/share/rosidl_default_generators/cmake)
-- Found ament_cmake_ros: 0.10.0 (/opt/ros/humble/share/ament_cmake_ros/cmake)
-- Using all available rosidl_typesupport_c: rosidl_typesupport_fastrtps_c;rosidl_typesupport_introspection_c
-- Using all available rosidl_typesupport_cpp: rosidl_typesupport_fastrtps_cpp;rosidl_typesupport_introspection_cpp
-- Found PythonInterp: /usr/bin/python3 (found suitable version "3.10.6", minimum required is "3.6") 
-- Found python_cmake_module: 0.10.0 (/opt/ros/humble/share/python_cmake_module/cmake)
-- Found PythonLibs: /usr/lib/aarch64-linux-gnu/libpython3.10.so (found suitable version "3.10.6", minimum required is "3.5") 
-- Using PYTHON_EXECUTABLE: /usr/bin/python3
-- Using PYTHON_INCLUDE_DIRS: /usr/include/python3.10
-- Using PYTHON_LIBRARIES: /usr/lib/aarch64-linux-gnu/libpython3.10.so
-- Found PythonExtra: .so  
-- Configuring done
-- Generating done
-- Build files have been written to: /home/pi/wk2/ros2_ws/build/ros2_path_planning
[  3%] [34m[1mGenerating C code for ROS interfaces[0m
[  6%] [34m[1mGenerating C++ code for ROS interfaces[0m
[  6%] Built target ament_cmake_python_symlink_ros2_path_planning
[  9%] [32mBuilding C object CMakeFiles/ros2_path_planning__rosidl_generator_c.dir/rosidl_generator_c/ros2_path_planning/srv/detail/plan_trajectory__functions.c.o[0m
running egg_info
creating ros2_path_planning.egg-info
writing ros2_path_planning.egg-info/PKG-INFO
writing dependency_links to ros2_path_planning.egg-info/dependency_links.txt
writing top-level names to ros2_path_planning.egg-info/top_level.txt
writing manifest file 'ros2_path_planning.egg-info/SOURCES.txt'
reading manifest file 'ros2_path_planning.egg-info/SOURCES.txt'
writing manifest file 'ros2_path_planning.egg-info/SOURCES.txt'
[  9%] Built target ros2_path_planning__cpp
[ 12%] [34m[1mGenerating C++ type support for eProsima Fast-RTPS[0m
[ 16%] [34m[1mGenerating C++ type support dispatch for ROS interfaces[0m
[ 16%] Built target ament_cmake_python_build_ros2_path_planning_egg
[ 19%] [34m[1mGenerating C++ introspection for ROS interfaces[0m
[ 22%] [32m[1mLinking C shared library libros2_path_planning__rosidl_generator_c.so[0m
[ 22%] Built target ros2_path_planning__rosidl_generator_c
[ 25%] [34m[1mGenerating C type support for eProsima Fast-RTPS[0m
[ 29%] [32mBuilding CXX object CMakeFiles/ros2_path_planning__rosidl_typesupport_cpp.dir/rosidl_typesupport_cpp/ros2_path_planning/srv/plan_trajectory__type_support.cpp.o[0m
[ 32%] [32mBuilding CXX object CMakeFiles/ros2_path_planning__rosidl_typesupport_fastrtps_cpp.dir/rosidl_typesupport_fastrtps_cpp/ros2_path_planning/srv/detail/dds_fastrtps/plan_trajectory__type_support.cpp.o[0m
[ 35%] [32mBuilding CXX object CMakeFiles/ros2_path_planning__rosidl_typesupport_introspection_cpp.dir/rosidl_typesupport_introspection_cpp/ros2_path_planning/srv/detail/plan_trajectory__type_support.cpp.o[0m
[ 38%] [32mBuilding CXX object CMakeFiles/ros2_path_planning__rosidl_typesupport_fastrtps_c.dir/rosidl_typesupport_fastrtps_c/ros2_path_planning/srv/detail/plan_trajectory__type_support_c.cpp.o[0m
[ 41%] [32m[1mLinking CXX shared library libros2_path_planning__rosidl_typesupport_cpp.so[0m
[ 41%] Built target ros2_path_planning__rosidl_typesupport_cpp
[ 45%] [34m[1mGenerating C introspection for ROS interfaces[0m
[ 48%] [32m[1mLinking CXX shared library libros2_path_planning__rosidl_typesupport_introspection_cpp.so[0m
[ 51%] [32m[1mLinking CXX shared library libros2_path_planning__rosidl_typesupport_fastrtps_c.so[0m
[ 51%] Built target ros2_path_planning__rosidl_typesupport_introspection_cpp
[ 54%] [32m[1mLinking CXX shared library libros2_path_planning__rosidl_typesupport_fastrtps_cpp.so[0m
[ 58%] [34m[1mGenerating C type support dispatch for ROS interfaces[0m
[ 58%] Built target ros2_path_planning__rosidl_typesupport_fastrtps_c
[ 58%] Built target ros2_path_planning__rosidl_typesupport_fastrtps_cpp
[ 61%] [32mBuilding C object CMakeFiles/ros2_path_planning__rosidl_typesupport_introspection_c.dir/rosidl_typesupport_introspection_c/ros2_path_planning/srv/detail/plan_trajectory__type_support.c.o[0m
[ 64%] [32m[1mLinking C shared library libros2_path_planning__rosidl_typesupport_introspection_c.so[0m
[ 64%] Built target ros2_path_planning__rosidl_typesupport_introspection_c
[ 67%] [32mBuilding CXX object CMakeFiles/ros2_path_planning__rosidl_typesupport_c.dir/rosidl_typesupport_c/ros2_path_planning/srv/plan_trajectory__type_support.cpp.o[0m
[ 70%] [32m[1mLinking CXX shared library libros2_path_planning__rosidl_typesupport_c.so[0m
[ 70%] Built target ros2_path_planning__rosidl_typesupport_c
[ 70%] Built target ros2_path_planning
[ 74%] [34m[1mGenerating Python code for ROS interfaces[0m
[ 74%] Built target ros2_path_planning__py
[ 77%] [32mBuilding C object CMakeFiles/ros2_path_planning__rosidl_generator_py.dir/rosidl_generator_py/ros2_path_planning/srv/_plan_trajectory_s.c.o[0m
[ 80%] [32m[1mLinking C shared library rosidl_generator_py/ros2_path_planning/libros2_path_planning__rosidl_generator_py.so[0m
[ 80%] Built target ros2_path_planning__rosidl_generator_py
[ 87%] [32mBuilding C object CMakeFiles/ros2_path_planning__rosidl_typesupport_introspection_c__pyext.dir/rosidl_generator_py/ros2_path_planning/_ros2_path_planning_s.ep.rosidl_typesupport_introspection_c.c.o[0m
[ 90%] [32mBuilding C object CMakeFiles/ros2_path_planning__rosidl_typesupport_fastrtps_c__pyext.dir/rosidl_generator_py/ros2_path_planning/_ros2_path_planning_s.ep.rosidl_typesupport_fastrtps_c.c.o[0m
[ 90%] [32mBuilding C object CMakeFiles/ros2_path_planning__rosidl_typesupport_c__pyext.dir/rosidl_generator_py/ros2_path_planning/_ros2_path_planning_s.ep.rosidl_typesupport_c.c.o[0m
[ 93%] [32m[1mLinking C shared library rosidl_generator_py/ros2_path_planning/ros2_path_planning_s__rosidl_typesupport_c.cpython-310-aarch64-linux-gnu.so[0m
[ 96%] [32m[1mLinking C shared library rosidl_generator_py/ros2_path_planning/ros2_path_planning_s__rosidl_typesupport_fastrtps_c.cpython-310-aarch64-linux-gnu.so[0m
[100%] [32m[1mLinking C shared library rosidl_generator_py/ros2_path_planning/ros2_path_planning_s__rosidl_typesupport_introspection_c.cpython-310-aarch64-linux-gnu.so[0m
[100%] Built target ros2_path_planning__rosidl_typesupport_c__pyext
[100%] Built target ros2_path_planning__rosidl_typesupport_fastrtps_c__pyext
[100%] Built target ros2_path_planning__rosidl_typesupport_introspection_c__pyext
-- Install configuration: ""
-- Execute custom install script
-- Symlinking: /home/pi/wk2/ros2_ws/install/ros2_path_planning/share/ament_index/resource_index/rosidl_interfaces/ros2_path_planning
-- Symlinking: /home/pi/wk2/ros2_ws/install/ros2_path_planning/include/ros2_path_planning/ros2_path_planning/msg/rosidl_generator_c__visibility_control.h
-- Symlinking: /home/pi/wk2/ros2_ws/install/ros2_path_planning/include/ros2_path_planning/ros2_path_planning/srv/detail/plan_trajectory__functions.h
-- Symlinking: /home/pi/wk2/ros2_ws/install/ros2_path_planning/include/ros2_path_planning/ros2_path_planning/srv/detail/plan_trajectory__struct.h
-- Symlinking: /home/pi/wk2/ros2_ws/install/ros2_path_planning/include/ros2_path_planning/ros2_path_planning/srv/detail/plan_trajectory__type_support.h
-- Symlinking: /home/pi/wk2/ros2_ws/install/ros2_path_planning/include/ros2_path_planning/ros2_path_planning/srv/plan_trajectory.h
-- Symlinking: /home/pi/wk2/ros2_ws/install/ros2_path_planning/share/ros2_path_planning/environment/library_path.sh
-- Symlinking: /home/pi/wk2/ros2_ws/install/ros2_path_planning/share/ros2_path_planning/environment/library_path.dsv
-- Symlinking: /home/pi/wk2/ros2_ws/install/ros2_path_planning/include/ros2_path_planning/ros2_path_planning/msg/rosidl_typesupport_fastrtps_c__visibility_control.h
-- Symlinking: /home/pi/wk2/ros2_ws/install/ros2_path_planning/include/ros2_path_planning/ros2_path_planning/srv/detail/plan_trajectory__rosidl_typesupport_fastrtps_c.h
-- Symlinking: /home/pi/wk2/ros2_ws/install/ros2_path_planning/include/ros2_path_planning/ros2_path_planning/srv/detail/plan_trajectory__builder.hpp
-- Symlinking: /home/pi/wk2/ros2_ws/install/ros2_path_planning/include/ros2_path_planning/ros2_path_planning/srv/detail/plan_trajectory__struct.hpp
-- Symlinking: /home/pi/wk2/ros2_ws/install/ros2_path_planning/include/ros2_path_planning/ros2_path_planning/srv/detail/plan_trajectory__traits.hpp
-- Symlinking: /home/pi/wk2/ros2_ws/install/ros2_path_planning/include/ros2_path_planning/ros2_path_planning/srv/plan_trajectory.hpp
-- Symlinking: /home/pi/wk2/ros2_ws/install/ros2_path_planning/include/ros2_path_planning/ros2_path_planning/msg/rosidl_typesupport_fastrtps_cpp__visibility_control.h
-- Symlinking: /home/pi/wk2/ros2_ws/install/ros2_path_planning/include/ros2_path_planning/ros2_path_planning/srv/detail/plan_trajectory__rosidl_typesupport_fastrtps_cpp.hpp
-- Symlinking: /home/pi/wk2/ros2_ws/install/ros2_path_planning/include/ros2_path_planning/ros2_path_planning/msg/rosidl_typesupport_introspection_c__visibility_control.h
-- Symlinking: /home/pi/wk2/ros2_ws/install/ros2_path_planning/include/ros2_path_planning/ros2_path_planning/srv/detail/plan_trajectory__rosidl_typesupport_introspection_c.h
-- Symlinking: /home/pi/wk2/ros2_ws/install/ros2_path_planning/include/ros2_path_planning/ros2_path_planning/srv/detail/plan_trajectory__rosidl_typesupport_introspection_cpp.hpp
-- Symlinking: /home/pi/wk2/ros2_ws/install/ros2_path_planning/share/ros2_path_planning/environment/pythonpath.sh
-- Symlinking: /home/pi/wk2/ros2_ws/install/ros2_path_planning/share/ros2_path_planning/environment/pythonpath.dsv
-- Symlinking: /home/pi/wk2/ros2_ws/install/ros2_path_planning/local/lib/python3.10/dist-packages/ros2_path_planning-0.0.1-py3.10.egg-info/PKG-INFO
-- Symlinking: /home/pi/wk2/ros2_ws/install/ros2_path_planning/local/lib/python3.10/dist-packages/ros2_path_planning-0.0.1-py3.10.egg-info/SOURCES.txt
-- Symlinking: /home/pi/wk2/ros2_ws/install/ros2_path_planning/local/lib/python3.10/dist-packages/ros2_path_planning-0.0.1-py3.10.egg-info/dependency_links.txt
-- Symlinking: /home/pi/wk2/ros2_ws/install/ros2_path_planning/local/lib/python3.10/dist-packages/ros2_path_planning-0.0.1-py3.10.egg-info/top_level.txt
-- Symlinking: /home/pi/wk2/ros2_ws/install/ros2_path_planning/local/lib/python3.10/dist-packages/ros2_path_planning/__init__.py
-- Symlinking: /home/pi/wk2/ros2_ws/install/ros2_path_planning/local/lib/python3.10/dist-packages/ros2_path_planning/_ros2_path_planning_s.ep.rosidl_typesupport_c.c
-- Symlinking: /home/pi/wk2/ros2_ws/install/ros2_path_planning/local/lib/python3.10/dist-packages/ros2_path_planning/_ros2_path_planning_s.ep.rosidl_typesupport_fastrtps_c.c
-- Symlinking: /home/pi/wk2/ros2_ws/install/ros2_path_planning/local/lib/python3.10/dist-packages/ros2_path_planning/_ros2_path_planning_s.ep.rosidl_typesupport_introspection_c.c
-- Symlinking: /home/pi/wk2/ros2_ws/install/ros2_path_planning/local/lib/python3.10/dist-packages/ros2_path_planning/libros2_path_planning__rosidl_generator_py.so
-- Symlinking: /home/pi/wk2/ros2_ws/install/ros2_path_planning/local/lib/python3.10/dist-packages/ros2_path_planning/ros2_path_planning_s__rosidl_typesupport_c.cpython-310-aarch64-linux-gnu.so
-- Symlinking: /home/pi/wk2/ros2_ws/install/ros2_path_planning/local/lib/python3.10/dist-packages/ros2_path_planning/ros2_path_planning_s__rosidl_typesupport_fastrtps_c.cpython-310-aarch64-linux-gnu.so
-- Symlinking: /home/pi/wk2/ros2_ws/install/ros2_path_planning/local/lib/python3.10/dist-packages/ros2_path_planning/ros2_path_planning_s__rosidl_typesupport_introspection_c.cpython-310-aarch64-linux-gnu.so
-- Symlinking: /home/pi/wk2/ros2_ws/install/ros2_path_planning/local/lib/python3.10/dist-packages/ros2_path_planning/srv/__init__.py
-- Symlinking: /home/pi/wk2/ros2_ws/install/ros2_path_planning/local/lib/python3.10/dist-packages/ros2_path_planning/srv/_plan_trajectory.py
-- Symlinking: /home/pi/wk2/ros2_ws/install/ros2_path_planning/local/lib/python3.10/dist-packages/ros2_path_planning/srv/_plan_trajectory_s.c
-- Up-to-date symlink: /home/pi/wk2/ros2_ws/install/ros2_path_planning/local/lib/python3.10/dist-packages/ros2_path_planning/ros2_path_planning_s__rosidl_typesupport_fastrtps_c.cpython-310-aarch64-linux-gnu.so
-- Up-to-date symlink: /home/pi/wk2/ros2_ws/install/ros2_path_planning/local/lib/python3.10/dist-packages/ros2_path_planning/ros2_path_planning_s__rosidl_typesupport_introspection_c.cpython-310-aarch64-linux-gnu.so
-- Up-to-date symlink: /home/pi/wk2/ros2_ws/install/ros2_path_planning/local/lib/python3.10/dist-packages/ros2_path_planning/ros2_path_planning_s__rosidl_typesupport_c.cpython-310-aarch64-linux-gnu.so
-- Symlinking: /home/pi/wk2/ros2_ws/install/ros2_path_planning/share/ros2_path_planning/srv/PlanTrajectory.idl
-- Symlinking: /home/pi/wk2/ros2_ws/install/ros2_path_planning/share/ros2_path_planning/srv/PlanTrajectory.srv
-- Symlinking: /home/pi/wk2/ros2_ws/install/ros2_path_planning/share/ros2_path_planning/srv/PlanTrajectory_Request.msg
-- Symlinking: /home/pi/wk2/ros2_ws/install/ros2_path_planning/share/ros2_path_planning/srv/PlanTrajectory_Response.msg
-- Symlinking: /home/pi/wk2/ros2_ws/install/ros2_path_planning/lib/ros2_path_planning/planner_service.py
-- Symlinking: /home/pi/wk2/ros2_ws/install/ros2_path_planning/share/ament_index/resource_index/package_run_dependencies/ros2_path_planning
-- Symlinking: /home/pi/wk2/ros2_ws/install/ros2_path_planning/share/ament_index/resource_index/parent_prefix_path/ros2_path_planning
-- Symlinking: /home/pi/wk2/ros2_ws/install/ros2_path_planning/share/ros2_path_planning/environment/ament_prefix_path.sh
-- Symlinking: /home/pi/wk2/ros2_ws/install/ros2_path_planning/share/ros2_path_planning/environment/ament_prefix_path.dsv
-- Symlinking: /home/pi/wk2/ros2_ws/install/ros2_path_planning/share/ros2_path_planning/environment/path.sh
-- Symlinking: /home/pi/wk2/ros2_ws/install/ros2_path_planning/share/ros2_path_planning/environment/path.dsv
-- Symlinking: /home/pi/wk2/ros2_ws/install/ros2_path_planning/share/ros2_path_planning/local_setup.bash
-- Symlinking: /home/pi/wk2/ros2_ws/install/ros2_path_planning/share/ros2_path_planning/local_setup.sh
-- Symlinking: /home/pi/wk2/ros2_ws/install/ros2_path_planning/share/ros2_path_planning/local_setup.zsh
-- Symlinking: /home/pi/wk2/ros2_ws/install/ros2_path_planning/share/ros2_path_planning/local_setup.dsv
-- Symlinking: /home/pi/wk2/ros2_ws/install/ros2_path_planning/share/ros2_path_planning/package.dsv
-- Symlinking: /home/pi/wk2/ros2_ws/install/ros2_path_planning/share/ament_index/resource_index/packages/ros2_path_planning
-- Symlinking: /home/pi/wk2/ros2_ws/install/ros2_path_planning/share/ros2_path_planning/cmake/rosidl_cmake-extras.cmake
-- Symlinking: /home/pi/wk2/ros2_ws/install/ros2_path_planning/share/ros2_path_planning/cmake/ament_cmake_export_dependencies-extras.cmake
-- Symlinking: /home/pi/wk2/ros2_ws/install/ros2_path_planning/share/ros2_path_planning/cmake/ament_cmake_export_include_directories-extras.cmake
-- Symlinking: /home/pi/wk2/ros2_ws/install/ros2_path_planning/share/ros2_path_planning/cmake/ament_cmake_export_libraries-extras.cmake
-- Symlinking: /home/pi/wk2/ros2_ws/install/ros2_path_planning/share/ros2_path_planning/cmake/ament_cmake_export_targets-extras.cmake
-- Symlinking: /home/pi/wk2/ros2_ws/install/ros2_path_planning/share/ros2_path_planning/cmake/rosidl_cmake_export_typesupport_targets-extras.cmake
-- Symlinking: /home/pi/wk2/ros2_ws/install/ros2_path_planning/share/ros2_path_planning/cmake/rosidl_cmake_export_typesupport_libraries-extras.cmake
-- Symlinking: /home/pi/wk2/ros2_ws/install/ros2_path_planning/share/ros2_path_planning/cmake/ros2_path_planningConfig.cmake
-- Symlinking: /home/pi/wk2/ros2_ws/install/ros2_path_planning/share/ros2_path_planning/cmake/ros2_path_planningConfig-version.cmake
-- Symlinking: /home/pi/wk2/ros2_ws/install/ros2_path_planning/share/ros2_path_planning/package.xml
-- Installing: /home/pi/wk2/ros2_ws/install/ros2_path_planning/lib/libros2_path_planning__rosidl_generator_c.so
-- Set runtime path of "/home/pi/wk2/ros2_ws/install/ros2_path_planning/lib/libros2_path_planning__rosidl_generator_c.so" to ""
-- Installing: /home/pi/wk2/ros2_ws/install/ros2_path_planning/lib/libros2_path_planning__rosidl_typesupport_fastrtps_c.so
-- Set runtime path of "/home/pi/wk2/ros2_ws/install/ros2_path_planning/lib/libros2_path_planning__rosidl_typesupport_fastrtps_c.so" to ""
-- Installing: /home/pi/wk2/ros2_ws/install/ros2_path_planning/lib/libros2_path_planning__rosidl_typesupport_fastrtps_cpp.so
-- Set runtime path of "/home/pi/wk2/ros2_ws/install/ros2_path_planning/lib/libros2_path_planning__rosidl_typesupport_fastrtps_cpp.so" to ""
-- Installing: /home/pi/wk2/ros2_ws/install/ros2_path_planning/lib/libros2_path_planning__rosidl_typesupport_introspection_c.so
-- Set runtime path of "/home/pi/wk2/ros2_ws/install/ros2_path_planning/lib/libros2_path_planning__rosidl_typesupport_introspection_c.so" to ""
-- Installing: /home/pi/wk2/ros2_ws/install/ros2_path_planning/lib/libros2_path_planning__rosidl_typesupport_c.so
-- Set runtime path of "/home/pi/wk2/ros2_ws/install/ros2_path_planning/lib/libros2_path_planning__rosidl_typesupport_c.so" to ""
-- Installing: /home/pi/wk2/ros2_ws/install/ros2_path_planning/lib/libros2_path_planning__rosidl_typesupport_introspection_cpp.so
-- Set runtime path of "/home/pi/wk2/ros2_ws/install/ros2_path_planning/lib/libros2_path_planning__rosidl_typesupport_introspection_cpp.so" to ""
-- Installing: /home/pi/wk2/ros2_ws/install/ros2_path_planning/lib/libros2_path_planning__rosidl_typesupport_cpp.so
-- Set runtime path of "/home/pi/wk2/ros2_ws/install/ros2_path_planning/lib/libros2_path_planning__rosidl_typesupport_cpp.so" to ""
Listing '/home/pi/wk2/ros2_ws/install/ros2_path_planning/local/lib/python3.10/dist-packages/ros2_path_planning'...
Compiling '/home/pi/wk2/ros2_ws/install/ros2_path_planning/local/lib/python3.10/dist-packages/ros2_path_planning/__init__.py'...
Listing '/home/pi/wk2/ros2_ws/install/ros2_path_planning/local/lib/python3.10/dist-packages/ros2_path_planning/srv'...
Compiling '/home/pi/wk2/ros2_ws/install/ros2_path_planning/local/lib/python3.10/dist-packages/ros2_path_planning/srv/__init__.py'...
Compiling '/home/pi/wk2/ros2_ws/install/ros2_path_planning/local/lib/python3.10/dist-packages/ros2_path_planning/srv/_plan_trajectory.py'...
-- Installing: /home/pi/wk2/ros2_ws/install/ros2_path_planning/lib/libros2_path_planning__rosidl_generator_py.so
-- Set runtime path of "/home/pi/wk2/ros2_ws/install/ros2_path_planning/lib/libros2_path_planning__rosidl_generator_py.so" to ""
-- Installing: /home/pi/wk2/ros2_ws/install/ros2_path_planning/share/ros2_path_planning/cmake/export_ros2_path_planning__rosidl_generator_cExport.cmake
-- Installing: /home/pi/wk2/ros2_ws/install/ros2_path_planning/share/ros2_path_planning/cmake/export_ros2_path_planning__rosidl_generator_cExport-noconfig.cmake
-- Installing: /home/pi/wk2/ros2_ws/install/ros2_path_planning/share/ros2_path_planning/cmake/export_ros2_path_planning__rosidl_typesupport_fastrtps_cExport.cmake
-- Installing: /home/pi/wk2/ros2_ws/install/ros2_path_planning/share/ros2_path_planning/cmake/export_ros2_path_planning__rosidl_typesupport_fastrtps_cExport-noconfig.cmake
-- Installing: /home/pi/wk2/ros2_ws/install/ros2_path_planning/share/ros2_path_planning/cmake/export_ros2_path_planning__rosidl_generator_cppExport.cmake
-- Installing: /home/pi/wk2/ros2_ws/install/ros2_path_planning/share/ros2_path_planning/cmake/export_ros2_path_planning__rosidl_typesupport_fastrtps_cppExport.cmake
-- Installing: /home/pi/wk2/ros2_ws/install/ros2_path_planning/share/ros2_path_planning/cmake/export_ros2_path_planning__rosidl_typesupport_fastrtps_cppExport-noconfig.cmake
-- Installing: /home/pi/wk2/ros2_ws/install/ros2_path_planning/share/ros2_path_planning/cmake/ros2_path_planning__rosidl_typesupport_introspection_cExport.cmake
-- Installing: /home/pi/wk2/ros2_ws/install/ros2_path_planning/share/ros2_path_planning/cmake/ros2_path_planning__rosidl_typesupport_introspection_cExport-noconfig.cmake
-- Installing: /home/pi/wk2/ros2_ws/install/ros2_path_planning/share/ros2_path_planning/cmake/ros2_path_planning__rosidl_typesupport_cExport.cmake
-- Installing: /home/pi/wk2/ros2_ws/install/ros2_path_planning/share/ros2_path_planning/cmake/ros2_path_planning__rosidl_typesupport_cExport-noconfig.cmake
-- Installing: /home/pi/wk2/ros2_ws/install/ros2_path_planning/share/ros2_path_planning/cmake/ros2_path_planning__rosidl_typesupport_introspection_cppExport.cmake
-- Installing: /home/pi/wk2/ros2_ws/install/ros2_path_planning/share/ros2_path_planning/cmake/ros2_path_planning__rosidl_typesupport_introspection_cppExport-noconfig.cmake
-- Installing: /home/pi/wk2/ros2_ws/install/ros2_path_planning/share/ros2_path_planning/cmake/ros2_path_planning__rosidl_typesupport_cppExport.cmake
-- Installing: /home/pi/wk2/ros2_ws/install/ros2_path_planning/share/ros2_path_planning/cmake/ros2_path_planning__rosidl_typesupport_cppExport-noconfig.cmake
-- Installing: /home/pi/wk2/ros2_ws/install/ros2_path_planning/share/ros2_path_planning/cmake/export_ros2_path_planning__rosidl_generator_pyExport.cmake
-- Installing: /home/pi/wk2/ros2_ws/install/ros2_path_planning/share/ros2_path_planning/cmake/export_ros2_path_planning__rosidl_generator_pyExport-noconfig.cmake
