[0.062s] Invoking command in '/home/pi/wk2/ros2_ws/build/ros2_path_planning': CMAKE_PREFIX_PATH=${CMAKE_PREFIX_PATH}:/home/pi/wk2/ros2_ws/install/tutorial:/home/pi/wk2/ros2_ws/install/ros2_brickpi3:/home/pi/wk2/ros2_ws/install/my_package:/home/pi/wk2/ros2_ws/install/ros2_aruco:/home/pi/wk2/ros2_ws/install/py_srvcli:/home/pi/wk2/ros2_ws/install/path_finder:/opt/ros/humble /usr/bin/cmake /home/pi/wk2/ros2_ws/src/ros2_path_planning -DAMENT_CMAKE_SYMLINK_INSTALL=1 -DCMAKE_INSTALL_PREFIX=/home/pi/wk2/ros2_ws/install/ros2_path_planning
[0.117s] -- Found ament_cmake: 1.3.4 (/opt/ros/humble/share/ament_cmake/cmake)
[1.010s] -- Override CMake install command with custom implementation using symlinks instead of copying resources
[1.043s] -- Found rclcpp: 16.0.4 (/opt/ros/humble/share/rclcpp/cmake)
[1.181s] -- Found rosidl_generator_c: 3.1.4 (/opt/ros/humble/share/rosidl_generator_c/cmake)
[1.192s] -- Found rosidl_adapter: 3.1.4 (/opt/ros/humble/share/rosidl_adapter/cmake)
[1.217s] -- Found rosidl_generator_cpp: 3.1.4 (/opt/ros/humble/share/rosidl_generator_cpp/cmake)
[1.263s] -- Using all available rosidl_typesupport_c: rosidl_typesupport_fastrtps_c;rosidl_typesupport_introspection_c
[1.325s] -- Using all available rosidl_typesupport_cpp: rosidl_typesupport_fastrtps_cpp;rosidl_typesupport_introspection_cpp
[1.553s] -- Found rmw_implementation_cmake: 6.1.1 (/opt/ros/humble/share/rmw_implementation_cmake/cmake)
[1.560s] -- Found rmw_fastrtps_cpp: 6.2.2 (/opt/ros/humble/share/rmw_fastrtps_cpp/cmake)
[2.163s] -- Using RMW implementation 'rmw_fastrtps_cpp' as default
[2.745s] -- Found rclpy: 3.3.8 (/opt/ros/humble/share/rclpy/cmake)
[2.748s] -- Found geometry_msgs: 4.2.3 (/opt/ros/humble/share/geometry_msgs/cmake)
[2.905s] -- Found nav_msgs: 4.2.3 (/opt/ros/humble/share/nav_msgs/cmake)
[3.202s] -- Found rosidl_default_generators: 1.2.0 (/opt/ros/humble/share/rosidl_default_generators/cmake)
[4.699s] -- Found ament_cmake_ros: 0.10.0 (/opt/ros/humble/share/ament_cmake_ros/cmake)
[6.919s] -- Using all available rosidl_typesupport_c: rosidl_typesupport_fastrtps_c;rosidl_typesupport_introspection_c
[7.783s] -- Using all available rosidl_typesupport_cpp: rosidl_typesupport_fastrtps_cpp;rosidl_typesupport_introspection_cpp
[7.912s] -- Found PythonInterp: /usr/bin/python3 (found suitable version "3.10.6", minimum required is "3.6") 
[7.936s] -- Found python_cmake_module: 0.10.0 (/opt/ros/humble/share/python_cmake_module/cmake)
[8.068s] -- Found PythonLibs: /usr/lib/aarch64-linux-gnu/libpython3.10.so (found suitable version "3.10.6", minimum required is "3.5") 
[8.069s] -- Using PYTHON_EXECUTABLE: /usr/bin/python3
[8.070s] -- Using PYTHON_INCLUDE_DIRS: /usr/include/python3.10
[8.070s] -- Using PYTHON_LIBRARIES: /usr/lib/aarch64-linux-gnu/libpython3.10.so
[8.187s] -- Found PythonExtra: .so  
[8.586s] -- Configuring done
[8.866s] -- Generating done
[8.883s] -- Build files have been written to: /home/pi/wk2/ros2_ws/build/ros2_path_planning
[8.939s] Invoked command in '/home/pi/wk2/ros2_ws/build/ros2_path_planning' returned '0': CMAKE_PREFIX_PATH=${CMAKE_PREFIX_PATH}:/home/pi/wk2/ros2_ws/install/tutorial:/home/pi/wk2/ros2_ws/install/ros2_brickpi3:/home/pi/wk2/ros2_ws/install/my_package:/home/pi/wk2/ros2_ws/install/ros2_aruco:/home/pi/wk2/ros2_ws/install/py_srvcli:/home/pi/wk2/ros2_ws/install/path_finder:/opt/ros/humble /usr/bin/cmake /home/pi/wk2/ros2_ws/src/ros2_path_planning -DAMENT_CMAKE_SYMLINK_INSTALL=1 -DCMAKE_INSTALL_PREFIX=/home/pi/wk2/ros2_ws/install/ros2_path_planning
[8.940s] Invoking command in '/home/pi/wk2/ros2_ws/build/ros2_path_planning': CMAKE_PREFIX_PATH=${CMAKE_PREFIX_PATH}:/home/pi/wk2/ros2_ws/install/tutorial:/home/pi/wk2/ros2_ws/install/ros2_brickpi3:/home/pi/wk2/ros2_ws/install/my_package:/home/pi/wk2/ros2_ws/install/ros2_aruco:/home/pi/wk2/ros2_ws/install/py_srvcli:/home/pi/wk2/ros2_ws/install/path_finder:/opt/ros/humble /usr/bin/cmake --build /home/pi/wk2/ros2_ws/build/ros2_path_planning -- -j4 -l4
[9.155s] [  3%] [34m[1mGenerating C code for ROS interfaces[0m
[9.235s] [  6%] [34m[1mGenerating C++ code for ROS interfaces[0m
[9.240s] [  6%] Built target ament_cmake_python_symlink_ros2_path_planning
[11.119s] [  9%] [32mBuilding C object CMakeFiles/ros2_path_planning__rosidl_generator_c.dir/rosidl_generator_c/ros2_path_planning/srv/detail/plan_trajectory__functions.c.o[0m
[11.133s] running egg_info
[11.137s] creating ros2_path_planning.egg-info
[11.138s] writing ros2_path_planning.egg-info/PKG-INFO
[11.139s] writing dependency_links to ros2_path_planning.egg-info/dependency_links.txt
[11.140s] writing top-level names to ros2_path_planning.egg-info/top_level.txt
[11.141s] writing manifest file 'ros2_path_planning.egg-info/SOURCES.txt'
[11.162s] reading manifest file 'ros2_path_planning.egg-info/SOURCES.txt'
[11.165s] writing manifest file 'ros2_path_planning.egg-info/SOURCES.txt'
[11.319s] [  9%] Built target ros2_path_planning__cpp
[11.414s] [ 12%] [34m[1mGenerating C++ type support for eProsima Fast-RTPS[0m
[11.437s] [ 16%] [34m[1mGenerating C++ type support dispatch for ROS interfaces[0m
[11.441s] [ 16%] Built target ament_cmake_python_build_ros2_path_planning_egg
[11.552s] [ 19%] [34m[1mGenerating C++ introspection for ROS interfaces[0m
[11.688s] [ 22%] [32m[1mLinking C shared library libros2_path_planning__rosidl_generator_c.so[0m
[11.999s] [ 22%] Built target ros2_path_planning__rosidl_generator_c
[12.061s] [ 25%] [34m[1mGenerating C type support for eProsima Fast-RTPS[0m
[12.955s] [ 29%] [32mBuilding CXX object CMakeFiles/ros2_path_planning__rosidl_typesupport_cpp.dir/rosidl_typesupport_cpp/ros2_path_planning/srv/plan_trajectory__type_support.cpp.o[0m
[13.277s] [ 32%] [32mBuilding CXX object CMakeFiles/ros2_path_planning__rosidl_typesupport_fastrtps_cpp.dir/rosidl_typesupport_fastrtps_cpp/ros2_path_planning/srv/detail/dds_fastrtps/plan_trajectory__type_support.cpp.o[0m
[13.393s] [ 35%] [32mBuilding CXX object CMakeFiles/ros2_path_planning__rosidl_typesupport_introspection_cpp.dir/rosidl_typesupport_introspection_cpp/ros2_path_planning/srv/detail/plan_trajectory__type_support.cpp.o[0m
[13.917s] [ 38%] [32mBuilding CXX object CMakeFiles/ros2_path_planning__rosidl_typesupport_fastrtps_c.dir/rosidl_typesupport_fastrtps_c/ros2_path_planning/srv/detail/plan_trajectory__type_support_c.cpp.o[0m
[15.066s] [ 41%] [32m[1mLinking CXX shared library libros2_path_planning__rosidl_typesupport_cpp.so[0m
[15.636s] [ 41%] Built target ros2_path_planning__rosidl_typesupport_cpp
[15.788s] [ 45%] [34m[1mGenerating C introspection for ROS interfaces[0m
[16.546s] [ 48%] [32m[1mLinking CXX shared library libros2_path_planning__rosidl_typesupport_introspection_cpp.so[0m
[17.121s] [ 51%] [32m[1mLinking CXX shared library libros2_path_planning__rosidl_typesupport_fastrtps_c.so[0m
[17.176s] [ 51%] Built target ros2_path_planning__rosidl_typesupport_introspection_cpp
[17.206s] [ 54%] [32m[1mLinking CXX shared library libros2_path_planning__rosidl_typesupport_fastrtps_cpp.so[0m
[17.293s] [ 58%] [34m[1mGenerating C type support dispatch for ROS interfaces[0m
[17.794s] [ 58%] Built target ros2_path_planning__rosidl_typesupport_fastrtps_c
[17.873s] [ 58%] Built target ros2_path_planning__rosidl_typesupport_fastrtps_cpp
[18.280s] [ 61%] [32mBuilding C object CMakeFiles/ros2_path_planning__rosidl_typesupport_introspection_c.dir/rosidl_typesupport_introspection_c/ros2_path_planning/srv/detail/plan_trajectory__type_support.c.o[0m
[18.552s] [ 64%] [32m[1mLinking C shared library libros2_path_planning__rosidl_typesupport_introspection_c.so[0m
[18.709s] [ 64%] Built target ros2_path_planning__rosidl_typesupport_introspection_c
[18.997s] [ 67%] [32mBuilding CXX object CMakeFiles/ros2_path_planning__rosidl_typesupport_c.dir/rosidl_typesupport_c/ros2_path_planning/srv/plan_trajectory__type_support.cpp.o[0m
[19.162s] [ 70%] [32m[1mLinking CXX shared library libros2_path_planning__rosidl_typesupport_c.so[0m
[19.331s] [ 70%] Built target ros2_path_planning__rosidl_typesupport_c
[19.420s] [ 70%] Built target ros2_path_planning
[19.510s] [ 74%] [34m[1mGenerating Python code for ROS interfaces[0m
[21.165s] [ 74%] Built target ros2_path_planning__py
[21.258s] [ 77%] [32mBuilding C object CMakeFiles/ros2_path_planning__rosidl_generator_py.dir/rosidl_generator_py/ros2_path_planning/srv/_plan_trajectory_s.c.o[0m
[21.852s] [ 80%] [32m[1mLinking C shared library rosidl_generator_py/ros2_path_planning/libros2_path_planning__rosidl_generator_py.so[0m
[22.079s] [ 80%] Built target ros2_path_planning__rosidl_generator_py
[22.188s] [ 87%] [32mBuilding C object CMakeFiles/ros2_path_planning__rosidl_typesupport_introspection_c__pyext.dir/rosidl_generator_py/ros2_path_planning/_ros2_path_planning_s.ep.rosidl_typesupport_introspection_c.c.o[0m
[22.194s] [ 90%] [32mBuilding C object CMakeFiles/ros2_path_planning__rosidl_typesupport_fastrtps_c__pyext.dir/rosidl_generator_py/ros2_path_planning/_ros2_path_planning_s.ep.rosidl_typesupport_fastrtps_c.c.o[0m
[22.198s] [ 90%] [32mBuilding C object CMakeFiles/ros2_path_planning__rosidl_typesupport_c__pyext.dir/rosidl_generator_py/ros2_path_planning/_ros2_path_planning_s.ep.rosidl_typesupport_c.c.o[0m
[22.890s] [ 93%] [32m[1mLinking C shared library rosidl_generator_py/ros2_path_planning/ros2_path_planning_s__rosidl_typesupport_c.cpython-310-aarch64-linux-gnu.so[0m
[22.909s] [ 96%] [32m[1mLinking C shared library rosidl_generator_py/ros2_path_planning/ros2_path_planning_s__rosidl_typesupport_fastrtps_c.cpython-310-aarch64-linux-gnu.so[0m
[22.954s] [100%] [32m[1mLinking C shared library rosidl_generator_py/ros2_path_planning/ros2_path_planning_s__rosidl_typesupport_introspection_c.cpython-310-aarch64-linux-gnu.so[0m
[23.265s] [100%] Built target ros2_path_planning__rosidl_typesupport_c__pyext
[23.274s] [100%] Built target ros2_path_planning__rosidl_typesupport_fastrtps_c__pyext
[23.281s] [100%] Built target ros2_path_planning__rosidl_typesupport_introspection_c__pyext
[23.336s] Invoked command in '/home/pi/wk2/ros2_ws/build/ros2_path_planning' returned '0': CMAKE_PREFIX_PATH=${CMAKE_PREFIX_PATH}:/home/pi/wk2/ros2_ws/install/tutorial:/home/pi/wk2/ros2_ws/install/ros2_brickpi3:/home/pi/wk2/ros2_ws/install/my_package:/home/pi/wk2/ros2_ws/install/ros2_aruco:/home/pi/wk2/ros2_ws/install/py_srvcli:/home/pi/wk2/ros2_ws/install/path_finder:/opt/ros/humble /usr/bin/cmake --build /home/pi/wk2/ros2_ws/build/ros2_path_planning -- -j4 -l4
[23.772s] Invoking command in '/home/pi/wk2/ros2_ws/build/ros2_path_planning': CMAKE_PREFIX_PATH=${CMAKE_PREFIX_PATH}:/home/pi/wk2/ros2_ws/install/tutorial:/home/pi/wk2/ros2_ws/install/ros2_brickpi3:/home/pi/wk2/ros2_ws/install/my_package:/home/pi/wk2/ros2_ws/install/ros2_aruco:/home/pi/wk2/ros2_ws/install/py_srvcli:/home/pi/wk2/ros2_ws/install/path_finder:/opt/ros/humble /usr/bin/cmake --install /home/pi/wk2/ros2_ws/build/ros2_path_planning
[23.798s] -- Install configuration: ""
[23.800s] -- Execute custom install script
[23.803s] -- Symlinking: /home/pi/wk2/ros2_ws/install/ros2_path_planning/share/ament_index/resource_index/rosidl_interfaces/ros2_path_planning
[23.835s] -- Symlinking: /home/pi/wk2/ros2_ws/install/ros2_path_planning/include/ros2_path_planning/ros2_path_planning/msg/rosidl_generator_c__visibility_control.h
[23.866s] -- Symlinking: /home/pi/wk2/ros2_ws/install/ros2_path_planning/include/ros2_path_planning/ros2_path_planning/srv/detail/plan_trajectory__functions.h
[23.897s] -- Symlinking: /home/pi/wk2/ros2_ws/install/ros2_path_planning/include/ros2_path_planning/ros2_path_planning/srv/detail/plan_trajectory__struct.h
[23.928s] -- Symlinking: /home/pi/wk2/ros2_ws/install/ros2_path_planning/include/ros2_path_planning/ros2_path_planning/srv/detail/plan_trajectory__type_support.h
[23.960s] -- Symlinking: /home/pi/wk2/ros2_ws/install/ros2_path_planning/include/ros2_path_planning/ros2_path_planning/srv/plan_trajectory.h
[23.992s] -- Symlinking: /home/pi/wk2/ros2_ws/install/ros2_path_planning/share/ros2_path_planning/environment/library_path.sh
[24.025s] -- Symlinking: /home/pi/wk2/ros2_ws/install/ros2_path_planning/share/ros2_path_planning/environment/library_path.dsv
[24.060s] -- Symlinking: /home/pi/wk2/ros2_ws/install/ros2_path_planning/include/ros2_path_planning/ros2_path_planning/msg/rosidl_typesupport_fastrtps_c__visibility_control.h
[24.091s] -- Symlinking: /home/pi/wk2/ros2_ws/install/ros2_path_planning/include/ros2_path_planning/ros2_path_planning/srv/detail/plan_trajectory__rosidl_typesupport_fastrtps_c.h
[24.123s] -- Symlinking: /home/pi/wk2/ros2_ws/install/ros2_path_planning/include/ros2_path_planning/ros2_path_planning/srv/detail/plan_trajectory__builder.hpp
[24.156s] -- Symlinking: /home/pi/wk2/ros2_ws/install/ros2_path_planning/include/ros2_path_planning/ros2_path_planning/srv/detail/plan_trajectory__struct.hpp
[24.188s] -- Symlinking: /home/pi/wk2/ros2_ws/install/ros2_path_planning/include/ros2_path_planning/ros2_path_planning/srv/detail/plan_trajectory__traits.hpp
[24.220s] -- Symlinking: /home/pi/wk2/ros2_ws/install/ros2_path_planning/include/ros2_path_planning/ros2_path_planning/srv/plan_trajectory.hpp
[24.255s] -- Symlinking: /home/pi/wk2/ros2_ws/install/ros2_path_planning/include/ros2_path_planning/ros2_path_planning/msg/rosidl_typesupport_fastrtps_cpp__visibility_control.h
[24.289s] -- Symlinking: /home/pi/wk2/ros2_ws/install/ros2_path_planning/include/ros2_path_planning/ros2_path_planning/srv/detail/plan_trajectory__rosidl_typesupport_fastrtps_cpp.hpp
[24.324s] -- Symlinking: /home/pi/wk2/ros2_ws/install/ros2_path_planning/include/ros2_path_planning/ros2_path_planning/msg/rosidl_typesupport_introspection_c__visibility_control.h
[24.356s] -- Symlinking: /home/pi/wk2/ros2_ws/install/ros2_path_planning/include/ros2_path_planning/ros2_path_planning/srv/detail/plan_trajectory__rosidl_typesupport_introspection_c.h
[24.388s] -- Symlinking: /home/pi/wk2/ros2_ws/install/ros2_path_planning/include/ros2_path_planning/ros2_path_planning/srv/detail/plan_trajectory__rosidl_typesupport_introspection_cpp.hpp
[24.422s] -- Symlinking: /home/pi/wk2/ros2_ws/install/ros2_path_planning/share/ros2_path_planning/environment/pythonpath.sh
[24.455s] -- Symlinking: /home/pi/wk2/ros2_ws/install/ros2_path_planning/share/ros2_path_planning/environment/pythonpath.dsv
[24.489s] -- Symlinking: /home/pi/wk2/ros2_ws/install/ros2_path_planning/local/lib/python3.10/dist-packages/ros2_path_planning-0.0.1-py3.10.egg-info/PKG-INFO
[24.523s] -- Symlinking: /home/pi/wk2/ros2_ws/install/ros2_path_planning/local/lib/python3.10/dist-packages/ros2_path_planning-0.0.1-py3.10.egg-info/SOURCES.txt
[24.557s] -- Symlinking: /home/pi/wk2/ros2_ws/install/ros2_path_planning/local/lib/python3.10/dist-packages/ros2_path_planning-0.0.1-py3.10.egg-info/dependency_links.txt
[24.589s] -- Symlinking: /home/pi/wk2/ros2_ws/install/ros2_path_planning/local/lib/python3.10/dist-packages/ros2_path_planning-0.0.1-py3.10.egg-info/top_level.txt
[24.624s] -- Symlinking: /home/pi/wk2/ros2_ws/install/ros2_path_planning/local/lib/python3.10/dist-packages/ros2_path_planning/__init__.py
[24.657s] -- Symlinking: /home/pi/wk2/ros2_ws/install/ros2_path_planning/local/lib/python3.10/dist-packages/ros2_path_planning/_ros2_path_planning_s.ep.rosidl_typesupport_c.c
[24.688s] -- Symlinking: /home/pi/wk2/ros2_ws/install/ros2_path_planning/local/lib/python3.10/dist-packages/ros2_path_planning/_ros2_path_planning_s.ep.rosidl_typesupport_fastrtps_c.c
[24.720s] -- Symlinking: /home/pi/wk2/ros2_ws/install/ros2_path_planning/local/lib/python3.10/dist-packages/ros2_path_planning/_ros2_path_planning_s.ep.rosidl_typesupport_introspection_c.c
[24.752s] -- Symlinking: /home/pi/wk2/ros2_ws/install/ros2_path_planning/local/lib/python3.10/dist-packages/ros2_path_planning/libros2_path_planning__rosidl_generator_py.so
[24.825s] -- Symlinking: /home/pi/wk2/ros2_ws/install/ros2_path_planning/local/lib/python3.10/dist-packages/ros2_path_planning/ros2_path_planning_s__rosidl_typesupport_c.cpython-310-aarch64-linux-gnu.so
[24.858s] -- Symlinking: /home/pi/wk2/ros2_ws/install/ros2_path_planning/local/lib/python3.10/dist-packages/ros2_path_planning/ros2_path_planning_s__rosidl_typesupport_fastrtps_c.cpython-310-aarch64-linux-gnu.so
[24.890s] -- Symlinking: /home/pi/wk2/ros2_ws/install/ros2_path_planning/local/lib/python3.10/dist-packages/ros2_path_planning/ros2_path_planning_s__rosidl_typesupport_introspection_c.cpython-310-aarch64-linux-gnu.so
[24.922s] -- Symlinking: /home/pi/wk2/ros2_ws/install/ros2_path_planning/local/lib/python3.10/dist-packages/ros2_path_planning/srv/__init__.py
[24.955s] -- Symlinking: /home/pi/wk2/ros2_ws/install/ros2_path_planning/local/lib/python3.10/dist-packages/ros2_path_planning/srv/_plan_trajectory.py
[24.988s] -- Symlinking: /home/pi/wk2/ros2_ws/install/ros2_path_planning/local/lib/python3.10/dist-packages/ros2_path_planning/srv/_plan_trajectory_s.c
[25.020s] -- Up-to-date symlink: /home/pi/wk2/ros2_ws/install/ros2_path_planning/local/lib/python3.10/dist-packages/ros2_path_planning/ros2_path_planning_s__rosidl_typesupport_fastrtps_c.cpython-310-aarch64-linux-gnu.so
[25.022s] -- Up-to-date symlink: /home/pi/wk2/ros2_ws/install/ros2_path_planning/local/lib/python3.10/dist-packages/ros2_path_planning/ros2_path_planning_s__rosidl_typesupport_introspection_c.cpython-310-aarch64-linux-gnu.so
[25.023s] -- Up-to-date symlink: /home/pi/wk2/ros2_ws/install/ros2_path_planning/local/lib/python3.10/dist-packages/ros2_path_planning/ros2_path_planning_s__rosidl_typesupport_c.cpython-310-aarch64-linux-gnu.so
[25.030s] -- Symlinking: /home/pi/wk2/ros2_ws/install/ros2_path_planning/share/ros2_path_planning/srv/PlanTrajectory.idl
[25.062s] -- Symlinking: /home/pi/wk2/ros2_ws/install/ros2_path_planning/share/ros2_path_planning/srv/PlanTrajectory.srv
[25.092s] -- Symlinking: /home/pi/wk2/ros2_ws/install/ros2_path_planning/share/ros2_path_planning/srv/PlanTrajectory_Request.msg
[25.125s] -- Symlinking: /home/pi/wk2/ros2_ws/install/ros2_path_planning/share/ros2_path_planning/srv/PlanTrajectory_Response.msg
[25.157s] -- Symlinking: /home/pi/wk2/ros2_ws/install/ros2_path_planning/lib/ros2_path_planning/planner_service.py
[25.190s] -- Symlinking: /home/pi/wk2/ros2_ws/install/ros2_path_planning/share/ament_index/resource_index/package_run_dependencies/ros2_path_planning
[25.222s] -- Symlinking: /home/pi/wk2/ros2_ws/install/ros2_path_planning/share/ament_index/resource_index/parent_prefix_path/ros2_path_planning
[25.254s] -- Symlinking: /home/pi/wk2/ros2_ws/install/ros2_path_planning/share/ros2_path_planning/environment/ament_prefix_path.sh
[25.287s] -- Symlinking: /home/pi/wk2/ros2_ws/install/ros2_path_planning/share/ros2_path_planning/environment/ament_prefix_path.dsv
[25.331s] -- Symlinking: /home/pi/wk2/ros2_ws/install/ros2_path_planning/share/ros2_path_planning/environment/path.sh
[25.420s] -- Symlinking: /home/pi/wk2/ros2_ws/install/ros2_path_planning/share/ros2_path_planning/environment/path.dsv
[25.497s] -- Symlinking: /home/pi/wk2/ros2_ws/install/ros2_path_planning/share/ros2_path_planning/local_setup.bash
[25.545s] -- Symlinking: /home/pi/wk2/ros2_ws/install/ros2_path_planning/share/ros2_path_planning/local_setup.sh
[25.597s] -- Symlinking: /home/pi/wk2/ros2_ws/install/ros2_path_planning/share/ros2_path_planning/local_setup.zsh
[25.641s] -- Symlinking: /home/pi/wk2/ros2_ws/install/ros2_path_planning/share/ros2_path_planning/local_setup.dsv
[25.676s] -- Symlinking: /home/pi/wk2/ros2_ws/install/ros2_path_planning/share/ros2_path_planning/package.dsv
[25.710s] -- Symlinking: /home/pi/wk2/ros2_ws/install/ros2_path_planning/share/ament_index/resource_index/packages/ros2_path_planning
[25.745s] -- Symlinking: /home/pi/wk2/ros2_ws/install/ros2_path_planning/share/ros2_path_planning/cmake/rosidl_cmake-extras.cmake
[25.777s] -- Symlinking: /home/pi/wk2/ros2_ws/install/ros2_path_planning/share/ros2_path_planning/cmake/ament_cmake_export_dependencies-extras.cmake
[25.809s] -- Symlinking: /home/pi/wk2/ros2_ws/install/ros2_path_planning/share/ros2_path_planning/cmake/ament_cmake_export_include_directories-extras.cmake
[25.843s] -- Symlinking: /home/pi/wk2/ros2_ws/install/ros2_path_planning/share/ros2_path_planning/cmake/ament_cmake_export_libraries-extras.cmake
[25.878s] -- Symlinking: /home/pi/wk2/ros2_ws/install/ros2_path_planning/share/ros2_path_planning/cmake/ament_cmake_export_targets-extras.cmake
[25.909s] -- Symlinking: /home/pi/wk2/ros2_ws/install/ros2_path_planning/share/ros2_path_planning/cmake/rosidl_cmake_export_typesupport_targets-extras.cmake
[25.943s] -- Symlinking: /home/pi/wk2/ros2_ws/install/ros2_path_planning/share/ros2_path_planning/cmake/rosidl_cmake_export_typesupport_libraries-extras.cmake
[25.976s] -- Symlinking: /home/pi/wk2/ros2_ws/install/ros2_path_planning/share/ros2_path_planning/cmake/ros2_path_planningConfig.cmake
[26.009s] -- Symlinking: /home/pi/wk2/ros2_ws/install/ros2_path_planning/share/ros2_path_planning/cmake/ros2_path_planningConfig-version.cmake
[26.040s] -- Symlinking: /home/pi/wk2/ros2_ws/install/ros2_path_planning/share/ros2_path_planning/package.xml
[26.073s] -- Installing: /home/pi/wk2/ros2_ws/install/ros2_path_planning/lib/libros2_path_planning__rosidl_generator_c.so
[26.077s] -- Set runtime path of "/home/pi/wk2/ros2_ws/install/ros2_path_planning/lib/libros2_path_planning__rosidl_generator_c.so" to ""
[26.077s] -- Installing: /home/pi/wk2/ros2_ws/install/ros2_path_planning/lib/libros2_path_planning__rosidl_typesupport_fastrtps_c.so
[26.080s] -- Set runtime path of "/home/pi/wk2/ros2_ws/install/ros2_path_planning/lib/libros2_path_planning__rosidl_typesupport_fastrtps_c.so" to ""
[26.081s] -- Installing: /home/pi/wk2/ros2_ws/install/ros2_path_planning/lib/libros2_path_planning__rosidl_typesupport_fastrtps_cpp.so
[26.084s] -- Set runtime path of "/home/pi/wk2/ros2_ws/install/ros2_path_planning/lib/libros2_path_planning__rosidl_typesupport_fastrtps_cpp.so" to ""
[26.085s] -- Installing: /home/pi/wk2/ros2_ws/install/ros2_path_planning/lib/libros2_path_planning__rosidl_typesupport_introspection_c.so
[26.093s] -- Set runtime path of "/home/pi/wk2/ros2_ws/install/ros2_path_planning/lib/libros2_path_planning__rosidl_typesupport_introspection_c.so" to ""
[26.094s] -- Installing: /home/pi/wk2/ros2_ws/install/ros2_path_planning/lib/libros2_path_planning__rosidl_typesupport_c.so
[26.094s] -- Set runtime path of "/home/pi/wk2/ros2_ws/install/ros2_path_planning/lib/libros2_path_planning__rosidl_typesupport_c.so" to ""
[26.095s] -- Installing: /home/pi/wk2/ros2_ws/install/ros2_path_planning/lib/libros2_path_planning__rosidl_typesupport_introspection_cpp.so
[26.098s] -- Set runtime path of "/home/pi/wk2/ros2_ws/install/ros2_path_planning/lib/libros2_path_planning__rosidl_typesupport_introspection_cpp.so" to ""
[26.098s] -- Installing: /home/pi/wk2/ros2_ws/install/ros2_path_planning/lib/libros2_path_planning__rosidl_typesupport_cpp.so
[26.101s] -- Set runtime path of "/home/pi/wk2/ros2_ws/install/ros2_path_planning/lib/libros2_path_planning__rosidl_typesupport_cpp.so" to ""
[26.336s] Listing '/home/pi/wk2/ros2_ws/install/ros2_path_planning/local/lib/python3.10/dist-packages/ros2_path_planning'...
[26.337s] Compiling '/home/pi/wk2/ros2_ws/install/ros2_path_planning/local/lib/python3.10/dist-packages/ros2_path_planning/__init__.py'...
[26.339s] Listing '/home/pi/wk2/ros2_ws/install/ros2_path_planning/local/lib/python3.10/dist-packages/ros2_path_planning/srv'...
[26.340s] Compiling '/home/pi/wk2/ros2_ws/install/ros2_path_planning/local/lib/python3.10/dist-packages/ros2_path_planning/srv/__init__.py'...
[26.342s] Compiling '/home/pi/wk2/ros2_ws/install/ros2_path_planning/local/lib/python3.10/dist-packages/ros2_path_planning/srv/_plan_trajectory.py'...
[26.367s] -- Installing: /home/pi/wk2/ros2_ws/install/ros2_path_planning/lib/libros2_path_planning__rosidl_generator_py.so
[26.370s] -- Set runtime path of "/home/pi/wk2/ros2_ws/install/ros2_path_planning/lib/libros2_path_planning__rosidl_generator_py.so" to ""
[26.370s] -- Installing: /home/pi/wk2/ros2_ws/install/ros2_path_planning/share/ros2_path_planning/cmake/export_ros2_path_planning__rosidl_generator_cExport.cmake
[26.372s] -- Installing: /home/pi/wk2/ros2_ws/install/ros2_path_planning/share/ros2_path_planning/cmake/export_ros2_path_planning__rosidl_generator_cExport-noconfig.cmake
[26.374s] -- Installing: /home/pi/wk2/ros2_ws/install/ros2_path_planning/share/ros2_path_planning/cmake/export_ros2_path_planning__rosidl_typesupport_fastrtps_cExport.cmake
[26.377s] -- Installing: /home/pi/wk2/ros2_ws/install/ros2_path_planning/share/ros2_path_planning/cmake/export_ros2_path_planning__rosidl_typesupport_fastrtps_cExport-noconfig.cmake
[26.378s] -- Installing: /home/pi/wk2/ros2_ws/install/ros2_path_planning/share/ros2_path_planning/cmake/export_ros2_path_planning__rosidl_generator_cppExport.cmake
[26.379s] -- Installing: /home/pi/wk2/ros2_ws/install/ros2_path_planning/share/ros2_path_planning/cmake/export_ros2_path_planning__rosidl_typesupport_fastrtps_cppExport.cmake
[26.389s] -- Installing: /home/pi/wk2/ros2_ws/install/ros2_path_planning/share/ros2_path_planning/cmake/export_ros2_path_planning__rosidl_typesupport_fastrtps_cppExport-noconfig.cmake
[26.391s] -- Installing: /home/pi/wk2/ros2_ws/install/ros2_path_planning/share/ros2_path_planning/cmake/ros2_path_planning__rosidl_typesupport_introspection_cExport.cmake
[26.402s] -- Installing: /home/pi/wk2/ros2_ws/install/ros2_path_planning/share/ros2_path_planning/cmake/ros2_path_planning__rosidl_typesupport_introspection_cExport-noconfig.cmake
[26.404s] -- Installing: /home/pi/wk2/ros2_ws/install/ros2_path_planning/share/ros2_path_planning/cmake/ros2_path_planning__rosidl_typesupport_cExport.cmake
[26.406s] -- Installing: /home/pi/wk2/ros2_ws/install/ros2_path_planning/share/ros2_path_planning/cmake/ros2_path_planning__rosidl_typesupport_cExport-noconfig.cmake
[26.408s] -- Installing: /home/pi/wk2/ros2_ws/install/ros2_path_planning/share/ros2_path_planning/cmake/ros2_path_planning__rosidl_typesupport_introspection_cppExport.cmake
[26.426s] -- Installing: /home/pi/wk2/ros2_ws/install/ros2_path_planning/share/ros2_path_planning/cmake/ros2_path_planning__rosidl_typesupport_introspection_cppExport-noconfig.cmake
[26.430s] -- Installing: /home/pi/wk2/ros2_ws/install/ros2_path_planning/share/ros2_path_planning/cmake/ros2_path_planning__rosidl_typesupport_cppExport.cmake
[26.432s] -- Installing: /home/pi/wk2/ros2_ws/install/ros2_path_planning/share/ros2_path_planning/cmake/ros2_path_planning__rosidl_typesupport_cppExport-noconfig.cmake
[26.432s] -- Installing: /home/pi/wk2/ros2_ws/install/ros2_path_planning/share/ros2_path_planning/cmake/export_ros2_path_planning__rosidl_generator_pyExport.cmake
[26.450s] -- Installing: /home/pi/wk2/ros2_ws/install/ros2_path_planning/share/ros2_path_planning/cmake/export_ros2_path_planning__rosidl_generator_pyExport-noconfig.cmake
[26.485s] Invoked command in '/home/pi/wk2/ros2_ws/build/ros2_path_planning' returned '0': CMAKE_PREFIX_PATH=${CMAKE_PREFIX_PATH}:/home/pi/wk2/ros2_ws/install/tutorial:/home/pi/wk2/ros2_ws/install/ros2_brickpi3:/home/pi/wk2/ros2_ws/install/my_package:/home/pi/wk2/ros2_ws/install/ros2_aruco:/home/pi/wk2/ros2_ws/install/py_srvcli:/home/pi/wk2/ros2_ws/install/path_finder:/opt/ros/humble /usr/bin/cmake --install /home/pi/wk2/ros2_ws/build/ros2_path_planning
