[7.581s] Invoking command in '/home/pi/wk2/ros2_ws/build/my_package': PYTHONPATH=/home/pi/wk2/ros2_ws/build/my_package/prefix_override:/home/pi/wk2/ros2_ws/install/my_package/lib/python3.10/site-packages:${PYTHONPATH} /usr/bin/python3 setup.py develop --editable --build-directory /home/pi/wk2/ros2_ws/build/my_package/build --no-deps install_data
[9.130s] running develop
[9.132s] /usr/lib/python3/dist-packages/setuptools/command/easy_install.py:158: EasyInstallDeprecationWarning: easy_install command is deprecated. Use build and pip and other standards-based tools.
[9.132s]   warnings.warn(
[9.140s] /usr/lib/python3/dist-packages/setuptools/command/install.py:34: SetuptoolsDeprecationWarning: setup.py install is deprecated. Use build and pip and other standards-based tools.
[9.140s]   warnings.warn(
[9.474s] /usr/lib/python3/dist-packages/pkg_resources/__init__.py:116: PkgResourcesDeprecationWarning: 1.16.0-unknown is an invalid version and will not be supported in a future release
[9.474s]   warnings.warn(
[9.475s] /usr/lib/python3/dist-packages/pkg_resources/__init__.py:116: PkgResourcesDeprecationWarning: 1.1build1 is an invalid version and will not be supported in a future release
[9.476s]   warnings.warn(
[9.477s] /usr/lib/python3/dist-packages/pkg_resources/__init__.py:116: PkgResourcesDeprecationWarning: 0.1.43ubuntu1 is an invalid version and will not be supported in a future release
[9.477s]   warnings.warn(
[10.188s] running egg_info
[10.189s] writing my_package.egg-info/PKG-INFO
[10.191s] writing dependency_links to my_package.egg-info/dependency_links.txt
[10.193s] writing entry points to my_package.egg-info/entry_points.txt
[10.194s] writing requirements to my_package.egg-info/requires.txt
[10.196s] writing top-level names to my_package.egg-info/top_level.txt
[10.206s] reading manifest file 'my_package.egg-info/SOURCES.txt'
[10.212s] writing manifest file 'my_package.egg-info/SOURCES.txt'
[10.221s] running build_ext
[10.222s] Creating /home/pi/wk2/ros2_ws/install/my_package/lib/python3.10/site-packages/my-package.egg-link (link to .)
[10.226s] Installing color script to /home/pi/wk2/ros2_ws/install/my_package/lib/my_package
[10.227s] Installing drive script to /home/pi/wk2/ros2_ws/install/my_package/lib/my_package
[10.228s] Installing gyro script to /home/pi/wk2/ros2_ws/install/my_package/lib/my_package
[10.230s] Installing motor script to /home/pi/wk2/ros2_ws/install/my_package/lib/my_package
[10.231s] Installing my_node script to /home/pi/wk2/ros2_ws/install/my_package/lib/my_package
[10.233s] Installing touch script to /home/pi/wk2/ros2_ws/install/my_package/lib/my_package
[10.233s] Installing ultrasonic script to /home/pi/wk2/ros2_ws/install/my_package/lib/my_package
[10.234s] 
[10.235s] Installed /home/pi/wk2/ros2_ws/build/my_package
[10.240s] running install_data
[10.241s] copying package.xml -> /home/pi/wk2/ros2_ws/install/my_package/share/my_package
[10.543s] Invoked command in '/home/pi/wk2/ros2_ws/build/my_package' returned '0': PYTHONPATH=/home/pi/wk2/ros2_ws/build/my_package/prefix_override:/home/pi/wk2/ros2_ws/install/my_package/lib/python3.10/site-packages:${PYTHONPATH} /usr/bin/python3 setup.py develop --editable --build-directory /home/pi/wk2/ros2_ws/build/my_package/build --no-deps install_data
