[5.786s] Invoking command in '/home/pi/wk2/ros2_ws/build/my_package': PYTHONPATH=/home/pi/wk2/ros2_ws/build/my_package/prefix_override:/home/pi/wk2/ros2_ws/install/my_package/lib/python3.10/site-packages:${PYTHONPATH} /usr/bin/python3 setup.py develop --editable --build-directory /home/pi/wk2/ros2_ws/build/my_package/build --no-deps install_data
[7.290s] running develop
[7.298s] /usr/lib/python3/dist-packages/setuptools/command/easy_install.py:158: EasyInstallDeprecationWarning: easy_install command is deprecated. Use build and pip and other standards-based tools.
[7.299s]   warnings.warn(
[7.299s] /usr/lib/python3/dist-packages/setuptools/command/install.py:34: SetuptoolsDeprecationWarning: setup.py install is deprecated. Use build and pip and other standards-based tools.
[7.300s]   warnings.warn(
[7.623s] /usr/lib/python3/dist-packages/pkg_resources/__init__.py:116: PkgResourcesDeprecationWarning: 1.16.0-unknown is an invalid version and will not be supported in a future release
[7.624s]   warnings.warn(
[7.628s] /usr/lib/python3/dist-packages/pkg_resources/__init__.py:116: PkgResourcesDeprecationWarning: 1.1build1 is an invalid version and will not be supported in a future release
[7.629s]   warnings.warn(
[7.629s] /usr/lib/python3/dist-packages/pkg_resources/__init__.py:116: PkgResourcesDeprecationWarning: 0.1.43ubuntu1 is an invalid version and will not be supported in a future release
[7.630s]   warnings.warn(
[8.205s] running egg_info
[8.208s] writing my_package.egg-info/PKG-INFO
[8.217s] writing dependency_links to my_package.egg-info/dependency_links.txt
[8.221s] writing entry points to my_package.egg-info/entry_points.txt
[8.225s] writing requirements to my_package.egg-info/requires.txt
[8.227s] writing top-level names to my_package.egg-info/top_level.txt
[8.238s] reading manifest file 'my_package.egg-info/SOURCES.txt'
[8.254s] writing manifest file 'my_package.egg-info/SOURCES.txt'
[8.270s] running build_ext
[8.271s] Creating /home/pi/wk2/ros2_ws/install/my_package/lib/python3.10/site-packages/my-package.egg-link (link to .)
[8.280s] Installing color script to /home/pi/wk2/ros2_ws/install/my_package/lib/my_package
[8.282s] Installing drive script to /home/pi/wk2/ros2_ws/install/my_package/lib/my_package
[8.283s] Installing gyro script to /home/pi/wk2/ros2_ws/install/my_package/lib/my_package
[8.285s] Installing motor script to /home/pi/wk2/ros2_ws/install/my_package/lib/my_package
[8.288s] Installing my_node script to /home/pi/wk2/ros2_ws/install/my_package/lib/my_package
[8.293s] Installing touch script to /home/pi/wk2/ros2_ws/install/my_package/lib/my_package
[8.294s] Installing ultrasonic script to /home/pi/wk2/ros2_ws/install/my_package/lib/my_package
[8.297s] 
[8.298s] Installed /home/pi/wk2/ros2_ws/build/my_package
[8.326s] running install_data
[8.345s] creating /home/pi/wk2/ros2_ws/install/my_package/share/my_package/launch
[8.364s] copying launch/motors.launch.py -> /home/pi/wk2/ros2_ws/install/my_package/share/my_package/launch
[8.367s] copying launch/drive.launch.py -> /home/pi/wk2/ros2_ws/install/my_package/share/my_package/launch
[8.683s] Invoked command in '/home/pi/wk2/ros2_ws/build/my_package' returned '0': PYTHONPATH=/home/pi/wk2/ros2_ws/build/my_package/prefix_override:/home/pi/wk2/ros2_ws/install/my_package/lib/python3.10/site-packages:${PYTHONPATH} /usr/bin/python3 setup.py develop --editable --build-directory /home/pi/wk2/ros2_ws/build/my_package/build --no-deps install_data
