[2.693s] Invoking command in '/home/pi/wk2/ros2_ws/build/my_package': PYTHONPATH=/home/pi/wk2/ros2_ws/build/my_package/prefix_override:/home/pi/wk2/ros2_ws/install/my_package/lib/python3.10/site-packages:${PYTHONPATH} /usr/bin/python3 setup.py develop --editable --build-directory /home/pi/wk2/ros2_ws/build/my_package/build --no-deps install_data
[3.775s] running develop
[3.776s] /usr/lib/python3/dist-packages/setuptools/command/easy_install.py:158: EasyInstallDeprecationWarning: easy_install command is deprecated. Use build and pip and other standards-based tools.
[3.777s]   warnings.warn(
[3.781s] /usr/lib/python3/dist-packages/setuptools/command/install.py:34: SetuptoolsDeprecationWarning: setup.py install is deprecated. Use build and pip and other standards-based tools.
[3.781s]   warnings.warn(
[4.008s] /usr/lib/python3/dist-packages/pkg_resources/__init__.py:116: PkgResourcesDeprecationWarning: 1.16.0-unknown is an invalid version and will not be supported in a future release
[4.008s]   warnings.warn(
[4.010s] /usr/lib/python3/dist-packages/pkg_resources/__init__.py:116: PkgResourcesDeprecationWarning: 1.1build1 is an invalid version and will not be supported in a future release
[4.011s]   warnings.warn(
[4.011s] /usr/lib/python3/dist-packages/pkg_resources/__init__.py:116: PkgResourcesDeprecationWarning: 0.1.43ubuntu1 is an invalid version and will not be supported in a future release
[4.012s]   warnings.warn(
[4.429s] running egg_info
[4.430s] writing my_package.egg-info/PKG-INFO
[4.432s] writing dependency_links to my_package.egg-info/dependency_links.txt
[4.433s] writing entry points to my_package.egg-info/entry_points.txt
[4.434s] writing requirements to my_package.egg-info/requires.txt
[4.435s] writing top-level names to my_package.egg-info/top_level.txt
[4.442s] reading manifest file 'my_package.egg-info/SOURCES.txt'
[4.446s] writing manifest file 'my_package.egg-info/SOURCES.txt'
[4.452s] running build_ext
[4.453s] Creating /home/pi/wk2/ros2_ws/install/my_package/lib/python3.10/site-packages/my-package.egg-link (link to .)
[4.458s] Installing color script to /home/pi/wk2/ros2_ws/install/my_package/lib/my_package
[4.460s] Installing drive script to /home/pi/wk2/ros2_ws/install/my_package/lib/my_package
[4.460s] Installing gyro script to /home/pi/wk2/ros2_ws/install/my_package/lib/my_package
[4.461s] Installing motor script to /home/pi/wk2/ros2_ws/install/my_package/lib/my_package
[4.462s] Installing my_node script to /home/pi/wk2/ros2_ws/install/my_package/lib/my_package
[4.463s] Installing touch script to /home/pi/wk2/ros2_ws/install/my_package/lib/my_package
[4.465s] Installing ultrasonic script to /home/pi/wk2/ros2_ws/install/my_package/lib/my_package
[4.466s] 
[4.467s] Installed /home/pi/wk2/ros2_ws/build/my_package
[4.467s] running install_data
[4.468s] copying launch/my.launch.py -> /home/pi/wk2/ros2_ws/install/my_package/share/my_package/launch
[4.469s] copying launch/drive.launch.py -> /home/pi/wk2/ros2_ws/install/my_package/share/my_package/launch
[4.604s] Invoked command in '/home/pi/wk2/ros2_ws/build/my_package' returned '0': PYTHONPATH=/home/pi/wk2/ros2_ws/build/my_package/prefix_override:/home/pi/wk2/ros2_ws/install/my_package/lib/python3.10/site-packages:${PYTHONPATH} /usr/bin/python3 setup.py develop --editable --build-directory /home/pi/wk2/ros2_ws/build/my_package/build --no-deps install_data
