running develop
/usr/lib/python3/dist-packages/setuptools/command/easy_install.py:158: EasyInstallDeprecationWarning: easy_install command is deprecated. Use build and pip and other standards-based tools.
  warnings.warn(
/usr/lib/python3/dist-packages/setuptools/command/install.py:34: SetuptoolsDeprecationWarning: setup.py install is deprecated. Use build and pip and other standards-based tools.
  warnings.warn(
/usr/lib/python3/dist-packages/pkg_resources/__init__.py:116: PkgResourcesDeprecationWarning: 1.16.0-unknown is an invalid version and will not be supported in a future release
  warnings.warn(
/usr/lib/python3/dist-packages/pkg_resources/__init__.py:116: PkgResourcesDeprecationWarning: 1.1build1 is an invalid version and will not be supported in a future release
  warnings.warn(
/usr/lib/python3/dist-packages/pkg_resources/__init__.py:116: PkgResourcesDeprecationWarning: 0.1.43ubuntu1 is an invalid version and will not be supported in a future release
  warnings.warn(
Removing /home/pi/wk2/ros2_ws/install/my_package/lib/python3.10/site-packages/my-package.egg-link (link to .)
running egg_info
writing ../../build/my_package/my_package.egg-info/PKG-INFO
writing dependency_links to ../../build/my_package/my_package.egg-info/dependency_links.txt
writing entry points to ../../build/my_package/my_package.egg-info/entry_points.txt
writing requirements to ../../build/my_package/my_package.egg-info/requires.txt
writing top-level names to ../../build/my_package/my_package.egg-info/top_level.txt
reading manifest file '../../build/my_package/my_package.egg-info/SOURCES.txt'
writing manifest file '../../build/my_package/my_package.egg-info/SOURCES.txt'
running build
running build_py
creating /home/pi/wk2/ros2_ws/build/my_package/build
creating /home/pi/wk2/ros2_ws/build/my_package/build/lib
creating /home/pi/wk2/ros2_ws/build/my_package/build/lib/my_package
copying my_package/ultrasonic.py -> /home/pi/wk2/ros2_ws/build/my_package/build/lib/my_package
copying my_package/killall.py -> /home/pi/wk2/ros2_ws/build/my_package/build/lib/my_package
copying my_package/my_node.py -> /home/pi/wk2/ros2_ws/build/my_package/build/lib/my_package
copying my_package/gyro.py -> /home/pi/wk2/ros2_ws/build/my_package/build/lib/my_package
copying my_package/motor.py -> /home/pi/wk2/ros2_ws/build/my_package/build/lib/my_package
copying my_package/touch.py -> /home/pi/wk2/ros2_ws/build/my_package/build/lib/my_package
copying my_package/color.py -> /home/pi/wk2/ros2_ws/build/my_package/build/lib/my_package
copying my_package/__init__.py -> /home/pi/wk2/ros2_ws/build/my_package/build/lib/my_package
copying my_package/drive.py -> /home/pi/wk2/ros2_ws/build/my_package/build/lib/my_package
running install
/usr/lib/python3/dist-packages/setuptools/command/install.py:34: SetuptoolsDeprecationWarning: setup.py install is deprecated. Use build and pip and other standards-based tools.
  warnings.warn(
running install_lib
creating /home/pi/wk2/ros2_ws/install/my_package/lib/python3.10/site-packages/my_package
copying /home/pi/wk2/ros2_ws/build/my_package/build/lib/my_package/ultrasonic.py -> /home/pi/wk2/ros2_ws/install/my_package/lib/python3.10/site-packages/my_package
copying /home/pi/wk2/ros2_ws/build/my_package/build/lib/my_package/killall.py -> /home/pi/wk2/ros2_ws/install/my_package/lib/python3.10/site-packages/my_package
copying /home/pi/wk2/ros2_ws/build/my_package/build/lib/my_package/my_node.py -> /home/pi/wk2/ros2_ws/install/my_package/lib/python3.10/site-packages/my_package
copying /home/pi/wk2/ros2_ws/build/my_package/build/lib/my_package/gyro.py -> /home/pi/wk2/ros2_ws/install/my_package/lib/python3.10/site-packages/my_package
copying /home/pi/wk2/ros2_ws/build/my_package/build/lib/my_package/motor.py -> /home/pi/wk2/ros2_ws/install/my_package/lib/python3.10/site-packages/my_package
copying /home/pi/wk2/ros2_ws/build/my_package/build/lib/my_package/touch.py -> /home/pi/wk2/ros2_ws/install/my_package/lib/python3.10/site-packages/my_package
copying /home/pi/wk2/ros2_ws/build/my_package/build/lib/my_package/color.py -> /home/pi/wk2/ros2_ws/install/my_package/lib/python3.10/site-packages/my_package
copying /home/pi/wk2/ros2_ws/build/my_package/build/lib/my_package/__init__.py -> /home/pi/wk2/ros2_ws/install/my_package/lib/python3.10/site-packages/my_package
copying /home/pi/wk2/ros2_ws/build/my_package/build/lib/my_package/drive.py -> /home/pi/wk2/ros2_ws/install/my_package/lib/python3.10/site-packages/my_package
byte-compiling /home/pi/wk2/ros2_ws/install/my_package/lib/python3.10/site-packages/my_package/ultrasonic.py to ultrasonic.cpython-310.pyc
byte-compiling /home/pi/wk2/ros2_ws/install/my_package/lib/python3.10/site-packages/my_package/killall.py to killall.cpython-310.pyc
byte-compiling /home/pi/wk2/ros2_ws/install/my_package/lib/python3.10/site-packages/my_package/my_node.py to my_node.cpython-310.pyc
byte-compiling /home/pi/wk2/ros2_ws/install/my_package/lib/python3.10/site-packages/my_package/gyro.py to gyro.cpython-310.pyc
byte-compiling /home/pi/wk2/ros2_ws/install/my_package/lib/python3.10/site-packages/my_package/motor.py to motor.cpython-310.pyc
byte-compiling /home/pi/wk2/ros2_ws/install/my_package/lib/python3.10/site-packages/my_package/touch.py to touch.cpython-310.pyc
byte-compiling /home/pi/wk2/ros2_ws/install/my_package/lib/python3.10/site-packages/my_package/color.py to color.cpython-310.pyc
byte-compiling /home/pi/wk2/ros2_ws/install/my_package/lib/python3.10/site-packages/my_package/__init__.py to __init__.cpython-310.pyc
byte-compiling /home/pi/wk2/ros2_ws/install/my_package/lib/python3.10/site-packages/my_package/drive.py to drive.cpython-310.pyc
running install_data
running install_egg_info
Copying ../../build/my_package/my_package.egg-info to /home/pi/wk2/ros2_ws/install/my_package/lib/python3.10/site-packages/my_package-0.0.0-py3.10.egg-info
running install_scripts
Installing color script to /home/pi/wk2/ros2_ws/install/my_package/lib/my_package
Installing drive script to /home/pi/wk2/ros2_ws/install/my_package/lib/my_package
Installing gyro script to /home/pi/wk2/ros2_ws/install/my_package/lib/my_package
Installing motor script to /home/pi/wk2/ros2_ws/install/my_package/lib/my_package
Installing my_node script to /home/pi/wk2/ros2_ws/install/my_package/lib/my_package
Installing touch script to /home/pi/wk2/ros2_ws/install/my_package/lib/my_package
Installing ultrasonic script to /home/pi/wk2/ros2_ws/install/my_package/lib/my_package
writing list of installed files to '/home/pi/wk2/ros2_ws/build/my_package/install.log'
