[5.426s] Invoking command in '/home/pi/wk2/ros2_ws/build/my_package': PYTHONPATH=/home/pi/wk2/ros2_ws/build/my_package/prefix_override:/home/pi/wk2/ros2_ws/install/my_package/lib/python3.10/site-packages:${PYTHONPATH} /usr/bin/python3 setup.py develop --uninstall --editable --build-directory /home/pi/wk2/ros2_ws/build/my_package/build
[6.764s] running develop
[6.768s] /usr/lib/python3/dist-packages/setuptools/command/easy_install.py:158: EasyInstallDeprecationWarning: easy_install command is deprecated. Use build and pip and other standards-based tools.
[6.768s]   warnings.warn(
[6.772s] /usr/lib/python3/dist-packages/setuptools/command/install.py:34: SetuptoolsDeprecationWarning: setup.py install is deprecated. Use build and pip and other standards-based tools.
[6.773s]   warnings.warn(
[7.068s] /usr/lib/python3/dist-packages/pkg_resources/__init__.py:116: PkgResourcesDeprecationWarning: 1.16.0-unknown is an invalid version and will not be supported in a future release
[7.069s]   warnings.warn(
[7.070s] /usr/lib/python3/dist-packages/pkg_resources/__init__.py:116: PkgResourcesDeprecationWarning: 1.1build1 is an invalid version and will not be supported in a future release
[7.071s]   warnings.warn(
[7.072s] /usr/lib/python3/dist-packages/pkg_resources/__init__.py:116: PkgResourcesDeprecationWarning: 0.1.43ubuntu1 is an invalid version and will not be supported in a future release
[7.073s]   warnings.warn(
[7.617s] Removing /home/pi/wk2/ros2_ws/install/my_package/lib/python3.10/site-packages/my-package.egg-link (link to .)
[7.885s] Invoked command in '/home/pi/wk2/ros2_ws/build/my_package' returned '0': PYTHONPATH=/home/pi/wk2/ros2_ws/build/my_package/prefix_override:/home/pi/wk2/ros2_ws/install/my_package/lib/python3.10/site-packages:${PYTHONPATH} /usr/bin/python3 setup.py develop --uninstall --editable --build-directory /home/pi/wk2/ros2_ws/build/my_package/build
[7.902s] Invoking command in '/home/pi/wk2/ros2_ws/src/my_package': PYTHONPATH=/home/pi/wk2/ros2_ws/build/my_package/prefix_override:/home/pi/wk2/ros2_ws/install/my_package/lib/python3.10/site-packages:${PYTHONPATH} /usr/bin/python3 setup.py egg_info --egg-base ../../build/my_package build --build-base /home/pi/wk2/ros2_ws/build/my_package/build install --record /home/pi/wk2/ros2_ws/build/my_package/install.log --single-version-externally-managed
[9.171s] running egg_info
[9.174s] writing ../../build/my_package/my_package.egg-info/PKG-INFO
[9.175s] writing dependency_links to ../../build/my_package/my_package.egg-info/dependency_links.txt
[9.176s] writing entry points to ../../build/my_package/my_package.egg-info/entry_points.txt
[9.177s] writing requirements to ../../build/my_package/my_package.egg-info/requires.txt
[9.178s] writing top-level names to ../../build/my_package/my_package.egg-info/top_level.txt
[9.193s] reading manifest file '../../build/my_package/my_package.egg-info/SOURCES.txt'
[9.200s] writing manifest file '../../build/my_package/my_package.egg-info/SOURCES.txt'
[9.201s] running build
[9.201s] running build_py
[9.203s] creating /home/pi/wk2/ros2_ws/build/my_package/build
[9.204s] creating /home/pi/wk2/ros2_ws/build/my_package/build/lib
[9.205s] creating /home/pi/wk2/ros2_ws/build/my_package/build/lib/my_package
[9.205s] copying my_package/ultrasonic.py -> /home/pi/wk2/ros2_ws/build/my_package/build/lib/my_package
[9.207s] copying my_package/killall.py -> /home/pi/wk2/ros2_ws/build/my_package/build/lib/my_package
[9.209s] copying my_package/my_node.py -> /home/pi/wk2/ros2_ws/build/my_package/build/lib/my_package
[9.209s] copying my_package/gyro.py -> /home/pi/wk2/ros2_ws/build/my_package/build/lib/my_package
[9.211s] copying my_package/motor.py -> /home/pi/wk2/ros2_ws/build/my_package/build/lib/my_package
[9.213s] copying my_package/touch.py -> /home/pi/wk2/ros2_ws/build/my_package/build/lib/my_package
[9.218s] copying my_package/color.py -> /home/pi/wk2/ros2_ws/build/my_package/build/lib/my_package
[9.219s] copying my_package/__init__.py -> /home/pi/wk2/ros2_ws/build/my_package/build/lib/my_package
[9.220s] copying my_package/drive.py -> /home/pi/wk2/ros2_ws/build/my_package/build/lib/my_package
[9.225s] running install
[9.226s] /usr/lib/python3/dist-packages/setuptools/command/install.py:34: SetuptoolsDeprecationWarning: setup.py install is deprecated. Use build and pip and other standards-based tools.
[9.226s]   warnings.warn(
[9.228s] running install_lib
[9.229s] creating /home/pi/wk2/ros2_ws/install/my_package/lib/python3.10/site-packages/my_package
[9.230s] copying /home/pi/wk2/ros2_ws/build/my_package/build/lib/my_package/ultrasonic.py -> /home/pi/wk2/ros2_ws/install/my_package/lib/python3.10/site-packages/my_package
[9.232s] copying /home/pi/wk2/ros2_ws/build/my_package/build/lib/my_package/killall.py -> /home/pi/wk2/ros2_ws/install/my_package/lib/python3.10/site-packages/my_package
[9.234s] copying /home/pi/wk2/ros2_ws/build/my_package/build/lib/my_package/my_node.py -> /home/pi/wk2/ros2_ws/install/my_package/lib/python3.10/site-packages/my_package
[9.236s] copying /home/pi/wk2/ros2_ws/build/my_package/build/lib/my_package/gyro.py -> /home/pi/wk2/ros2_ws/install/my_package/lib/python3.10/site-packages/my_package
[9.237s] copying /home/pi/wk2/ros2_ws/build/my_package/build/lib/my_package/motor.py -> /home/pi/wk2/ros2_ws/install/my_package/lib/python3.10/site-packages/my_package
[9.238s] copying /home/pi/wk2/ros2_ws/build/my_package/build/lib/my_package/touch.py -> /home/pi/wk2/ros2_ws/install/my_package/lib/python3.10/site-packages/my_package
[9.240s] copying /home/pi/wk2/ros2_ws/build/my_package/build/lib/my_package/color.py -> /home/pi/wk2/ros2_ws/install/my_package/lib/python3.10/site-packages/my_package
[9.241s] copying /home/pi/wk2/ros2_ws/build/my_package/build/lib/my_package/__init__.py -> /home/pi/wk2/ros2_ws/install/my_package/lib/python3.10/site-packages/my_package
[9.242s] copying /home/pi/wk2/ros2_ws/build/my_package/build/lib/my_package/drive.py -> /home/pi/wk2/ros2_ws/install/my_package/lib/python3.10/site-packages/my_package
[9.244s] byte-compiling /home/pi/wk2/ros2_ws/install/my_package/lib/python3.10/site-packages/my_package/ultrasonic.py to ultrasonic.cpython-310.pyc
[9.246s] byte-compiling /home/pi/wk2/ros2_ws/install/my_package/lib/python3.10/site-packages/my_package/killall.py to killall.cpython-310.pyc
[9.249s] byte-compiling /home/pi/wk2/ros2_ws/install/my_package/lib/python3.10/site-packages/my_package/my_node.py to my_node.cpython-310.pyc
[9.254s] byte-compiling /home/pi/wk2/ros2_ws/install/my_package/lib/python3.10/site-packages/my_package/gyro.py to gyro.cpython-310.pyc
[9.257s] byte-compiling /home/pi/wk2/ros2_ws/install/my_package/lib/python3.10/site-packages/my_package/motor.py to motor.cpython-310.pyc
[9.261s] byte-compiling /home/pi/wk2/ros2_ws/install/my_package/lib/python3.10/site-packages/my_package/touch.py to touch.cpython-310.pyc
[9.262s] byte-compiling /home/pi/wk2/ros2_ws/install/my_package/lib/python3.10/site-packages/my_package/color.py to color.cpython-310.pyc
[9.266s] byte-compiling /home/pi/wk2/ros2_ws/install/my_package/lib/python3.10/site-packages/my_package/__init__.py to __init__.cpython-310.pyc
[9.267s] byte-compiling /home/pi/wk2/ros2_ws/install/my_package/lib/python3.10/site-packages/my_package/drive.py to drive.cpython-310.pyc
[9.270s] running install_data
[9.273s] running install_egg_info
[9.283s] Copying ../../build/my_package/my_package.egg-info to /home/pi/wk2/ros2_ws/install/my_package/lib/python3.10/site-packages/my_package-0.0.0-py3.10.egg-info
[9.294s] running install_scripts
[9.397s] Installing color script to /home/pi/wk2/ros2_ws/install/my_package/lib/my_package
[9.398s] Installing drive script to /home/pi/wk2/ros2_ws/install/my_package/lib/my_package
[9.399s] Installing gyro script to /home/pi/wk2/ros2_ws/install/my_package/lib/my_package
[9.400s] Installing motor script to /home/pi/wk2/ros2_ws/install/my_package/lib/my_package
[9.402s] Installing my_node script to /home/pi/wk2/ros2_ws/install/my_package/lib/my_package
[9.403s] Installing touch script to /home/pi/wk2/ros2_ws/install/my_package/lib/my_package
[9.405s] Installing ultrasonic script to /home/pi/wk2/ros2_ws/install/my_package/lib/my_package
[9.409s] writing list of installed files to '/home/pi/wk2/ros2_ws/build/my_package/install.log'
[9.664s] Invoked command in '/home/pi/wk2/ros2_ws/src/my_package' returned '0': PYTHONPATH=/home/pi/wk2/ros2_ws/build/my_package/prefix_override:/home/pi/wk2/ros2_ws/install/my_package/lib/python3.10/site-packages:${PYTHONPATH} /usr/bin/python3 setup.py egg_info --egg-base ../../build/my_package build --build-base /home/pi/wk2/ros2_ws/build/my_package/build install --record /home/pi/wk2/ros2_ws/build/my_package/install.log --single-version-externally-managed
