[0.165s] Invoking command in '/home/pi/wk2/ros2_ws/build/ros2_path_planning': CMAKE_PREFIX_PATH=${CMAKE_PREFIX_PATH}:/home/pi/wk2/ros2_ws/install/tutorial:/home/pi/wk2/ros2_ws/install/ros2_brickpi3:/home/pi/wk2/ros2_ws/install/my_package:/home/pi/wk2/ros2_ws/install/ros2_aruco:/home/pi/wk2/ros2_ws/install/py_srvcli:/home/pi/wk2/ros2_ws/install/path_finder:/opt/ros/humble /usr/bin/cmake /home/pi/wk2/ros2_ws/src/ros2_path_planning -DAMENT_CMAKE_SYMLINK_INSTALL=1 -DCMAKE_INSTALL_PREFIX=/home/pi/wk2/ros2_ws/install/ros2_path_planning
[3.887s] -- The C compiler identification is GNU 11.3.0
[3.888s] -- The CXX compiler identification is GNU 11.3.0
[3.888s] -- Detecting C compiler ABI info
[3.889s] -- Detecting C compiler ABI info - done
[3.890s] -- Check for working C compiler: /usr/bin/cc - skipped
[3.916s] -- Detecting C compile features
[3.917s] -- Detecting C compile features - done
[3.918s] -- Detecting CXX compiler ABI info
[4.456s] -- Detecting CXX compiler ABI info - done
[4.635s] -- Check for working CXX compiler: /usr/bin/c++ - skipped
[4.635s] -- Detecting CXX compile features
[4.637s] -- Detecting CXX compile features - done
[4.732s] -- Found ament_cmake: 1.3.4 (/opt/ros/humble/share/ament_cmake/cmake)
[7.274s] -- Found Python3: /usr/bin/python3.10 (found version "3.10.6") found components: Interpreter 
[8.266s] -- Override CMake install command with custom implementation using symlinks instead of copying resources
[9.085s] -- Found rclcpp: 16.0.4 (/opt/ros/humble/share/rclcpp/cmake)
[10.217s] -- Found rosidl_generator_c: 3.1.4 (/opt/ros/humble/share/rosidl_generator_c/cmake)
[10.325s] -- Found rosidl_adapter: 3.1.4 (/opt/ros/humble/share/rosidl_adapter/cmake)
[10.488s] -- Found rosidl_generator_cpp: 3.1.4 (/opt/ros/humble/share/rosidl_generator_cpp/cmake)
[10.914s] -- Using all available rosidl_typesupport_c: rosidl_typesupport_fastrtps_c;rosidl_typesupport_introspection_c
[11.162s] -- Using all available rosidl_typesupport_cpp: rosidl_typesupport_fastrtps_cpp;rosidl_typesupport_introspection_cpp
[11.716s] -- Found rmw_implementation_cmake: 6.1.1 (/opt/ros/humble/share/rmw_implementation_cmake/cmake)
[11.745s] -- Found rmw_fastrtps_cpp: 6.2.2 (/opt/ros/humble/share/rmw_fastrtps_cpp/cmake)
[12.964s] -- Found OpenSSL: /usr/lib/aarch64-linux-gnu/libcrypto.so (found version "3.0.2")  
[13.162s] -- Found FastRTPS: /opt/ros/humble/include  
[13.577s] -- Using RMW implementation 'rmw_fastrtps_cpp' as default
[13.790s] -- Looking for pthread.h
[14.429s] -- Looking for pthread.h - found
[14.431s] -- Performing Test CMAKE_HAVE_LIBC_PTHREAD
[15.175s] -- Performing Test CMAKE_HAVE_LIBC_PTHREAD - Success
[15.186s] -- Found Threads: TRUE  
[16.274s] -- Found rclpy: 3.3.8 (/opt/ros/humble/share/rclpy/cmake)
[16.308s] -- Found geometry_msgs: 4.2.3 (/opt/ros/humble/share/geometry_msgs/cmake)
[16.581s] -- Found nav_msgs: 4.2.3 (/opt/ros/humble/share/nav_msgs/cmake)
[17.385s] -- Found rosidl_default_generators: 1.2.0 (/opt/ros/humble/share/rosidl_default_generators/cmake)
[17.483s] [31mCMake Error at /opt/ros/humble/share/rosidl_cmake/cmake/rosidl_generate_interfaces.cmake:93 (message):
[17.483s]   rosidl_generate_interfaces() the passed file 'srv/PlanTrajectory.srv'
[17.484s]   doesn't exist relative to the CMAKE_CURRENT_SOURCE_DIR
[17.484s]   '/home/pi/wk2/ros2_ws/src/ros2_path_planning'
[17.485s] Call Stack (most recent call first):
[17.485s]   CMakeLists.txt:23 (rosidl_generate_interfaces)
[17.486s] 
[17.486s] [0m
[17.513s] -- Configuring incomplete, errors occurred!
[17.514s] See also "/home/pi/wk2/ros2_ws/build/ros2_path_planning/CMakeFiles/CMakeOutput.log".
[17.616s] Invoked command in '/home/pi/wk2/ros2_ws/build/ros2_path_planning' returned '1': CMAKE_PREFIX_PATH=${CMAKE_PREFIX_PATH}:/home/pi/wk2/ros2_ws/install/tutorial:/home/pi/wk2/ros2_ws/install/ros2_brickpi3:/home/pi/wk2/ros2_ws/install/my_package:/home/pi/wk2/ros2_ws/install/ros2_aruco:/home/pi/wk2/ros2_ws/install/py_srvcli:/home/pi/wk2/ros2_ws/install/path_finder:/opt/ros/humble /usr/bin/cmake /home/pi/wk2/ros2_ws/src/ros2_path_planning -DAMENT_CMAKE_SYMLINK_INSTALL=1 -DCMAKE_INSTALL_PREFIX=/home/pi/wk2/ros2_ws/install/ros2_path_planning
