running egg_info
creating ../../build/tutorial/tutorial.egg-info
writing ../../build/tutorial/tutorial.egg-info/PKG-INFO
writing dependency_links to ../../build/tutorial/tutorial.egg-info/dependency_links.txt
writing entry points to ../../build/tutorial/tutorial.egg-info/entry_points.txt
writing requirements to ../../build/tutorial/tutorial.egg-info/requires.txt
writing top-level names to ../../build/tutorial/tutorial.egg-info/top_level.txt
writing manifest file '../../build/tutorial/tutorial.egg-info/SOURCES.txt'
reading manifest file '../../build/tutorial/tutorial.egg-info/SOURCES.txt'
writing manifest file '../../build/tutorial/tutorial.egg-info/SOURCES.txt'
running build
running build_py
creating /home/pi/ros2_ws/build/tutorial/build
creating /home/pi/ros2_ws/build/tutorial/build/lib
creating /home/pi/ros2_ws/build/tutorial/build/lib/tutorial
copying tutorial/talker.py -> /home/pi/ros2_ws/build/tutorial/build/lib/tutorial
copying tutorial/__init__.py -> /home/pi/ros2_ws/build/tutorial/build/lib/tutorial
copying tutorial/listener.py -> /home/pi/ros2_ws/build/tutorial/build/lib/tutorial
running install
/usr/lib/python3/dist-packages/setuptools/command/install.py:34: SetuptoolsDeprecationWarning: setup.py install is deprecated. Use build and pip and other standards-based tools.
  warnings.warn(
running install_lib
creating /home/pi/ros2_ws/install/tutorial/lib/python3.10/site-packages/tutorial
copying /home/pi/ros2_ws/build/tutorial/build/lib/tutorial/talker.py -> /home/pi/ros2_ws/install/tutorial/lib/python3.10/site-packages/tutorial
copying /home/pi/ros2_ws/build/tutorial/build/lib/tutorial/__init__.py -> /home/pi/ros2_ws/install/tutorial/lib/python3.10/site-packages/tutorial
copying /home/pi/ros2_ws/build/tutorial/build/lib/tutorial/listener.py -> /home/pi/ros2_ws/install/tutorial/lib/python3.10/site-packages/tutorial
byte-compiling /home/pi/ros2_ws/install/tutorial/lib/python3.10/site-packages/tutorial/talker.py to talker.cpython-310.pyc
byte-compiling /home/pi/ros2_ws/install/tutorial/lib/python3.10/site-packages/tutorial/__init__.py to __init__.cpython-310.pyc
byte-compiling /home/pi/ros2_ws/install/tutorial/lib/python3.10/site-packages/tutorial/listener.py to listener.cpython-310.pyc
running install_data
creating /home/pi/ros2_ws/install/tutorial/share/ament_index
creating /home/pi/ros2_ws/install/tutorial/share/ament_index/resource_index
creating /home/pi/ros2_ws/install/tutorial/share/ament_index/resource_index/packages
copying resource/tutorial -> /home/pi/ros2_ws/install/tutorial/share/ament_index/resource_index/packages
copying package.xml -> /home/pi/ros2_ws/install/tutorial/share/tutorial
running install_egg_info
Copying ../../build/tutorial/tutorial.egg-info to /home/pi/ros2_ws/install/tutorial/lib/python3.10/site-packages/tutorial-0.0.0-py3.10.egg-info
running install_scripts
Installing listener script to /home/pi/ros2_ws/install/tutorial/lib/tutorial
Installing talker script to /home/pi/ros2_ws/install/tutorial/lib/tutorial
writing list of installed files to '/home/pi/ros2_ws/build/tutorial/install.log'
