[2.563s] Invoking command in '/home/pi/ros2_ws/src/tutorial': PYTHONPATH=/home/pi/ros2_ws/build/tutorial/prefix_override:/home/pi/ros2_ws/install/tutorial/lib/python3.10/site-packages:${PYTHONPATH} /usr/bin/python3 setup.py egg_info --egg-base ../../build/tutorial build --build-base /home/pi/ros2_ws/build/tutorial/build install --record /home/pi/ros2_ws/build/tutorial/install.log --single-version-externally-managed
[3.464s] running egg_info
[3.466s] creating ../../build/tutorial/tutorial.egg-info
[3.467s] writing ../../build/tutorial/tutorial.egg-info/PKG-INFO
[3.468s] writing dependency_links to ../../build/tutorial/tutorial.egg-info/dependency_links.txt
[3.468s] writing entry points to ../../build/tutorial/tutorial.egg-info/entry_points.txt
[3.469s] writing requirements to ../../build/tutorial/tutorial.egg-info/requires.txt
[3.469s] writing top-level names to ../../build/tutorial/tutorial.egg-info/top_level.txt
[3.470s] writing manifest file '../../build/tutorial/tutorial.egg-info/SOURCES.txt'
[3.477s] reading manifest file '../../build/tutorial/tutorial.egg-info/SOURCES.txt'
[3.480s] writing manifest file '../../build/tutorial/tutorial.egg-info/SOURCES.txt'
[3.480s] running build
[3.481s] running build_py
[3.481s] creating /home/pi/ros2_ws/build/tutorial/build
[3.482s] creating /home/pi/ros2_ws/build/tutorial/build/lib
[3.482s] creating /home/pi/ros2_ws/build/tutorial/build/lib/tutorial
[3.482s] copying tutorial/talker.py -> /home/pi/ros2_ws/build/tutorial/build/lib/tutorial
[3.483s] copying tutorial/__init__.py -> /home/pi/ros2_ws/build/tutorial/build/lib/tutorial
[3.483s] copying tutorial/listener.py -> /home/pi/ros2_ws/build/tutorial/build/lib/tutorial
[3.485s] running install
[3.485s] /usr/lib/python3/dist-packages/setuptools/command/install.py:34: SetuptoolsDeprecationWarning: setup.py install is deprecated. Use build and pip and other standards-based tools.
[3.485s]   warnings.warn(
[3.486s] running install_lib
[3.489s] creating /home/pi/ros2_ws/install/tutorial/lib/python3.10/site-packages/tutorial
[3.490s] copying /home/pi/ros2_ws/build/tutorial/build/lib/tutorial/talker.py -> /home/pi/ros2_ws/install/tutorial/lib/python3.10/site-packages/tutorial
[3.490s] copying /home/pi/ros2_ws/build/tutorial/build/lib/tutorial/__init__.py -> /home/pi/ros2_ws/install/tutorial/lib/python3.10/site-packages/tutorial
[3.491s] copying /home/pi/ros2_ws/build/tutorial/build/lib/tutorial/listener.py -> /home/pi/ros2_ws/install/tutorial/lib/python3.10/site-packages/tutorial
[3.493s] byte-compiling /home/pi/ros2_ws/install/tutorial/lib/python3.10/site-packages/tutorial/talker.py to talker.cpython-310.pyc
[3.495s] byte-compiling /home/pi/ros2_ws/install/tutorial/lib/python3.10/site-packages/tutorial/__init__.py to __init__.cpython-310.pyc
[3.496s] byte-compiling /home/pi/ros2_ws/install/tutorial/lib/python3.10/site-packages/tutorial/listener.py to listener.cpython-310.pyc
[3.498s] running install_data
[3.500s] creating /home/pi/ros2_ws/install/tutorial/share/ament_index
[3.500s] creating /home/pi/ros2_ws/install/tutorial/share/ament_index/resource_index
[3.501s] creating /home/pi/ros2_ws/install/tutorial/share/ament_index/resource_index/packages
[3.501s] copying resource/tutorial -> /home/pi/ros2_ws/install/tutorial/share/ament_index/resource_index/packages
[3.501s] copying package.xml -> /home/pi/ros2_ws/install/tutorial/share/tutorial
[3.502s] running install_egg_info
[3.507s] Copying ../../build/tutorial/tutorial.egg-info to /home/pi/ros2_ws/install/tutorial/lib/python3.10/site-packages/tutorial-0.0.0-py3.10.egg-info
[3.514s] running install_scripts
[3.593s] Installing listener script to /home/pi/ros2_ws/install/tutorial/lib/tutorial
[3.593s] Installing talker script to /home/pi/ros2_ws/install/tutorial/lib/tutorial
[3.595s] writing list of installed files to '/home/pi/ros2_ws/build/tutorial/install.log'
[3.713s] Invoked command in '/home/pi/ros2_ws/src/tutorial' returned '0': PYTHONPATH=/home/pi/ros2_ws/build/tutorial/prefix_override:/home/pi/ros2_ws/install/tutorial/lib/python3.10/site-packages:${PYTHONPATH} /usr/bin/python3 setup.py egg_info --egg-base ../../build/tutorial build --build-base /home/pi/ros2_ws/build/tutorial/build install --record /home/pi/ros2_ws/build/tutorial/install.log --single-version-externally-managed
