[8.453s] Invoking command in '/home/pi/wk2/ros2_ws/build/my_package': PYTHONPATH=/home/pi/wk2/ros2_ws/build/my_package/prefix_override:/home/pi/wk2/ros2_ws/install/my_package/lib/python3.10/site-packages:${PYTHONPATH} /usr/bin/python3 setup.py develop --editable --build-directory /home/pi/wk2/ros2_ws/build/my_package/build --no-deps install_data
[12.855s] running develop
[12.860s] /usr/lib/python3/dist-packages/setuptools/command/easy_install.py:158: EasyInstallDeprecationWarning: easy_install command is deprecated. Use build and pip and other standards-based tools.
[12.861s]   warnings.warn(
[12.863s] /usr/lib/python3/dist-packages/setuptools/command/install.py:34: SetuptoolsDeprecationWarning: setup.py install is deprecated. Use build and pip and other standards-based tools.
[12.864s]   warnings.warn(
[13.346s] /usr/lib/python3/dist-packages/pkg_resources/__init__.py:116: PkgResourcesDeprecationWarning: 1.16.0-unknown is an invalid version and will not be supported in a future release
[13.347s]   warnings.warn(
[13.347s] /usr/lib/python3/dist-packages/pkg_resources/__init__.py:116: PkgResourcesDeprecationWarning: 1.1build1 is an invalid version and will not be supported in a future release
[13.348s]   warnings.warn(
[13.348s] /usr/lib/python3/dist-packages/pkg_resources/__init__.py:116: PkgResourcesDeprecationWarning: 0.1.43ubuntu1 is an invalid version and will not be supported in a future release
[13.349s]   warnings.warn(
[14.777s] running egg_info
[14.786s] writing my_package.egg-info/PKG-INFO
[14.787s] writing dependency_links to my_package.egg-info/dependency_links.txt
[14.788s] writing entry points to my_package.egg-info/entry_points.txt
[14.802s] writing requirements to my_package.egg-info/requires.txt
[14.807s] writing top-level names to my_package.egg-info/top_level.txt
[14.812s] reading manifest file 'my_package.egg-info/SOURCES.txt'
[14.817s] writing manifest file 'my_package.egg-info/SOURCES.txt'
[14.826s] running build_ext
[14.827s] Creating /home/pi/wk2/ros2_ws/install/my_package/lib/python3.10/site-packages/my-package.egg-link (link to .)
[14.847s] Installing color script to /home/pi/wk2/ros2_ws/install/my_package/lib/my_package
[14.849s] Installing drive script to /home/pi/wk2/ros2_ws/install/my_package/lib/my_package
[14.859s] Installing gyro script to /home/pi/wk2/ros2_ws/install/my_package/lib/my_package
[14.860s] Installing motor script to /home/pi/wk2/ros2_ws/install/my_package/lib/my_package
[14.879s] Installing my_node script to /home/pi/wk2/ros2_ws/install/my_package/lib/my_package
[14.884s] Installing touch script to /home/pi/wk2/ros2_ws/install/my_package/lib/my_package
[14.886s] Installing ultrasonic script to /home/pi/wk2/ros2_ws/install/my_package/lib/my_package
[14.894s] 
[14.908s] Installed /home/pi/wk2/ros2_ws/build/my_package
[14.910s] running install_data
[14.912s] copying launch/my.launch.py -> /home/pi/wk2/ros2_ws/install/my_package/share/my_package/launch
[15.325s] Invoked command in '/home/pi/wk2/ros2_ws/build/my_package' returned '0': PYTHONPATH=/home/pi/wk2/ros2_ws/build/my_package/prefix_override:/home/pi/wk2/ros2_ws/install/my_package/lib/python3.10/site-packages:${PYTHONPATH} /usr/bin/python3 setup.py develop --editable --build-directory /home/pi/wk2/ros2_ws/build/my_package/build --no-deps install_data
