[3.090s] Invoking command in '/home/pi/ros2_ws/build/ros2_brickpi3': PYTHONPATH=/home/pi/ros2_ws/build/ros2_brickpi3/prefix_override:/home/pi/ros2_ws/install/ros2_brickpi3/lib/python3.10/site-packages:${PYTHONPATH} /usr/bin/python3 setup.py develop --uninstall --editable --build-directory /home/pi/ros2_ws/build/ros2_brickpi3/build
[4.110s] running develop
[4.188s] /usr/lib/python3/dist-packages/setuptools/command/easy_install.py:158: EasyInstallDeprecationWarning: easy_install command is deprecated. Use build and pip and other standards-based tools.
[4.189s]   warnings.warn(
[4.197s] /usr/lib/python3/dist-packages/setuptools/command/install.py:34: SetuptoolsDeprecationWarning: setup.py install is deprecated. Use build and pip and other standards-based tools.
[4.198s]   warnings.warn(
[4.410s] /usr/lib/python3/dist-packages/pkg_resources/__init__.py:116: PkgResourcesDeprecationWarning: 1.16.0-unknown is an invalid version and will not be supported in a future release
[4.410s]   warnings.warn(
[4.411s] /usr/lib/python3/dist-packages/pkg_resources/__init__.py:116: PkgResourcesDeprecationWarning: 1.1build1 is an invalid version and will not be supported in a future release
[4.412s]   warnings.warn(
[4.412s] /usr/lib/python3/dist-packages/pkg_resources/__init__.py:116: PkgResourcesDeprecationWarning: 0.1.43ubuntu1 is an invalid version and will not be supported in a future release
[4.413s]   warnings.warn(
[4.928s] Invoked command in '/home/pi/ros2_ws/build/ros2_brickpi3' returned '0': PYTHONPATH=/home/pi/ros2_ws/build/ros2_brickpi3/prefix_override:/home/pi/ros2_ws/install/ros2_brickpi3/lib/python3.10/site-packages:${PYTHONPATH} /usr/bin/python3 setup.py develop --uninstall --editable --build-directory /home/pi/ros2_ws/build/ros2_brickpi3/build
[4.935s] Invoking command in '/home/pi/ros2_ws/src/ros2_brickpi3': PYTHONPATH=/home/pi/ros2_ws/build/ros2_brickpi3/prefix_override:/home/pi/ros2_ws/install/ros2_brickpi3/lib/python3.10/site-packages:${PYTHONPATH} /usr/bin/python3 setup.py egg_info --egg-base ../../build/ros2_brickpi3 build --build-base /home/pi/ros2_ws/build/ros2_brickpi3/build install --record /home/pi/ros2_ws/build/ros2_brickpi3/install.log --single-version-externally-managed
[5.880s] running egg_info
[5.883s] writing ../../build/ros2_brickpi3/ros2_brickpi3.egg-info/PKG-INFO
[5.884s] writing dependency_links to ../../build/ros2_brickpi3/ros2_brickpi3.egg-info/dependency_links.txt
[5.885s] writing entry points to ../../build/ros2_brickpi3/ros2_brickpi3.egg-info/entry_points.txt
[5.887s] writing requirements to ../../build/ros2_brickpi3/ros2_brickpi3.egg-info/requires.txt
[5.888s] writing top-level names to ../../build/ros2_brickpi3/ros2_brickpi3.egg-info/top_level.txt
[5.897s] reading manifest file '../../build/ros2_brickpi3/ros2_brickpi3.egg-info/SOURCES.txt'
[5.900s] adding license file 'LICENSE'
[5.903s] writing manifest file '../../build/ros2_brickpi3/ros2_brickpi3.egg-info/SOURCES.txt'
[5.903s] running build
[5.904s] running build_py
[5.905s] copying ros2_brickpi3/chatter.py -> /home/pi/ros2_ws/build/ros2_brickpi3/build/lib/ros2_brickpi3
[5.907s] running install
[5.907s] /usr/lib/python3/dist-packages/setuptools/command/install.py:34: SetuptoolsDeprecationWarning: setup.py install is deprecated. Use build and pip and other standards-based tools.
[5.908s]   warnings.warn(
[5.909s] running install_lib
[5.912s] copying /home/pi/ros2_ws/build/ros2_brickpi3/build/lib/ros2_brickpi3/chatter.py -> /home/pi/ros2_ws/install/ros2_brickpi3/lib/python3.10/site-packages/ros2_brickpi3
[5.917s] byte-compiling /home/pi/ros2_ws/install/ros2_brickpi3/lib/python3.10/site-packages/ros2_brickpi3/chatter.py to chatter.cpython-310.pyc
[5.918s] Sorry: TabError: inconsistent use of tabs and spaces in indentation (chatter.py, line 19)
[5.919s] running install_data
[5.921s] running install_egg_info
[5.929s] removing '/home/pi/ros2_ws/install/ros2_brickpi3/lib/python3.10/site-packages/ros2_brickpi3-0.0.0-py3.10.egg-info' (and everything under it)
[5.930s] Copying ../../build/ros2_brickpi3/ros2_brickpi3.egg-info to /home/pi/ros2_ws/install/ros2_brickpi3/lib/python3.10/site-packages/ros2_brickpi3-0.0.0-py3.10.egg-info
[5.940s] running install_scripts
[6.023s] Installing motor script to /home/pi/ros2_ws/install/ros2_brickpi3/lib/ros2_brickpi3
[6.026s] writing list of installed files to '/home/pi/ros2_ws/build/ros2_brickpi3/install.log'
[6.162s] Invoked command in '/home/pi/ros2_ws/src/ros2_brickpi3' returned '0': PYTHONPATH=/home/pi/ros2_ws/build/ros2_brickpi3/prefix_override:/home/pi/ros2_ws/install/ros2_brickpi3/lib/python3.10/site-packages:${PYTHONPATH} /usr/bin/python3 setup.py egg_info --egg-base ../../build/ros2_brickpi3 build --build-base /home/pi/ros2_ws/build/ros2_brickpi3/build install --record /home/pi/ros2_ws/build/ros2_brickpi3/install.log --single-version-externally-managed
