[6.603s] Invoking command in '/home/pi/wk2/ros2_ws/build/ros2_brickpi3': PYTHONPATH=/home/pi/wk2/ros2_ws/build/ros2_brickpi3/prefix_override:/home/pi/wk2/ros2_ws/install/ros2_brickpi3/lib/python3.10/site-packages:${PYTHONPATH} /usr/bin/python3 setup.py develop --editable --build-directory /home/pi/wk2/ros2_ws/build/ros2_brickpi3/build --no-deps install_data
[8.002s] running develop
[8.003s] /usr/lib/python3/dist-packages/setuptools/command/easy_install.py:158: EasyInstallDeprecationWarning: easy_install command is deprecated. Use build and pip and other standards-based tools.
[8.008s]   warnings.warn(
[8.008s] /usr/lib/python3/dist-packages/setuptools/command/install.py:34: SetuptoolsDeprecationWarning: setup.py install is deprecated. Use build and pip and other standards-based tools.
[8.009s]   warnings.warn(
[8.322s] /usr/lib/python3/dist-packages/pkg_resources/__init__.py:116: PkgResourcesDeprecationWarning: 1.16.0-unknown is an invalid version and will not be supported in a future release
[8.323s]   warnings.warn(
[8.323s] /usr/lib/python3/dist-packages/pkg_resources/__init__.py:116: PkgResourcesDeprecationWarning: 1.1build1 is an invalid version and will not be supported in a future release
[8.324s]   warnings.warn(
[8.325s] /usr/lib/python3/dist-packages/pkg_resources/__init__.py:116: PkgResourcesDeprecationWarning: 0.1.43ubuntu1 is an invalid version and will not be supported in a future release
[8.326s]   warnings.warn(
[9.021s] running egg_info
[9.025s] writing ros2_brickpi3.egg-info/PKG-INFO
[9.032s] writing dependency_links to ros2_brickpi3.egg-info/dependency_links.txt
[9.035s] writing entry points to ros2_brickpi3.egg-info/entry_points.txt
[9.038s] writing requirements to ros2_brickpi3.egg-info/requires.txt
[9.040s] writing top-level names to ros2_brickpi3.egg-info/top_level.txt
[9.042s] reading manifest file 'ros2_brickpi3.egg-info/SOURCES.txt'
[9.053s] writing manifest file 'ros2_brickpi3.egg-info/SOURCES.txt'
[9.060s] running build_ext
[9.067s] Creating /home/pi/wk2/ros2_ws/install/ros2_brickpi3/lib/python3.10/site-packages/ros2-brickpi3.egg-link (link to .)
[9.074s] Installing color script to /home/pi/wk2/ros2_ws/install/ros2_brickpi3/lib/ros2_brickpi3
[9.081s] Installing drive script to /home/pi/wk2/ros2_ws/install/ros2_brickpi3/lib/ros2_brickpi3
[9.088s] Installing gyro script to /home/pi/wk2/ros2_ws/install/ros2_brickpi3/lib/ros2_brickpi3
[9.105s] Installing motor script to /home/pi/wk2/ros2_ws/install/ros2_brickpi3/lib/ros2_brickpi3
[9.107s] Installing touch script to /home/pi/wk2/ros2_ws/install/ros2_brickpi3/lib/ros2_brickpi3
[9.108s] Installing ultrasonic script to /home/pi/wk2/ros2_ws/install/ros2_brickpi3/lib/ros2_brickpi3
[9.110s] 
[9.111s] Installed /home/pi/wk2/ros2_ws/build/ros2_brickpi3
[9.112s] running install_data
[9.113s] copying package.xml -> /home/pi/wk2/ros2_ws/install/ros2_brickpi3/share/ros2_brickpi3
[9.114s] creating /home/pi/wk2/ros2_ws/install/ros2_brickpi3/share/ros2_brickpi3/launch
[9.114s] copying launch/motors.launch.py -> /home/pi/wk2/ros2_ws/install/ros2_brickpi3/share/ros2_brickpi3/launch
[9.117s] copying launch/drive.launch.py -> /home/pi/wk2/ros2_ws/install/ros2_brickpi3/share/ros2_brickpi3/launch
[9.432s] Invoked command in '/home/pi/wk2/ros2_ws/build/ros2_brickpi3' returned '0': PYTHONPATH=/home/pi/wk2/ros2_ws/build/ros2_brickpi3/prefix_override:/home/pi/wk2/ros2_ws/install/ros2_brickpi3/lib/python3.10/site-packages:${PYTHONPATH} /usr/bin/python3 setup.py develop --editable --build-directory /home/pi/wk2/ros2_ws/build/ros2_brickpi3/build --no-deps install_data
