[5.177s] Invoking command in '/home/pi/wk2/ros2_ws/build/tutorial': PYTHONPATH=/home/pi/wk2/ros2_ws/build/tutorial/prefix_override:/home/pi/wk2/ros2_ws/install/tutorial/lib/python3.10/site-packages:${PYTHONPATH} /usr/bin/python3 setup.py develop --editable --build-directory /home/pi/wk2/ros2_ws/build/tutorial/build --no-deps install_data
[6.484s] running develop
[6.485s] /usr/lib/python3/dist-packages/setuptools/command/easy_install.py:158: EasyInstallDeprecationWarning: easy_install command is deprecated. Use build and pip and other standards-based tools.
[6.486s]   warnings.warn(
[6.491s] /usr/lib/python3/dist-packages/setuptools/command/install.py:34: SetuptoolsDeprecationWarning: setup.py install is deprecated. Use build and pip and other standards-based tools.
[6.491s]   warnings.warn(
[6.776s] /usr/lib/python3/dist-packages/pkg_resources/__init__.py:116: PkgResourcesDeprecationWarning: 1.16.0-unknown is an invalid version and will not be supported in a future release
[6.777s]   warnings.warn(
[6.778s] /usr/lib/python3/dist-packages/pkg_resources/__init__.py:116: PkgResourcesDeprecationWarning: 1.1build1 is an invalid version and will not be supported in a future release
[6.779s]   warnings.warn(
[6.780s] /usr/lib/python3/dist-packages/pkg_resources/__init__.py:116: PkgResourcesDeprecationWarning: 0.1.43ubuntu1 is an invalid version and will not be supported in a future release
[6.780s]   warnings.warn(
[7.307s] running egg_info
[7.309s] writing tutorial.egg-info/PKG-INFO
[7.310s] writing dependency_links to tutorial.egg-info/dependency_links.txt
[7.311s] writing entry points to tutorial.egg-info/entry_points.txt
[7.312s] writing requirements to tutorial.egg-info/requires.txt
[7.314s] writing top-level names to tutorial.egg-info/top_level.txt
[7.323s] reading manifest file 'tutorial.egg-info/SOURCES.txt'
[7.331s] writing manifest file 'tutorial.egg-info/SOURCES.txt'
[7.341s] running build_ext
[7.343s] Creating /home/pi/wk2/ros2_ws/install/tutorial/lib/python3.10/site-packages/tutorial.egg-link (link to .)
[7.350s] Installing listener script to /home/pi/wk2/ros2_ws/install/tutorial/lib/tutorial
[7.352s] Installing talker script to /home/pi/wk2/ros2_ws/install/tutorial/lib/tutorial
[7.355s] 
[7.356s] Installed /home/pi/wk2/ros2_ws/build/tutorial
[7.357s] running install_data
[7.703s] Invoked command in '/home/pi/wk2/ros2_ws/build/tutorial' returned '0': PYTHONPATH=/home/pi/wk2/ros2_ws/build/tutorial/prefix_override:/home/pi/wk2/ros2_ws/install/tutorial/lib/python3.10/site-packages:${PYTHONPATH} /usr/bin/python3 setup.py develop --editable --build-directory /home/pi/wk2/ros2_ws/build/tutorial/build --no-deps install_data
