[5.396s] Invoking command in '/home/pi/wk2/ros2_ws/build/my_package': PYTHONPATH=/home/pi/wk2/ros2_ws/build/my_package/prefix_override:/home/pi/wk2/ros2_ws/install/my_package/lib/python3.10/site-packages:${PYTHONPATH} /usr/bin/python3 setup.py develop --editable --build-directory /home/pi/wk2/ros2_ws/build/my_package/build --no-deps install_data
[6.805s] running develop
[6.811s] /usr/lib/python3/dist-packages/setuptools/command/easy_install.py:158: EasyInstallDeprecationWarning: easy_install command is deprecated. Use build and pip and other standards-based tools.
[6.813s]   warnings.warn(
[6.817s] /usr/lib/python3/dist-packages/setuptools/command/install.py:34: SetuptoolsDeprecationWarning: setup.py install is deprecated. Use build and pip and other standards-based tools.
[6.820s]   warnings.warn(
[7.113s] /usr/lib/python3/dist-packages/pkg_resources/__init__.py:116: PkgResourcesDeprecationWarning: 1.16.0-unknown is an invalid version and will not be supported in a future release
[7.116s]   warnings.warn(
[7.116s] /usr/lib/python3/dist-packages/pkg_resources/__init__.py:116: PkgResourcesDeprecationWarning: 1.1build1 is an invalid version and will not be supported in a future release
[7.117s]   warnings.warn(
[7.117s] /usr/lib/python3/dist-packages/pkg_resources/__init__.py:116: PkgResourcesDeprecationWarning: 0.1.43ubuntu1 is an invalid version and will not be supported in a future release
[7.118s]   warnings.warn(
[7.668s] running egg_info
[7.669s] writing my_package.egg-info/PKG-INFO
[7.677s] writing dependency_links to my_package.egg-info/dependency_links.txt
[7.678s] writing entry points to my_package.egg-info/entry_points.txt
[7.688s] writing requirements to my_package.egg-info/requires.txt
[7.690s] writing top-level names to my_package.egg-info/top_level.txt
[7.713s] reading manifest file 'my_package.egg-info/SOURCES.txt'
[7.752s] writing manifest file 'my_package.egg-info/SOURCES.txt'
[7.757s] running build_ext
[7.794s] Creating /home/pi/wk2/ros2_ws/install/my_package/lib/python3.10/site-packages/my-package.egg-link (link to .)
[7.810s] Installing chatter script to /home/pi/wk2/ros2_ws/install/my_package/lib/my_package
[7.813s] Installing my_node script to /home/pi/wk2/ros2_ws/install/my_package/lib/my_package
[7.825s] 
[7.840s] Installed /home/pi/wk2/ros2_ws/build/my_package
[7.843s] running install_data
[8.026s] Invoked command in '/home/pi/wk2/ros2_ws/build/my_package' returned '0': PYTHONPATH=/home/pi/wk2/ros2_ws/build/my_package/prefix_override:/home/pi/wk2/ros2_ws/install/my_package/lib/python3.10/site-packages:${PYTHONPATH} /usr/bin/python3 setup.py develop --editable --build-directory /home/pi/wk2/ros2_ws/build/my_package/build --no-deps install_data
