[2.792s] Invoking command in '/home/pi/wk2/ros2_ws/build/my_package': PYTHONPATH=/home/pi/wk2/ros2_ws/build/my_package/prefix_override:/home/pi/wk2/ros2_ws/install/my_package/lib/python3.10/site-packages:${PYTHONPATH} /usr/bin/python3 setup.py develop --editable --build-directory /home/pi/wk2/ros2_ws/build/my_package/build --no-deps install_data
[4.166s] running develop
[4.168s] /usr/lib/python3/dist-packages/setuptools/command/easy_install.py:158: EasyInstallDeprecationWarning: easy_install command is deprecated. Use build and pip and other standards-based tools.
[4.168s]   warnings.warn(
[4.174s] /usr/lib/python3/dist-packages/setuptools/command/install.py:34: SetuptoolsDeprecationWarning: setup.py install is deprecated. Use build and pip and other standards-based tools.
[4.174s]   warnings.warn(
[4.404s] /usr/lib/python3/dist-packages/pkg_resources/__init__.py:116: PkgResourcesDeprecationWarning: 1.16.0-unknown is an invalid version and will not be supported in a future release
[4.404s]   warnings.warn(
[4.406s] /usr/lib/python3/dist-packages/pkg_resources/__init__.py:116: PkgResourcesDeprecationWarning: 1.1build1 is an invalid version and will not be supported in a future release
[4.406s]   warnings.warn(
[4.407s] /usr/lib/python3/dist-packages/pkg_resources/__init__.py:116: PkgResourcesDeprecationWarning: 0.1.43ubuntu1 is an invalid version and will not be supported in a future release
[4.407s]   warnings.warn(
[4.811s] running egg_info
[4.812s] writing my_package.egg-info/PKG-INFO
[4.813s] writing dependency_links to my_package.egg-info/dependency_links.txt
[4.814s] writing entry points to my_package.egg-info/entry_points.txt
[4.815s] writing requirements to my_package.egg-info/requires.txt
[4.815s] writing top-level names to my_package.egg-info/top_level.txt
[4.823s] reading manifest file 'my_package.egg-info/SOURCES.txt'
[4.827s] writing manifest file 'my_package.egg-info/SOURCES.txt'
[4.833s] running build_ext
[4.834s] Creating /home/pi/wk2/ros2_ws/install/my_package/lib/python3.10/site-packages/my-package.egg-link (link to .)
[4.838s] Installing color script to /home/pi/wk2/ros2_ws/install/my_package/lib/my_package
[4.839s] Installing drive script to /home/pi/wk2/ros2_ws/install/my_package/lib/my_package
[4.840s] Installing gyro script to /home/pi/wk2/ros2_ws/install/my_package/lib/my_package
[4.841s] Installing motor script to /home/pi/wk2/ros2_ws/install/my_package/lib/my_package
[4.841s] Installing my_node script to /home/pi/wk2/ros2_ws/install/my_package/lib/my_package
[4.842s] Installing touch script to /home/pi/wk2/ros2_ws/install/my_package/lib/my_package
[4.843s] Installing ultrasonic script to /home/pi/wk2/ros2_ws/install/my_package/lib/my_package
[4.845s] 
[4.846s] Installed /home/pi/wk2/ros2_ws/build/my_package
[4.846s] running install_data
[4.847s] copying launch/drive.launch.py -> /home/pi/wk2/ros2_ws/install/my_package/share/my_package/launch
[4.982s] Invoked command in '/home/pi/wk2/ros2_ws/build/my_package' returned '0': PYTHONPATH=/home/pi/wk2/ros2_ws/build/my_package/prefix_override:/home/pi/wk2/ros2_ws/install/my_package/lib/python3.10/site-packages:${PYTHONPATH} /usr/bin/python3 setup.py develop --editable --build-directory /home/pi/wk2/ros2_ws/build/my_package/build --no-deps install_data
