[6.177s] Invoking command in '/home/pi/wk2/ros2_ws/build/tutorial': PYTHONPATH=/home/pi/wk2/ros2_ws/build/tutorial/prefix_override:/home/pi/wk2/ros2_ws/install/tutorial/lib/python3.10/site-packages:${PYTHONPATH} /usr/bin/python3 setup.py develop --editable --build-directory /home/pi/wk2/ros2_ws/build/tutorial/build --no-deps install_data
[7.554s] running develop
[7.555s] /usr/lib/python3/dist-packages/setuptools/command/easy_install.py:158: EasyInstallDeprecationWarning: easy_install command is deprecated. Use build and pip and other standards-based tools.
[7.556s]   warnings.warn(
[7.561s] /usr/lib/python3/dist-packages/setuptools/command/install.py:34: SetuptoolsDeprecationWarning: setup.py install is deprecated. Use build and pip and other standards-based tools.
[7.561s]   warnings.warn(
[7.869s] /usr/lib/python3/dist-packages/pkg_resources/__init__.py:116: PkgResourcesDeprecationWarning: 1.16.0-unknown is an invalid version and will not be supported in a future release
[7.870s]   warnings.warn(
[7.873s] /usr/lib/python3/dist-packages/pkg_resources/__init__.py:116: PkgResourcesDeprecationWarning: 1.1build1 is an invalid version and will not be supported in a future release
[7.874s]   warnings.warn(
[7.874s] /usr/lib/python3/dist-packages/pkg_resources/__init__.py:116: PkgResourcesDeprecationWarning: 0.1.43ubuntu1 is an invalid version and will not be supported in a future release
[7.875s]   warnings.warn(
[8.483s] running egg_info
[8.495s] writing tutorial.egg-info/PKG-INFO
[8.496s] writing dependency_links to tutorial.egg-info/dependency_links.txt
[8.498s] writing entry points to tutorial.egg-info/entry_points.txt
[8.500s] writing requirements to tutorial.egg-info/requires.txt
[8.521s] writing top-level names to tutorial.egg-info/top_level.txt
[8.528s] reading manifest file 'tutorial.egg-info/SOURCES.txt'
[8.547s] writing manifest file 'tutorial.egg-info/SOURCES.txt'
[8.565s] running build_ext
[8.567s] Creating /home/pi/wk2/ros2_ws/install/tutorial/lib/python3.10/site-packages/tutorial.egg-link (link to .)
[8.576s] Installing listener script to /home/pi/wk2/ros2_ws/install/tutorial/lib/tutorial
[8.578s] Installing talker script to /home/pi/wk2/ros2_ws/install/tutorial/lib/tutorial
[8.581s] 
[8.584s] Installed /home/pi/wk2/ros2_ws/build/tutorial
[8.586s] running install_data
[8.991s] Invoked command in '/home/pi/wk2/ros2_ws/build/tutorial' returned '0': PYTHONPATH=/home/pi/wk2/ros2_ws/build/tutorial/prefix_override:/home/pi/wk2/ros2_ws/install/tutorial/lib/python3.10/site-packages:${PYTHONPATH} /usr/bin/python3 setup.py develop --editable --build-directory /home/pi/wk2/ros2_ws/build/tutorial/build --no-deps install_data
