[5.975s] Invoking command in '/home/pi/wk2/ros2_ws/build/my_package': PYTHONPATH=/home/pi/wk2/ros2_ws/build/my_package/prefix_override:/home/pi/wk2/ros2_ws/install/my_package/lib/python3.10/site-packages:${PYTHONPATH} /usr/bin/python3 setup.py develop --editable --build-directory /home/pi/wk2/ros2_ws/build/my_package/build --no-deps install_data
[7.433s] running develop
[7.441s] /usr/lib/python3/dist-packages/setuptools/command/easy_install.py:158: EasyInstallDeprecationWarning: easy_install command is deprecated. Use build and pip and other standards-based tools.
[7.441s]   warnings.warn(
[7.449s] /usr/lib/python3/dist-packages/setuptools/command/install.py:34: SetuptoolsDeprecationWarning: setup.py install is deprecated. Use build and pip and other standards-based tools.
[7.449s]   warnings.warn(
[7.768s] /usr/lib/python3/dist-packages/pkg_resources/__init__.py:116: PkgResourcesDeprecationWarning: 1.16.0-unknown is an invalid version and will not be supported in a future release
[7.769s]   warnings.warn(
[7.777s] /usr/lib/python3/dist-packages/pkg_resources/__init__.py:116: PkgResourcesDeprecationWarning: 1.1build1 is an invalid version and will not be supported in a future release
[7.778s]   warnings.warn(
[7.779s] /usr/lib/python3/dist-packages/pkg_resources/__init__.py:116: PkgResourcesDeprecationWarning: 0.1.43ubuntu1 is an invalid version and will not be supported in a future release
[7.795s]   warnings.warn(
[8.392s] running egg_info
[8.395s] writing my_package.egg-info/PKG-INFO
[8.397s] writing dependency_links to my_package.egg-info/dependency_links.txt
[8.400s] writing entry points to my_package.egg-info/entry_points.txt
[8.403s] writing requirements to my_package.egg-info/requires.txt
[8.406s] writing top-level names to my_package.egg-info/top_level.txt
[8.417s] reading manifest file 'my_package.egg-info/SOURCES.txt'
[8.422s] writing manifest file 'my_package.egg-info/SOURCES.txt'
[8.431s] running build_ext
[8.434s] Creating /home/pi/wk2/ros2_ws/install/my_package/lib/python3.10/site-packages/my-package.egg-link (link to .)
[8.441s] Installing color script to /home/pi/wk2/ros2_ws/install/my_package/lib/my_package
[8.444s] Installing drive script to /home/pi/wk2/ros2_ws/install/my_package/lib/my_package
[8.448s] Installing gyro script to /home/pi/wk2/ros2_ws/install/my_package/lib/my_package
[8.451s] Installing motor script to /home/pi/wk2/ros2_ws/install/my_package/lib/my_package
[8.454s] Installing my_node script to /home/pi/wk2/ros2_ws/install/my_package/lib/my_package
[8.458s] Installing touch script to /home/pi/wk2/ros2_ws/install/my_package/lib/my_package
[8.461s] Installing ultrasonic script to /home/pi/wk2/ros2_ws/install/my_package/lib/my_package
[8.466s] 
[8.470s] Installed /home/pi/wk2/ros2_ws/build/my_package
[8.470s] running install_data
[8.471s] copying launch/my.launch.py -> /home/pi/wk2/ros2_ws/install/my_package/share/my_package/launch
[8.474s] error: can't copy 'launch/drive.launch.py': doesn't exist or not a regular file
[8.695s] Invoked command in '/home/pi/wk2/ros2_ws/build/my_package' returned '1': PYTHONPATH=/home/pi/wk2/ros2_ws/build/my_package/prefix_override:/home/pi/wk2/ros2_ws/install/my_package/lib/python3.10/site-packages:${PYTHONPATH} /usr/bin/python3 setup.py develop --editable --build-directory /home/pi/wk2/ros2_ws/build/my_package/build --no-deps install_data
