[5.681s] Invoking command in '/home/pi/wk2/ros2_ws/build/tutorial': PYTHONPATH=/home/pi/wk2/ros2_ws/build/tutorial/prefix_override:/home/pi/wk2/ros2_ws/install/tutorial/lib/python3.10/site-packages:${PYTHONPATH} /usr/bin/python3 setup.py develop --editable --build-directory /home/pi/wk2/ros2_ws/build/tutorial/build --no-deps install_data
[7.373s] running develop
[7.378s] /usr/lib/python3/dist-packages/setuptools/command/easy_install.py:158: EasyInstallDeprecationWarning: easy_install command is deprecated. Use build and pip and other standards-based tools.
[7.381s]   warnings.warn(
[7.388s] /usr/lib/python3/dist-packages/setuptools/command/install.py:34: SetuptoolsDeprecationWarning: setup.py install is deprecated. Use build and pip and other standards-based tools.
[7.389s]   warnings.warn(
[7.707s] /usr/lib/python3/dist-packages/pkg_resources/__init__.py:116: PkgResourcesDeprecationWarning: 1.16.0-unknown is an invalid version and will not be supported in a future release
[7.711s]   warnings.warn(
[7.713s] /usr/lib/python3/dist-packages/pkg_resources/__init__.py:116: PkgResourcesDeprecationWarning: 1.1build1 is an invalid version and will not be supported in a future release
[7.714s]   warnings.warn(
[7.715s] /usr/lib/python3/dist-packages/pkg_resources/__init__.py:116: PkgResourcesDeprecationWarning: 0.1.43ubuntu1 is an invalid version and will not be supported in a future release
[7.715s]   warnings.warn(
[8.499s] running egg_info
[8.502s] writing tutorial.egg-info/PKG-INFO
[8.503s] writing dependency_links to tutorial.egg-info/dependency_links.txt
[8.507s] writing entry points to tutorial.egg-info/entry_points.txt
[8.508s] writing requirements to tutorial.egg-info/requires.txt
[8.509s] writing top-level names to tutorial.egg-info/top_level.txt
[8.519s] reading manifest file 'tutorial.egg-info/SOURCES.txt'
[8.523s] writing manifest file 'tutorial.egg-info/SOURCES.txt'
[8.549s] running build_ext
[8.558s] Creating /home/pi/wk2/ros2_ws/install/tutorial/lib/python3.10/site-packages/tutorial.egg-link (link to .)
[8.559s] Installing listener script to /home/pi/wk2/ros2_ws/install/tutorial/lib/tutorial
[8.561s] Installing talker script to /home/pi/wk2/ros2_ws/install/tutorial/lib/tutorial
[8.562s] 
[8.563s] Installed /home/pi/wk2/ros2_ws/build/tutorial
[8.565s] running install_data
[8.790s] Invoked command in '/home/pi/wk2/ros2_ws/build/tutorial' returned '0': PYTHONPATH=/home/pi/wk2/ros2_ws/build/tutorial/prefix_override:/home/pi/wk2/ros2_ws/install/tutorial/lib/python3.10/site-packages:${PYTHONPATH} /usr/bin/python3 setup.py develop --editable --build-directory /home/pi/wk2/ros2_ws/build/tutorial/build --no-deps install_data
