[5.908s] Invoking command in '/home/pi/wk2/ros2_ws/build/my_package': PYTHONPATH=/home/pi/wk2/ros2_ws/build/my_package/prefix_override:/home/pi/wk2/ros2_ws/install/my_package/lib/python3.10/site-packages:${PYTHONPATH} /usr/bin/python3 setup.py develop --editable --build-directory /home/pi/wk2/ros2_ws/build/my_package/build --no-deps install_data
[7.253s] running develop
[7.259s] /usr/lib/python3/dist-packages/setuptools/command/easy_install.py:158: EasyInstallDeprecationWarning: easy_install command is deprecated. Use build and pip and other standards-based tools.
[7.259s]   warnings.warn(
[7.270s] /usr/lib/python3/dist-packages/setuptools/command/install.py:34: SetuptoolsDeprecationWarning: setup.py install is deprecated. Use build and pip and other standards-based tools.
[7.271s]   warnings.warn(
[7.567s] /usr/lib/python3/dist-packages/pkg_resources/__init__.py:116: PkgResourcesDeprecationWarning: 1.16.0-unknown is an invalid version and will not be supported in a future release
[7.568s]   warnings.warn(
[7.570s] /usr/lib/python3/dist-packages/pkg_resources/__init__.py:116: PkgResourcesDeprecationWarning: 1.1build1 is an invalid version and will not be supported in a future release
[7.571s]   warnings.warn(
[7.574s] /usr/lib/python3/dist-packages/pkg_resources/__init__.py:116: PkgResourcesDeprecationWarning: 0.1.43ubuntu1 is an invalid version and will not be supported in a future release
[7.575s]   warnings.warn(
[8.135s] running egg_info
[8.136s] writing my_package.egg-info/PKG-INFO
[8.139s] writing dependency_links to my_package.egg-info/dependency_links.txt
[8.145s] writing entry points to my_package.egg-info/entry_points.txt
[8.147s] writing requirements to my_package.egg-info/requires.txt
[8.150s] writing top-level names to my_package.egg-info/top_level.txt
[8.167s] reading manifest file 'my_package.egg-info/SOURCES.txt'
[8.169s] writing manifest file 'my_package.egg-info/SOURCES.txt'
[8.191s] running build_ext
[8.194s] Creating /home/pi/wk2/ros2_ws/install/my_package/lib/python3.10/site-packages/my-package.egg-link (link to .)
[8.209s] Installing color script to /home/pi/wk2/ros2_ws/install/my_package/lib/my_package
[8.213s] Installing drive script to /home/pi/wk2/ros2_ws/install/my_package/lib/my_package
[8.218s] Installing gyro script to /home/pi/wk2/ros2_ws/install/my_package/lib/my_package
[8.223s] Installing motor script to /home/pi/wk2/ros2_ws/install/my_package/lib/my_package
[8.227s] Installing my_node script to /home/pi/wk2/ros2_ws/install/my_package/lib/my_package
[8.229s] Installing touch script to /home/pi/wk2/ros2_ws/install/my_package/lib/my_package
[8.232s] Installing ultrasonic script to /home/pi/wk2/ros2_ws/install/my_package/lib/my_package
[8.235s] 
[8.237s] Installed /home/pi/wk2/ros2_ws/build/my_package
[8.240s] running install_data
[8.619s] Invoked command in '/home/pi/wk2/ros2_ws/build/my_package' returned '0': PYTHONPATH=/home/pi/wk2/ros2_ws/build/my_package/prefix_override:/home/pi/wk2/ros2_ws/install/my_package/lib/python3.10/site-packages:${PYTHONPATH} /usr/bin/python3 setup.py develop --editable --build-directory /home/pi/wk2/ros2_ws/build/my_package/build --no-deps install_data
