[2.779s] Invoking command in '/home/pi/wk2/ros2_ws/build/my_package': PYTHONPATH=/home/pi/wk2/ros2_ws/build/my_package/prefix_override:/home/pi/wk2/ros2_ws/install/my_package/lib/python3.10/site-packages:${PYTHONPATH} /usr/bin/python3 setup.py develop --editable --build-directory /home/pi/wk2/ros2_ws/build/my_package/build --no-deps install_data
[3.890s] running develop
[3.892s] /usr/lib/python3/dist-packages/setuptools/command/easy_install.py:158: EasyInstallDeprecationWarning: easy_install command is deprecated. Use build and pip and other standards-based tools.
[3.892s]   warnings.warn(
[3.897s] /usr/lib/python3/dist-packages/setuptools/command/install.py:34: SetuptoolsDeprecationWarning: setup.py install is deprecated. Use build and pip and other standards-based tools.
[3.897s]   warnings.warn(
[4.128s] /usr/lib/python3/dist-packages/pkg_resources/__init__.py:116: PkgResourcesDeprecationWarning: 1.16.0-unknown is an invalid version and will not be supported in a future release
[4.129s]   warnings.warn(
[4.131s] /usr/lib/python3/dist-packages/pkg_resources/__init__.py:116: PkgResourcesDeprecationWarning: 1.1build1 is an invalid version and will not be supported in a future release
[4.131s]   warnings.warn(
[4.132s] /usr/lib/python3/dist-packages/pkg_resources/__init__.py:116: PkgResourcesDeprecationWarning: 0.1.43ubuntu1 is an invalid version and will not be supported in a future release
[4.132s]   warnings.warn(
[4.553s] running egg_info
[4.553s] writing my_package.egg-info/PKG-INFO
[4.554s] writing dependency_links to my_package.egg-info/dependency_links.txt
[4.555s] writing entry points to my_package.egg-info/entry_points.txt
[4.556s] writing requirements to my_package.egg-info/requires.txt
[4.557s] writing top-level names to my_package.egg-info/top_level.txt
[4.566s] reading manifest file 'my_package.egg-info/SOURCES.txt'
[4.570s] writing manifest file 'my_package.egg-info/SOURCES.txt'
[4.577s] running build_ext
[4.578s] Creating /home/pi/wk2/ros2_ws/install/my_package/lib/python3.10/site-packages/my-package.egg-link (link to .)
[4.582s] Installing color script to /home/pi/wk2/ros2_ws/install/my_package/lib/my_package
[4.583s] Installing drive script to /home/pi/wk2/ros2_ws/install/my_package/lib/my_package
[4.584s] Installing gyro script to /home/pi/wk2/ros2_ws/install/my_package/lib/my_package
[4.584s] Installing motor script to /home/pi/wk2/ros2_ws/install/my_package/lib/my_package
[4.585s] Installing my_node script to /home/pi/wk2/ros2_ws/install/my_package/lib/my_package
[4.586s] Installing touch script to /home/pi/wk2/ros2_ws/install/my_package/lib/my_package
[4.587s] Installing ultrasonic script to /home/pi/wk2/ros2_ws/install/my_package/lib/my_package
[4.588s] 
[4.589s] Installed /home/pi/wk2/ros2_ws/build/my_package
[4.589s] running install_data
[4.590s] copying launch/my.launch.py -> /home/pi/wk2/ros2_ws/install/my_package/share/my_package/launch
[4.728s] Invoked command in '/home/pi/wk2/ros2_ws/build/my_package' returned '0': PYTHONPATH=/home/pi/wk2/ros2_ws/build/my_package/prefix_override:/home/pi/wk2/ros2_ws/install/my_package/lib/python3.10/site-packages:${PYTHONPATH} /usr/bin/python3 setup.py develop --editable --build-directory /home/pi/wk2/ros2_ws/build/my_package/build --no-deps install_data
