[7.042s] Invoking command in '/home/pi/wk2/ros2_ws/build/ros2_aruco': PYTHONPATH=/home/pi/wk2/ros2_ws/build/ros2_aruco/prefix_override:/home/pi/wk2/ros2_ws/install/ros2_aruco/lib/python3.10/site-packages:${PYTHONPATH} /usr/bin/python3 setup.py develop --editable --build-directory /home/pi/wk2/ros2_ws/build/ros2_aruco/build --no-deps install_data
[11.710s] running develop
[11.714s] /usr/lib/python3/dist-packages/setuptools/command/easy_install.py:158: EasyInstallDeprecationWarning: easy_install command is deprecated. Use build and pip and other standards-based tools.
[11.715s]   warnings.warn(
[11.721s] /usr/lib/python3/dist-packages/setuptools/command/install.py:34: SetuptoolsDeprecationWarning: setup.py install is deprecated. Use build and pip and other standards-based tools.
[11.722s]   warnings.warn(
[12.906s] /usr/lib/python3/dist-packages/pkg_resources/__init__.py:116: PkgResourcesDeprecationWarning: 1.16.0-unknown is an invalid version and will not be supported in a future release
[12.907s]   warnings.warn(
[12.923s] /usr/lib/python3/dist-packages/pkg_resources/__init__.py:116: PkgResourcesDeprecationWarning: 1.1build1 is an invalid version and will not be supported in a future release
[12.923s]   warnings.warn(
[12.927s] /usr/lib/python3/dist-packages/pkg_resources/__init__.py:116: PkgResourcesDeprecationWarning: 0.1.43ubuntu1 is an invalid version and will not be supported in a future release
[12.928s]   warnings.warn(
[15.391s] running egg_info
[15.407s] writing ros2_aruco.egg-info/PKG-INFO
[15.444s] writing dependency_links to ros2_aruco.egg-info/dependency_links.txt
[15.456s] writing entry points to ros2_aruco.egg-info/entry_points.txt
[15.463s] writing requirements to ros2_aruco.egg-info/requires.txt
[15.467s] writing top-level names to ros2_aruco.egg-info/top_level.txt
[15.506s] reading manifest file 'ros2_aruco.egg-info/SOURCES.txt'
[15.512s] writing manifest file 'ros2_aruco.egg-info/SOURCES.txt'
[15.526s] running build_ext
[15.531s] Creating /home/pi/wk2/ros2_ws/install/ros2_aruco/lib/python3.10/site-packages/ros2-aruco.egg-link (link to .)
[15.543s] Installing aruco_generate_marker script to /home/pi/wk2/ros2_ws/install/ros2_aruco/lib/ros2_aruco
[15.548s] Installing aruco_node script to /home/pi/wk2/ros2_ws/install/ros2_aruco/lib/ros2_aruco
[15.550s] 
[15.557s] Installed /home/pi/wk2/ros2_ws/build/ros2_aruco
[15.558s] running install_data
[15.972s] Invoked command in '/home/pi/wk2/ros2_ws/build/ros2_aruco' returned '0': PYTHONPATH=/home/pi/wk2/ros2_ws/build/ros2_aruco/prefix_override:/home/pi/wk2/ros2_ws/install/ros2_aruco/lib/python3.10/site-packages:${PYTHONPATH} /usr/bin/python3 setup.py develop --editable --build-directory /home/pi/wk2/ros2_ws/build/ros2_aruco/build --no-deps install_data
