[4.089s] Invoking command in '/home/pi/wk2/ros2_ws/build/ros2_brickpi3': PYTHONPATH=/home/pi/wk2/ros2_ws/build/ros2_brickpi3/prefix_override:/home/pi/wk2/ros2_ws/install/ros2_brickpi3/lib/python3.10/site-packages:${PYTHONPATH} /usr/bin/python3 setup.py develop --editable --build-directory /home/pi/wk2/ros2_ws/build/ros2_brickpi3/build --no-deps install_data
[5.295s] running develop
[5.297s] /usr/lib/python3/dist-packages/setuptools/command/easy_install.py:158: EasyInstallDeprecationWarning: easy_install command is deprecated. Use build and pip and other standards-based tools.
[5.300s]   warnings.warn(
[5.303s] /usr/lib/python3/dist-packages/setuptools/command/install.py:34: SetuptoolsDeprecationWarning: setup.py install is deprecated. Use build and pip and other standards-based tools.
[5.303s]   warnings.warn(
[5.571s] /usr/lib/python3/dist-packages/pkg_resources/__init__.py:116: PkgResourcesDeprecationWarning: 1.16.0-unknown is an invalid version and will not be supported in a future release
[5.573s]   warnings.warn(
[5.574s] /usr/lib/python3/dist-packages/pkg_resources/__init__.py:116: PkgResourcesDeprecationWarning: 1.1build1 is an invalid version and will not be supported in a future release
[5.574s]   warnings.warn(
[5.575s] /usr/lib/python3/dist-packages/pkg_resources/__init__.py:116: PkgResourcesDeprecationWarning: 0.1.43ubuntu1 is an invalid version and will not be supported in a future release
[5.575s]   warnings.warn(
[6.047s] running egg_info
[6.048s] writing ros2_brickpi3.egg-info/PKG-INFO
[6.049s] writing dependency_links to ros2_brickpi3.egg-info/dependency_links.txt
[6.056s] writing entry points to ros2_brickpi3.egg-info/entry_points.txt
[6.058s] writing requirements to ros2_brickpi3.egg-info/requires.txt
[6.058s] writing top-level names to ros2_brickpi3.egg-info/top_level.txt
[6.059s] reading manifest file 'ros2_brickpi3.egg-info/SOURCES.txt'
[6.064s] writing manifest file 'ros2_brickpi3.egg-info/SOURCES.txt'
[6.071s] running build_ext
[6.072s] Creating /home/pi/wk2/ros2_ws/install/ros2_brickpi3/lib/python3.10/site-packages/ros2-brickpi3.egg-link (link to .)
[6.076s] Installing color script to /home/pi/wk2/ros2_ws/install/ros2_brickpi3/lib/ros2_brickpi3
[6.077s] Installing gyro script to /home/pi/wk2/ros2_ws/install/ros2_brickpi3/lib/ros2_brickpi3
[6.078s] Installing motor script to /home/pi/wk2/ros2_ws/install/ros2_brickpi3/lib/ros2_brickpi3
[6.079s] Installing touch script to /home/pi/wk2/ros2_ws/install/ros2_brickpi3/lib/ros2_brickpi3
[6.080s] Installing ultrasonic = ros2_brickpi3.ultrasonic:mainline_follower script to /home/pi/wk2/ros2_ws/install/ros2_brickpi3/lib/ros2_brickpi3
[6.082s] 
[6.083s] Installed /home/pi/wk2/ros2_ws/build/ros2_brickpi3
[6.089s] running install_data
[6.294s] Invoked command in '/home/pi/wk2/ros2_ws/build/ros2_brickpi3' returned '0': PYTHONPATH=/home/pi/wk2/ros2_ws/build/ros2_brickpi3/prefix_override:/home/pi/wk2/ros2_ws/install/ros2_brickpi3/lib/python3.10/site-packages:${PYTHONPATH} /usr/bin/python3 setup.py develop --editable --build-directory /home/pi/wk2/ros2_ws/build/ros2_brickpi3/build --no-deps install_data
