[6.010s] Invoking command in '/home/pi/wk2/ros2_ws/build/tutorial': PYTHONPATH=/home/pi/wk2/ros2_ws/build/tutorial/prefix_override:/home/pi/wk2/ros2_ws/install/tutorial/lib/python3.10/site-packages:${PYTHONPATH} /usr/bin/python3 setup.py develop --editable --build-directory /home/pi/wk2/ros2_ws/build/tutorial/build --no-deps install_data
[7.506s] running develop
[7.507s] /usr/lib/python3/dist-packages/setuptools/command/easy_install.py:158: EasyInstallDeprecationWarning: easy_install command is deprecated. Use build and pip and other standards-based tools.
[7.508s]   warnings.warn(
[7.512s] /usr/lib/python3/dist-packages/setuptools/command/install.py:34: SetuptoolsDeprecationWarning: setup.py install is deprecated. Use build and pip and other standards-based tools.
[7.513s]   warnings.warn(
[7.835s] /usr/lib/python3/dist-packages/pkg_resources/__init__.py:116: PkgResourcesDeprecationWarning: 1.16.0-unknown is an invalid version and will not be supported in a future release
[7.840s]   warnings.warn(
[7.841s] /usr/lib/python3/dist-packages/pkg_resources/__init__.py:116: PkgResourcesDeprecationWarning: 1.1build1 is an invalid version and will not be supported in a future release
[7.847s]   warnings.warn(
[7.850s] /usr/lib/python3/dist-packages/pkg_resources/__init__.py:116: PkgResourcesDeprecationWarning: 0.1.43ubuntu1 is an invalid version and will not be supported in a future release
[7.851s]   warnings.warn(
[8.626s] running egg_info
[8.634s] writing tutorial.egg-info/PKG-INFO
[8.639s] writing dependency_links to tutorial.egg-info/dependency_links.txt
[8.644s] writing entry points to tutorial.egg-info/entry_points.txt
[8.647s] writing requirements to tutorial.egg-info/requires.txt
[8.651s] writing top-level names to tutorial.egg-info/top_level.txt
[8.654s] reading manifest file 'tutorial.egg-info/SOURCES.txt'
[8.658s] writing manifest file 'tutorial.egg-info/SOURCES.txt'
[8.668s] running build_ext
[8.673s] Creating /home/pi/wk2/ros2_ws/install/tutorial/lib/python3.10/site-packages/tutorial.egg-link (link to .)
[8.679s] Installing listener script to /home/pi/wk2/ros2_ws/install/tutorial/lib/tutorial
[8.682s] Installing talker script to /home/pi/wk2/ros2_ws/install/tutorial/lib/tutorial
[8.687s] 
[8.689s] Installed /home/pi/wk2/ros2_ws/build/tutorial
[8.696s] running install_data
