[10.900s] Invoking command in '/home/pi/wk2/ros2_ws/build/py_srvcli': PYTHONPATH=/home/pi/wk2/ros2_ws/build/py_srvcli/prefix_override:/home/pi/wk2/ros2_ws/install/py_srvcli/lib/python3.10/site-packages:${PYTHONPATH} /usr/bin/python3 setup.py develop --editable --build-directory /home/pi/wk2/ros2_ws/build/py_srvcli/build --no-deps install_data
[13.769s] running develop
[13.774s] /usr/lib/python3/dist-packages/setuptools/command/easy_install.py:158: EasyInstallDeprecationWarning: easy_install command is deprecated. Use build and pip and other standards-based tools.
[13.781s]   warnings.warn(
[13.789s] /usr/lib/python3/dist-packages/setuptools/command/install.py:34: SetuptoolsDeprecationWarning: setup.py install is deprecated. Use build and pip and other standards-based tools.
[13.790s]   warnings.warn(
[14.810s] /usr/lib/python3/dist-packages/pkg_resources/__init__.py:116: PkgResourcesDeprecationWarning: 1.16.0-unknown is an invalid version and will not be supported in a future release
[14.810s]   warnings.warn(
[14.811s] /usr/lib/python3/dist-packages/pkg_resources/__init__.py:116: PkgResourcesDeprecationWarning: 1.1build1 is an invalid version and will not be supported in a future release
[14.812s]   warnings.warn(
[14.813s] /usr/lib/python3/dist-packages/pkg_resources/__init__.py:116: PkgResourcesDeprecationWarning: 0.1.43ubuntu1 is an invalid version and will not be supported in a future release
[14.815s]   warnings.warn(
[15.856s] running egg_info
[15.863s] writing py_srvcli.egg-info/PKG-INFO
[15.864s] writing dependency_links to py_srvcli.egg-info/dependency_links.txt
[15.864s] writing entry points to py_srvcli.egg-info/entry_points.txt
[15.865s] writing requirements to py_srvcli.egg-info/requires.txt
[15.865s] writing top-level names to py_srvcli.egg-info/top_level.txt
[15.879s] reading manifest file 'py_srvcli.egg-info/SOURCES.txt'
[15.880s] writing manifest file 'py_srvcli.egg-info/SOURCES.txt'
[15.884s] running build_ext
[15.885s] Creating /home/pi/wk2/ros2_ws/install/py_srvcli/lib/python3.10/site-packages/py-srvcli.egg-link (link to .)
[15.892s] Installing client script to /home/pi/wk2/ros2_ws/install/py_srvcli/lib/py_srvcli
[15.892s] Installing service script to /home/pi/wk2/ros2_ws/install/py_srvcli/lib/py_srvcli
[15.908s] 
[15.910s] Installed /home/pi/wk2/ros2_ws/build/py_srvcli
[15.917s] running install_data
[16.128s] Invoked command in '/home/pi/wk2/ros2_ws/build/py_srvcli' returned '0': PYTHONPATH=/home/pi/wk2/ros2_ws/build/py_srvcli/prefix_override:/home/pi/wk2/ros2_ws/install/py_srvcli/lib/python3.10/site-packages:${PYTHONPATH} /usr/bin/python3 setup.py develop --editable --build-directory /home/pi/wk2/ros2_ws/build/py_srvcli/build --no-deps install_data
