running egg_info
writing ../../build/tutorial/tutorial.egg-info/PKG-INFO
writing dependency_links to ../../build/tutorial/tutorial.egg-info/dependency_links.txt
writing entry points to ../../build/tutorial/tutorial.egg-info/entry_points.txt
writing requirements to ../../build/tutorial/tutorial.egg-info/requires.txt
writing top-level names to ../../build/tutorial/tutorial.egg-info/top_level.txt
reading manifest file '../../build/tutorial/tutorial.egg-info/SOURCES.txt'
writing manifest file '../../build/tutorial/tutorial.egg-info/SOURCES.txt'
running build
running build_py
copying tutorial/talker.py -> /home/pi/ros2_ws/build/tutorial/build/lib/tutorial
copying tutorial/listener.py -> /home/pi/ros2_ws/build/tutorial/build/lib/tutorial
running install
running install_lib
copying /home/pi/ros2_ws/build/tutorial/build/lib/tutorial/talker.py -> /home/pi/ros2_ws/install/tutorial/lib/python3.10/site-packages/tutorial
copying /home/pi/ros2_ws/build/tutorial/build/lib/tutorial/listener.py -> /home/pi/ros2_ws/install/tutorial/lib/python3.10/site-packages/tutorial
byte-compiling /home/pi/ros2_ws/install/tutorial/lib/python3.10/site-packages/tutorial/talker.py to talker.cpython-310.pyc
byte-compiling /home/pi/ros2_ws/install/tutorial/lib/python3.10/site-packages/tutorial/listener.py to listener.cpython-310.pyc
running install_data
running install_egg_info
removing '/home/pi/ros2_ws/install/tutorial/lib/python3.10/site-packages/tutorial-0.0.0-py3.10.egg-info' (and everything under it)
Copying ../../build/tutorial/tutorial.egg-info to /home/pi/ros2_ws/install/tutorial/lib/python3.10/site-packages/tutorial-0.0.0-py3.10.egg-info
running install_scripts
Installing listener script to /home/pi/ros2_ws/install/tutorial/lib/tutorial
Installing talker script to /home/pi/ros2_ws/install/tutorial/lib/tutorial
writing list of installed files to '/home/pi/ros2_ws/build/tutorial/install.log'
