[2.616s] Invoking command in '/home/pi/ros2_ws/src/tutorial': PYTHONPATH=/home/pi/ros2_ws/build/tutorial/prefix_override:/home/pi/ros2_ws/install/tutorial/lib/python3.10/site-packages:${PYTHONPATH} /usr/bin/python3 setup.py egg_info --egg-base ../../build/tutorial build --build-base /home/pi/ros2_ws/build/tutorial/build install --record /home/pi/ros2_ws/build/tutorial/install.log --single-version-externally-managed
[3.552s] running egg_info
[3.555s] writing ../../build/tutorial/tutorial.egg-info/PKG-INFO
[3.556s] writing dependency_links to ../../build/tutorial/tutorial.egg-info/dependency_links.txt
[3.557s] writing entry points to ../../build/tutorial/tutorial.egg-info/entry_points.txt
[3.558s] writing requirements to ../../build/tutorial/tutorial.egg-info/requires.txt
[3.559s] writing top-level names to ../../build/tutorial/tutorial.egg-info/top_level.txt
[3.567s] reading manifest file '../../build/tutorial/tutorial.egg-info/SOURCES.txt'
[3.570s] writing manifest file '../../build/tutorial/tutorial.egg-info/SOURCES.txt'
[3.571s] running build
[3.571s] running build_py
[3.572s] copying tutorial/talker.py -> /home/pi/ros2_ws/build/tutorial/build/lib/tutorial
[3.573s] copying tutorial/listener.py -> /home/pi/ros2_ws/build/tutorial/build/lib/tutorial
[3.574s] running install
[3.575s] /usr/lib/python3/dist-packages/setuptools/command/install.py:34: SetuptoolsDeprecationWarning: setup.py install is deprecated. Use build and pip and other standards-based tools.
[3.575s]   warnings.warn(
[3.576s] running install_lib
[3.579s] copying /home/pi/ros2_ws/build/tutorial/build/lib/tutorial/talker.py -> /home/pi/ros2_ws/install/tutorial/lib/python3.10/site-packages/tutorial
[3.580s] copying /home/pi/ros2_ws/build/tutorial/build/lib/tutorial/listener.py -> /home/pi/ros2_ws/install/tutorial/lib/python3.10/site-packages/tutorial
[3.582s] byte-compiling /home/pi/ros2_ws/install/tutorial/lib/python3.10/site-packages/tutorial/talker.py to talker.cpython-310.pyc
[3.585s] byte-compiling /home/pi/ros2_ws/install/tutorial/lib/python3.10/site-packages/tutorial/listener.py to listener.cpython-310.pyc
[3.587s] running install_data
[3.589s] running install_egg_info
[3.595s] removing '/home/pi/ros2_ws/install/tutorial/lib/python3.10/site-packages/tutorial-0.0.0-py3.10.egg-info' (and everything under it)
[3.596s] Copying ../../build/tutorial/tutorial.egg-info to /home/pi/ros2_ws/install/tutorial/lib/python3.10/site-packages/tutorial-0.0.0-py3.10.egg-info
[3.601s] running install_scripts
[3.676s] Installing listener script to /home/pi/ros2_ws/install/tutorial/lib/tutorial
[3.677s] Installing talker script to /home/pi/ros2_ws/install/tutorial/lib/tutorial
[3.679s] writing list of installed files to '/home/pi/ros2_ws/build/tutorial/install.log'
[3.794s] Invoked command in '/home/pi/ros2_ws/src/tutorial' returned '0': PYTHONPATH=/home/pi/ros2_ws/build/tutorial/prefix_override:/home/pi/ros2_ws/install/tutorial/lib/python3.10/site-packages:${PYTHONPATH} /usr/bin/python3 setup.py egg_info --egg-base ../../build/tutorial build --build-base /home/pi/ros2_ws/build/tutorial/build install --record /home/pi/ros2_ws/build/tutorial/install.log --single-version-externally-managed
