[7.374s] Invoking command in '/home/pi/wk2/ros2_ws/build/py_srvcli': PYTHONPATH=/home/pi/wk2/ros2_ws/build/py_srvcli/prefix_override:/home/pi/wk2/ros2_ws/install/py_srvcli/lib/python3.10/site-packages:${PYTHONPATH} /usr/bin/python3 setup.py develop --uninstall --editable --build-directory /home/pi/wk2/ros2_ws/build/py_srvcli/build
[9.403s] running develop
[9.408s] /usr/lib/python3/dist-packages/setuptools/command/easy_install.py:158: EasyInstallDeprecationWarning: easy_install command is deprecated. Use build and pip and other standards-based tools.
[9.409s]   warnings.warn(
[9.416s] /usr/lib/python3/dist-packages/setuptools/command/install.py:34: SetuptoolsDeprecationWarning: setup.py install is deprecated. Use build and pip and other standards-based tools.
[9.417s]   warnings.warn(
[10.278s] /usr/lib/python3/dist-packages/pkg_resources/__init__.py:116: PkgResourcesDeprecationWarning: 1.16.0-unknown is an invalid version and will not be supported in a future release
[10.278s]   warnings.warn(
[10.301s] /usr/lib/python3/dist-packages/pkg_resources/__init__.py:116: PkgResourcesDeprecationWarning: 1.1build1 is an invalid version and will not be supported in a future release
[10.303s]   warnings.warn(
[10.305s] /usr/lib/python3/dist-packages/pkg_resources/__init__.py:116: PkgResourcesDeprecationWarning: 0.1.43ubuntu1 is an invalid version and will not be supported in a future release
[10.306s]   warnings.warn(
[11.864s] Removing /home/pi/wk2/ros2_ws/install/py_srvcli/lib/python3.10/site-packages/py-srvcli.egg-link (link to .)
[12.063s] Invoked command in '/home/pi/wk2/ros2_ws/build/py_srvcli' returned '0': PYTHONPATH=/home/pi/wk2/ros2_ws/build/py_srvcli/prefix_override:/home/pi/wk2/ros2_ws/install/py_srvcli/lib/python3.10/site-packages:${PYTHONPATH} /usr/bin/python3 setup.py develop --uninstall --editable --build-directory /home/pi/wk2/ros2_ws/build/py_srvcli/build
[12.065s] Invoking command in '/home/pi/wk2/ros2_ws/src/py_srvcli': PYTHONPATH=/home/pi/wk2/ros2_ws/build/py_srvcli/prefix_override:/home/pi/wk2/ros2_ws/install/py_srvcli/lib/python3.10/site-packages:${PYTHONPATH} /usr/bin/python3 setup.py egg_info --egg-base ../../build/py_srvcli build --build-base /home/pi/wk2/ros2_ws/build/py_srvcli/build install --record /home/pi/wk2/ros2_ws/build/py_srvcli/install.log --single-version-externally-managed
[13.883s] running egg_info
[13.884s] writing ../../build/py_srvcli/py_srvcli.egg-info/PKG-INFO
[13.884s] writing dependency_links to ../../build/py_srvcli/py_srvcli.egg-info/dependency_links.txt
[13.885s] writing entry points to ../../build/py_srvcli/py_srvcli.egg-info/entry_points.txt
[13.887s] writing requirements to ../../build/py_srvcli/py_srvcli.egg-info/requires.txt
[13.887s] writing top-level names to ../../build/py_srvcli/py_srvcli.egg-info/top_level.txt
[13.896s] reading manifest file '../../build/py_srvcli/py_srvcli.egg-info/SOURCES.txt'
[13.900s] writing manifest file '../../build/py_srvcli/py_srvcli.egg-info/SOURCES.txt'
[13.902s] running build
[13.902s] running build_py
[13.903s] creating /home/pi/wk2/ros2_ws/build/py_srvcli/build
[13.904s] creating /home/pi/wk2/ros2_ws/build/py_srvcli/build/lib
[13.904s] creating /home/pi/wk2/ros2_ws/build/py_srvcli/build/lib/py_srvcli
[13.905s] copying py_srvcli/service_member_function.py -> /home/pi/wk2/ros2_ws/build/py_srvcli/build/lib/py_srvcli
[13.906s] copying py_srvcli/__init__.py -> /home/pi/wk2/ros2_ws/build/py_srvcli/build/lib/py_srvcli
[13.907s] copying py_srvcli/client_member_function.py -> /home/pi/wk2/ros2_ws/build/py_srvcli/build/lib/py_srvcli
[13.908s] running install
[13.909s] /usr/lib/python3/dist-packages/setuptools/command/install.py:34: SetuptoolsDeprecationWarning: setup.py install is deprecated. Use build and pip and other standards-based tools.
[13.909s]   warnings.warn(
[13.910s] running install_lib
[13.911s] creating /home/pi/wk2/ros2_ws/install/py_srvcli/lib/python3.10/site-packages/py_srvcli
[13.913s] copying /home/pi/wk2/ros2_ws/build/py_srvcli/build/lib/py_srvcli/service_member_function.py -> /home/pi/wk2/ros2_ws/install/py_srvcli/lib/python3.10/site-packages/py_srvcli
[13.914s] copying /home/pi/wk2/ros2_ws/build/py_srvcli/build/lib/py_srvcli/__init__.py -> /home/pi/wk2/ros2_ws/install/py_srvcli/lib/python3.10/site-packages/py_srvcli
[13.914s] copying /home/pi/wk2/ros2_ws/build/py_srvcli/build/lib/py_srvcli/client_member_function.py -> /home/pi/wk2/ros2_ws/install/py_srvcli/lib/python3.10/site-packages/py_srvcli
[13.917s] byte-compiling /home/pi/wk2/ros2_ws/install/py_srvcli/lib/python3.10/site-packages/py_srvcli/service_member_function.py to service_member_function.cpython-310.pyc
[13.919s] byte-compiling /home/pi/wk2/ros2_ws/install/py_srvcli/lib/python3.10/site-packages/py_srvcli/__init__.py to __init__.cpython-310.pyc
[13.921s] byte-compiling /home/pi/wk2/ros2_ws/install/py_srvcli/lib/python3.10/site-packages/py_srvcli/client_member_function.py to client_member_function.cpython-310.pyc
[13.923s] running install_data
[13.925s] running install_egg_info
[13.935s] Copying ../../build/py_srvcli/py_srvcli.egg-info to /home/pi/wk2/ros2_ws/install/py_srvcli/lib/python3.10/site-packages/py_srvcli-0.0.0-py3.10.egg-info
[13.942s] running install_scripts
[14.044s] Installing client script to /home/pi/wk2/ros2_ws/install/py_srvcli/lib/py_srvcli
[14.045s] Installing service script to /home/pi/wk2/ros2_ws/install/py_srvcli/lib/py_srvcli
[14.050s] writing list of installed files to '/home/pi/wk2/ros2_ws/build/py_srvcli/install.log'
[14.228s] Invoked command in '/home/pi/wk2/ros2_ws/src/py_srvcli' returned '0': PYTHONPATH=/home/pi/wk2/ros2_ws/build/py_srvcli/prefix_override:/home/pi/wk2/ros2_ws/install/py_srvcli/lib/python3.10/site-packages:${PYTHONPATH} /usr/bin/python3 setup.py egg_info --egg-base ../../build/py_srvcli build --build-base /home/pi/wk2/ros2_ws/build/py_srvcli/build install --record /home/pi/wk2/ros2_ws/build/py_srvcli/install.log --single-version-externally-managed
