[5.555s] Invoking command in '/home/pi/wk2/ros2_ws/build/my_package': PYTHONPATH=/home/pi/wk2/ros2_ws/build/my_package/prefix_override:/home/pi/wk2/ros2_ws/install/my_package/lib/python3.10/site-packages:${PYTHONPATH} /usr/bin/python3 setup.py develop --editable --build-directory /home/pi/wk2/ros2_ws/build/my_package/build --no-deps install_data
[7.026s] running develop
[7.027s] /usr/lib/python3/dist-packages/setuptools/command/easy_install.py:158: EasyInstallDeprecationWarning: easy_install command is deprecated. Use build and pip and other standards-based tools.
[7.028s]   warnings.warn(
[7.033s] /usr/lib/python3/dist-packages/setuptools/command/install.py:34: SetuptoolsDeprecationWarning: setup.py install is deprecated. Use build and pip and other standards-based tools.
[7.034s]   warnings.warn(
[7.355s] /usr/lib/python3/dist-packages/pkg_resources/__init__.py:116: PkgResourcesDeprecationWarning: 1.16.0-unknown is an invalid version and will not be supported in a future release
[7.355s]   warnings.warn(
[7.356s] /usr/lib/python3/dist-packages/pkg_resources/__init__.py:116: PkgResourcesDeprecationWarning: 1.1build1 is an invalid version and will not be supported in a future release
[7.357s]   warnings.warn(
[7.358s] /usr/lib/python3/dist-packages/pkg_resources/__init__.py:116: PkgResourcesDeprecationWarning: 0.1.43ubuntu1 is an invalid version and will not be supported in a future release
[7.359s]   warnings.warn(
[7.945s] running egg_info
[7.946s] writing my_package.egg-info/PKG-INFO
[7.950s] writing dependency_links to my_package.egg-info/dependency_links.txt
[7.952s] writing entry points to my_package.egg-info/entry_points.txt
[7.953s] writing requirements to my_package.egg-info/requires.txt
[7.953s] writing top-level names to my_package.egg-info/top_level.txt
[7.960s] reading manifest file 'my_package.egg-info/SOURCES.txt'
[7.963s] writing manifest file 'my_package.egg-info/SOURCES.txt'
[7.971s] running build_ext
[7.972s] Creating /home/pi/wk2/ros2_ws/install/my_package/lib/python3.10/site-packages/my-package.egg-link (link to .)
[7.977s] Installing chatter script to /home/pi/wk2/ros2_ws/install/my_package/lib/my_package
[7.978s] Installing my_node script to /home/pi/wk2/ros2_ws/install/my_package/lib/my_package
[7.980s] 
[7.981s] Installed /home/pi/wk2/ros2_ws/build/my_package
[7.983s] running install_data
[8.185s] Invoked command in '/home/pi/wk2/ros2_ws/build/my_package' returned '0': PYTHONPATH=/home/pi/wk2/ros2_ws/build/my_package/prefix_override:/home/pi/wk2/ros2_ws/install/my_package/lib/python3.10/site-packages:${PYTHONPATH} /usr/bin/python3 setup.py develop --editable --build-directory /home/pi/wk2/ros2_ws/build/my_package/build --no-deps install_data
