[5.831s] Invoking command in '/home/pi/wk2/ros2_ws/build/ros2_brickpi3': PYTHONPATH=/home/pi/wk2/ros2_ws/build/ros2_brickpi3/prefix_override:/home/pi/wk2/ros2_ws/install/ros2_brickpi3/lib/python3.10/site-packages:${PYTHONPATH} /usr/bin/python3 setup.py develop --editable --build-directory /home/pi/wk2/ros2_ws/build/ros2_brickpi3/build --no-deps install_data
[7.187s] running develop
[7.195s] /usr/lib/python3/dist-packages/setuptools/command/easy_install.py:158: EasyInstallDeprecationWarning: easy_install command is deprecated. Use build and pip and other standards-based tools.
[7.196s]   warnings.warn(
[7.200s] /usr/lib/python3/dist-packages/setuptools/command/install.py:34: SetuptoolsDeprecationWarning: setup.py install is deprecated. Use build and pip and other standards-based tools.
[7.204s]   warnings.warn(
[7.516s] /usr/lib/python3/dist-packages/pkg_resources/__init__.py:116: PkgResourcesDeprecationWarning: 1.16.0-unknown is an invalid version and will not be supported in a future release
[7.517s]   warnings.warn(
[7.518s] /usr/lib/python3/dist-packages/pkg_resources/__init__.py:116: PkgResourcesDeprecationWarning: 1.1build1 is an invalid version and will not be supported in a future release
[7.519s]   warnings.warn(
[7.523s] /usr/lib/python3/dist-packages/pkg_resources/__init__.py:116: PkgResourcesDeprecationWarning: 0.1.43ubuntu1 is an invalid version and will not be supported in a future release
[7.523s]   warnings.warn(
[8.085s] running egg_info
[8.086s] writing ros2_brickpi3.egg-info/PKG-INFO
[8.087s] writing dependency_links to ros2_brickpi3.egg-info/dependency_links.txt
[8.097s] writing entry points to ros2_brickpi3.egg-info/entry_points.txt
[8.099s] writing requirements to ros2_brickpi3.egg-info/requires.txt
[8.100s] writing top-level names to ros2_brickpi3.egg-info/top_level.txt
[8.103s] reading manifest file 'ros2_brickpi3.egg-info/SOURCES.txt'
[8.114s] writing manifest file 'ros2_brickpi3.egg-info/SOURCES.txt'
[8.122s] running build_ext
[8.124s] Creating /home/pi/wk2/ros2_ws/install/ros2_brickpi3/lib/python3.10/site-packages/ros2-brickpi3.egg-link (link to .)
[8.133s] Installing color script to /home/pi/wk2/ros2_ws/install/ros2_brickpi3/lib/ros2_brickpi3
[8.135s] Installing drive script to /home/pi/wk2/ros2_ws/install/ros2_brickpi3/lib/ros2_brickpi3
[8.139s] Installing gyro script to /home/pi/wk2/ros2_ws/install/ros2_brickpi3/lib/ros2_brickpi3
[8.140s] Installing motor script to /home/pi/wk2/ros2_ws/install/ros2_brickpi3/lib/ros2_brickpi3
[8.146s] Installing touch script to /home/pi/wk2/ros2_ws/install/ros2_brickpi3/lib/ros2_brickpi3
[8.150s] Installing ultrasonic script to /home/pi/wk2/ros2_ws/install/ros2_brickpi3/lib/ros2_brickpi3
[8.155s] 
[8.156s] Installed /home/pi/wk2/ros2_ws/build/ros2_brickpi3
[8.159s] running install_data
[8.612s] Invoked command in '/home/pi/wk2/ros2_ws/build/ros2_brickpi3' returned '0': PYTHONPATH=/home/pi/wk2/ros2_ws/build/ros2_brickpi3/prefix_override:/home/pi/wk2/ros2_ws/install/ros2_brickpi3/lib/python3.10/site-packages:${PYTHONPATH} /usr/bin/python3 setup.py develop --editable --build-directory /home/pi/wk2/ros2_ws/build/ros2_brickpi3/build --no-deps install_data
