[2.461s] Invoking command in '/home/pi/wk2/ros2_ws/build/ros2_aruco_interfaces': CMAKE_PREFIX_PATH=${CMAKE_PREFIX_PATH}:/home/pi/wk2/ros2_ws/install/tutorial:/home/pi/wk2/ros2_ws/install/ros2_brickpi3:/home/pi/wk2/ros2_ws/install/ros2_aruco:/home/pi/wk2/ros2_ws/install/my_package:/opt/ros/humble /usr/bin/cmake --build /home/pi/wk2/ros2_ws/build/ros2_aruco_interfaces -- -j4 -l4
[2.738s] [  3%] Built target ros2_aruco_interfaces__cpp
[2.739s] [ 12%] Built target ros2_aruco_interfaces__rosidl_generator_c
[2.776s] [ 12%] Built target ament_cmake_python_symlink_ros2_aruco_interfaces
[2.883s] [ 22%] Built target ros2_aruco_interfaces__rosidl_typesupport_cpp
[2.900s] [ 32%] Built target ros2_aruco_interfaces__rosidl_typesupport_introspection_c
[2.907s] [ 41%] Built target ros2_aruco_interfaces__rosidl_typesupport_fastrtps_cpp
[2.947s] [ 51%] Built target ros2_aruco_interfaces__rosidl_typesupport_c
[3.025s] [ 61%] Built target ros2_aruco_interfaces__rosidl_typesupport_introspection_cpp
[3.068s] [ 70%] Built target ros2_aruco_interfaces__rosidl_typesupport_fastrtps_c
[3.176s] [ 70%] Built target ros2_aruco_interfaces
[3.272s] [ 74%] Built target ros2_aruco_interfaces__py
[3.396s] [ 80%] Built target ros2_aruco_interfaces__rosidl_generator_py
[3.541s] [ 87%] Built target ros2_aruco_interfaces__rosidl_typesupport_c__pyext
[3.561s] [ 93%] Built target ros2_aruco_interfaces__rosidl_typesupport_fastrtps_c__pyext
[3.604s] [100%] Built target ros2_aruco_interfaces__rosidl_typesupport_introspection_c__pyext
[4.436s] running egg_info
[4.443s] writing ros2_aruco_interfaces.egg-info/PKG-INFO
[4.445s] writing dependency_links to ros2_aruco_interfaces.egg-info/dependency_links.txt
[4.448s] writing top-level names to ros2_aruco_interfaces.egg-info/top_level.txt
[4.461s] reading manifest file 'ros2_aruco_interfaces.egg-info/SOURCES.txt'
[4.466s] writing manifest file 'ros2_aruco_interfaces.egg-info/SOURCES.txt'
[4.683s] [100%] Built target ament_cmake_python_build_ros2_aruco_interfaces_egg
[4.788s] Invoked command in '/home/pi/wk2/ros2_ws/build/ros2_aruco_interfaces' returned '0': CMAKE_PREFIX_PATH=${CMAKE_PREFIX_PATH}:/home/pi/wk2/ros2_ws/install/tutorial:/home/pi/wk2/ros2_ws/install/ros2_brickpi3:/home/pi/wk2/ros2_ws/install/ros2_aruco:/home/pi/wk2/ros2_ws/install/my_package:/opt/ros/humble /usr/bin/cmake --build /home/pi/wk2/ros2_ws/build/ros2_aruco_interfaces -- -j4 -l4
[5.516s] Invoking command in '/home/pi/wk2/ros2_ws/build/ros2_aruco_interfaces': CMAKE_PREFIX_PATH=${CMAKE_PREFIX_PATH}:/home/pi/wk2/ros2_ws/install/tutorial:/home/pi/wk2/ros2_ws/install/ros2_brickpi3:/home/pi/wk2/ros2_ws/install/ros2_aruco:/home/pi/wk2/ros2_ws/install/my_package:/opt/ros/humble /usr/bin/cmake --install /home/pi/wk2/ros2_ws/build/ros2_aruco_interfaces
[5.577s] -- Install configuration: ""
[5.580s] -- Execute custom install script
[5.582s] -- Up-to-date symlink: /home/pi/wk2/ros2_ws/install/ros2_aruco_interfaces/share/ament_index/resource_index/rosidl_interfaces/ros2_aruco_interfaces
[5.585s] -- Up-to-date symlink: /home/pi/wk2/ros2_ws/install/ros2_aruco_interfaces/include/ros2_aruco_interfaces/ros2_aruco_interfaces/msg/aruco_markers.h
[5.586s] -- Up-to-date symlink: /home/pi/wk2/ros2_ws/install/ros2_aruco_interfaces/include/ros2_aruco_interfaces/ros2_aruco_interfaces/msg/detail/aruco_markers__functions.h
[5.608s] -- Up-to-date symlink: /home/pi/wk2/ros2_ws/install/ros2_aruco_interfaces/include/ros2_aruco_interfaces/ros2_aruco_interfaces/msg/detail/aruco_markers__struct.h
[5.609s] -- Up-to-date symlink: /home/pi/wk2/ros2_ws/install/ros2_aruco_interfaces/include/ros2_aruco_interfaces/ros2_aruco_interfaces/msg/detail/aruco_markers__type_support.h
[5.610s] -- Up-to-date symlink: /home/pi/wk2/ros2_ws/install/ros2_aruco_interfaces/include/ros2_aruco_interfaces/ros2_aruco_interfaces/msg/rosidl_generator_c__visibility_control.h
[5.611s] -- Up-to-date symlink: /home/pi/wk2/ros2_ws/install/ros2_aruco_interfaces/share/ros2_aruco_interfaces/environment/library_path.sh
[5.613s] -- Up-to-date symlink: /home/pi/wk2/ros2_ws/install/ros2_aruco_interfaces/share/ros2_aruco_interfaces/environment/library_path.dsv
[5.632s] -- Up-to-date symlink: /home/pi/wk2/ros2_ws/install/ros2_aruco_interfaces/include/ros2_aruco_interfaces/ros2_aruco_interfaces/msg/detail/aruco_markers__rosidl_typesupport_fastrtps_c.h
[5.634s] -- Up-to-date symlink: /home/pi/wk2/ros2_ws/install/ros2_aruco_interfaces/include/ros2_aruco_interfaces/ros2_aruco_interfaces/msg/rosidl_typesupport_fastrtps_c__visibility_control.h
[5.636s] -- Up-to-date symlink: /home/pi/wk2/ros2_ws/install/ros2_aruco_interfaces/include/ros2_aruco_interfaces/ros2_aruco_interfaces/msg/aruco_markers.hpp
[5.637s] -- Up-to-date symlink: /home/pi/wk2/ros2_ws/install/ros2_aruco_interfaces/include/ros2_aruco_interfaces/ros2_aruco_interfaces/msg/detail/aruco_markers__builder.hpp
[5.655s] -- Up-to-date symlink: /home/pi/wk2/ros2_ws/install/ros2_aruco_interfaces/include/ros2_aruco_interfaces/ros2_aruco_interfaces/msg/detail/aruco_markers__struct.hpp
[5.656s] -- Up-to-date symlink: /home/pi/wk2/ros2_ws/install/ros2_aruco_interfaces/include/ros2_aruco_interfaces/ros2_aruco_interfaces/msg/detail/aruco_markers__traits.hpp
[5.678s] -- Up-to-date symlink: /home/pi/wk2/ros2_ws/install/ros2_aruco_interfaces/include/ros2_aruco_interfaces/ros2_aruco_interfaces/msg/detail/aruco_markers__rosidl_typesupport_fastrtps_cpp.hpp
[5.680s] -- Up-to-date symlink: /home/pi/wk2/ros2_ws/install/ros2_aruco_interfaces/include/ros2_aruco_interfaces/ros2_aruco_interfaces/msg/rosidl_typesupport_fastrtps_cpp__visibility_control.h
[5.682s] -- Up-to-date symlink: /home/pi/wk2/ros2_ws/install/ros2_aruco_interfaces/include/ros2_aruco_interfaces/ros2_aruco_interfaces/msg/detail/aruco_markers__rosidl_typesupport_introspection_c.h
[5.683s] -- Up-to-date symlink: /home/pi/wk2/ros2_ws/install/ros2_aruco_interfaces/include/ros2_aruco_interfaces/ros2_aruco_interfaces/msg/rosidl_typesupport_introspection_c__visibility_control.h
[5.686s] -- Up-to-date symlink: /home/pi/wk2/ros2_ws/install/ros2_aruco_interfaces/include/ros2_aruco_interfaces/ros2_aruco_interfaces/msg/detail/aruco_markers__rosidl_typesupport_introspection_cpp.hpp
[5.703s] -- Up-to-date symlink: /home/pi/wk2/ros2_ws/install/ros2_aruco_interfaces/share/ros2_aruco_interfaces/environment/pythonpath.sh
[5.704s] -- Up-to-date symlink: /home/pi/wk2/ros2_ws/install/ros2_aruco_interfaces/share/ros2_aruco_interfaces/environment/pythonpath.dsv
[5.707s] -- Up-to-date symlink: /home/pi/wk2/ros2_ws/install/ros2_aruco_interfaces/local/lib/python3.10/dist-packages/ros2_aruco_interfaces-0.1.0-py3.10.egg-info/PKG-INFO
[5.708s] -- Up-to-date symlink: /home/pi/wk2/ros2_ws/install/ros2_aruco_interfaces/local/lib/python3.10/dist-packages/ros2_aruco_interfaces-0.1.0-py3.10.egg-info/SOURCES.txt
[5.709s] -- Up-to-date symlink: /home/pi/wk2/ros2_ws/install/ros2_aruco_interfaces/local/lib/python3.10/dist-packages/ros2_aruco_interfaces-0.1.0-py3.10.egg-info/dependency_links.txt
[5.710s] -- Up-to-date symlink: /home/pi/wk2/ros2_ws/install/ros2_aruco_interfaces/local/lib/python3.10/dist-packages/ros2_aruco_interfaces-0.1.0-py3.10.egg-info/top_level.txt
[5.736s] -- Up-to-date symlink: /home/pi/wk2/ros2_ws/install/ros2_aruco_interfaces/local/lib/python3.10/dist-packages/ros2_aruco_interfaces/__init__.py
[5.737s] -- Up-to-date symlink: /home/pi/wk2/ros2_ws/install/ros2_aruco_interfaces/local/lib/python3.10/dist-packages/ros2_aruco_interfaces/_ros2_aruco_interfaces_s.ep.rosidl_typesupport_c.c
[5.738s] -- Up-to-date symlink: /home/pi/wk2/ros2_ws/install/ros2_aruco_interfaces/local/lib/python3.10/dist-packages/ros2_aruco_interfaces/_ros2_aruco_interfaces_s.ep.rosidl_typesupport_fastrtps_c.c
[5.739s] -- Up-to-date symlink: /home/pi/wk2/ros2_ws/install/ros2_aruco_interfaces/local/lib/python3.10/dist-packages/ros2_aruco_interfaces/_ros2_aruco_interfaces_s.ep.rosidl_typesupport_introspection_c.c
[5.740s] -- Up-to-date symlink: /home/pi/wk2/ros2_ws/install/ros2_aruco_interfaces/local/lib/python3.10/dist-packages/ros2_aruco_interfaces/libros2_aruco_interfaces__rosidl_generator_py.so
[5.741s] -- Up-to-date symlink: /home/pi/wk2/ros2_ws/install/ros2_aruco_interfaces/local/lib/python3.10/dist-packages/ros2_aruco_interfaces/msg/__init__.py
[5.759s] -- Up-to-date symlink: /home/pi/wk2/ros2_ws/install/ros2_aruco_interfaces/local/lib/python3.10/dist-packages/ros2_aruco_interfaces/msg/_aruco_markers.py
[5.760s] -- Up-to-date symlink: /home/pi/wk2/ros2_ws/install/ros2_aruco_interfaces/local/lib/python3.10/dist-packages/ros2_aruco_interfaces/msg/_aruco_markers_s.c
[5.761s] -- Up-to-date symlink: /home/pi/wk2/ros2_ws/install/ros2_aruco_interfaces/local/lib/python3.10/dist-packages/ros2_aruco_interfaces/ros2_aruco_interfaces_s__rosidl_typesupport_c.cpython-310-aarch64-linux-gnu.so
[5.771s] -- Up-to-date symlink: /home/pi/wk2/ros2_ws/install/ros2_aruco_interfaces/local/lib/python3.10/dist-packages/ros2_aruco_interfaces/ros2_aruco_interfaces_s__rosidl_typesupport_fastrtps_c.cpython-310-aarch64-linux-gnu.so
[5.773s] -- Up-to-date symlink: /home/pi/wk2/ros2_ws/install/ros2_aruco_interfaces/local/lib/python3.10/dist-packages/ros2_aruco_interfaces/ros2_aruco_interfaces_s__rosidl_typesupport_introspection_c.cpython-310-aarch64-linux-gnu.so
[5.787s] -- Up-to-date symlink: /home/pi/wk2/ros2_ws/install/ros2_aruco_interfaces/local/lib/python3.10/dist-packages/ros2_aruco_interfaces/ros2_aruco_interfaces_s__rosidl_typesupport_fastrtps_c.cpython-310-aarch64-linux-gnu.so
[5.789s] -- Up-to-date symlink: /home/pi/wk2/ros2_ws/install/ros2_aruco_interfaces/local/lib/python3.10/dist-packages/ros2_aruco_interfaces/ros2_aruco_interfaces_s__rosidl_typesupport_introspection_c.cpython-310-aarch64-linux-gnu.so
[5.792s] -- Up-to-date symlink: /home/pi/wk2/ros2_ws/install/ros2_aruco_interfaces/local/lib/python3.10/dist-packages/ros2_aruco_interfaces/ros2_aruco_interfaces_s__rosidl_typesupport_c.cpython-310-aarch64-linux-gnu.so
[5.793s] -- Up-to-date symlink: /home/pi/wk2/ros2_ws/install/ros2_aruco_interfaces/share/ros2_aruco_interfaces/msg/ArucoMarkers.idl
[5.802s] -- Up-to-date symlink: /home/pi/wk2/ros2_ws/install/ros2_aruco_interfaces/share/ros2_aruco_interfaces/msg/ArucoMarkers.msg
[5.803s] -- Up-to-date symlink: /home/pi/wk2/ros2_ws/install/ros2_aruco_interfaces/share/ament_index/resource_index/package_run_dependencies/ros2_aruco_interfaces
[5.805s] -- Up-to-date symlink: /home/pi/wk2/ros2_ws/install/ros2_aruco_interfaces/share/ament_index/resource_index/parent_prefix_path/ros2_aruco_interfaces
[5.806s] -- Up-to-date symlink: /home/pi/wk2/ros2_ws/install/ros2_aruco_interfaces/share/ros2_aruco_interfaces/environment/ament_prefix_path.sh
[5.820s] -- Up-to-date symlink: /home/pi/wk2/ros2_ws/install/ros2_aruco_interfaces/share/ros2_aruco_interfaces/environment/ament_prefix_path.dsv
[5.821s] -- Up-to-date symlink: /home/pi/wk2/ros2_ws/install/ros2_aruco_interfaces/share/ros2_aruco_interfaces/environment/path.sh
[5.823s] -- Up-to-date symlink: /home/pi/wk2/ros2_ws/install/ros2_aruco_interfaces/share/ros2_aruco_interfaces/environment/path.dsv
[5.824s] -- Up-to-date symlink: /home/pi/wk2/ros2_ws/install/ros2_aruco_interfaces/share/ros2_aruco_interfaces/local_setup.bash
[5.825s] -- Up-to-date symlink: /home/pi/wk2/ros2_ws/install/ros2_aruco_interfaces/share/ros2_aruco_interfaces/local_setup.sh
[5.826s] -- Up-to-date symlink: /home/pi/wk2/ros2_ws/install/ros2_aruco_interfaces/share/ros2_aruco_interfaces/local_setup.zsh
[5.827s] -- Up-to-date symlink: /home/pi/wk2/ros2_ws/install/ros2_aruco_interfaces/share/ros2_aruco_interfaces/local_setup.dsv
[5.828s] -- Symlinking: /home/pi/wk2/ros2_ws/install/ros2_aruco_interfaces/share/ros2_aruco_interfaces/package.dsv
[5.957s] -- Up-to-date symlink: /home/pi/wk2/ros2_ws/install/ros2_aruco_interfaces/share/ament_index/resource_index/packages/ros2_aruco_interfaces
[5.958s] -- Up-to-date symlink: /home/pi/wk2/ros2_ws/install/ros2_aruco_interfaces/share/ros2_aruco_interfaces/cmake/rosidl_cmake-extras.cmake
[5.963s] -- Up-to-date symlink: /home/pi/wk2/ros2_ws/install/ros2_aruco_interfaces/share/ros2_aruco_interfaces/cmake/ament_cmake_export_dependencies-extras.cmake
[5.966s] -- Up-to-date symlink: /home/pi/wk2/ros2_ws/install/ros2_aruco_interfaces/share/ros2_aruco_interfaces/cmake/ament_cmake_export_include_directories-extras.cmake
[5.969s] -- Up-to-date symlink: /home/pi/wk2/ros2_ws/install/ros2_aruco_interfaces/share/ros2_aruco_interfaces/cmake/ament_cmake_export_libraries-extras.cmake
[5.973s] -- Up-to-date symlink: /home/pi/wk2/ros2_ws/install/ros2_aruco_interfaces/share/ros2_aruco_interfaces/cmake/ament_cmake_export_targets-extras.cmake
[5.984s] -- Up-to-date symlink: /home/pi/wk2/ros2_ws/install/ros2_aruco_interfaces/share/ros2_aruco_interfaces/cmake/rosidl_cmake_export_typesupport_targets-extras.cmake
[5.988s] -- Up-to-date symlink: /home/pi/wk2/ros2_ws/install/ros2_aruco_interfaces/share/ros2_aruco_interfaces/cmake/rosidl_cmake_export_typesupport_libraries-extras.cmake
[5.991s] -- Up-to-date symlink: /home/pi/wk2/ros2_ws/install/ros2_aruco_interfaces/share/ros2_aruco_interfaces/cmake/ros2_aruco_interfacesConfig.cmake
[5.993s] -- Up-to-date symlink: /home/pi/wk2/ros2_ws/install/ros2_aruco_interfaces/share/ros2_aruco_interfaces/cmake/ros2_aruco_interfacesConfig-version.cmake
[5.997s] -- Up-to-date symlink: /home/pi/wk2/ros2_ws/install/ros2_aruco_interfaces/share/ros2_aruco_interfaces/package.xml
[6.002s] -- Up-to-date: /home/pi/wk2/ros2_ws/install/ros2_aruco_interfaces/lib/libros2_aruco_interfaces__rosidl_generator_c.so
[6.009s] -- Up-to-date: /home/pi/wk2/ros2_ws/install/ros2_aruco_interfaces/lib/libros2_aruco_interfaces__rosidl_typesupport_fastrtps_c.so
[6.022s] -- Up-to-date: /home/pi/wk2/ros2_ws/install/ros2_aruco_interfaces/lib/libros2_aruco_interfaces__rosidl_typesupport_fastrtps_cpp.so
[6.028s] -- Up-to-date: /home/pi/wk2/ros2_ws/install/ros2_aruco_interfaces/lib/libros2_aruco_interfaces__rosidl_typesupport_introspection_c.so
[6.036s] -- Up-to-date: /home/pi/wk2/ros2_ws/install/ros2_aruco_interfaces/lib/libros2_aruco_interfaces__rosidl_typesupport_c.so
[6.050s] -- Up-to-date: /home/pi/wk2/ros2_ws/install/ros2_aruco_interfaces/lib/libros2_aruco_interfaces__rosidl_typesupport_introspection_cpp.so
[6.054s] -- Up-to-date: /home/pi/wk2/ros2_ws/install/ros2_aruco_interfaces/lib/libros2_aruco_interfaces__rosidl_typesupport_cpp.so
[6.434s] Listing '/home/pi/wk2/ros2_ws/install/ros2_aruco_interfaces/local/lib/python3.10/dist-packages/ros2_aruco_interfaces'...
[6.435s] Listing '/home/pi/wk2/ros2_ws/install/ros2_aruco_interfaces/local/lib/python3.10/dist-packages/ros2_aruco_interfaces/msg'...
[6.507s] -- Up-to-date: /home/pi/wk2/ros2_ws/install/ros2_aruco_interfaces/lib/libros2_aruco_interfaces__rosidl_generator_py.so
[6.512s] -- Up-to-date: /home/pi/wk2/ros2_ws/install/ros2_aruco_interfaces/share/ros2_aruco_interfaces/cmake/export_ros2_aruco_interfaces__rosidl_generator_cExport.cmake
[6.512s] -- Up-to-date: /home/pi/wk2/ros2_ws/install/ros2_aruco_interfaces/share/ros2_aruco_interfaces/cmake/export_ros2_aruco_interfaces__rosidl_generator_cExport-noconfig.cmake
[6.513s] -- Up-to-date: /home/pi/wk2/ros2_ws/install/ros2_aruco_interfaces/share/ros2_aruco_interfaces/cmake/export_ros2_aruco_interfaces__rosidl_typesupport_fastrtps_cExport.cmake
[6.514s] -- Up-to-date: /home/pi/wk2/ros2_ws/install/ros2_aruco_interfaces/share/ros2_aruco_interfaces/cmake/export_ros2_aruco_interfaces__rosidl_typesupport_fastrtps_cExport-noconfig.cmake
[6.515s] -- Up-to-date: /home/pi/wk2/ros2_ws/install/ros2_aruco_interfaces/share/ros2_aruco_interfaces/cmake/export_ros2_aruco_interfaces__rosidl_generator_cppExport.cmake
[6.516s] -- Up-to-date: /home/pi/wk2/ros2_ws/install/ros2_aruco_interfaces/share/ros2_aruco_interfaces/cmake/export_ros2_aruco_interfaces__rosidl_typesupport_fastrtps_cppExport.cmake
[6.516s] -- Up-to-date: /home/pi/wk2/ros2_ws/install/ros2_aruco_interfaces/share/ros2_aruco_interfaces/cmake/export_ros2_aruco_interfaces__rosidl_typesupport_fastrtps_cppExport-noconfig.cmake
[6.517s] -- Up-to-date: /home/pi/wk2/ros2_ws/install/ros2_aruco_interfaces/share/ros2_aruco_interfaces/cmake/ros2_aruco_interfaces__rosidl_typesupport_introspection_cExport.cmake
[6.518s] -- Up-to-date: /home/pi/wk2/ros2_ws/install/ros2_aruco_interfaces/share/ros2_aruco_interfaces/cmake/ros2_aruco_interfaces__rosidl_typesupport_introspection_cExport-noconfig.cmake
[6.532s] -- Up-to-date: /home/pi/wk2/ros2_ws/install/ros2_aruco_interfaces/share/ros2_aruco_interfaces/cmake/ros2_aruco_interfaces__rosidl_typesupport_cExport.cmake
[6.533s] -- Up-to-date: /home/pi/wk2/ros2_ws/install/ros2_aruco_interfaces/share/ros2_aruco_interfaces/cmake/ros2_aruco_interfaces__rosidl_typesupport_cExport-noconfig.cmake
[6.535s] -- Up-to-date: /home/pi/wk2/ros2_ws/install/ros2_aruco_interfaces/share/ros2_aruco_interfaces/cmake/ros2_aruco_interfaces__rosidl_typesupport_introspection_cppExport.cmake
[6.536s] -- Up-to-date: /home/pi/wk2/ros2_ws/install/ros2_aruco_interfaces/share/ros2_aruco_interfaces/cmake/ros2_aruco_interfaces__rosidl_typesupport_introspection_cppExport-noconfig.cmake
[6.537s] -- Up-to-date: /home/pi/wk2/ros2_ws/install/ros2_aruco_interfaces/share/ros2_aruco_interfaces/cmake/ros2_aruco_interfaces__rosidl_typesupport_cppExport.cmake
[6.555s] -- Up-to-date: /home/pi/wk2/ros2_ws/install/ros2_aruco_interfaces/share/ros2_aruco_interfaces/cmake/ros2_aruco_interfaces__rosidl_typesupport_cppExport-noconfig.cmake
[6.556s] -- Up-to-date: /home/pi/wk2/ros2_ws/install/ros2_aruco_interfaces/share/ros2_aruco_interfaces/cmake/export_ros2_aruco_interfaces__rosidl_generator_pyExport.cmake
[6.557s] -- Up-to-date: /home/pi/wk2/ros2_ws/install/ros2_aruco_interfaces/share/ros2_aruco_interfaces/cmake/export_ros2_aruco_interfaces__rosidl_generator_pyExport-noconfig.cmake
[6.575s] Invoked command in '/home/pi/wk2/ros2_ws/build/ros2_aruco_interfaces' returned '0': CMAKE_PREFIX_PATH=${CMAKE_PREFIX_PATH}:/home/pi/wk2/ros2_ws/install/tutorial:/home/pi/wk2/ros2_ws/install/ros2_brickpi3:/home/pi/wk2/ros2_ws/install/ros2_aruco:/home/pi/wk2/ros2_ws/install/my_package:/opt/ros/humble /usr/bin/cmake --install /home/pi/wk2/ros2_ws/build/ros2_aruco_interfaces
