[2.734s] Invoking command in '/home/pi/wk2/ros2_ws/build/my_package': PYTHONPATH=/home/pi/wk2/ros2_ws/build/my_package/prefix_override:/home/pi/wk2/ros2_ws/install/my_package/lib/python3.10/site-packages:${PYTHONPATH} /usr/bin/python3 setup.py develop --editable --build-directory /home/pi/wk2/ros2_ws/build/my_package/build --no-deps install_data
[3.814s] running develop
[3.818s] /usr/lib/python3/dist-packages/setuptools/command/easy_install.py:158: EasyInstallDeprecationWarning: easy_install command is deprecated. Use build and pip and other standards-based tools.
[3.821s]   warnings.warn(
[3.824s] /usr/lib/python3/dist-packages/setuptools/command/install.py:34: SetuptoolsDeprecationWarning: setup.py install is deprecated. Use build and pip and other standards-based tools.
[3.827s]   warnings.warn(
[4.054s] /usr/lib/python3/dist-packages/pkg_resources/__init__.py:116: PkgResourcesDeprecationWarning: 1.16.0-unknown is an invalid version and will not be supported in a future release
[4.057s]   warnings.warn(
[4.059s] /usr/lib/python3/dist-packages/pkg_resources/__init__.py:116: PkgResourcesDeprecationWarning: 1.1build1 is an invalid version and will not be supported in a future release
[4.061s]   warnings.warn(
[4.064s] /usr/lib/python3/dist-packages/pkg_resources/__init__.py:116: PkgResourcesDeprecationWarning: 0.1.43ubuntu1 is an invalid version and will not be supported in a future release
[4.066s]   warnings.warn(
[4.479s] running egg_info
[4.479s] writing my_package.egg-info/PKG-INFO
[4.484s] writing dependency_links to my_package.egg-info/dependency_links.txt
[4.484s] writing entry points to my_package.egg-info/entry_points.txt
[4.485s] writing requirements to my_package.egg-info/requires.txt
[4.485s] writing top-level names to my_package.egg-info/top_level.txt
[4.491s] reading manifest file 'my_package.egg-info/SOURCES.txt'
[4.495s] writing manifest file 'my_package.egg-info/SOURCES.txt'
[4.502s] running build_ext
[4.503s] Creating /home/pi/wk2/ros2_ws/install/my_package/lib/python3.10/site-packages/my-package.egg-link (link to .)
[4.508s] Installing color script to /home/pi/wk2/ros2_ws/install/my_package/lib/my_package
[4.509s] Installing drive script to /home/pi/wk2/ros2_ws/install/my_package/lib/my_package
[4.510s] Installing gyro script to /home/pi/wk2/ros2_ws/install/my_package/lib/my_package
[4.510s] Installing motor script to /home/pi/wk2/ros2_ws/install/my_package/lib/my_package
[4.511s] Installing my_node script to /home/pi/wk2/ros2_ws/install/my_package/lib/my_package
[4.512s] Installing touch script to /home/pi/wk2/ros2_ws/install/my_package/lib/my_package
[4.514s] Installing ultrasonic script to /home/pi/wk2/ros2_ws/install/my_package/lib/my_package
[4.522s] 
[4.523s] Installed /home/pi/wk2/ros2_ws/build/my_package
[4.525s] running install_data
[4.526s] error: can't copy 'launch/drive.launch.py': doesn't exist or not a regular file
[4.650s] Invoked command in '/home/pi/wk2/ros2_ws/build/my_package' returned '1': PYTHONPATH=/home/pi/wk2/ros2_ws/build/my_package/prefix_override:/home/pi/wk2/ros2_ws/install/my_package/lib/python3.10/site-packages:${PYTHONPATH} /usr/bin/python3 setup.py develop --editable --build-directory /home/pi/wk2/ros2_ws/build/my_package/build --no-deps install_data
