running develop
/usr/lib/python3/dist-packages/setuptools/command/easy_install.py:158: EasyInstallDeprecationWarning: easy_install command is deprecated. Use build and pip and other standards-based tools.
  warnings.warn(
/usr/lib/python3/dist-packages/setuptools/command/install.py:34: SetuptoolsDeprecationWarning: setup.py install is deprecated. Use build and pip and other standards-based tools.
  warnings.warn(
/usr/lib/python3/dist-packages/pkg_resources/__init__.py:116: PkgResourcesDeprecationWarning: 1.16.0-unknown is an invalid version and will not be supported in a future release
  warnings.warn(
/usr/lib/python3/dist-packages/pkg_resources/__init__.py:116: PkgResourcesDeprecationWarning: 1.1build1 is an invalid version and will not be supported in a future release
  warnings.warn(
/usr/lib/python3/dist-packages/pkg_resources/__init__.py:116: PkgResourcesDeprecationWarning: 0.1.43ubuntu1 is an invalid version and will not be supported in a future release
  warnings.warn(
running egg_info
creating tutorial.egg-info
writing tutorial.egg-info/PKG-INFO
writing dependency_links to tutorial.egg-info/dependency_links.txt
writing entry points to tutorial.egg-info/entry_points.txt
writing requirements to tutorial.egg-info/requires.txt
writing top-level names to tutorial.egg-info/top_level.txt
writing manifest file 'tutorial.egg-info/SOURCES.txt'
reading manifest file 'tutorial.egg-info/SOURCES.txt'
writing manifest file 'tutorial.egg-info/SOURCES.txt'
running build_ext
Creating /home/pi/wk2/ros2_ws/install/tutorial/lib/python3.10/site-packages/tutorial.egg-link (link to .)
Installing listener script to /home/pi/wk2/ros2_ws/install/tutorial/lib/tutorial
Installing talker script to /home/pi/wk2/ros2_ws/install/tutorial/lib/tutorial

Installed /home/pi/wk2/ros2_ws/build/tutorial
running install_data
creating /home/pi/wk2/ros2_ws/install/tutorial/share/ament_index
creating /home/pi/wk2/ros2_ws/install/tutorial/share/ament_index/resource_index
creating /home/pi/wk2/ros2_ws/install/tutorial/share/ament_index/resource_index/packages
copying resource/tutorial -> /home/pi/wk2/ros2_ws/install/tutorial/share/ament_index/resource_index/packages
copying package.xml -> /home/pi/wk2/ros2_ws/install/tutorial/share/tutorial
