[7.784s] Invoking command in '/home/pi/wk2/ros2_ws/build/tutorial': PYTHONPATH=/home/pi/wk2/ros2_ws/build/tutorial/prefix_override:/home/pi/wk2/ros2_ws/install/tutorial/lib/python3.10/site-packages:${PYTHONPATH} /usr/bin/python3 setup.py develop --editable --build-directory /home/pi/wk2/ros2_ws/build/tutorial/build --no-deps install_data
[9.578s] running develop
[9.582s] /usr/lib/python3/dist-packages/setuptools/command/easy_install.py:158: EasyInstallDeprecationWarning: easy_install command is deprecated. Use build and pip and other standards-based tools.
[9.584s]   warnings.warn(
[9.586s] /usr/lib/python3/dist-packages/setuptools/command/install.py:34: SetuptoolsDeprecationWarning: setup.py install is deprecated. Use build and pip and other standards-based tools.
[9.586s]   warnings.warn(
[10.644s] /usr/lib/python3/dist-packages/pkg_resources/__init__.py:116: PkgResourcesDeprecationWarning: 1.16.0-unknown is an invalid version and will not be supported in a future release
[10.645s]   warnings.warn(
[10.645s] /usr/lib/python3/dist-packages/pkg_resources/__init__.py:116: PkgResourcesDeprecationWarning: 1.1build1 is an invalid version and will not be supported in a future release
[10.646s]   warnings.warn(
[10.647s] /usr/lib/python3/dist-packages/pkg_resources/__init__.py:116: PkgResourcesDeprecationWarning: 0.1.43ubuntu1 is an invalid version and will not be supported in a future release
[10.648s]   warnings.warn(
[12.897s] running egg_info
[12.905s] creating tutorial.egg-info
[12.924s] writing tutorial.egg-info/PKG-INFO
[12.939s] writing dependency_links to tutorial.egg-info/dependency_links.txt
[12.953s] writing entry points to tutorial.egg-info/entry_points.txt
[12.963s] writing requirements to tutorial.egg-info/requires.txt
[12.969s] writing top-level names to tutorial.egg-info/top_level.txt
[12.971s] writing manifest file 'tutorial.egg-info/SOURCES.txt'
[12.986s] reading manifest file 'tutorial.egg-info/SOURCES.txt'
[12.995s] writing manifest file 'tutorial.egg-info/SOURCES.txt'
[13.011s] running build_ext
[13.017s] Creating /home/pi/wk2/ros2_ws/install/tutorial/lib/python3.10/site-packages/tutorial.egg-link (link to .)
[13.032s] Installing listener script to /home/pi/wk2/ros2_ws/install/tutorial/lib/tutorial
[13.047s] Installing talker script to /home/pi/wk2/ros2_ws/install/tutorial/lib/tutorial
[13.063s] 
[13.069s] Installed /home/pi/wk2/ros2_ws/build/tutorial
[13.075s] running install_data
[13.089s] creating /home/pi/wk2/ros2_ws/install/tutorial/share/ament_index
[13.090s] creating /home/pi/wk2/ros2_ws/install/tutorial/share/ament_index/resource_index
[13.091s] creating /home/pi/wk2/ros2_ws/install/tutorial/share/ament_index/resource_index/packages
[13.093s] copying resource/tutorial -> /home/pi/wk2/ros2_ws/install/tutorial/share/ament_index/resource_index/packages
[13.112s] copying package.xml -> /home/pi/wk2/ros2_ws/install/tutorial/share/tutorial
[13.468s] Invoked command in '/home/pi/wk2/ros2_ws/build/tutorial' returned '0': PYTHONPATH=/home/pi/wk2/ros2_ws/build/tutorial/prefix_override:/home/pi/wk2/ros2_ws/install/tutorial/lib/python3.10/site-packages:${PYTHONPATH} /usr/bin/python3 setup.py develop --editable --build-directory /home/pi/wk2/ros2_ws/build/tutorial/build --no-deps install_data
