[10.368s] Invoking command in '/home/pi/wk2/ros2_ws/build/ros2_brickpi3': PYTHONPATH=/home/pi/wk2/ros2_ws/build/ros2_brickpi3/prefix_override:/home/pi/wk2/ros2_ws/install/ros2_brickpi3/lib/python3.10/site-packages:${PYTHONPATH} /usr/bin/python3 setup.py develop --editable --build-directory /home/pi/wk2/ros2_ws/build/ros2_brickpi3/build --no-deps install_data
[13.522s] running develop
[13.529s] /usr/lib/python3/dist-packages/setuptools/command/easy_install.py:158: EasyInstallDeprecationWarning: easy_install command is deprecated. Use build and pip and other standards-based tools.
[13.534s]   warnings.warn(
[13.545s] /usr/lib/python3/dist-packages/setuptools/command/install.py:34: SetuptoolsDeprecationWarning: setup.py install is deprecated. Use build and pip and other standards-based tools.
[13.550s]   warnings.warn(
[14.342s] /usr/lib/python3/dist-packages/pkg_resources/__init__.py:116: PkgResourcesDeprecationWarning: 1.16.0-unknown is an invalid version and will not be supported in a future release
[14.345s]   warnings.warn(
[14.348s] /usr/lib/python3/dist-packages/pkg_resources/__init__.py:116: PkgResourcesDeprecationWarning: 1.1build1 is an invalid version and will not be supported in a future release
[14.349s]   warnings.warn(
[14.354s] /usr/lib/python3/dist-packages/pkg_resources/__init__.py:116: PkgResourcesDeprecationWarning: 0.1.43ubuntu1 is an invalid version and will not be supported in a future release
[14.355s]   warnings.warn(
[16.583s] running egg_info
[16.591s] writing ros2_brickpi3.egg-info/PKG-INFO
[16.609s] writing dependency_links to ros2_brickpi3.egg-info/dependency_links.txt
[16.628s] writing entry points to ros2_brickpi3.egg-info/entry_points.txt
[16.635s] writing requirements to ros2_brickpi3.egg-info/requires.txt
[16.638s] writing top-level names to ros2_brickpi3.egg-info/top_level.txt
[16.666s] reading manifest file 'ros2_brickpi3.egg-info/SOURCES.txt'
[16.687s] writing manifest file 'ros2_brickpi3.egg-info/SOURCES.txt'
[16.711s] running build_ext
[16.714s] Creating /home/pi/wk2/ros2_ws/install/ros2_brickpi3/lib/python3.10/site-packages/ros2-brickpi3.egg-link (link to .)
[16.718s] Installing color script to /home/pi/wk2/ros2_ws/install/ros2_brickpi3/lib/ros2_brickpi3
[16.719s] Installing drive script to /home/pi/wk2/ros2_ws/install/ros2_brickpi3/lib/ros2_brickpi3
[16.739s] Installing gyro script to /home/pi/wk2/ros2_ws/install/ros2_brickpi3/lib/ros2_brickpi3
[16.739s] Installing motor script to /home/pi/wk2/ros2_ws/install/ros2_brickpi3/lib/ros2_brickpi3
[16.740s] Installing touch script to /home/pi/wk2/ros2_ws/install/ros2_brickpi3/lib/ros2_brickpi3
[16.740s] Installing ultrasonic script to /home/pi/wk2/ros2_ws/install/ros2_brickpi3/lib/ros2_brickpi3
[16.746s] 
[16.747s] Installed /home/pi/wk2/ros2_ws/build/ros2_brickpi3
[16.750s] running install_data
[17.395s] Invoked command in '/home/pi/wk2/ros2_ws/build/ros2_brickpi3' returned '0': PYTHONPATH=/home/pi/wk2/ros2_ws/build/ros2_brickpi3/prefix_override:/home/pi/wk2/ros2_ws/install/ros2_brickpi3/lib/python3.10/site-packages:${PYTHONPATH} /usr/bin/python3 setup.py develop --editable --build-directory /home/pi/wk2/ros2_ws/build/ros2_brickpi3/build --no-deps install_data
