[6.519s] Invoking command in '/home/pi/wk2/ros2_ws/build/tutorial': PYTHONPATH=/home/pi/wk2/ros2_ws/build/tutorial/prefix_override:/home/pi/wk2/ros2_ws/install/tutorial/lib/python3.10/site-packages:${PYTHONPATH} /usr/bin/python3 setup.py develop --editable --build-directory /home/pi/wk2/ros2_ws/build/tutorial/build --no-deps install_data
[8.103s] running develop
[8.104s] /usr/lib/python3/dist-packages/setuptools/command/easy_install.py:158: EasyInstallDeprecationWarning: easy_install command is deprecated. Use build and pip and other standards-based tools.
[8.107s]   warnings.warn(
[8.110s] /usr/lib/python3/dist-packages/setuptools/command/install.py:34: SetuptoolsDeprecationWarning: setup.py install is deprecated. Use build and pip and other standards-based tools.
[8.111s]   warnings.warn(
[8.442s] /usr/lib/python3/dist-packages/pkg_resources/__init__.py:116: PkgResourcesDeprecationWarning: 1.16.0-unknown is an invalid version and will not be supported in a future release
[8.443s]   warnings.warn(
[8.446s] /usr/lib/python3/dist-packages/pkg_resources/__init__.py:116: PkgResourcesDeprecationWarning: 1.1build1 is an invalid version and will not be supported in a future release
[8.447s]   warnings.warn(
[8.448s] /usr/lib/python3/dist-packages/pkg_resources/__init__.py:116: PkgResourcesDeprecationWarning: 0.1.43ubuntu1 is an invalid version and will not be supported in a future release
[8.448s]   warnings.warn(
[9.096s] running egg_info
[9.099s] writing tutorial.egg-info/PKG-INFO
[9.099s] writing dependency_links to tutorial.egg-info/dependency_links.txt
[9.101s] writing entry points to tutorial.egg-info/entry_points.txt
[9.102s] writing requirements to tutorial.egg-info/requires.txt
[9.105s] writing top-level names to tutorial.egg-info/top_level.txt
[9.110s] reading manifest file 'tutorial.egg-info/SOURCES.txt'
[9.116s] writing manifest file 'tutorial.egg-info/SOURCES.txt'
[9.125s] running build_ext
[9.127s] Creating /home/pi/wk2/ros2_ws/install/tutorial/lib/python3.10/site-packages/tutorial.egg-link (link to .)
[9.131s] Installing listener script to /home/pi/wk2/ros2_ws/install/tutorial/lib/tutorial
[9.135s] Installing talker script to /home/pi/wk2/ros2_ws/install/tutorial/lib/tutorial
[9.136s] 
[9.137s] Installed /home/pi/wk2/ros2_ws/build/tutorial
[9.139s] running install_data
[9.346s] Invoked command in '/home/pi/wk2/ros2_ws/build/tutorial' returned '0': PYTHONPATH=/home/pi/wk2/ros2_ws/build/tutorial/prefix_override:/home/pi/wk2/ros2_ws/install/tutorial/lib/python3.10/site-packages:${PYTHONPATH} /usr/bin/python3 setup.py develop --editable --build-directory /home/pi/wk2/ros2_ws/build/tutorial/build --no-deps install_data
