[2.356s] Invoking command in '/home/pi/wk2/ros2_ws/build/ros2_aruco_interfaces': CMAKE_PREFIX_PATH=${CMAKE_PREFIX_PATH}:/home/pi/wk2/ros2_ws/install/tutorial:/home/pi/wk2/ros2_ws/install/ros2_brickpi3:/home/pi/wk2/ros2_ws/install/ros2_aruco:/home/pi/wk2/ros2_ws/install/my_package:/opt/ros/humble /usr/bin/cmake --build /home/pi/wk2/ros2_ws/build/ros2_aruco_interfaces -- -j4 -l4
[3.036s] [35m[1mConsolidate compiler generated dependencies of target ros2_aruco_interfaces__rosidl_generator_c[0m
[3.049s] [  3%] Built target ros2_aruco_interfaces__cpp
[3.077s] [  3%] Built target ament_cmake_python_symlink_ros2_aruco_interfaces
[3.136s] [35m[1mConsolidate compiler generated dependencies of target ros2_aruco_interfaces__rosidl_typesupport_cpp[0m
[3.137s] [35m[1mConsolidate compiler generated dependencies of target ros2_aruco_interfaces__rosidl_typesupport_fastrtps_cpp[0m
[3.155s] [35m[1mConsolidate compiler generated dependencies of target ros2_aruco_interfaces__rosidl_typesupport_introspection_cpp[0m
[3.156s] [ 12%] Built target ros2_aruco_interfaces__rosidl_generator_c
[3.249s] [ 22%] Built target ros2_aruco_interfaces__rosidl_typesupport_cpp
[3.261s] [ 32%] Built target ros2_aruco_interfaces__rosidl_typesupport_introspection_cpp
[3.271s] [ 41%] Built target ros2_aruco_interfaces__rosidl_typesupport_fastrtps_cpp
[3.326s] [35m[1mConsolidate compiler generated dependencies of target ros2_aruco_interfaces__rosidl_typesupport_fastrtps_c[0m
[3.355s] [35m[1mConsolidate compiler generated dependencies of target ros2_aruco_interfaces__rosidl_typesupport_introspection_c[0m
[3.368s] [35m[1mConsolidate compiler generated dependencies of target ros2_aruco_interfaces__rosidl_typesupport_c[0m
[3.400s] [ 51%] Built target ros2_aruco_interfaces__rosidl_typesupport_fastrtps_c
[3.430s] [ 61%] Built target ros2_aruco_interfaces__rosidl_typesupport_c
[3.442s] [ 70%] Built target ros2_aruco_interfaces__rosidl_typesupport_introspection_c
[3.538s] [ 70%] Built target ros2_aruco_interfaces
[3.641s] [ 74%] Built target ros2_aruco_interfaces__py
[3.696s] [35m[1mConsolidate compiler generated dependencies of target ros2_aruco_interfaces__rosidl_generator_py[0m
[3.798s] [ 80%] Built target ros2_aruco_interfaces__rosidl_generator_py
[3.887s] [35m[1mConsolidate compiler generated dependencies of target ros2_aruco_interfaces__rosidl_typesupport_introspection_c__pyext[0m
[3.890s] [35m[1mConsolidate compiler generated dependencies of target ros2_aruco_interfaces__rosidl_typesupport_fastrtps_c__pyext[0m
[3.907s] [35m[1mConsolidate compiler generated dependencies of target ros2_aruco_interfaces__rosidl_typesupport_c__pyext[0m
[3.966s] [ 87%] Built target ros2_aruco_interfaces__rosidl_typesupport_introspection_c__pyext
[4.018s] [ 93%] Built target ros2_aruco_interfaces__rosidl_typesupport_fastrtps_c__pyext
[4.061s] [100%] Built target ros2_aruco_interfaces__rosidl_typesupport_c__pyext
[4.824s] running egg_info
[4.829s] writing ros2_aruco_interfaces.egg-info/PKG-INFO
[4.830s] writing dependency_links to ros2_aruco_interfaces.egg-info/dependency_links.txt
[4.832s] writing top-level names to ros2_aruco_interfaces.egg-info/top_level.txt
[4.847s] reading manifest file 'ros2_aruco_interfaces.egg-info/SOURCES.txt'
[4.852s] writing manifest file 'ros2_aruco_interfaces.egg-info/SOURCES.txt'
[5.028s] [100%] Built target ament_cmake_python_build_ros2_aruco_interfaces_egg
[5.080s] Invoked command in '/home/pi/wk2/ros2_ws/build/ros2_aruco_interfaces' returned '0': CMAKE_PREFIX_PATH=${CMAKE_PREFIX_PATH}:/home/pi/wk2/ros2_ws/install/tutorial:/home/pi/wk2/ros2_ws/install/ros2_brickpi3:/home/pi/wk2/ros2_ws/install/ros2_aruco:/home/pi/wk2/ros2_ws/install/my_package:/opt/ros/humble /usr/bin/cmake --build /home/pi/wk2/ros2_ws/build/ros2_aruco_interfaces -- -j4 -l4
[5.559s] Invoking command in '/home/pi/wk2/ros2_ws/build/ros2_aruco_interfaces': CMAKE_PREFIX_PATH=${CMAKE_PREFIX_PATH}:/home/pi/wk2/ros2_ws/install/tutorial:/home/pi/wk2/ros2_ws/install/ros2_brickpi3:/home/pi/wk2/ros2_ws/install/ros2_aruco:/home/pi/wk2/ros2_ws/install/my_package:/opt/ros/humble /usr/bin/cmake --install /home/pi/wk2/ros2_ws/build/ros2_aruco_interfaces
[5.608s] -- Install configuration: ""
[5.616s] -- Execute custom install script
[5.624s] -- Up-to-date symlink: /home/pi/wk2/ros2_ws/install/ros2_aruco_interfaces/share/ament_index/resource_index/rosidl_interfaces/ros2_aruco_interfaces
[5.638s] -- Up-to-date symlink: /home/pi/wk2/ros2_ws/install/ros2_aruco_interfaces/include/ros2_aruco_interfaces/ros2_aruco_interfaces/msg/aruco_markers.h
[5.641s] -- Up-to-date symlink: /home/pi/wk2/ros2_ws/install/ros2_aruco_interfaces/include/ros2_aruco_interfaces/ros2_aruco_interfaces/msg/detail/aruco_markers__functions.h
[5.645s] -- Up-to-date symlink: /home/pi/wk2/ros2_ws/install/ros2_aruco_interfaces/include/ros2_aruco_interfaces/ros2_aruco_interfaces/msg/detail/aruco_markers__struct.h
[5.649s] -- Up-to-date symlink: /home/pi/wk2/ros2_ws/install/ros2_aruco_interfaces/include/ros2_aruco_interfaces/ros2_aruco_interfaces/msg/detail/aruco_markers__type_support.h
[5.653s] -- Up-to-date symlink: /home/pi/wk2/ros2_ws/install/ros2_aruco_interfaces/include/ros2_aruco_interfaces/ros2_aruco_interfaces/msg/rosidl_generator_c__visibility_control.h
[5.657s] -- Up-to-date symlink: /home/pi/wk2/ros2_ws/install/ros2_aruco_interfaces/share/ros2_aruco_interfaces/environment/library_path.sh
[5.660s] -- Up-to-date symlink: /home/pi/wk2/ros2_ws/install/ros2_aruco_interfaces/share/ros2_aruco_interfaces/environment/library_path.dsv
[5.666s] -- Up-to-date symlink: /home/pi/wk2/ros2_ws/install/ros2_aruco_interfaces/include/ros2_aruco_interfaces/ros2_aruco_interfaces/msg/detail/aruco_markers__rosidl_typesupport_fastrtps_c.h
[5.670s] -- Up-to-date symlink: /home/pi/wk2/ros2_ws/install/ros2_aruco_interfaces/include/ros2_aruco_interfaces/ros2_aruco_interfaces/msg/rosidl_typesupport_fastrtps_c__visibility_control.h
[5.675s] -- Up-to-date symlink: /home/pi/wk2/ros2_ws/install/ros2_aruco_interfaces/include/ros2_aruco_interfaces/ros2_aruco_interfaces/msg/aruco_markers.hpp
[5.677s] -- Up-to-date symlink: /home/pi/wk2/ros2_ws/install/ros2_aruco_interfaces/include/ros2_aruco_interfaces/ros2_aruco_interfaces/msg/detail/aruco_markers__builder.hpp
[5.680s] -- Up-to-date symlink: /home/pi/wk2/ros2_ws/install/ros2_aruco_interfaces/include/ros2_aruco_interfaces/ros2_aruco_interfaces/msg/detail/aruco_markers__struct.hpp
[5.683s] -- Up-to-date symlink: /home/pi/wk2/ros2_ws/install/ros2_aruco_interfaces/include/ros2_aruco_interfaces/ros2_aruco_interfaces/msg/detail/aruco_markers__traits.hpp
[5.689s] -- Up-to-date symlink: /home/pi/wk2/ros2_ws/install/ros2_aruco_interfaces/include/ros2_aruco_interfaces/ros2_aruco_interfaces/msg/detail/aruco_markers__rosidl_typesupport_fastrtps_cpp.hpp
[5.691s] -- Up-to-date symlink: /home/pi/wk2/ros2_ws/install/ros2_aruco_interfaces/include/ros2_aruco_interfaces/ros2_aruco_interfaces/msg/rosidl_typesupport_fastrtps_cpp__visibility_control.h
[5.696s] -- Up-to-date symlink: /home/pi/wk2/ros2_ws/install/ros2_aruco_interfaces/include/ros2_aruco_interfaces/ros2_aruco_interfaces/msg/detail/aruco_markers__rosidl_typesupport_introspection_c.h
[5.701s] -- Up-to-date symlink: /home/pi/wk2/ros2_ws/install/ros2_aruco_interfaces/include/ros2_aruco_interfaces/ros2_aruco_interfaces/msg/rosidl_typesupport_introspection_c__visibility_control.h
[5.706s] -- Up-to-date symlink: /home/pi/wk2/ros2_ws/install/ros2_aruco_interfaces/include/ros2_aruco_interfaces/ros2_aruco_interfaces/msg/detail/aruco_markers__rosidl_typesupport_introspection_cpp.hpp
[5.711s] -- Up-to-date symlink: /home/pi/wk2/ros2_ws/install/ros2_aruco_interfaces/share/ros2_aruco_interfaces/environment/pythonpath.sh
[5.713s] -- Up-to-date symlink: /home/pi/wk2/ros2_ws/install/ros2_aruco_interfaces/share/ros2_aruco_interfaces/environment/pythonpath.dsv
[5.717s] -- Up-to-date symlink: /home/pi/wk2/ros2_ws/install/ros2_aruco_interfaces/local/lib/python3.10/dist-packages/ros2_aruco_interfaces-0.1.0-py3.10.egg-info/PKG-INFO
[5.721s] -- Up-to-date symlink: /home/pi/wk2/ros2_ws/install/ros2_aruco_interfaces/local/lib/python3.10/dist-packages/ros2_aruco_interfaces-0.1.0-py3.10.egg-info/SOURCES.txt
[5.725s] -- Up-to-date symlink: /home/pi/wk2/ros2_ws/install/ros2_aruco_interfaces/local/lib/python3.10/dist-packages/ros2_aruco_interfaces-0.1.0-py3.10.egg-info/dependency_links.txt
[5.728s] -- Up-to-date symlink: /home/pi/wk2/ros2_ws/install/ros2_aruco_interfaces/local/lib/python3.10/dist-packages/ros2_aruco_interfaces-0.1.0-py3.10.egg-info/top_level.txt
[5.739s] -- Up-to-date symlink: /home/pi/wk2/ros2_ws/install/ros2_aruco_interfaces/local/lib/python3.10/dist-packages/ros2_aruco_interfaces/__init__.py
[5.742s] -- Up-to-date symlink: /home/pi/wk2/ros2_ws/install/ros2_aruco_interfaces/local/lib/python3.10/dist-packages/ros2_aruco_interfaces/_ros2_aruco_interfaces_s.ep.rosidl_typesupport_c.c
[5.745s] -- Up-to-date symlink: /home/pi/wk2/ros2_ws/install/ros2_aruco_interfaces/local/lib/python3.10/dist-packages/ros2_aruco_interfaces/_ros2_aruco_interfaces_s.ep.rosidl_typesupport_fastrtps_c.c
[5.749s] -- Up-to-date symlink: /home/pi/wk2/ros2_ws/install/ros2_aruco_interfaces/local/lib/python3.10/dist-packages/ros2_aruco_interfaces/_ros2_aruco_interfaces_s.ep.rosidl_typesupport_introspection_c.c
[5.756s] -- Up-to-date symlink: /home/pi/wk2/ros2_ws/install/ros2_aruco_interfaces/local/lib/python3.10/dist-packages/ros2_aruco_interfaces/libros2_aruco_interfaces__rosidl_generator_py.so
[5.760s] -- Up-to-date symlink: /home/pi/wk2/ros2_ws/install/ros2_aruco_interfaces/local/lib/python3.10/dist-packages/ros2_aruco_interfaces/msg/__init__.py
[5.764s] -- Up-to-date symlink: /home/pi/wk2/ros2_ws/install/ros2_aruco_interfaces/local/lib/python3.10/dist-packages/ros2_aruco_interfaces/msg/_aruco_markers.py
[5.767s] -- Up-to-date symlink: /home/pi/wk2/ros2_ws/install/ros2_aruco_interfaces/local/lib/python3.10/dist-packages/ros2_aruco_interfaces/msg/_aruco_markers_s.c
[5.772s] -- Up-to-date symlink: /home/pi/wk2/ros2_ws/install/ros2_aruco_interfaces/local/lib/python3.10/dist-packages/ros2_aruco_interfaces/ros2_aruco_interfaces_s__rosidl_typesupport_c.cpython-310-aarch64-linux-gnu.so
[5.775s] -- Up-to-date symlink: /home/pi/wk2/ros2_ws/install/ros2_aruco_interfaces/local/lib/python3.10/dist-packages/ros2_aruco_interfaces/ros2_aruco_interfaces_s__rosidl_typesupport_fastrtps_c.cpython-310-aarch64-linux-gnu.so
[5.779s] -- Up-to-date symlink: /home/pi/wk2/ros2_ws/install/ros2_aruco_interfaces/local/lib/python3.10/dist-packages/ros2_aruco_interfaces/ros2_aruco_interfaces_s__rosidl_typesupport_introspection_c.cpython-310-aarch64-linux-gnu.so
[5.785s] -- Up-to-date symlink: /home/pi/wk2/ros2_ws/install/ros2_aruco_interfaces/local/lib/python3.10/dist-packages/ros2_aruco_interfaces/ros2_aruco_interfaces_s__rosidl_typesupport_fastrtps_c.cpython-310-aarch64-linux-gnu.so
[5.788s] -- Up-to-date symlink: /home/pi/wk2/ros2_ws/install/ros2_aruco_interfaces/local/lib/python3.10/dist-packages/ros2_aruco_interfaces/ros2_aruco_interfaces_s__rosidl_typesupport_introspection_c.cpython-310-aarch64-linux-gnu.so
[5.795s] -- Up-to-date symlink: /home/pi/wk2/ros2_ws/install/ros2_aruco_interfaces/local/lib/python3.10/dist-packages/ros2_aruco_interfaces/ros2_aruco_interfaces_s__rosidl_typesupport_c.cpython-310-aarch64-linux-gnu.so
[5.804s] -- Up-to-date symlink: /home/pi/wk2/ros2_ws/install/ros2_aruco_interfaces/share/ros2_aruco_interfaces/msg/ArucoMarkers.idl
[5.807s] -- Up-to-date symlink: /home/pi/wk2/ros2_ws/install/ros2_aruco_interfaces/share/ros2_aruco_interfaces/msg/ArucoMarkers.msg
[5.808s] -- Up-to-date symlink: /home/pi/wk2/ros2_ws/install/ros2_aruco_interfaces/share/ament_index/resource_index/package_run_dependencies/ros2_aruco_interfaces
[5.812s] -- Up-to-date symlink: /home/pi/wk2/ros2_ws/install/ros2_aruco_interfaces/share/ament_index/resource_index/parent_prefix_path/ros2_aruco_interfaces
[5.814s] -- Up-to-date symlink: /home/pi/wk2/ros2_ws/install/ros2_aruco_interfaces/share/ros2_aruco_interfaces/environment/ament_prefix_path.sh
[5.815s] -- Up-to-date symlink: /home/pi/wk2/ros2_ws/install/ros2_aruco_interfaces/share/ros2_aruco_interfaces/environment/ament_prefix_path.dsv
[5.817s] -- Up-to-date symlink: /home/pi/wk2/ros2_ws/install/ros2_aruco_interfaces/share/ros2_aruco_interfaces/environment/path.sh
[5.819s] -- Up-to-date symlink: /home/pi/wk2/ros2_ws/install/ros2_aruco_interfaces/share/ros2_aruco_interfaces/environment/path.dsv
[5.821s] -- Up-to-date symlink: /home/pi/wk2/ros2_ws/install/ros2_aruco_interfaces/share/ros2_aruco_interfaces/local_setup.bash
[5.825s] -- Up-to-date symlink: /home/pi/wk2/ros2_ws/install/ros2_aruco_interfaces/share/ros2_aruco_interfaces/local_setup.sh
[5.827s] -- Up-to-date symlink: /home/pi/wk2/ros2_ws/install/ros2_aruco_interfaces/share/ros2_aruco_interfaces/local_setup.zsh
[5.828s] -- Up-to-date symlink: /home/pi/wk2/ros2_ws/install/ros2_aruco_interfaces/share/ros2_aruco_interfaces/local_setup.dsv
[5.830s] -- Symlinking: /home/pi/wk2/ros2_ws/install/ros2_aruco_interfaces/share/ros2_aruco_interfaces/package.dsv
[5.869s] -- Up-to-date symlink: /home/pi/wk2/ros2_ws/install/ros2_aruco_interfaces/share/ament_index/resource_index/packages/ros2_aruco_interfaces
[5.872s] -- Up-to-date symlink: /home/pi/wk2/ros2_ws/install/ros2_aruco_interfaces/share/ros2_aruco_interfaces/cmake/rosidl_cmake-extras.cmake
[5.874s] -- Up-to-date symlink: /home/pi/wk2/ros2_ws/install/ros2_aruco_interfaces/share/ros2_aruco_interfaces/cmake/ament_cmake_export_dependencies-extras.cmake
[5.876s] -- Up-to-date symlink: /home/pi/wk2/ros2_ws/install/ros2_aruco_interfaces/share/ros2_aruco_interfaces/cmake/ament_cmake_export_include_directories-extras.cmake
[5.878s] -- Up-to-date symlink: /home/pi/wk2/ros2_ws/install/ros2_aruco_interfaces/share/ros2_aruco_interfaces/cmake/ament_cmake_export_libraries-extras.cmake
[5.881s] -- Up-to-date symlink: /home/pi/wk2/ros2_ws/install/ros2_aruco_interfaces/share/ros2_aruco_interfaces/cmake/ament_cmake_export_targets-extras.cmake
[5.883s] -- Up-to-date symlink: /home/pi/wk2/ros2_ws/install/ros2_aruco_interfaces/share/ros2_aruco_interfaces/cmake/rosidl_cmake_export_typesupport_targets-extras.cmake
[5.886s] -- Up-to-date symlink: /home/pi/wk2/ros2_ws/install/ros2_aruco_interfaces/share/ros2_aruco_interfaces/cmake/rosidl_cmake_export_typesupport_libraries-extras.cmake
[5.888s] -- Up-to-date symlink: /home/pi/wk2/ros2_ws/install/ros2_aruco_interfaces/share/ros2_aruco_interfaces/cmake/ros2_aruco_interfacesConfig.cmake
[5.890s] -- Up-to-date symlink: /home/pi/wk2/ros2_ws/install/ros2_aruco_interfaces/share/ros2_aruco_interfaces/cmake/ros2_aruco_interfacesConfig-version.cmake
[5.892s] -- Up-to-date symlink: /home/pi/wk2/ros2_ws/install/ros2_aruco_interfaces/share/ros2_aruco_interfaces/package.xml
[5.895s] -- Up-to-date: /home/pi/wk2/ros2_ws/install/ros2_aruco_interfaces/lib/libros2_aruco_interfaces__rosidl_generator_c.so
[5.900s] -- Up-to-date: /home/pi/wk2/ros2_ws/install/ros2_aruco_interfaces/lib/libros2_aruco_interfaces__rosidl_typesupport_fastrtps_c.so
[5.906s] -- Up-to-date: /home/pi/wk2/ros2_ws/install/ros2_aruco_interfaces/lib/libros2_aruco_interfaces__rosidl_typesupport_fastrtps_cpp.so
[5.911s] -- Up-to-date: /home/pi/wk2/ros2_ws/install/ros2_aruco_interfaces/lib/libros2_aruco_interfaces__rosidl_typesupport_introspection_c.so
[5.914s] -- Up-to-date: /home/pi/wk2/ros2_ws/install/ros2_aruco_interfaces/lib/libros2_aruco_interfaces__rosidl_typesupport_c.so
[5.921s] -- Up-to-date: /home/pi/wk2/ros2_ws/install/ros2_aruco_interfaces/lib/libros2_aruco_interfaces__rosidl_typesupport_introspection_cpp.so
[5.925s] -- Up-to-date: /home/pi/wk2/ros2_ws/install/ros2_aruco_interfaces/lib/libros2_aruco_interfaces__rosidl_typesupport_cpp.so
[6.135s] Listing '/home/pi/wk2/ros2_ws/install/ros2_aruco_interfaces/local/lib/python3.10/dist-packages/ros2_aruco_interfaces'...
[6.136s] Listing '/home/pi/wk2/ros2_ws/install/ros2_aruco_interfaces/local/lib/python3.10/dist-packages/ros2_aruco_interfaces/msg'...
[6.168s] -- Up-to-date: /home/pi/wk2/ros2_ws/install/ros2_aruco_interfaces/lib/libros2_aruco_interfaces__rosidl_generator_py.so
[6.176s] -- Up-to-date: /home/pi/wk2/ros2_ws/install/ros2_aruco_interfaces/share/ros2_aruco_interfaces/cmake/export_ros2_aruco_interfaces__rosidl_generator_cExport.cmake
[6.177s] -- Up-to-date: /home/pi/wk2/ros2_ws/install/ros2_aruco_interfaces/share/ros2_aruco_interfaces/cmake/export_ros2_aruco_interfaces__rosidl_generator_cExport-noconfig.cmake
[6.180s] -- Up-to-date: /home/pi/wk2/ros2_ws/install/ros2_aruco_interfaces/share/ros2_aruco_interfaces/cmake/export_ros2_aruco_interfaces__rosidl_typesupport_fastrtps_cExport.cmake
[6.181s] -- Up-to-date: /home/pi/wk2/ros2_ws/install/ros2_aruco_interfaces/share/ros2_aruco_interfaces/cmake/export_ros2_aruco_interfaces__rosidl_typesupport_fastrtps_cExport-noconfig.cmake
[6.184s] -- Up-to-date: /home/pi/wk2/ros2_ws/install/ros2_aruco_interfaces/share/ros2_aruco_interfaces/cmake/export_ros2_aruco_interfaces__rosidl_generator_cppExport.cmake
[6.188s] -- Up-to-date: /home/pi/wk2/ros2_ws/install/ros2_aruco_interfaces/share/ros2_aruco_interfaces/cmake/export_ros2_aruco_interfaces__rosidl_typesupport_fastrtps_cppExport.cmake
[6.188s] -- Up-to-date: /home/pi/wk2/ros2_ws/install/ros2_aruco_interfaces/share/ros2_aruco_interfaces/cmake/export_ros2_aruco_interfaces__rosidl_typesupport_fastrtps_cppExport-noconfig.cmake
[6.192s] -- Up-to-date: /home/pi/wk2/ros2_ws/install/ros2_aruco_interfaces/share/ros2_aruco_interfaces/cmake/ros2_aruco_interfaces__rosidl_typesupport_introspection_cExport.cmake
[6.193s] -- Up-to-date: /home/pi/wk2/ros2_ws/install/ros2_aruco_interfaces/share/ros2_aruco_interfaces/cmake/ros2_aruco_interfaces__rosidl_typesupport_introspection_cExport-noconfig.cmake
[6.197s] -- Up-to-date: /home/pi/wk2/ros2_ws/install/ros2_aruco_interfaces/share/ros2_aruco_interfaces/cmake/ros2_aruco_interfaces__rosidl_typesupport_cExport.cmake
[6.198s] -- Up-to-date: /home/pi/wk2/ros2_ws/install/ros2_aruco_interfaces/share/ros2_aruco_interfaces/cmake/ros2_aruco_interfaces__rosidl_typesupport_cExport-noconfig.cmake
[6.201s] -- Up-to-date: /home/pi/wk2/ros2_ws/install/ros2_aruco_interfaces/share/ros2_aruco_interfaces/cmake/ros2_aruco_interfaces__rosidl_typesupport_introspection_cppExport.cmake
[6.202s] -- Up-to-date: /home/pi/wk2/ros2_ws/install/ros2_aruco_interfaces/share/ros2_aruco_interfaces/cmake/ros2_aruco_interfaces__rosidl_typesupport_introspection_cppExport-noconfig.cmake
[6.206s] -- Up-to-date: /home/pi/wk2/ros2_ws/install/ros2_aruco_interfaces/share/ros2_aruco_interfaces/cmake/ros2_aruco_interfaces__rosidl_typesupport_cppExport.cmake
[6.206s] -- Up-to-date: /home/pi/wk2/ros2_ws/install/ros2_aruco_interfaces/share/ros2_aruco_interfaces/cmake/ros2_aruco_interfaces__rosidl_typesupport_cppExport-noconfig.cmake
[6.210s] -- Up-to-date: /home/pi/wk2/ros2_ws/install/ros2_aruco_interfaces/share/ros2_aruco_interfaces/cmake/export_ros2_aruco_interfaces__rosidl_generator_pyExport.cmake
[6.211s] -- Up-to-date: /home/pi/wk2/ros2_ws/install/ros2_aruco_interfaces/share/ros2_aruco_interfaces/cmake/export_ros2_aruco_interfaces__rosidl_generator_pyExport-noconfig.cmake
[6.223s] Invoked command in '/home/pi/wk2/ros2_ws/build/ros2_aruco_interfaces' returned '0': CMAKE_PREFIX_PATH=${CMAKE_PREFIX_PATH}:/home/pi/wk2/ros2_ws/install/tutorial:/home/pi/wk2/ros2_ws/install/ros2_brickpi3:/home/pi/wk2/ros2_ws/install/ros2_aruco:/home/pi/wk2/ros2_ws/install/my_package:/opt/ros/humble /usr/bin/cmake --install /home/pi/wk2/ros2_ws/build/ros2_aruco_interfaces
