[6.331s] Invoking command in '/home/pi/wk2/ros2_ws/build/tutorial': PYTHONPATH=/home/pi/wk2/ros2_ws/build/tutorial/prefix_override:/home/pi/wk2/ros2_ws/install/tutorial/lib/python3.10/site-packages:${PYTHONPATH} /usr/bin/python3 setup.py develop --editable --build-directory /home/pi/wk2/ros2_ws/build/tutorial/build --no-deps install_data
[7.983s] running develop
[7.985s] /usr/lib/python3/dist-packages/setuptools/command/easy_install.py:158: EasyInstallDeprecationWarning: easy_install command is deprecated. Use build and pip and other standards-based tools.
[7.986s]   warnings.warn(
[7.991s] /usr/lib/python3/dist-packages/setuptools/command/install.py:34: SetuptoolsDeprecationWarning: setup.py install is deprecated. Use build and pip and other standards-based tools.
[7.998s]   warnings.warn(
[8.363s] /usr/lib/python3/dist-packages/pkg_resources/__init__.py:116: PkgResourcesDeprecationWarning: 1.16.0-unknown is an invalid version and will not be supported in a future release
[8.364s]   warnings.warn(
[8.366s] /usr/lib/python3/dist-packages/pkg_resources/__init__.py:116: PkgResourcesDeprecationWarning: 1.1build1 is an invalid version and will not be supported in a future release
[8.367s]   warnings.warn(
[8.367s] /usr/lib/python3/dist-packages/pkg_resources/__init__.py:116: PkgResourcesDeprecationWarning: 0.1.43ubuntu1 is an invalid version and will not be supported in a future release
[8.368s]   warnings.warn(
[9.086s] running egg_info
[9.090s] writing tutorial.egg-info/PKG-INFO
[9.097s] writing dependency_links to tutorial.egg-info/dependency_links.txt
[9.098s] writing entry points to tutorial.egg-info/entry_points.txt
[9.101s] writing requirements to tutorial.egg-info/requires.txt
[9.105s] writing top-level names to tutorial.egg-info/top_level.txt
[9.124s] reading manifest file 'tutorial.egg-info/SOURCES.txt'
[9.133s] writing manifest file 'tutorial.egg-info/SOURCES.txt'
[9.142s] running build_ext
[9.147s] Creating /home/pi/wk2/ros2_ws/install/tutorial/lib/python3.10/site-packages/tutorial.egg-link (link to .)
[9.164s] Installing listener script to /home/pi/wk2/ros2_ws/install/tutorial/lib/tutorial
[9.166s] Installing talker script to /home/pi/wk2/ros2_ws/install/tutorial/lib/tutorial
[9.167s] 
[9.169s] Installed /home/pi/wk2/ros2_ws/build/tutorial
[9.170s] running install_data
[9.418s] Invoked command in '/home/pi/wk2/ros2_ws/build/tutorial' returned '0': PYTHONPATH=/home/pi/wk2/ros2_ws/build/tutorial/prefix_override:/home/pi/wk2/ros2_ws/install/tutorial/lib/python3.10/site-packages:${PYTHONPATH} /usr/bin/python3 setup.py develop --editable --build-directory /home/pi/wk2/ros2_ws/build/tutorial/build --no-deps install_data
