[4.069s] Invoking command in '/home/pi/wk2/ros2_ws/build/tutorial': PYTHONPATH=/home/pi/wk2/ros2_ws/build/tutorial/prefix_override:/home/pi/wk2/ros2_ws/install/tutorial/lib/python3.10/site-packages:${PYTHONPATH} /usr/bin/python3 setup.py develop --editable --build-directory /home/pi/wk2/ros2_ws/build/tutorial/build --no-deps install_data
[5.287s] running develop
[5.288s] /usr/lib/python3/dist-packages/setuptools/command/easy_install.py:158: EasyInstallDeprecationWarning: easy_install command is deprecated. Use build and pip and other standards-based tools.
[5.289s]   warnings.warn(
[5.294s] /usr/lib/python3/dist-packages/setuptools/command/install.py:34: SetuptoolsDeprecationWarning: setup.py install is deprecated. Use build and pip and other standards-based tools.
[5.294s]   warnings.warn(
[5.559s] /usr/lib/python3/dist-packages/pkg_resources/__init__.py:116: PkgResourcesDeprecationWarning: 1.16.0-unknown is an invalid version and will not be supported in a future release
[5.559s]   warnings.warn(
[5.560s] /usr/lib/python3/dist-packages/pkg_resources/__init__.py:116: PkgResourcesDeprecationWarning: 1.1build1 is an invalid version and will not be supported in a future release
[5.560s]   warnings.warn(
[5.561s] /usr/lib/python3/dist-packages/pkg_resources/__init__.py:116: PkgResourcesDeprecationWarning: 0.1.43ubuntu1 is an invalid version and will not be supported in a future release
[5.562s]   warnings.warn(
[6.040s] running egg_info
[6.041s] writing tutorial.egg-info/PKG-INFO
[6.042s] writing dependency_links to tutorial.egg-info/dependency_links.txt
[6.044s] writing entry points to tutorial.egg-info/entry_points.txt
[6.045s] writing requirements to tutorial.egg-info/requires.txt
[6.045s] writing top-level names to tutorial.egg-info/top_level.txt
[6.056s] reading manifest file 'tutorial.egg-info/SOURCES.txt'
[6.073s] writing manifest file 'tutorial.egg-info/SOURCES.txt'
[6.081s] running build_ext
[6.084s] Creating /home/pi/wk2/ros2_ws/install/tutorial/lib/python3.10/site-packages/tutorial.egg-link (link to .)
[6.086s] Installing listener script to /home/pi/wk2/ros2_ws/install/tutorial/lib/tutorial
[6.090s] Installing talker script to /home/pi/wk2/ros2_ws/install/tutorial/lib/tutorial
[6.092s] 
[6.093s] Installed /home/pi/wk2/ros2_ws/build/tutorial
[6.094s] running install_data
[6.366s] Invoked command in '/home/pi/wk2/ros2_ws/build/tutorial' returned '0': PYTHONPATH=/home/pi/wk2/ros2_ws/build/tutorial/prefix_override:/home/pi/wk2/ros2_ws/install/tutorial/lib/python3.10/site-packages:${PYTHONPATH} /usr/bin/python3 setup.py develop --editable --build-directory /home/pi/wk2/ros2_ws/build/tutorial/build --no-deps install_data
