[4.057s] Invoking command in '/home/pi/wk2/ros2_ws/build/tutorial': PYTHONPATH=/home/pi/wk2/ros2_ws/build/tutorial/prefix_override:/home/pi/wk2/ros2_ws/install/tutorial/lib/python3.10/site-packages:${PYTHONPATH} /usr/bin/python3 setup.py develop --editable --build-directory /home/pi/wk2/ros2_ws/build/tutorial/build --no-deps install_data
[5.276s] running develop
[5.278s] /usr/lib/python3/dist-packages/setuptools/command/easy_install.py:158: EasyInstallDeprecationWarning: easy_install command is deprecated. Use build and pip and other standards-based tools.
[5.278s]   warnings.warn(
[5.283s] /usr/lib/python3/dist-packages/setuptools/command/install.py:34: SetuptoolsDeprecationWarning: setup.py install is deprecated. Use build and pip and other standards-based tools.
[5.283s]   warnings.warn(
[5.544s] /usr/lib/python3/dist-packages/pkg_resources/__init__.py:116: PkgResourcesDeprecationWarning: 1.16.0-unknown is an invalid version and will not be supported in a future release
[5.545s]   warnings.warn(
[5.546s] /usr/lib/python3/dist-packages/pkg_resources/__init__.py:116: PkgResourcesDeprecationWarning: 1.1build1 is an invalid version and will not be supported in a future release
[5.546s]   warnings.warn(
[5.547s] /usr/lib/python3/dist-packages/pkg_resources/__init__.py:116: PkgResourcesDeprecationWarning: 0.1.43ubuntu1 is an invalid version and will not be supported in a future release
[5.548s]   warnings.warn(
[6.029s] running egg_info
[6.033s] writing tutorial.egg-info/PKG-INFO
[6.037s] writing dependency_links to tutorial.egg-info/dependency_links.txt
[6.039s] writing entry points to tutorial.egg-info/entry_points.txt
[6.040s] writing requirements to tutorial.egg-info/requires.txt
[6.044s] writing top-level names to tutorial.egg-info/top_level.txt
[6.053s] reading manifest file 'tutorial.egg-info/SOURCES.txt'
[6.059s] writing manifest file 'tutorial.egg-info/SOURCES.txt'
[6.070s] running build_ext
[6.072s] Creating /home/pi/wk2/ros2_ws/install/tutorial/lib/python3.10/site-packages/tutorial.egg-link (link to .)
[6.080s] Installing listener script to /home/pi/wk2/ros2_ws/install/tutorial/lib/tutorial
[6.082s] Installing talker script to /home/pi/wk2/ros2_ws/install/tutorial/lib/tutorial
[6.085s] 
[6.087s] Installed /home/pi/wk2/ros2_ws/build/tutorial
[6.090s] running install_data
[6.338s] Invoked command in '/home/pi/wk2/ros2_ws/build/tutorial' returned '0': PYTHONPATH=/home/pi/wk2/ros2_ws/build/tutorial/prefix_override:/home/pi/wk2/ros2_ws/install/tutorial/lib/python3.10/site-packages:${PYTHONPATH} /usr/bin/python3 setup.py develop --editable --build-directory /home/pi/wk2/ros2_ws/build/tutorial/build --no-deps install_data
