[10.107s] Invoking command in '/home/pi/wk2/ros2_ws/build/ros2_aruco': PYTHONPATH=/home/pi/wk2/ros2_ws/build/ros2_aruco/prefix_override:/home/pi/wk2/ros2_ws/install/ros2_aruco/lib/python3.10/site-packages:${PYTHONPATH} /usr/bin/python3 setup.py develop --editable --build-directory /home/pi/wk2/ros2_ws/build/ros2_aruco/build --no-deps install_data
[14.185s] running develop
[14.188s] /usr/lib/python3/dist-packages/setuptools/command/easy_install.py:158: EasyInstallDeprecationWarning: easy_install command is deprecated. Use build and pip and other standards-based tools.
[14.189s]   warnings.warn(
[14.194s] /usr/lib/python3/dist-packages/setuptools/command/install.py:34: SetuptoolsDeprecationWarning: setup.py install is deprecated. Use build and pip and other standards-based tools.
[14.194s]   warnings.warn(
[14.571s] /usr/lib/python3/dist-packages/pkg_resources/__init__.py:116: PkgResourcesDeprecationWarning: 1.16.0-unknown is an invalid version and will not be supported in a future release
[14.572s]   warnings.warn(
[14.577s] /usr/lib/python3/dist-packages/pkg_resources/__init__.py:116: PkgResourcesDeprecationWarning: 1.1build1 is an invalid version and will not be supported in a future release
[14.578s]   warnings.warn(
[14.578s] /usr/lib/python3/dist-packages/pkg_resources/__init__.py:116: PkgResourcesDeprecationWarning: 0.1.43ubuntu1 is an invalid version and will not be supported in a future release
[14.584s]   warnings.warn(
[15.361s] running egg_info
[15.380s] creating ros2_aruco.egg-info
[15.385s] writing ros2_aruco.egg-info/PKG-INFO
[15.392s] writing dependency_links to ros2_aruco.egg-info/dependency_links.txt
[15.420s] writing entry points to ros2_aruco.egg-info/entry_points.txt
[15.421s] writing requirements to ros2_aruco.egg-info/requires.txt
[15.437s] writing top-level names to ros2_aruco.egg-info/top_level.txt
[15.441s] writing manifest file 'ros2_aruco.egg-info/SOURCES.txt'
[15.462s] reading manifest file 'ros2_aruco.egg-info/SOURCES.txt'
[15.483s] writing manifest file 'ros2_aruco.egg-info/SOURCES.txt'
[15.492s] running build_ext
[15.495s] Creating /home/pi/wk2/ros2_ws/install/ros2_aruco/lib/python3.10/site-packages/ros2-aruco.egg-link (link to .)
[15.498s] Installing aruco_generate_marker script to /home/pi/wk2/ros2_ws/install/ros2_aruco/lib/ros2_aruco
[15.502s] Installing aruco_node script to /home/pi/wk2/ros2_ws/install/ros2_aruco/lib/ros2_aruco
[15.503s] 
[15.507s] Installed /home/pi/wk2/ros2_ws/build/ros2_aruco
[15.509s] running install_data
[15.510s] creating /home/pi/wk2/ros2_ws/install/ros2_aruco/share/ament_index
[15.530s] creating /home/pi/wk2/ros2_ws/install/ros2_aruco/share/ament_index/resource_index
[15.531s] creating /home/pi/wk2/ros2_ws/install/ros2_aruco/share/ament_index/resource_index/packages
[15.533s] copying resource/ros2_aruco -> /home/pi/wk2/ros2_ws/install/ros2_aruco/share/ament_index/resource_index/packages
[15.534s] copying package.xml -> /home/pi/wk2/ros2_ws/install/ros2_aruco/share/ros2_aruco
[15.570s] creating /home/pi/wk2/ros2_ws/install/ros2_aruco/share/ros2_aruco/launch
[15.574s] copying launch/aruco_recognition.launch.py -> /home/pi/wk2/ros2_ws/install/ros2_aruco/share/ros2_aruco/launch
[15.596s] creating /home/pi/wk2/ros2_ws/install/ros2_aruco/share/ros2_aruco/config
[15.604s] copying config/aruco_parameters.yaml -> /home/pi/wk2/ros2_ws/install/ros2_aruco/share/ros2_aruco/config
[15.722s] Invoked command in '/home/pi/wk2/ros2_ws/build/ros2_aruco' returned '0': PYTHONPATH=/home/pi/wk2/ros2_ws/build/ros2_aruco/prefix_override:/home/pi/wk2/ros2_ws/install/ros2_aruco/lib/python3.10/site-packages:${PYTHONPATH} /usr/bin/python3 setup.py develop --editable --build-directory /home/pi/wk2/ros2_ws/build/ros2_aruco/build --no-deps install_data
