[2.857s] DEBUG:colcon:Command line arguments: ['/usr/bin/colcon', 'build', '--symlink-install']
[2.858s] DEBUG:colcon:Parsed command line arguments: Namespace(log_base=None, log_level=None, verb_name='build', build_base='build', install_base='install', merge_install=False, symlink_install=True, test_result_base=None, continue_on_error=False, executor='parallel', parallel_workers=4, event_handlers=None, ignore_user_meta=False, metas=['./colcon.meta'], base_paths=['.'], packages_ignore=None, packages_ignore_regex=None, paths=None, packages_up_to=None, packages_up_to_regex=None, packages_above=None, packages_above_and_dependencies=None, packages_above_depth=None, packages_select_by_dep=None, packages_skip_by_dep=None, packages_skip_up_to=None, packages_select_build_failed=False, packages_skip_build_finished=False, packages_select_test_failures=False, packages_skip_test_passed=False, packages_select=None, packages_skip=None, packages_select_regex=None, packages_skip_regex=None, packages_start=None, packages_end=None, allow_overriding=[], cmake_args=None, cmake_target=None, cmake_target_skip_unavailable=False, cmake_clean_cache=False, cmake_clean_first=False, cmake_force_configure=False, ament_cmake_args=None, catkin_cmake_args=None, catkin_skip_building_tests=False, verb_parser=<colcon_defaults.argument_parser.defaults.DefaultArgumentsDecorator object at 0xffff833ac400>, verb_extension=<colcon_core.verb.build.BuildVerb object at 0xffff83bfe6b0>, main=<bound method BuildVerb.main of <colcon_core.verb.build.BuildVerb object at 0xffff83bfe6b0>>)
[3.121s] Level 1:colcon.colcon_core.package_discovery:discover_packages(colcon_meta) check parameters
[3.122s] Level 1:colcon.colcon_core.package_discovery:discover_packages(recursive) check parameters
[3.122s] Level 1:colcon.colcon_core.package_discovery:discover_packages(ignore) check parameters
[3.123s] Level 1:colcon.colcon_core.package_discovery:discover_packages(path) check parameters
[3.123s] Level 1:colcon.colcon_core.package_discovery:discover_packages(colcon_meta) discover
[3.123s] Level 1:colcon.colcon_core.package_discovery:discover_packages(recursive) discover
[3.124s] INFO:colcon.colcon_core.package_discovery:Crawling recursively for packages in '/home/pi/wk2/ros2_ws'
[3.124s] Level 1:colcon.colcon_core.package_identification:_identify(.) by extensions ['ignore', 'ignore_ament_install']
[3.125s] Level 1:colcon.colcon_core.package_identification:_identify(.) by extension 'ignore'
[3.125s] Level 1:colcon.colcon_core.package_identification:_identify(.) by extension 'ignore_ament_install'
[3.125s] Level 1:colcon.colcon_core.package_identification:_identify(.) by extensions ['colcon_pkg']
[3.126s] Level 1:colcon.colcon_core.package_identification:_identify(.) by extension 'colcon_pkg'
[3.126s] Level 1:colcon.colcon_core.package_identification:_identify(.) by extensions ['colcon_meta']
[3.126s] Level 1:colcon.colcon_core.package_identification:_identify(.) by extension 'colcon_meta'
[3.126s] Level 1:colcon.colcon_core.package_identification:_identify(.) by extensions ['ros']
[3.127s] Level 1:colcon.colcon_core.package_identification:_identify(.) by extension 'ros'
[3.201s] Level 1:colcon.colcon_core.package_identification:_identify(.) by extensions ['cmake', 'python']
[3.202s] Level 1:colcon.colcon_core.package_identification:_identify(.) by extension 'cmake'
[3.202s] Level 1:colcon.colcon_core.package_identification:_identify(.) by extension 'python'
[3.202s] Level 1:colcon.colcon_core.package_identification:_identify(.) by extensions ['python_setup_py']
[3.202s] Level 1:colcon.colcon_core.package_identification:_identify(.) by extension 'python_setup_py'
[3.203s] Level 1:colcon.colcon_core.package_identification:_identify(build) by extensions ['ignore', 'ignore_ament_install']
[3.203s] Level 1:colcon.colcon_core.package_identification:_identify(build) by extension 'ignore'
[3.203s] Level 1:colcon.colcon_core.package_identification:_identify(build) ignored
[3.204s] Level 1:colcon.colcon_core.package_identification:_identify(install) by extensions ['ignore', 'ignore_ament_install']
[3.204s] Level 1:colcon.colcon_core.package_identification:_identify(install) by extension 'ignore'
[3.205s] Level 1:colcon.colcon_core.package_identification:_identify(install) ignored
[3.206s] Level 1:colcon.colcon_core.package_identification:_identify(log) by extensions ['ignore', 'ignore_ament_install']
[3.206s] Level 1:colcon.colcon_core.package_identification:_identify(log) by extension 'ignore'
[3.206s] Level 1:colcon.colcon_core.package_identification:_identify(log) ignored
[3.207s] Level 1:colcon.colcon_core.package_identification:_identify(src) by extensions ['ignore', 'ignore_ament_install']
[3.207s] Level 1:colcon.colcon_core.package_identification:_identify(src) by extension 'ignore'
[3.207s] Level 1:colcon.colcon_core.package_identification:_identify(src) by extension 'ignore_ament_install'
[3.208s] Level 1:colcon.colcon_core.package_identification:_identify(src) by extensions ['colcon_pkg']
[3.208s] Level 1:colcon.colcon_core.package_identification:_identify(src) by extension 'colcon_pkg'
[3.208s] Level 1:colcon.colcon_core.package_identification:_identify(src) by extensions ['colcon_meta']
[3.208s] Level 1:colcon.colcon_core.package_identification:_identify(src) by extension 'colcon_meta'
[3.208s] Level 1:colcon.colcon_core.package_identification:_identify(src) by extensions ['ros']
[3.208s] Level 1:colcon.colcon_core.package_identification:_identify(src) by extension 'ros'
[3.209s] Level 1:colcon.colcon_core.package_identification:_identify(src) by extensions ['cmake', 'python']
[3.209s] Level 1:colcon.colcon_core.package_identification:_identify(src) by extension 'cmake'
[3.209s] Level 1:colcon.colcon_core.package_identification:_identify(src) by extension 'python'
[3.209s] Level 1:colcon.colcon_core.package_identification:_identify(src) by extensions ['python_setup_py']
[3.209s] Level 1:colcon.colcon_core.package_identification:_identify(src) by extension 'python_setup_py'
[3.210s] Level 1:colcon.colcon_core.package_identification:_identify(src/my_package) by extensions ['ignore', 'ignore_ament_install']
[3.210s] Level 1:colcon.colcon_core.package_identification:_identify(src/my_package) by extension 'ignore'
[3.210s] Level 1:colcon.colcon_core.package_identification:_identify(src/my_package) by extension 'ignore_ament_install'
[3.211s] Level 1:colcon.colcon_core.package_identification:_identify(src/my_package) by extensions ['colcon_pkg']
[3.211s] Level 1:colcon.colcon_core.package_identification:_identify(src/my_package) by extension 'colcon_pkg'
[3.211s] Level 1:colcon.colcon_core.package_identification:_identify(src/my_package) by extensions ['colcon_meta']
[3.211s] Level 1:colcon.colcon_core.package_identification:_identify(src/my_package) by extension 'colcon_meta'
[3.211s] Level 1:colcon.colcon_core.package_identification:_identify(src/my_package) by extensions ['ros']
[3.212s] Level 1:colcon.colcon_core.package_identification:_identify(src/my_package) by extension 'ros'
[3.224s] DEBUG:colcon.colcon_core.package_identification:Package 'src/my_package' with type 'ros.ament_python' and name 'my_package'
[3.225s] Level 1:colcon.colcon_core.package_identification:_identify(src/ros2_brickpi3) by extensions ['ignore', 'ignore_ament_install']
[3.225s] Level 1:colcon.colcon_core.package_identification:_identify(src/ros2_brickpi3) by extension 'ignore'
[3.226s] Level 1:colcon.colcon_core.package_identification:_identify(src/ros2_brickpi3) by extension 'ignore_ament_install'
[3.226s] Level 1:colcon.colcon_core.package_identification:_identify(src/ros2_brickpi3) by extensions ['colcon_pkg']
[3.226s] Level 1:colcon.colcon_core.package_identification:_identify(src/ros2_brickpi3) by extension 'colcon_pkg'
[3.226s] Level 1:colcon.colcon_core.package_identification:_identify(src/ros2_brickpi3) by extensions ['colcon_meta']
[3.226s] Level 1:colcon.colcon_core.package_identification:_identify(src/ros2_brickpi3) by extension 'colcon_meta'
[3.227s] Level 1:colcon.colcon_core.package_identification:_identify(src/ros2_brickpi3) by extensions ['ros']
[3.227s] Level 1:colcon.colcon_core.package_identification:_identify(src/ros2_brickpi3) by extension 'ros'
[3.229s] DEBUG:colcon.colcon_core.package_identification:Package 'src/ros2_brickpi3' with type 'ros.ament_python' and name 'ros2_brickpi3'
[3.230s] Level 1:colcon.colcon_core.package_identification:_identify(src/tutorial) by extensions ['ignore', 'ignore_ament_install']
[3.231s] Level 1:colcon.colcon_core.package_identification:_identify(src/tutorial) by extension 'ignore'
[3.231s] Level 1:colcon.colcon_core.package_identification:_identify(src/tutorial) by extension 'ignore_ament_install'
[3.231s] Level 1:colcon.colcon_core.package_identification:_identify(src/tutorial) by extensions ['colcon_pkg']
[3.231s] Level 1:colcon.colcon_core.package_identification:_identify(src/tutorial) by extension 'colcon_pkg'
[3.232s] Level 1:colcon.colcon_core.package_identification:_identify(src/tutorial) by extensions ['colcon_meta']
[3.232s] Level 1:colcon.colcon_core.package_identification:_identify(src/tutorial) by extension 'colcon_meta'
[3.232s] Level 1:colcon.colcon_core.package_identification:_identify(src/tutorial) by extensions ['ros']
[3.232s] Level 1:colcon.colcon_core.package_identification:_identify(src/tutorial) by extension 'ros'
[3.235s] DEBUG:colcon.colcon_core.package_identification:Package 'src/tutorial' with type 'ros.ament_python' and name 'tutorial'
[3.236s] Level 1:colcon.colcon_core.package_discovery:discover_packages(recursive) using defaults
[3.236s] Level 1:colcon.colcon_core.package_discovery:discover_packages(ignore) discover
[3.236s] Level 1:colcon.colcon_core.package_discovery:discover_packages(ignore) using defaults
[3.236s] Level 1:colcon.colcon_core.package_discovery:discover_packages(path) discover
[3.236s] Level 1:colcon.colcon_core.package_discovery:discover_packages(path) using defaults
[3.352s] Level 1:colcon.colcon_core.package_discovery:discover_packages(prefix_path) check parameters
[3.352s] Level 1:colcon.colcon_core.package_discovery:discover_packages(prefix_path) discover
[3.373s] DEBUG:colcon.colcon_installed_package_information.package_discovery:Found 180 installed packages in /opt/ros/humble
[3.378s] Level 1:colcon.colcon_core.package_discovery:discover_packages(prefix_path) using defaults
[3.557s] Level 5:colcon.colcon_core.verb:set package 'my_package' build argument 'cmake_args' from command line to 'None'
[3.558s] Level 5:colcon.colcon_core.verb:set package 'my_package' build argument 'cmake_target' from command line to 'None'
[3.558s] Level 5:colcon.colcon_core.verb:set package 'my_package' build argument 'cmake_target_skip_unavailable' from command line to 'False'
[3.558s] Level 5:colcon.colcon_core.verb:set package 'my_package' build argument 'cmake_clean_cache' from command line to 'False'
[3.558s] Level 5:colcon.colcon_core.verb:set package 'my_package' build argument 'cmake_clean_first' from command line to 'False'
[3.558s] Level 5:colcon.colcon_core.verb:set package 'my_package' build argument 'cmake_force_configure' from command line to 'False'
[3.558s] Level 5:colcon.colcon_core.verb:set package 'my_package' build argument 'ament_cmake_args' from command line to 'None'
[3.558s] Level 5:colcon.colcon_core.verb:set package 'my_package' build argument 'catkin_cmake_args' from command line to 'None'
[3.558s] Level 5:colcon.colcon_core.verb:set package 'my_package' build argument 'catkin_skip_building_tests' from command line to 'False'
[3.559s] DEBUG:colcon.colcon_core.verb:Building package 'my_package' with the following arguments: {'ament_cmake_args': None, 'build_base': '/home/pi/wk2/ros2_ws/build/my_package', 'catkin_cmake_args': None, 'catkin_skip_building_tests': False, 'cmake_args': None, 'cmake_clean_cache': False, 'cmake_clean_first': False, 'cmake_force_configure': False, 'cmake_target': None, 'cmake_target_skip_unavailable': False, 'install_base': '/home/pi/wk2/ros2_ws/install/my_package', 'merge_install': False, 'path': '/home/pi/wk2/ros2_ws/src/my_package', 'symlink_install': True, 'test_result_base': None}
[3.563s] Level 5:colcon.colcon_core.verb:set package 'ros2_brickpi3' build argument 'cmake_args' from command line to 'None'
[3.563s] Level 5:colcon.colcon_core.verb:set package 'ros2_brickpi3' build argument 'cmake_target' from command line to 'None'
[3.563s] Level 5:colcon.colcon_core.verb:set package 'ros2_brickpi3' build argument 'cmake_target_skip_unavailable' from command line to 'False'
[3.564s] Level 5:colcon.colcon_core.verb:set package 'ros2_brickpi3' build argument 'cmake_clean_cache' from command line to 'False'
[3.564s] Level 5:colcon.colcon_core.verb:set package 'ros2_brickpi3' build argument 'cmake_clean_first' from command line to 'False'
[3.564s] Level 5:colcon.colcon_core.verb:set package 'ros2_brickpi3' build argument 'cmake_force_configure' from command line to 'False'
[3.564s] Level 5:colcon.colcon_core.verb:set package 'ros2_brickpi3' build argument 'ament_cmake_args' from command line to 'None'
[3.564s] Level 5:colcon.colcon_core.verb:set package 'ros2_brickpi3' build argument 'catkin_cmake_args' from command line to 'None'
[3.564s] Level 5:colcon.colcon_core.verb:set package 'ros2_brickpi3' build argument 'catkin_skip_building_tests' from command line to 'False'
[3.564s] DEBUG:colcon.colcon_core.verb:Building package 'ros2_brickpi3' with the following arguments: {'ament_cmake_args': None, 'build_base': '/home/pi/wk2/ros2_ws/build/ros2_brickpi3', 'catkin_cmake_args': None, 'catkin_skip_building_tests': False, 'cmake_args': None, 'cmake_clean_cache': False, 'cmake_clean_first': False, 'cmake_force_configure': False, 'cmake_target': None, 'cmake_target_skip_unavailable': False, 'install_base': '/home/pi/wk2/ros2_ws/install/ros2_brickpi3', 'merge_install': False, 'path': '/home/pi/wk2/ros2_ws/src/ros2_brickpi3', 'symlink_install': True, 'test_result_base': None}
[3.568s] Level 5:colcon.colcon_core.verb:set package 'tutorial' build argument 'cmake_args' from command line to 'None'
[3.569s] Level 5:colcon.colcon_core.verb:set package 'tutorial' build argument 'cmake_target' from command line to 'None'
[3.569s] Level 5:colcon.colcon_core.verb:set package 'tutorial' build argument 'cmake_target_skip_unavailable' from command line to 'False'
[3.569s] Level 5:colcon.colcon_core.verb:set package 'tutorial' build argument 'cmake_clean_cache' from command line to 'False'
[3.569s] Level 5:colcon.colcon_core.verb:set package 'tutorial' build argument 'cmake_clean_first' from command line to 'False'
[3.569s] Level 5:colcon.colcon_core.verb:set package 'tutorial' build argument 'cmake_force_configure' from command line to 'False'
[3.569s] Level 5:colcon.colcon_core.verb:set package 'tutorial' build argument 'ament_cmake_args' from command line to 'None'
[3.570s] Level 5:colcon.colcon_core.verb:set package 'tutorial' build argument 'catkin_cmake_args' from command line to 'None'
[3.570s] Level 5:colcon.colcon_core.verb:set package 'tutorial' build argument 'catkin_skip_building_tests' from command line to 'False'
[3.570s] DEBUG:colcon.colcon_core.verb:Building package 'tutorial' with the following arguments: {'ament_cmake_args': None, 'build_base': '/home/pi/wk2/ros2_ws/build/tutorial', 'catkin_cmake_args': None, 'catkin_skip_building_tests': False, 'cmake_args': None, 'cmake_clean_cache': False, 'cmake_clean_first': False, 'cmake_force_configure': False, 'cmake_target': None, 'cmake_target_skip_unavailable': False, 'install_base': '/home/pi/wk2/ros2_ws/install/tutorial', 'merge_install': False, 'path': '/home/pi/wk2/ros2_ws/src/tutorial', 'symlink_install': True, 'test_result_base': None}
[3.573s] INFO:colcon.colcon_core.executor:Executing jobs using 'parallel' executor
[3.586s] DEBUG:colcon.colcon_parallel_executor.executor.parallel:run_until_complete
[3.587s] INFO:colcon.colcon_ros.task.ament_python.build:Building ROS package in '/home/pi/wk2/ros2_ws/src/my_package' with build type 'ament_python'
[3.588s] Level 1:colcon.colcon_core.shell:create_environment_hook('my_package', 'ament_prefix_path')
[3.616s] INFO:colcon.colcon_core.plugin_system:Skipping extension 'colcon_core.shell.bat': Not used on non-Windows systems
[3.617s] INFO:colcon.colcon_core.shell:Creating environment hook '/home/pi/wk2/ros2_ws/install/my_package/share/my_package/hook/ament_prefix_path.ps1'
[3.621s] INFO:colcon.colcon_core.shell:Creating environment descriptor '/home/pi/wk2/ros2_ws/install/my_package/share/my_package/hook/ament_prefix_path.dsv'
[3.624s] INFO:colcon.colcon_core.shell:Creating environment hook '/home/pi/wk2/ros2_ws/install/my_package/share/my_package/hook/ament_prefix_path.sh'
[3.634s] INFO:colcon.colcon_core.shell:Skip shell extension 'powershell' for command environment: Not usable outside of PowerShell
[3.634s] DEBUG:colcon.colcon_core.shell:Skip shell extension 'dsv' for command environment
[3.652s] INFO:colcon.colcon_ros.task.ament_python.build:Building ROS package in '/home/pi/wk2/ros2_ws/src/ros2_brickpi3' with build type 'ament_python'
[3.653s] Level 1:colcon.colcon_core.shell:create_environment_hook('ros2_brickpi3', 'ament_prefix_path')
[3.660s] INFO:colcon.colcon_core.shell:Creating environment hook '/home/pi/wk2/ros2_ws/install/ros2_brickpi3/share/ros2_brickpi3/hook/ament_prefix_path.ps1'
[3.663s] INFO:colcon.colcon_core.shell:Creating environment descriptor '/home/pi/wk2/ros2_ws/install/ros2_brickpi3/share/ros2_brickpi3/hook/ament_prefix_path.dsv'
[3.665s] INFO:colcon.colcon_core.shell:Creating environment hook '/home/pi/wk2/ros2_ws/install/ros2_brickpi3/share/ros2_brickpi3/hook/ament_prefix_path.sh'
[3.672s] INFO:colcon.colcon_core.shell:Skip shell extension 'powershell' for command environment: Not usable outside of PowerShell
[3.672s] DEBUG:colcon.colcon_core.shell:Skip shell extension 'dsv' for command environment
[3.687s] INFO:colcon.colcon_ros.task.ament_python.build:Building ROS package in '/home/pi/wk2/ros2_ws/src/tutorial' with build type 'ament_python'
[3.688s] Level 1:colcon.colcon_core.shell:create_environment_hook('tutorial', 'ament_prefix_path')
[3.695s] INFO:colcon.colcon_core.shell:Creating environment hook '/home/pi/wk2/ros2_ws/install/tutorial/share/tutorial/hook/ament_prefix_path.ps1'
[3.697s] INFO:colcon.colcon_core.shell:Creating environment descriptor '/home/pi/wk2/ros2_ws/install/tutorial/share/tutorial/hook/ament_prefix_path.dsv'
[3.699s] INFO:colcon.colcon_core.shell:Creating environment hook '/home/pi/wk2/ros2_ws/install/tutorial/share/tutorial/hook/ament_prefix_path.sh'
[3.705s] INFO:colcon.colcon_core.shell:Skip shell extension 'powershell' for command environment: Not usable outside of PowerShell
[3.705s] DEBUG:colcon.colcon_core.shell:Skip shell extension 'dsv' for command environment
[4.788s] INFO:colcon.colcon_core.task.python.build:Building Python package in '/home/pi/wk2/ros2_ws/src/my_package'
[4.793s] INFO:colcon.colcon_core.shell:Skip shell extension 'powershell' for command environment: Not usable outside of PowerShell
[4.793s] DEBUG:colcon.colcon_core.shell:Skip shell extension 'dsv' for command environment
[5.882s] INFO:colcon.colcon_core.task.python.build:Building Python package in '/home/pi/wk2/ros2_ws/src/ros2_brickpi3'
[5.887s] INFO:colcon.colcon_core.shell:Skip shell extension 'powershell' for command environment: Not usable outside of PowerShell
[5.887s] DEBUG:colcon.colcon_core.shell:Skip shell extension 'dsv' for command environment
[6.997s] INFO:colcon.colcon_core.task.python.build:Building Python package in '/home/pi/wk2/ros2_ws/src/tutorial'
[7.002s] INFO:colcon.colcon_core.shell:Skip shell extension 'powershell' for command environment: Not usable outside of PowerShell
[7.002s] DEBUG:colcon.colcon_core.shell:Skip shell extension 'dsv' for command environment
[9.838s] DEBUG:colcon.colcon_core.event_handler.log_command:Invoking command in '/home/pi/wk2/ros2_ws/build/ros2_brickpi3': PYTHONPATH=/home/pi/wk2/ros2_ws/build/ros2_brickpi3/prefix_override:/home/pi/wk2/ros2_ws/install/ros2_brickpi3/lib/python3.10/site-packages:${PYTHONPATH} /usr/bin/python3 setup.py develop --editable --build-directory /home/pi/wk2/ros2_ws/build/ros2_brickpi3/build --no-deps install_data
[9.852s] DEBUG:colcon.colcon_core.event_handler.log_command:Invoking command in '/home/pi/wk2/ros2_ws/build/my_package': PYTHONPATH=/home/pi/wk2/ros2_ws/build/my_package/prefix_override:/home/pi/wk2/ros2_ws/install/my_package/lib/python3.10/site-packages:${PYTHONPATH} /usr/bin/python3 setup.py develop --editable --build-directory /home/pi/wk2/ros2_ws/build/my_package/build --no-deps install_data
[9.865s] DEBUG:colcon.colcon_core.event_handler.log_command:Invoking command in '/home/pi/wk2/ros2_ws/build/tutorial': PYTHONPATH=/home/pi/wk2/ros2_ws/build/tutorial/prefix_override:/home/pi/wk2/ros2_ws/install/tutorial/lib/python3.10/site-packages:${PYTHONPATH} /usr/bin/python3 setup.py develop --editable --build-directory /home/pi/wk2/ros2_ws/build/tutorial/build --no-deps install_data
[12.482s] Level 1:colcon.colcon_core.shell:create_environment_hook('my_package', 'pythonpath_develop')
[12.489s] DEBUG:colcon.colcon_core.event_handler.log_command:Invoked command in '/home/pi/wk2/ros2_ws/build/my_package' returned '0': PYTHONPATH=/home/pi/wk2/ros2_ws/build/my_package/prefix_override:/home/pi/wk2/ros2_ws/install/my_package/lib/python3.10/site-packages:${PYTHONPATH} /usr/bin/python3 setup.py develop --editable --build-directory /home/pi/wk2/ros2_ws/build/my_package/build --no-deps install_data
[12.506s] INFO:colcon.colcon_core.shell:Creating environment hook '/home/pi/wk2/ros2_ws/build/my_package/share/my_package/hook/pythonpath_develop.ps1'
[12.511s] INFO:colcon.colcon_core.shell:Creating environment descriptor '/home/pi/wk2/ros2_ws/build/my_package/share/my_package/hook/pythonpath_develop.dsv'
[12.517s] INFO:colcon.colcon_core.shell:Creating environment hook '/home/pi/wk2/ros2_ws/build/my_package/share/my_package/hook/pythonpath_develop.sh'
[12.553s] Level 1:colcon.colcon_core.environment:checking '/home/pi/wk2/ros2_ws/install/my_package' for CMake module files
[12.556s] Level 1:colcon.colcon_core.environment:checking '/home/pi/wk2/ros2_ws/install/my_package' for CMake config files
[12.560s] Level 1:colcon.colcon_core.environment:checking '/home/pi/wk2/ros2_ws/install/my_package/lib'
[12.561s] Level 1:colcon.colcon_core.environment:checking '/home/pi/wk2/ros2_ws/install/my_package/bin'
[12.562s] Level 1:colcon.colcon_core.environment:checking '/home/pi/wk2/ros2_ws/install/my_package/lib/pkgconfig/my_package.pc'
[12.563s] Level 1:colcon.colcon_core.environment:checking '/home/pi/wk2/ros2_ws/install/my_package/lib/python3.10/site-packages'
[12.563s] Level 1:colcon.colcon_core.shell:create_environment_hook('my_package', 'pythonpath')
[12.569s] INFO:colcon.colcon_core.shell:Creating environment hook '/home/pi/wk2/ros2_ws/install/my_package/share/my_package/hook/pythonpath.ps1'
[12.571s] INFO:colcon.colcon_core.shell:Creating environment descriptor '/home/pi/wk2/ros2_ws/install/my_package/share/my_package/hook/pythonpath.dsv'
[12.573s] INFO:colcon.colcon_core.shell:Creating environment hook '/home/pi/wk2/ros2_ws/install/my_package/share/my_package/hook/pythonpath.sh'
[12.575s] Level 1:colcon.colcon_core.environment:checking '/home/pi/wk2/ros2_ws/install/my_package/bin'
[12.576s] Level 1:colcon.colcon_core.environment:create_environment_scripts_only(my_package)
[12.581s] INFO:colcon.colcon_core.shell:Creating package script '/home/pi/wk2/ros2_ws/install/my_package/share/my_package/package.ps1'
[12.585s] INFO:colcon.colcon_core.shell:Creating package descriptor '/home/pi/wk2/ros2_ws/install/my_package/share/my_package/package.dsv'
[12.589s] INFO:colcon.colcon_core.shell:Creating package script '/home/pi/wk2/ros2_ws/install/my_package/share/my_package/package.sh'
[12.594s] INFO:colcon.colcon_core.shell:Creating package script '/home/pi/wk2/ros2_ws/install/my_package/share/my_package/package.bash'
[12.599s] INFO:colcon.colcon_core.shell:Creating package script '/home/pi/wk2/ros2_ws/install/my_package/share/my_package/package.zsh'
[12.603s] Level 1:colcon.colcon_core.environment:create_file_with_runtime_dependencies(/home/pi/wk2/ros2_ws/install/my_package/share/colcon-core/packages/my_package)
[12.609s] Level 1:colcon.colcon_core.shell:create_environment_hook('ros2_brickpi3', 'pythonpath_develop')
[12.616s] DEBUG:colcon.colcon_core.event_handler.log_command:Invoked command in '/home/pi/wk2/ros2_ws/build/ros2_brickpi3' returned '0': PYTHONPATH=/home/pi/wk2/ros2_ws/build/ros2_brickpi3/prefix_override:/home/pi/wk2/ros2_ws/install/ros2_brickpi3/lib/python3.10/site-packages:${PYTHONPATH} /usr/bin/python3 setup.py develop --editable --build-directory /home/pi/wk2/ros2_ws/build/ros2_brickpi3/build --no-deps install_data
[12.617s] INFO:colcon.colcon_core.shell:Creating environment hook '/home/pi/wk2/ros2_ws/build/ros2_brickpi3/share/ros2_brickpi3/hook/pythonpath_develop.ps1'
[12.620s] INFO:colcon.colcon_core.shell:Creating environment descriptor '/home/pi/wk2/ros2_ws/build/ros2_brickpi3/share/ros2_brickpi3/hook/pythonpath_develop.dsv'
[12.623s] INFO:colcon.colcon_core.shell:Creating environment hook '/home/pi/wk2/ros2_ws/build/ros2_brickpi3/share/ros2_brickpi3/hook/pythonpath_develop.sh'
[12.633s] Level 1:colcon.colcon_core.environment:checking '/home/pi/wk2/ros2_ws/install/ros2_brickpi3' for CMake module files
[12.635s] Level 1:colcon.colcon_core.environment:checking '/home/pi/wk2/ros2_ws/install/ros2_brickpi3' for CMake config files
[12.639s] Level 1:colcon.colcon_core.environment:checking '/home/pi/wk2/ros2_ws/install/ros2_brickpi3/lib'
[12.639s] Level 1:colcon.colcon_core.environment:checking '/home/pi/wk2/ros2_ws/install/ros2_brickpi3/bin'
[12.639s] Level 1:colcon.colcon_core.environment:checking '/home/pi/wk2/ros2_ws/install/ros2_brickpi3/lib/pkgconfig/ros2_brickpi3.pc'
[12.640s] Level 1:colcon.colcon_core.environment:checking '/home/pi/wk2/ros2_ws/install/ros2_brickpi3/lib/python3.10/site-packages'
[12.641s] Level 1:colcon.colcon_core.shell:create_environment_hook('ros2_brickpi3', 'pythonpath')
[12.645s] INFO:colcon.colcon_core.shell:Creating environment hook '/home/pi/wk2/ros2_ws/install/ros2_brickpi3/share/ros2_brickpi3/hook/pythonpath.ps1'
[12.647s] INFO:colcon.colcon_core.shell:Creating environment descriptor '/home/pi/wk2/ros2_ws/install/ros2_brickpi3/share/ros2_brickpi3/hook/pythonpath.dsv'
[12.649s] INFO:colcon.colcon_core.shell:Creating environment hook '/home/pi/wk2/ros2_ws/install/ros2_brickpi3/share/ros2_brickpi3/hook/pythonpath.sh'
[12.651s] Level 1:colcon.colcon_core.environment:checking '/home/pi/wk2/ros2_ws/install/ros2_brickpi3/bin'
[12.652s] Level 1:colcon.colcon_core.environment:create_environment_scripts_only(ros2_brickpi3)
[12.657s] INFO:colcon.colcon_core.shell:Creating package script '/home/pi/wk2/ros2_ws/install/ros2_brickpi3/share/ros2_brickpi3/package.ps1'
[12.659s] INFO:colcon.colcon_core.shell:Creating package descriptor '/home/pi/wk2/ros2_ws/install/ros2_brickpi3/share/ros2_brickpi3/package.dsv'
[12.662s] INFO:colcon.colcon_core.shell:Creating package script '/home/pi/wk2/ros2_ws/install/ros2_brickpi3/share/ros2_brickpi3/package.sh'
[12.664s] INFO:colcon.colcon_core.shell:Creating package script '/home/pi/wk2/ros2_ws/install/ros2_brickpi3/share/ros2_brickpi3/package.bash'
[12.666s] INFO:colcon.colcon_core.shell:Creating package script '/home/pi/wk2/ros2_ws/install/ros2_brickpi3/share/ros2_brickpi3/package.zsh'
[12.667s] Level 1:colcon.colcon_core.environment:create_file_with_runtime_dependencies(/home/pi/wk2/ros2_ws/install/ros2_brickpi3/share/colcon-core/packages/ros2_brickpi3)
[12.669s] Level 1:colcon.colcon_core.shell:create_environment_hook('tutorial', 'pythonpath_develop')
[12.674s] INFO:colcon.colcon_core.shell:Creating environment hook '/home/pi/wk2/ros2_ws/build/tutorial/share/tutorial/hook/pythonpath_develop.ps1'
[12.677s] INFO:colcon.colcon_core.shell:Creating environment descriptor '/home/pi/wk2/ros2_ws/build/tutorial/share/tutorial/hook/pythonpath_develop.dsv'
[12.679s] DEBUG:colcon.colcon_core.event_handler.log_command:Invoked command in '/home/pi/wk2/ros2_ws/build/tutorial' returned '0': PYTHONPATH=/home/pi/wk2/ros2_ws/build/tutorial/prefix_override:/home/pi/wk2/ros2_ws/install/tutorial/lib/python3.10/site-packages:${PYTHONPATH} /usr/bin/python3 setup.py develop --editable --build-directory /home/pi/wk2/ros2_ws/build/tutorial/build --no-deps install_data
[12.681s] INFO:colcon.colcon_core.shell:Creating environment hook '/home/pi/wk2/ros2_ws/build/tutorial/share/tutorial/hook/pythonpath_develop.sh'
[12.691s] Level 1:colcon.colcon_core.environment:checking '/home/pi/wk2/ros2_ws/install/tutorial' for CMake module files
[12.694s] Level 1:colcon.colcon_core.environment:checking '/home/pi/wk2/ros2_ws/install/tutorial' for CMake config files
[12.697s] Level 1:colcon.colcon_core.environment:checking '/home/pi/wk2/ros2_ws/install/tutorial/lib'
[12.697s] Level 1:colcon.colcon_core.environment:checking '/home/pi/wk2/ros2_ws/install/tutorial/bin'
[12.698s] Level 1:colcon.colcon_core.environment:checking '/home/pi/wk2/ros2_ws/install/tutorial/lib/pkgconfig/tutorial.pc'
[12.699s] Level 1:colcon.colcon_core.environment:checking '/home/pi/wk2/ros2_ws/install/tutorial/lib/python3.10/site-packages'
[12.699s] Level 1:colcon.colcon_core.shell:create_environment_hook('tutorial', 'pythonpath')
[12.704s] INFO:colcon.colcon_core.shell:Creating environment hook '/home/pi/wk2/ros2_ws/install/tutorial/share/tutorial/hook/pythonpath.ps1'
[12.706s] INFO:colcon.colcon_core.shell:Creating environment descriptor '/home/pi/wk2/ros2_ws/install/tutorial/share/tutorial/hook/pythonpath.dsv'
[12.708s] INFO:colcon.colcon_core.shell:Creating environment hook '/home/pi/wk2/ros2_ws/install/tutorial/share/tutorial/hook/pythonpath.sh'
[12.711s] Level 1:colcon.colcon_core.environment:checking '/home/pi/wk2/ros2_ws/install/tutorial/bin'
[12.711s] Level 1:colcon.colcon_core.environment:create_environment_scripts_only(tutorial)
[12.716s] INFO:colcon.colcon_core.shell:Creating package script '/home/pi/wk2/ros2_ws/install/tutorial/share/tutorial/package.ps1'
[12.719s] INFO:colcon.colcon_core.shell:Creating package descriptor '/home/pi/wk2/ros2_ws/install/tutorial/share/tutorial/package.dsv'
[12.722s] INFO:colcon.colcon_core.shell:Creating package script '/home/pi/wk2/ros2_ws/install/tutorial/share/tutorial/package.sh'
[12.725s] INFO:colcon.colcon_core.shell:Creating package script '/home/pi/wk2/ros2_ws/install/tutorial/share/tutorial/package.bash'
[12.726s] INFO:colcon.colcon_core.shell:Creating package script '/home/pi/wk2/ros2_ws/install/tutorial/share/tutorial/package.zsh'
[12.728s] Level 1:colcon.colcon_core.environment:create_file_with_runtime_dependencies(/home/pi/wk2/ros2_ws/install/tutorial/share/colcon-core/packages/tutorial)
[12.730s] DEBUG:colcon.colcon_parallel_executor.executor.parallel:closing loop
[12.731s] DEBUG:colcon.colcon_parallel_executor.executor.parallel:loop closed
[12.731s] DEBUG:colcon.colcon_parallel_executor.executor.parallel:run_until_complete finished with '0'
[12.732s] DEBUG:colcon.colcon_core.event_reactor:joining thread
[12.765s] INFO:colcon.colcon_core.plugin_system:Skipping extension 'colcon_notification.desktop_notification.notify_send': Could not find 'notify-send'
[12.766s] INFO:colcon.colcon_core.plugin_system:Skipping extension 'colcon_notification.desktop_notification.terminal_notifier': Not used on non-Darwin systems
[12.766s] INFO:colcon.colcon_core.plugin_system:Skipping extension 'colcon_notification.desktop_notification.win32': Not used on non-Windows systems
[12.767s] INFO:colcon.colcon_notification.desktop_notification:Sending desktop notification using 'notify2'
[12.770s] DEBUG:colcon.colcon_notification.desktop_notification.notify2:Failed to initialize notify2: org.freedesktop.DBus.Error.ServiceUnknown: The name org.freedesktop.Notifications was not provided by any .service files
[12.771s] DEBUG:colcon.colcon_core.event_reactor:joined thread
[12.777s] INFO:colcon.colcon_core.shell:Creating prefix script '/home/pi/wk2/ros2_ws/install/local_setup.ps1'
[12.782s] INFO:colcon.colcon_core.shell:Creating prefix util module '/home/pi/wk2/ros2_ws/install/_local_setup_util_ps1.py'
[12.790s] INFO:colcon.colcon_core.shell:Creating prefix chain script '/home/pi/wk2/ros2_ws/install/setup.ps1'
[12.796s] INFO:colcon.colcon_core.shell:Creating prefix script '/home/pi/wk2/ros2_ws/install/local_setup.sh'
[12.800s] INFO:colcon.colcon_core.shell:Creating prefix util module '/home/pi/wk2/ros2_ws/install/_local_setup_util_sh.py'
[12.802s] INFO:colcon.colcon_core.shell:Creating prefix chain script '/home/pi/wk2/ros2_ws/install/setup.sh'
[12.809s] INFO:colcon.colcon_core.shell:Creating prefix script '/home/pi/wk2/ros2_ws/install/local_setup.bash'
[12.813s] INFO:colcon.colcon_core.shell:Creating prefix chain script '/home/pi/wk2/ros2_ws/install/setup.bash'
[12.821s] INFO:colcon.colcon_core.shell:Creating prefix script '/home/pi/wk2/ros2_ws/install/local_setup.zsh'
[12.825s] INFO:colcon.colcon_core.shell:Creating prefix chain script '/home/pi/wk2/ros2_ws/install/setup.zsh'
