[2.692s] Invoking command in '/home/pi/wk2/ros2_ws/build/ros2_brickpi3': PYTHONPATH=/home/pi/wk2/ros2_ws/build/ros2_brickpi3/prefix_override:/home/pi/wk2/ros2_ws/install/ros2_brickpi3/lib/python3.10/site-packages:${PYTHONPATH} /usr/bin/python3 setup.py develop --editable --build-directory /home/pi/wk2/ros2_ws/build/ros2_brickpi3/build --no-deps install_data
[3.141s] Traceback (most recent call last):
[3.142s]   File "/home/pi/wk2/ros2_ws/build/ros2_brickpi3/setup.py", line 3, in <module>
[3.142s]     from setuptools import find_packages, setup
[3.142s]   File "/usr/lib/python3/dist-packages/setuptools/__init__.py", line 16, in <module>
[3.143s]     import setuptools.version
[3.144s]   File "/usr/lib/python3/dist-packages/setuptools/version.py", line 1, in <module>
[3.145s]     import pkg_resources
[3.145s]   File "/usr/lib/python3/dist-packages/pkg_resources/__init__.py", line 3267, in <module>
[3.146s]     def _initialize_master_working_set():
[3.146s]   File "/usr/lib/python3/dist-packages/pkg_resources/__init__.py", line 3241, in _call_aside
[3.147s]     f(*args, **kwargs)
[3.148s]   File "/usr/lib/python3/dist-packages/pkg_resources/__init__.py", line 3279, in _initialize_master_working_set
[3.149s]     working_set = WorkingSet._build_master()
[3.150s]   File "/usr/lib/python3/dist-packages/pkg_resources/__init__.py", line 564, in _build_master
[3.150s]     ws = cls()
[3.151s]   File "/usr/lib/python3/dist-packages/pkg_resources/__init__.py", line 557, in __init__
[3.152s]     self.add_entry(entry)
[3.152s]   File "/usr/lib/python3/dist-packages/pkg_resources/__init__.py", line 613, in add_entry
[3.153s]     for dist in find_distributions(entry, True):
[3.153s]   File "/usr/lib/python3/dist-packages/pkg_resources/__init__.py", line 2077, in find_on_path
[3.154s]     for dist in factory(fullpath):
[3.154s]   File "/usr/lib/python3/dist-packages/pkg_resources/__init__.py", line 2142, in distributions_from_metadata
[3.154s]     yield Distribution.from_location(
[3.155s]   File "/usr/lib/python3/dist-packages/pkg_resources/__init__.py", line 2606, in from_location
[3.155s]     )._reload_version()
[3.156s]   File "/usr/lib/python3/dist-packages/pkg_resources/__init__.py", line 3004, in _reload_version
[3.156s]     md_version = self._get_version()
[3.157s]   File "/usr/lib/python3/dist-packages/pkg_resources/__init__.py", line 2785, in _get_version
[3.157s]     version = _version_from_file(lines)
[3.158s]   File "/usr/lib/python3/dist-packages/pkg_resources/__init__.py", line 2571, in _version_from_file
[3.158s]     return safe_version(value.strip()) or None
[3.159s]   File "/usr/lib/python3/dist-packages/pkg_resources/__init__.py", line 1323, in safe_version
[3.159s]     return str(packaging.version.Version(version))
[3.160s]   File "/usr/lib/python3/dist-packages/pkg_resources/_vendor/packaging/version.py", line 269, in __init__
[3.160s]     self._version = _Version(
[3.161s]   File "<string>", line 1, in <lambda>
[3.162s] KeyboardInterrupt
[3.235s] Invoked command in '/home/pi/wk2/ros2_ws/build/ros2_brickpi3' returned '-2': PYTHONPATH=/home/pi/wk2/ros2_ws/build/ros2_brickpi3/prefix_override:/home/pi/wk2/ros2_ws/install/ros2_brickpi3/lib/python3.10/site-packages:${PYTHONPATH} /usr/bin/python3 setup.py develop --editable --build-directory /home/pi/wk2/ros2_ws/build/ros2_brickpi3/build --no-deps install_data
