[2.564s] Invoking command in '/home/pi/ros2_ws/build/ros2_brickpi3': PYTHONPATH=/home/pi/ros2_ws/build/ros2_brickpi3/prefix_override:/home/pi/ros2_ws/install/ros2_brickpi3/lib/python3.10/site-packages:${PYTHONPATH} /usr/bin/python3 setup.py develop --uninstall --editable --build-directory /home/pi/ros2_ws/build/ros2_brickpi3/build
[3.574s] running develop
[3.576s] /usr/lib/python3/dist-packages/setuptools/command/easy_install.py:158: EasyInstallDeprecationWarning: easy_install command is deprecated. Use build and pip and other standards-based tools.
[3.576s]   warnings.warn(
[3.580s] /usr/lib/python3/dist-packages/setuptools/command/install.py:34: SetuptoolsDeprecationWarning: setup.py install is deprecated. Use build and pip and other standards-based tools.
[3.581s]   warnings.warn(
[3.788s] /usr/lib/python3/dist-packages/pkg_resources/__init__.py:116: PkgResourcesDeprecationWarning: 1.16.0-unknown is an invalid version and will not be supported in a future release
[3.789s]   warnings.warn(
[3.790s] /usr/lib/python3/dist-packages/pkg_resources/__init__.py:116: PkgResourcesDeprecationWarning: 1.1build1 is an invalid version and will not be supported in a future release
[3.791s]   warnings.warn(
[3.791s] /usr/lib/python3/dist-packages/pkg_resources/__init__.py:116: PkgResourcesDeprecationWarning: 0.1.43ubuntu1 is an invalid version and will not be supported in a future release
[3.791s]   warnings.warn(
[4.322s] Invoked command in '/home/pi/ros2_ws/build/ros2_brickpi3' returned '0': PYTHONPATH=/home/pi/ros2_ws/build/ros2_brickpi3/prefix_override:/home/pi/ros2_ws/install/ros2_brickpi3/lib/python3.10/site-packages:${PYTHONPATH} /usr/bin/python3 setup.py develop --uninstall --editable --build-directory /home/pi/ros2_ws/build/ros2_brickpi3/build
[4.330s] Invoking command in '/home/pi/ros2_ws/src/ros2_brickpi3': PYTHONPATH=/home/pi/ros2_ws/build/ros2_brickpi3/prefix_override:/home/pi/ros2_ws/install/ros2_brickpi3/lib/python3.10/site-packages:${PYTHONPATH} /usr/bin/python3 setup.py egg_info --egg-base ../../build/ros2_brickpi3 build --build-base /home/pi/ros2_ws/build/ros2_brickpi3/build install --record /home/pi/ros2_ws/build/ros2_brickpi3/install.log --single-version-externally-managed
[5.279s] running egg_info
[5.282s] writing ../../build/ros2_brickpi3/ros2_brickpi3.egg-info/PKG-INFO
[5.283s] writing dependency_links to ../../build/ros2_brickpi3/ros2_brickpi3.egg-info/dependency_links.txt
[5.284s] writing entry points to ../../build/ros2_brickpi3/ros2_brickpi3.egg-info/entry_points.txt
[5.285s] writing requirements to ../../build/ros2_brickpi3/ros2_brickpi3.egg-info/requires.txt
[5.286s] writing top-level names to ../../build/ros2_brickpi3/ros2_brickpi3.egg-info/top_level.txt
[5.294s] reading manifest file '../../build/ros2_brickpi3/ros2_brickpi3.egg-info/SOURCES.txt'
[5.296s] adding license file 'LICENSE'
[5.299s] writing manifest file '../../build/ros2_brickpi3/ros2_brickpi3.egg-info/SOURCES.txt'
[5.299s] running build
[5.300s] running build_py
[5.302s] running install
[5.302s] /usr/lib/python3/dist-packages/setuptools/command/install.py:34: SetuptoolsDeprecationWarning: setup.py install is deprecated. Use build and pip and other standards-based tools.
[5.303s]   warnings.warn(
[5.304s] running install_lib
[5.309s] running install_data
[5.311s] running install_egg_info
[5.318s] removing '/home/pi/ros2_ws/install/ros2_brickpi3/lib/python3.10/site-packages/ros2_brickpi3-0.0.0-py3.10.egg-info' (and everything under it)
[5.319s] Copying ../../build/ros2_brickpi3/ros2_brickpi3.egg-info to /home/pi/ros2_ws/install/ros2_brickpi3/lib/python3.10/site-packages/ros2_brickpi3-0.0.0-py3.10.egg-info
[5.329s] running install_scripts
[5.406s] Installing motor script to /home/pi/ros2_ws/install/ros2_brickpi3/lib/ros2_brickpi3
[5.408s] writing list of installed files to '/home/pi/ros2_ws/build/ros2_brickpi3/install.log'
[5.528s] Invoked command in '/home/pi/ros2_ws/src/ros2_brickpi3' returned '0': PYTHONPATH=/home/pi/ros2_ws/build/ros2_brickpi3/prefix_override:/home/pi/ros2_ws/install/ros2_brickpi3/lib/python3.10/site-packages:${PYTHONPATH} /usr/bin/python3 setup.py egg_info --egg-base ../../build/ros2_brickpi3 build --build-base /home/pi/ros2_ws/build/ros2_brickpi3/build install --record /home/pi/ros2_ws/build/ros2_brickpi3/install.log --single-version-externally-managed
