[12.431s] Invoking command in '/home/pi/wk2/ros2_ws/build/py_srvcli': PYTHONPATH=/home/pi/wk2/ros2_ws/build/py_srvcli/prefix_override:/home/pi/wk2/ros2_ws/install/py_srvcli/lib/python3.10/site-packages:${PYTHONPATH} /usr/bin/python3 setup.py develop --editable --build-directory /home/pi/wk2/ros2_ws/build/py_srvcli/build --no-deps install_data
[16.329s] running develop
[16.337s] /usr/lib/python3/dist-packages/setuptools/command/easy_install.py:158: EasyInstallDeprecationWarning: easy_install command is deprecated. Use build and pip and other standards-based tools.
[16.337s]   warnings.warn(
[16.344s] /usr/lib/python3/dist-packages/setuptools/command/install.py:34: SetuptoolsDeprecationWarning: setup.py install is deprecated. Use build and pip and other standards-based tools.
[16.345s]   warnings.warn(
[16.983s] /usr/lib/python3/dist-packages/pkg_resources/__init__.py:116: PkgResourcesDeprecationWarning: 1.16.0-unknown is an invalid version and will not be supported in a future release
[16.984s]   warnings.warn(
[16.997s] /usr/lib/python3/dist-packages/pkg_resources/__init__.py:116: PkgResourcesDeprecationWarning: 1.1build1 is an invalid version and will not be supported in a future release
[16.998s]   warnings.warn(
[17.002s] /usr/lib/python3/dist-packages/pkg_resources/__init__.py:116: PkgResourcesDeprecationWarning: 0.1.43ubuntu1 is an invalid version and will not be supported in a future release
[17.003s]   warnings.warn(
[18.057s] running egg_info
[18.058s] creating py_srvcli.egg-info
[18.059s] writing py_srvcli.egg-info/PKG-INFO
[18.059s] writing dependency_links to py_srvcli.egg-info/dependency_links.txt
[18.060s] writing entry points to py_srvcli.egg-info/entry_points.txt
[18.062s] writing requirements to py_srvcli.egg-info/requires.txt
[18.063s] writing top-level names to py_srvcli.egg-info/top_level.txt
[18.063s] writing manifest file 'py_srvcli.egg-info/SOURCES.txt'
[18.070s] reading manifest file 'py_srvcli.egg-info/SOURCES.txt'
[18.073s] writing manifest file 'py_srvcli.egg-info/SOURCES.txt'
[18.085s] running build_ext
[18.086s] Creating /home/pi/wk2/ros2_ws/install/py_srvcli/lib/python3.10/site-packages/py-srvcli.egg-link (link to .)
[18.088s] Installing client script to /home/pi/wk2/ros2_ws/install/py_srvcli/lib/py_srvcli
[18.091s] Installing service script to /home/pi/wk2/ros2_ws/install/py_srvcli/lib/py_srvcli
[18.101s] 
[18.114s] Installed /home/pi/wk2/ros2_ws/build/py_srvcli
[18.116s] running install_data
[18.117s] creating /home/pi/wk2/ros2_ws/install/py_srvcli/share/ament_index
[18.118s] creating /home/pi/wk2/ros2_ws/install/py_srvcli/share/ament_index/resource_index
[18.119s] creating /home/pi/wk2/ros2_ws/install/py_srvcli/share/ament_index/resource_index/packages
[18.120s] copying resource/py_srvcli -> /home/pi/wk2/ros2_ws/install/py_srvcli/share/ament_index/resource_index/packages
[18.148s] copying package.xml -> /home/pi/wk2/ros2_ws/install/py_srvcli/share/py_srvcli
[19.615s] Invoked command in '/home/pi/wk2/ros2_ws/build/py_srvcli' returned '0': PYTHONPATH=/home/pi/wk2/ros2_ws/build/py_srvcli/prefix_override:/home/pi/wk2/ros2_ws/install/py_srvcli/lib/python3.10/site-packages:${PYTHONPATH} /usr/bin/python3 setup.py develop --editable --build-directory /home/pi/wk2/ros2_ws/build/py_srvcli/build --no-deps install_data
