[2.531s] Invoking command in '/home/pi/ros2_ws/src/tutorial': PYTHONPATH=/home/pi/ros2_ws/build/tutorial/prefix_override:/home/pi/ros2_ws/install/tutorial/lib/python3.10/site-packages:${PYTHONPATH} /usr/bin/python3 setup.py egg_info --egg-base ../../build/tutorial build --build-base /home/pi/ros2_ws/build/tutorial/build install --record /home/pi/ros2_ws/build/tutorial/install.log --single-version-externally-managed
[3.478s] running egg_info
[3.481s] writing ../../build/tutorial/tutorial.egg-info/PKG-INFO
[3.482s] writing dependency_links to ../../build/tutorial/tutorial.egg-info/dependency_links.txt
[3.483s] writing entry points to ../../build/tutorial/tutorial.egg-info/entry_points.txt
[3.484s] writing requirements to ../../build/tutorial/tutorial.egg-info/requires.txt
[3.485s] writing top-level names to ../../build/tutorial/tutorial.egg-info/top_level.txt
[3.494s] reading manifest file '../../build/tutorial/tutorial.egg-info/SOURCES.txt'
[3.498s] writing manifest file '../../build/tutorial/tutorial.egg-info/SOURCES.txt'
[3.499s] running build
[3.500s] running build_py
[3.500s] copying tutorial/talker.py -> /home/pi/ros2_ws/build/tutorial/build/lib/tutorial
[3.502s] running install
[3.503s] /usr/lib/python3/dist-packages/setuptools/command/install.py:34: SetuptoolsDeprecationWarning: setup.py install is deprecated. Use build and pip and other standards-based tools.
[3.504s]   warnings.warn(
[3.504s] running install_lib
[3.508s] copying /home/pi/ros2_ws/build/tutorial/build/lib/tutorial/talker.py -> /home/pi/ros2_ws/install/tutorial/lib/python3.10/site-packages/tutorial
[3.512s] byte-compiling /home/pi/ros2_ws/install/tutorial/lib/python3.10/site-packages/tutorial/talker.py to talker.cpython-310.pyc
[3.515s] running install_data
[3.519s] running install_egg_info
[3.526s] removing '/home/pi/ros2_ws/install/tutorial/lib/python3.10/site-packages/tutorial-0.0.0-py3.10.egg-info' (and everything under it)
[3.528s] Copying ../../build/tutorial/tutorial.egg-info to /home/pi/ros2_ws/install/tutorial/lib/python3.10/site-packages/tutorial-0.0.0-py3.10.egg-info
[3.534s] running install_scripts
[3.615s] Installing listener script to /home/pi/ros2_ws/install/tutorial/lib/tutorial
[3.616s] Installing talker script to /home/pi/ros2_ws/install/tutorial/lib/tutorial
[3.618s] writing list of installed files to '/home/pi/ros2_ws/build/tutorial/install.log'
[3.735s] Invoked command in '/home/pi/ros2_ws/src/tutorial' returned '0': PYTHONPATH=/home/pi/ros2_ws/build/tutorial/prefix_override:/home/pi/ros2_ws/install/tutorial/lib/python3.10/site-packages:${PYTHONPATH} /usr/bin/python3 setup.py egg_info --egg-base ../../build/tutorial build --build-base /home/pi/ros2_ws/build/tutorial/build install --record /home/pi/ros2_ws/build/tutorial/install.log --single-version-externally-managed
