[1.248s] DEBUG:colcon:Command line arguments: ['/usr/bin/colcon', 'build', '--symlink-install']
[1.249s] DEBUG:colcon:Parsed command line arguments: Namespace(log_base=None, log_level=None, verb_name='build', build_base='build', install_base='install', merge_install=False, symlink_install=True, test_result_base=None, continue_on_error=False, executor='parallel', parallel_workers=4, event_handlers=None, ignore_user_meta=False, metas=['./colcon.meta'], base_paths=['.'], packages_ignore=None, packages_ignore_regex=None, paths=None, packages_up_to=None, packages_up_to_regex=None, packages_above=None, packages_above_and_dependencies=None, packages_above_depth=None, packages_select_by_dep=None, packages_skip_by_dep=None, packages_skip_up_to=None, packages_select_build_failed=False, packages_skip_build_finished=False, packages_select_test_failures=False, packages_skip_test_passed=False, packages_select=None, packages_skip=None, packages_select_regex=None, packages_skip_regex=None, packages_start=None, packages_end=None, allow_overriding=[], cmake_args=None, cmake_target=None, cmake_target_skip_unavailable=False, cmake_clean_cache=False, cmake_clean_first=False, cmake_force_configure=False, ament_cmake_args=None, catkin_cmake_args=None, catkin_skip_building_tests=False, verb_parser=<colcon_defaults.argument_parser.defaults.DefaultArgumentsDecorator object at 0xffffb5644580>, verb_extension=<colcon_core.verb.build.BuildVerb object at 0xffffb5e9e770>, main=<bound method BuildVerb.main of <colcon_core.verb.build.BuildVerb object at 0xffffb5e9e770>>)
[1.383s] Level 1:colcon.colcon_core.package_discovery:discover_packages(colcon_meta) check parameters
[1.384s] Level 1:colcon.colcon_core.package_discovery:discover_packages(recursive) check parameters
[1.384s] Level 1:colcon.colcon_core.package_discovery:discover_packages(ignore) check parameters
[1.384s] Level 1:colcon.colcon_core.package_discovery:discover_packages(path) check parameters
[1.384s] Level 1:colcon.colcon_core.package_discovery:discover_packages(colcon_meta) discover
[1.384s] Level 1:colcon.colcon_core.package_discovery:discover_packages(recursive) discover
[1.385s] INFO:colcon.colcon_core.package_discovery:Crawling recursively for packages in '/home/pi/wk2/ros2_ws'
[1.385s] Level 1:colcon.colcon_core.package_identification:_identify(.) by extensions ['ignore', 'ignore_ament_install']
[1.385s] Level 1:colcon.colcon_core.package_identification:_identify(.) by extension 'ignore'
[1.386s] Level 1:colcon.colcon_core.package_identification:_identify(.) by extension 'ignore_ament_install'
[1.386s] Level 1:colcon.colcon_core.package_identification:_identify(.) by extensions ['colcon_pkg']
[1.386s] Level 1:colcon.colcon_core.package_identification:_identify(.) by extension 'colcon_pkg'
[1.386s] Level 1:colcon.colcon_core.package_identification:_identify(.) by extensions ['colcon_meta']
[1.386s] Level 1:colcon.colcon_core.package_identification:_identify(.) by extension 'colcon_meta'
[1.386s] Level 1:colcon.colcon_core.package_identification:_identify(.) by extensions ['ros']
[1.387s] Level 1:colcon.colcon_core.package_identification:_identify(.) by extension 'ros'
[1.435s] Level 1:colcon.colcon_core.package_identification:_identify(.) by extensions ['cmake', 'python']
[1.435s] Level 1:colcon.colcon_core.package_identification:_identify(.) by extension 'cmake'
[1.436s] Level 1:colcon.colcon_core.package_identification:_identify(.) by extension 'python'
[1.436s] Level 1:colcon.colcon_core.package_identification:_identify(.) by extensions ['python_setup_py']
[1.436s] Level 1:colcon.colcon_core.package_identification:_identify(.) by extension 'python_setup_py'
[1.437s] Level 1:colcon.colcon_core.package_identification:_identify(build) by extensions ['ignore', 'ignore_ament_install']
[1.437s] Level 1:colcon.colcon_core.package_identification:_identify(build) by extension 'ignore'
[1.437s] Level 1:colcon.colcon_core.package_identification:_identify(build) ignored
[1.438s] Level 1:colcon.colcon_core.package_identification:_identify(install) by extensions ['ignore', 'ignore_ament_install']
[1.438s] Level 1:colcon.colcon_core.package_identification:_identify(install) by extension 'ignore'
[1.438s] Level 1:colcon.colcon_core.package_identification:_identify(install) ignored
[1.439s] Level 1:colcon.colcon_core.package_identification:_identify(log) by extensions ['ignore', 'ignore_ament_install']
[1.440s] Level 1:colcon.colcon_core.package_identification:_identify(log) by extension 'ignore'
[1.440s] Level 1:colcon.colcon_core.package_identification:_identify(log) ignored
[1.440s] Level 1:colcon.colcon_core.package_identification:_identify(src) by extensions ['ignore', 'ignore_ament_install']
[1.441s] Level 1:colcon.colcon_core.package_identification:_identify(src) by extension 'ignore'
[1.441s] Level 1:colcon.colcon_core.package_identification:_identify(src) by extension 'ignore_ament_install'
[1.441s] Level 1:colcon.colcon_core.package_identification:_identify(src) by extensions ['colcon_pkg']
[1.441s] Level 1:colcon.colcon_core.package_identification:_identify(src) by extension 'colcon_pkg'
[1.441s] Level 1:colcon.colcon_core.package_identification:_identify(src) by extensions ['colcon_meta']
[1.442s] Level 1:colcon.colcon_core.package_identification:_identify(src) by extension 'colcon_meta'
[1.442s] Level 1:colcon.colcon_core.package_identification:_identify(src) by extensions ['ros']
[1.442s] Level 1:colcon.colcon_core.package_identification:_identify(src) by extension 'ros'
[1.442s] Level 1:colcon.colcon_core.package_identification:_identify(src) by extensions ['cmake', 'python']
[1.442s] Level 1:colcon.colcon_core.package_identification:_identify(src) by extension 'cmake'
[1.443s] Level 1:colcon.colcon_core.package_identification:_identify(src) by extension 'python'
[1.443s] Level 1:colcon.colcon_core.package_identification:_identify(src) by extensions ['python_setup_py']
[1.443s] Level 1:colcon.colcon_core.package_identification:_identify(src) by extension 'python_setup_py'
[1.443s] Level 1:colcon.colcon_core.package_identification:_identify(src/ros2_brickpi3) by extensions ['ignore', 'ignore_ament_install']
[1.444s] Level 1:colcon.colcon_core.package_identification:_identify(src/ros2_brickpi3) by extension 'ignore'
[1.444s] Level 1:colcon.colcon_core.package_identification:_identify(src/ros2_brickpi3) by extension 'ignore_ament_install'
[1.444s] Level 1:colcon.colcon_core.package_identification:_identify(src/ros2_brickpi3) by extensions ['colcon_pkg']
[1.444s] Level 1:colcon.colcon_core.package_identification:_identify(src/ros2_brickpi3) by extension 'colcon_pkg'
[1.444s] Level 1:colcon.colcon_core.package_identification:_identify(src/ros2_brickpi3) by extensions ['colcon_meta']
[1.445s] Level 1:colcon.colcon_core.package_identification:_identify(src/ros2_brickpi3) by extension 'colcon_meta'
[1.445s] Level 1:colcon.colcon_core.package_identification:_identify(src/ros2_brickpi3) by extensions ['ros']
[1.445s] Level 1:colcon.colcon_core.package_identification:_identify(src/ros2_brickpi3) by extension 'ros'
[1.454s] DEBUG:colcon.colcon_core.package_identification:Package 'src/ros2_brickpi3' with type 'ros.ament_python' and name 'ros2_brickpi3'
[1.454s] Level 1:colcon.colcon_core.package_identification:_identify(src/tutorial) by extensions ['ignore', 'ignore_ament_install']
[1.455s] Level 1:colcon.colcon_core.package_identification:_identify(src/tutorial) by extension 'ignore'
[1.455s] Level 1:colcon.colcon_core.package_identification:_identify(src/tutorial) by extension 'ignore_ament_install'
[1.455s] Level 1:colcon.colcon_core.package_identification:_identify(src/tutorial) by extensions ['colcon_pkg']
[1.455s] Level 1:colcon.colcon_core.package_identification:_identify(src/tutorial) by extension 'colcon_pkg'
[1.456s] Level 1:colcon.colcon_core.package_identification:_identify(src/tutorial) by extensions ['colcon_meta']
[1.456s] Level 1:colcon.colcon_core.package_identification:_identify(src/tutorial) by extension 'colcon_meta'
[1.456s] Level 1:colcon.colcon_core.package_identification:_identify(src/tutorial) by extensions ['ros']
[1.456s] Level 1:colcon.colcon_core.package_identification:_identify(src/tutorial) by extension 'ros'
[1.458s] DEBUG:colcon.colcon_core.package_identification:Package 'src/tutorial' with type 'ros.ament_python' and name 'tutorial'
[1.458s] Level 1:colcon.colcon_core.package_discovery:discover_packages(recursive) using defaults
[1.459s] Level 1:colcon.colcon_core.package_discovery:discover_packages(ignore) discover
[1.459s] Level 1:colcon.colcon_core.package_discovery:discover_packages(ignore) using defaults
[1.459s] Level 1:colcon.colcon_core.package_discovery:discover_packages(path) discover
[1.459s] Level 1:colcon.colcon_core.package_discovery:discover_packages(path) using defaults
[1.545s] Level 1:colcon.colcon_core.package_discovery:discover_packages(prefix_path) check parameters
[1.546s] Level 1:colcon.colcon_core.package_discovery:discover_packages(prefix_path) discover
[1.561s] DEBUG:colcon.colcon_installed_package_information.package_discovery:Found 180 installed packages in /opt/ros/humble
[1.565s] Level 1:colcon.colcon_core.package_discovery:discover_packages(prefix_path) using defaults
[1.734s] Level 5:colcon.colcon_core.verb:set package 'ros2_brickpi3' build argument 'cmake_args' from command line to 'None'
[1.734s] Level 5:colcon.colcon_core.verb:set package 'ros2_brickpi3' build argument 'cmake_target' from command line to 'None'
[1.735s] Level 5:colcon.colcon_core.verb:set package 'ros2_brickpi3' build argument 'cmake_target_skip_unavailable' from command line to 'False'
[1.735s] Level 5:colcon.colcon_core.verb:set package 'ros2_brickpi3' build argument 'cmake_clean_cache' from command line to 'False'
[1.735s] Level 5:colcon.colcon_core.verb:set package 'ros2_brickpi3' build argument 'cmake_clean_first' from command line to 'False'
[1.735s] Level 5:colcon.colcon_core.verb:set package 'ros2_brickpi3' build argument 'cmake_force_configure' from command line to 'False'
[1.735s] Level 5:colcon.colcon_core.verb:set package 'ros2_brickpi3' build argument 'ament_cmake_args' from command line to 'None'
[1.735s] Level 5:colcon.colcon_core.verb:set package 'ros2_brickpi3' build argument 'catkin_cmake_args' from command line to 'None'
[1.735s] Level 5:colcon.colcon_core.verb:set package 'ros2_brickpi3' build argument 'catkin_skip_building_tests' from command line to 'False'
[1.735s] DEBUG:colcon.colcon_core.verb:Building package 'ros2_brickpi3' with the following arguments: {'ament_cmake_args': None, 'build_base': '/home/pi/wk2/ros2_ws/build/ros2_brickpi3', 'catkin_cmake_args': None, 'catkin_skip_building_tests': False, 'cmake_args': None, 'cmake_clean_cache': False, 'cmake_clean_first': False, 'cmake_force_configure': False, 'cmake_target': None, 'cmake_target_skip_unavailable': False, 'install_base': '/home/pi/wk2/ros2_ws/install/ros2_brickpi3', 'merge_install': False, 'path': '/home/pi/wk2/ros2_ws/src/ros2_brickpi3', 'symlink_install': True, 'test_result_base': None}
[1.739s] Level 5:colcon.colcon_core.verb:set package 'tutorial' build argument 'cmake_args' from command line to 'None'
[1.740s] Level 5:colcon.colcon_core.verb:set package 'tutorial' build argument 'cmake_target' from command line to 'None'
[1.740s] Level 5:colcon.colcon_core.verb:set package 'tutorial' build argument 'cmake_target_skip_unavailable' from command line to 'False'
[1.740s] Level 5:colcon.colcon_core.verb:set package 'tutorial' build argument 'cmake_clean_cache' from command line to 'False'
[1.740s] Level 5:colcon.colcon_core.verb:set package 'tutorial' build argument 'cmake_clean_first' from command line to 'False'
[1.740s] Level 5:colcon.colcon_core.verb:set package 'tutorial' build argument 'cmake_force_configure' from command line to 'False'
[1.740s] Level 5:colcon.colcon_core.verb:set package 'tutorial' build argument 'ament_cmake_args' from command line to 'None'
[1.740s] Level 5:colcon.colcon_core.verb:set package 'tutorial' build argument 'catkin_cmake_args' from command line to 'None'
[1.740s] Level 5:colcon.colcon_core.verb:set package 'tutorial' build argument 'catkin_skip_building_tests' from command line to 'False'
[1.740s] DEBUG:colcon.colcon_core.verb:Building package 'tutorial' with the following arguments: {'ament_cmake_args': None, 'build_base': '/home/pi/wk2/ros2_ws/build/tutorial', 'catkin_cmake_args': None, 'catkin_skip_building_tests': False, 'cmake_args': None, 'cmake_clean_cache': False, 'cmake_clean_first': False, 'cmake_force_configure': False, 'cmake_target': None, 'cmake_target_skip_unavailable': False, 'install_base': '/home/pi/wk2/ros2_ws/install/tutorial', 'merge_install': False, 'path': '/home/pi/wk2/ros2_ws/src/tutorial', 'symlink_install': True, 'test_result_base': None}
[1.743s] INFO:colcon.colcon_core.executor:Executing jobs using 'parallel' executor
[1.755s] DEBUG:colcon.colcon_parallel_executor.executor.parallel:run_until_complete
[1.756s] INFO:colcon.colcon_ros.task.ament_python.build:Building ROS package in '/home/pi/wk2/ros2_ws/src/ros2_brickpi3' with build type 'ament_python'
[1.757s] Level 1:colcon.colcon_core.shell:create_environment_hook('ros2_brickpi3', 'ament_prefix_path')
[1.776s] INFO:colcon.colcon_core.plugin_system:Skipping extension 'colcon_core.shell.bat': Not used on non-Windows systems
[1.777s] INFO:colcon.colcon_core.shell:Creating environment hook '/home/pi/wk2/ros2_ws/install/ros2_brickpi3/share/ros2_brickpi3/hook/ament_prefix_path.ps1'
[1.779s] INFO:colcon.colcon_core.shell:Creating environment descriptor '/home/pi/wk2/ros2_ws/install/ros2_brickpi3/share/ros2_brickpi3/hook/ament_prefix_path.dsv'
[1.782s] INFO:colcon.colcon_core.shell:Creating environment hook '/home/pi/wk2/ros2_ws/install/ros2_brickpi3/share/ros2_brickpi3/hook/ament_prefix_path.sh'
[1.789s] INFO:colcon.colcon_core.shell:Skip shell extension 'powershell' for command environment: Not usable outside of PowerShell
[1.789s] DEBUG:colcon.colcon_core.shell:Skip shell extension 'dsv' for command environment
[1.804s] INFO:colcon.colcon_ros.task.ament_python.build:Building ROS package in '/home/pi/wk2/ros2_ws/src/tutorial' with build type 'ament_python'
[1.805s] Level 1:colcon.colcon_core.shell:create_environment_hook('tutorial', 'ament_prefix_path')
[1.811s] INFO:colcon.colcon_core.shell:Creating environment hook '/home/pi/wk2/ros2_ws/install/tutorial/share/tutorial/hook/ament_prefix_path.ps1'
[1.813s] INFO:colcon.colcon_core.shell:Creating environment descriptor '/home/pi/wk2/ros2_ws/install/tutorial/share/tutorial/hook/ament_prefix_path.dsv'
[1.815s] INFO:colcon.colcon_core.shell:Creating environment hook '/home/pi/wk2/ros2_ws/install/tutorial/share/tutorial/hook/ament_prefix_path.sh'
[1.822s] INFO:colcon.colcon_core.shell:Skip shell extension 'powershell' for command environment: Not usable outside of PowerShell
[1.822s] DEBUG:colcon.colcon_core.shell:Skip shell extension 'dsv' for command environment
[2.880s] INFO:colcon.colcon_core.task.python.build:Building Python package in '/home/pi/wk2/ros2_ws/src/ros2_brickpi3'
[2.884s] INFO:colcon.colcon_core.shell:Skip shell extension 'powershell' for command environment: Not usable outside of PowerShell
[2.885s] DEBUG:colcon.colcon_core.shell:Skip shell extension 'dsv' for command environment
[3.940s] INFO:colcon.colcon_core.task.python.build:Building Python package in '/home/pi/wk2/ros2_ws/src/tutorial'
[3.945s] INFO:colcon.colcon_core.shell:Skip shell extension 'powershell' for command environment: Not usable outside of PowerShell
[3.945s] DEBUG:colcon.colcon_core.shell:Skip shell extension 'dsv' for command environment
[5.688s] DEBUG:colcon.colcon_core.event_handler.log_command:Invoking command in '/home/pi/wk2/ros2_ws/build/ros2_brickpi3': PYTHONPATH=/home/pi/wk2/ros2_ws/build/ros2_brickpi3/prefix_override:/home/pi/wk2/ros2_ws/install/ros2_brickpi3/lib/python3.10/site-packages:${PYTHONPATH} /usr/bin/python3 setup.py develop --editable --build-directory /home/pi/wk2/ros2_ws/build/ros2_brickpi3/build --no-deps install_data
[5.704s] DEBUG:colcon.colcon_core.event_handler.log_command:Invoking command in '/home/pi/wk2/ros2_ws/build/tutorial': PYTHONPATH=/home/pi/wk2/ros2_ws/build/tutorial/prefix_override:/home/pi/wk2/ros2_ws/install/tutorial/lib/python3.10/site-packages:${PYTHONPATH} /usr/bin/python3 setup.py develop --editable --build-directory /home/pi/wk2/ros2_ws/build/tutorial/build --no-deps install_data
[7.854s] Level 1:colcon.colcon_core.shell:create_environment_hook('tutorial', 'pythonpath_develop')
[7.859s] INFO:colcon.colcon_core.shell:Creating environment hook '/home/pi/wk2/ros2_ws/build/tutorial/share/tutorial/hook/pythonpath_develop.ps1'
[7.860s] DEBUG:colcon.colcon_core.event_handler.log_command:Invoked command in '/home/pi/wk2/ros2_ws/build/tutorial' returned '0': PYTHONPATH=/home/pi/wk2/ros2_ws/build/tutorial/prefix_override:/home/pi/wk2/ros2_ws/install/tutorial/lib/python3.10/site-packages:${PYTHONPATH} /usr/bin/python3 setup.py develop --editable --build-directory /home/pi/wk2/ros2_ws/build/tutorial/build --no-deps install_data
[7.863s] INFO:colcon.colcon_core.shell:Creating environment descriptor '/home/pi/wk2/ros2_ws/build/tutorial/share/tutorial/hook/pythonpath_develop.dsv'
[7.864s] INFO:colcon.colcon_core.shell:Creating environment hook '/home/pi/wk2/ros2_ws/build/tutorial/share/tutorial/hook/pythonpath_develop.sh'
[7.886s] Level 1:colcon.colcon_core.environment:checking '/home/pi/wk2/ros2_ws/install/tutorial' for CMake module files
[7.889s] Level 1:colcon.colcon_core.environment:checking '/home/pi/wk2/ros2_ws/install/tutorial' for CMake config files
[7.892s] Level 1:colcon.colcon_core.environment:checking '/home/pi/wk2/ros2_ws/install/tutorial/lib'
[7.893s] Level 1:colcon.colcon_core.environment:checking '/home/pi/wk2/ros2_ws/install/tutorial/bin'
[7.893s] Level 1:colcon.colcon_core.environment:checking '/home/pi/wk2/ros2_ws/install/tutorial/lib/pkgconfig/tutorial.pc'
[7.894s] Level 1:colcon.colcon_core.environment:checking '/home/pi/wk2/ros2_ws/install/tutorial/lib/python3.10/site-packages'
[7.895s] Level 1:colcon.colcon_core.shell:create_environment_hook('tutorial', 'pythonpath')
[7.899s] INFO:colcon.colcon_core.shell:Creating environment hook '/home/pi/wk2/ros2_ws/install/tutorial/share/tutorial/hook/pythonpath.ps1'
[7.901s] INFO:colcon.colcon_core.shell:Creating environment descriptor '/home/pi/wk2/ros2_ws/install/tutorial/share/tutorial/hook/pythonpath.dsv'
[7.903s] INFO:colcon.colcon_core.shell:Creating environment hook '/home/pi/wk2/ros2_ws/install/tutorial/share/tutorial/hook/pythonpath.sh'
[7.905s] Level 1:colcon.colcon_core.environment:checking '/home/pi/wk2/ros2_ws/install/tutorial/bin'
[7.906s] Level 1:colcon.colcon_core.environment:create_environment_scripts_only(tutorial)
[7.911s] INFO:colcon.colcon_core.shell:Creating package script '/home/pi/wk2/ros2_ws/install/tutorial/share/tutorial/package.ps1'
[7.915s] INFO:colcon.colcon_core.shell:Creating package descriptor '/home/pi/wk2/ros2_ws/install/tutorial/share/tutorial/package.dsv'
[7.918s] INFO:colcon.colcon_core.shell:Creating package script '/home/pi/wk2/ros2_ws/install/tutorial/share/tutorial/package.sh'
[7.921s] INFO:colcon.colcon_core.shell:Creating package script '/home/pi/wk2/ros2_ws/install/tutorial/share/tutorial/package.bash'
[7.924s] INFO:colcon.colcon_core.shell:Creating package script '/home/pi/wk2/ros2_ws/install/tutorial/share/tutorial/package.zsh'
[7.928s] Level 1:colcon.colcon_core.environment:create_file_with_runtime_dependencies(/home/pi/wk2/ros2_ws/install/tutorial/share/colcon-core/packages/tutorial)
[7.932s] Level 1:colcon.colcon_core.shell:create_environment_hook('ros2_brickpi3', 'pythonpath_develop')
[7.937s] INFO:colcon.colcon_core.shell:Creating environment hook '/home/pi/wk2/ros2_ws/build/ros2_brickpi3/share/ros2_brickpi3/hook/pythonpath_develop.ps1'
[7.939s] INFO:colcon.colcon_core.shell:Creating environment descriptor '/home/pi/wk2/ros2_ws/build/ros2_brickpi3/share/ros2_brickpi3/hook/pythonpath_develop.dsv'
[7.942s] DEBUG:colcon.colcon_core.event_handler.log_command:Invoked command in '/home/pi/wk2/ros2_ws/build/ros2_brickpi3' returned '0': PYTHONPATH=/home/pi/wk2/ros2_ws/build/ros2_brickpi3/prefix_override:/home/pi/wk2/ros2_ws/install/ros2_brickpi3/lib/python3.10/site-packages:${PYTHONPATH} /usr/bin/python3 setup.py develop --editable --build-directory /home/pi/wk2/ros2_ws/build/ros2_brickpi3/build --no-deps install_data
[7.944s] INFO:colcon.colcon_core.shell:Creating environment hook '/home/pi/wk2/ros2_ws/build/ros2_brickpi3/share/ros2_brickpi3/hook/pythonpath_develop.sh'
[7.954s] Level 1:colcon.colcon_core.environment:checking '/home/pi/wk2/ros2_ws/install/ros2_brickpi3' for CMake module files
[7.957s] Level 1:colcon.colcon_core.environment:checking '/home/pi/wk2/ros2_ws/install/ros2_brickpi3' for CMake config files
[7.960s] Level 1:colcon.colcon_core.environment:checking '/home/pi/wk2/ros2_ws/install/ros2_brickpi3/lib'
[7.961s] Level 1:colcon.colcon_core.environment:checking '/home/pi/wk2/ros2_ws/install/ros2_brickpi3/bin'
[7.961s] Level 1:colcon.colcon_core.environment:checking '/home/pi/wk2/ros2_ws/install/ros2_brickpi3/lib/pkgconfig/ros2_brickpi3.pc'
[7.962s] Level 1:colcon.colcon_core.environment:checking '/home/pi/wk2/ros2_ws/install/ros2_brickpi3/lib/python3.10/site-packages'
[7.962s] Level 1:colcon.colcon_core.shell:create_environment_hook('ros2_brickpi3', 'pythonpath')
[7.967s] INFO:colcon.colcon_core.shell:Creating environment hook '/home/pi/wk2/ros2_ws/install/ros2_brickpi3/share/ros2_brickpi3/hook/pythonpath.ps1'
[7.969s] INFO:colcon.colcon_core.shell:Creating environment descriptor '/home/pi/wk2/ros2_ws/install/ros2_brickpi3/share/ros2_brickpi3/hook/pythonpath.dsv'
[7.971s] INFO:colcon.colcon_core.shell:Creating environment hook '/home/pi/wk2/ros2_ws/install/ros2_brickpi3/share/ros2_brickpi3/hook/pythonpath.sh'
[7.973s] Level 1:colcon.colcon_core.environment:checking '/home/pi/wk2/ros2_ws/install/ros2_brickpi3/bin'
[7.973s] Level 1:colcon.colcon_core.environment:create_environment_scripts_only(ros2_brickpi3)
[7.979s] INFO:colcon.colcon_core.shell:Creating package script '/home/pi/wk2/ros2_ws/install/ros2_brickpi3/share/ros2_brickpi3/package.ps1'
[7.981s] INFO:colcon.colcon_core.shell:Creating package descriptor '/home/pi/wk2/ros2_ws/install/ros2_brickpi3/share/ros2_brickpi3/package.dsv'
[7.983s] INFO:colcon.colcon_core.shell:Creating package script '/home/pi/wk2/ros2_ws/install/ros2_brickpi3/share/ros2_brickpi3/package.sh'
[7.986s] INFO:colcon.colcon_core.shell:Creating package script '/home/pi/wk2/ros2_ws/install/ros2_brickpi3/share/ros2_brickpi3/package.bash'
[7.987s] INFO:colcon.colcon_core.shell:Creating package script '/home/pi/wk2/ros2_ws/install/ros2_brickpi3/share/ros2_brickpi3/package.zsh'
[7.989s] Level 1:colcon.colcon_core.environment:create_file_with_runtime_dependencies(/home/pi/wk2/ros2_ws/install/ros2_brickpi3/share/colcon-core/packages/ros2_brickpi3)
[7.991s] DEBUG:colcon.colcon_parallel_executor.executor.parallel:closing loop
[7.992s] DEBUG:colcon.colcon_parallel_executor.executor.parallel:loop closed
[7.992s] DEBUG:colcon.colcon_parallel_executor.executor.parallel:run_until_complete finished with '0'
[7.993s] DEBUG:colcon.colcon_core.event_reactor:joining thread
[8.015s] INFO:colcon.colcon_core.plugin_system:Skipping extension 'colcon_notification.desktop_notification.notify_send': Could not find 'notify-send'
[8.015s] INFO:colcon.colcon_core.plugin_system:Skipping extension 'colcon_notification.desktop_notification.terminal_notifier': Not used on non-Darwin systems
[8.016s] INFO:colcon.colcon_core.plugin_system:Skipping extension 'colcon_notification.desktop_notification.win32': Not used on non-Windows systems
[8.016s] INFO:colcon.colcon_notification.desktop_notification:Sending desktop notification using 'notify2'
[8.019s] DEBUG:colcon.colcon_notification.desktop_notification.notify2:Failed to initialize notify2: org.freedesktop.DBus.Error.ServiceUnknown: The name org.freedesktop.Notifications was not provided by any .service files
[8.019s] DEBUG:colcon.colcon_core.event_reactor:joined thread
[8.025s] INFO:colcon.colcon_core.shell:Creating prefix script '/home/pi/wk2/ros2_ws/install/local_setup.ps1'
[8.029s] INFO:colcon.colcon_core.shell:Creating prefix util module '/home/pi/wk2/ros2_ws/install/_local_setup_util_ps1.py'
[8.035s] INFO:colcon.colcon_core.shell:Creating prefix chain script '/home/pi/wk2/ros2_ws/install/setup.ps1'
[8.040s] INFO:colcon.colcon_core.shell:Creating prefix script '/home/pi/wk2/ros2_ws/install/local_setup.sh'
[8.043s] INFO:colcon.colcon_core.shell:Creating prefix util module '/home/pi/wk2/ros2_ws/install/_local_setup_util_sh.py'
[8.046s] INFO:colcon.colcon_core.shell:Creating prefix chain script '/home/pi/wk2/ros2_ws/install/setup.sh'
[8.051s] INFO:colcon.colcon_core.shell:Creating prefix script '/home/pi/wk2/ros2_ws/install/local_setup.bash'
[8.054s] INFO:colcon.colcon_core.shell:Creating prefix chain script '/home/pi/wk2/ros2_ws/install/setup.bash'
[8.059s] INFO:colcon.colcon_core.shell:Creating prefix script '/home/pi/wk2/ros2_ws/install/local_setup.zsh'
[8.061s] INFO:colcon.colcon_core.shell:Creating prefix chain script '/home/pi/wk2/ros2_ws/install/setup.zsh'
