[6.617s] Invoking command in '/home/pi/wk2/ros2_ws/build/my_package': PYTHONPATH=/home/pi/wk2/ros2_ws/build/my_package/prefix_override:/home/pi/wk2/ros2_ws/install/my_package/lib/python3.10/site-packages:${PYTHONPATH} /usr/bin/python3 setup.py develop --editable --build-directory /home/pi/wk2/ros2_ws/build/my_package/build --no-deps install_data
[8.197s] running develop
[8.200s] /usr/lib/python3/dist-packages/setuptools/command/easy_install.py:158: EasyInstallDeprecationWarning: easy_install command is deprecated. Use build and pip and other standards-based tools.
[8.201s]   warnings.warn(
[8.209s] /usr/lib/python3/dist-packages/setuptools/command/install.py:34: SetuptoolsDeprecationWarning: setup.py install is deprecated. Use build and pip and other standards-based tools.
[8.210s]   warnings.warn(
[8.550s] /usr/lib/python3/dist-packages/pkg_resources/__init__.py:116: PkgResourcesDeprecationWarning: 1.16.0-unknown is an invalid version and will not be supported in a future release
[8.550s]   warnings.warn(
[8.551s] /usr/lib/python3/dist-packages/pkg_resources/__init__.py:116: PkgResourcesDeprecationWarning: 1.1build1 is an invalid version and will not be supported in a future release
[8.552s]   warnings.warn(
[8.553s] /usr/lib/python3/dist-packages/pkg_resources/__init__.py:116: PkgResourcesDeprecationWarning: 0.1.43ubuntu1 is an invalid version and will not be supported in a future release
[8.554s]   warnings.warn(
[9.345s] running egg_info
[9.346s] writing my_package.egg-info/PKG-INFO
[9.352s] writing dependency_links to my_package.egg-info/dependency_links.txt
[9.354s] writing entry points to my_package.egg-info/entry_points.txt
[9.357s] writing requirements to my_package.egg-info/requires.txt
[9.359s] writing top-level names to my_package.egg-info/top_level.txt
[9.378s] reading manifest file 'my_package.egg-info/SOURCES.txt'
[9.385s] writing manifest file 'my_package.egg-info/SOURCES.txt'
[9.398s] running build_ext
[9.400s] Creating /home/pi/wk2/ros2_ws/install/my_package/lib/python3.10/site-packages/my-package.egg-link (link to .)
[9.416s] Installing chatter script to /home/pi/wk2/ros2_ws/install/my_package/lib/my_package
[9.421s] Installing my_node script to /home/pi/wk2/ros2_ws/install/my_package/lib/my_package
[9.424s] 
[9.427s] Installed /home/pi/wk2/ros2_ws/build/my_package
[9.429s] running install_data
[9.679s] Invoked command in '/home/pi/wk2/ros2_ws/build/my_package' returned '0': PYTHONPATH=/home/pi/wk2/ros2_ws/build/my_package/prefix_override:/home/pi/wk2/ros2_ws/install/my_package/lib/python3.10/site-packages:${PYTHONPATH} /usr/bin/python3 setup.py develop --editable --build-directory /home/pi/wk2/ros2_ws/build/my_package/build --no-deps install_data
