[1.272s] DEBUG:colcon:Command line arguments: ['/usr/bin/colcon', 'build', '--packages-select', 'ros2_brickpi3']
[1.273s] DEBUG:colcon:Parsed command line arguments: Namespace(log_base=None, log_level=None, verb_name='build', build_base='build', install_base='install', merge_install=False, symlink_install=False, test_result_base=None, continue_on_error=False, executor='parallel', parallel_workers=4, event_handlers=None, ignore_user_meta=False, metas=['./colcon.meta'], base_paths=['.'], packages_ignore=None, packages_ignore_regex=None, paths=None, packages_up_to=None, packages_up_to_regex=None, packages_above=None, packages_above_and_dependencies=None, packages_above_depth=None, packages_select_by_dep=None, packages_skip_by_dep=None, packages_skip_up_to=None, packages_select_build_failed=False, packages_skip_build_finished=False, packages_select_test_failures=False, packages_skip_test_passed=False, packages_select=['ros2_brickpi3'], packages_skip=None, packages_select_regex=None, packages_skip_regex=None, packages_start=None, packages_end=None, allow_overriding=[], cmake_args=None, cmake_target=None, cmake_target_skip_unavailable=False, cmake_clean_cache=False, cmake_clean_first=False, cmake_force_configure=False, ament_cmake_args=None, catkin_cmake_args=None, catkin_skip_building_tests=False, verb_parser=<colcon_defaults.argument_parser.defaults.DefaultArgumentsDecorator object at 0xffffafbbc310>, verb_extension=<colcon_core.verb.build.BuildVerb object at 0xffffb040e6b0>, main=<bound method BuildVerb.main of <colcon_core.verb.build.BuildVerb object at 0xffffb040e6b0>>)
[1.404s] Level 1:colcon.colcon_core.package_discovery:discover_packages(colcon_meta) check parameters
[1.404s] Level 1:colcon.colcon_core.package_discovery:discover_packages(recursive) check parameters
[1.404s] Level 1:colcon.colcon_core.package_discovery:discover_packages(ignore) check parameters
[1.404s] Level 1:colcon.colcon_core.package_discovery:discover_packages(path) check parameters
[1.404s] Level 1:colcon.colcon_core.package_discovery:discover_packages(colcon_meta) discover
[1.405s] Level 1:colcon.colcon_core.package_discovery:discover_packages(recursive) discover
[1.405s] INFO:colcon.colcon_core.package_discovery:Crawling recursively for packages in '/home/pi/ros2_ws'
[1.405s] Level 1:colcon.colcon_core.package_identification:_identify(.) by extensions ['ignore', 'ignore_ament_install']
[1.406s] Level 1:colcon.colcon_core.package_identification:_identify(.) by extension 'ignore'
[1.406s] Level 1:colcon.colcon_core.package_identification:_identify(.) by extension 'ignore_ament_install'
[1.406s] Level 1:colcon.colcon_core.package_identification:_identify(.) by extensions ['colcon_pkg']
[1.406s] Level 1:colcon.colcon_core.package_identification:_identify(.) by extension 'colcon_pkg'
[1.406s] Level 1:colcon.colcon_core.package_identification:_identify(.) by extensions ['colcon_meta']
[1.407s] Level 1:colcon.colcon_core.package_identification:_identify(.) by extension 'colcon_meta'
[1.407s] Level 1:colcon.colcon_core.package_identification:_identify(.) by extensions ['ros']
[1.407s] Level 1:colcon.colcon_core.package_identification:_identify(.) by extension 'ros'
[1.453s] Level 1:colcon.colcon_core.package_identification:_identify(.) by extensions ['cmake', 'python']
[1.453s] Level 1:colcon.colcon_core.package_identification:_identify(.) by extension 'cmake'
[1.454s] Level 1:colcon.colcon_core.package_identification:_identify(.) by extension 'python'
[1.454s] Level 1:colcon.colcon_core.package_identification:_identify(.) by extensions ['python_setup_py']
[1.454s] Level 1:colcon.colcon_core.package_identification:_identify(.) by extension 'python_setup_py'
[1.455s] Level 1:colcon.colcon_core.package_identification:_identify(build) by extensions ['ignore', 'ignore_ament_install']
[1.455s] Level 1:colcon.colcon_core.package_identification:_identify(build) by extension 'ignore'
[1.455s] Level 1:colcon.colcon_core.package_identification:_identify(build) ignored
[1.456s] Level 1:colcon.colcon_core.package_identification:_identify(install) by extensions ['ignore', 'ignore_ament_install']
[1.456s] Level 1:colcon.colcon_core.package_identification:_identify(install) by extension 'ignore'
[1.456s] Level 1:colcon.colcon_core.package_identification:_identify(install) ignored
[1.457s] Level 1:colcon.colcon_core.package_identification:_identify(log) by extensions ['ignore', 'ignore_ament_install']
[1.457s] Level 1:colcon.colcon_core.package_identification:_identify(log) by extension 'ignore'
[1.457s] Level 1:colcon.colcon_core.package_identification:_identify(log) ignored
[1.458s] Level 1:colcon.colcon_core.package_identification:_identify(src) by extensions ['ignore', 'ignore_ament_install']
[1.458s] Level 1:colcon.colcon_core.package_identification:_identify(src) by extension 'ignore'
[1.458s] Level 1:colcon.colcon_core.package_identification:_identify(src) by extension 'ignore_ament_install'
[1.458s] Level 1:colcon.colcon_core.package_identification:_identify(src) by extensions ['colcon_pkg']
[1.458s] Level 1:colcon.colcon_core.package_identification:_identify(src) by extension 'colcon_pkg'
[1.459s] Level 1:colcon.colcon_core.package_identification:_identify(src) by extensions ['colcon_meta']
[1.459s] Level 1:colcon.colcon_core.package_identification:_identify(src) by extension 'colcon_meta'
[1.459s] Level 1:colcon.colcon_core.package_identification:_identify(src) by extensions ['ros']
[1.459s] Level 1:colcon.colcon_core.package_identification:_identify(src) by extension 'ros'
[1.459s] Level 1:colcon.colcon_core.package_identification:_identify(src) by extensions ['cmake', 'python']
[1.459s] Level 1:colcon.colcon_core.package_identification:_identify(src) by extension 'cmake'
[1.460s] Level 1:colcon.colcon_core.package_identification:_identify(src) by extension 'python'
[1.460s] Level 1:colcon.colcon_core.package_identification:_identify(src) by extensions ['python_setup_py']
[1.460s] Level 1:colcon.colcon_core.package_identification:_identify(src) by extension 'python_setup_py'
[1.461s] Level 1:colcon.colcon_core.package_identification:_identify(src/ros2_brickpi3) by extensions ['ignore', 'ignore_ament_install']
[1.461s] Level 1:colcon.colcon_core.package_identification:_identify(src/ros2_brickpi3) by extension 'ignore'
[1.461s] Level 1:colcon.colcon_core.package_identification:_identify(src/ros2_brickpi3) by extension 'ignore_ament_install'
[1.461s] Level 1:colcon.colcon_core.package_identification:_identify(src/ros2_brickpi3) by extensions ['colcon_pkg']
[1.461s] Level 1:colcon.colcon_core.package_identification:_identify(src/ros2_brickpi3) by extension 'colcon_pkg'
[1.462s] Level 1:colcon.colcon_core.package_identification:_identify(src/ros2_brickpi3) by extensions ['colcon_meta']
[1.462s] Level 1:colcon.colcon_core.package_identification:_identify(src/ros2_brickpi3) by extension 'colcon_meta'
[1.462s] Level 1:colcon.colcon_core.package_identification:_identify(src/ros2_brickpi3) by extensions ['ros']
[1.462s] Level 1:colcon.colcon_core.package_identification:_identify(src/ros2_brickpi3) by extension 'ros'
[1.471s] DEBUG:colcon.colcon_core.package_identification:Package 'src/ros2_brickpi3' with type 'ros.ament_python' and name 'ros2_brickpi3'
[1.471s] Level 1:colcon.colcon_core.package_identification:_identify(src/tutorial) by extensions ['ignore', 'ignore_ament_install']
[1.472s] Level 1:colcon.colcon_core.package_identification:_identify(src/tutorial) by extension 'ignore'
[1.472s] Level 1:colcon.colcon_core.package_identification:_identify(src/tutorial) by extension 'ignore_ament_install'
[1.472s] Level 1:colcon.colcon_core.package_identification:_identify(src/tutorial) by extensions ['colcon_pkg']
[1.472s] Level 1:colcon.colcon_core.package_identification:_identify(src/tutorial) by extension 'colcon_pkg'
[1.472s] Level 1:colcon.colcon_core.package_identification:_identify(src/tutorial) by extensions ['colcon_meta']
[1.473s] Level 1:colcon.colcon_core.package_identification:_identify(src/tutorial) by extension 'colcon_meta'
[1.473s] Level 1:colcon.colcon_core.package_identification:_identify(src/tutorial) by extensions ['ros']
[1.473s] Level 1:colcon.colcon_core.package_identification:_identify(src/tutorial) by extension 'ros'
[1.475s] DEBUG:colcon.colcon_core.package_identification:Package 'src/tutorial' with type 'ros.ament_python' and name 'tutorial'
[1.475s] Level 1:colcon.colcon_core.package_discovery:discover_packages(recursive) using defaults
[1.475s] Level 1:colcon.colcon_core.package_discovery:discover_packages(ignore) discover
[1.475s] Level 1:colcon.colcon_core.package_discovery:discover_packages(ignore) using defaults
[1.476s] Level 1:colcon.colcon_core.package_discovery:discover_packages(path) discover
[1.476s] Level 1:colcon.colcon_core.package_discovery:discover_packages(path) using defaults
[1.559s] INFO:colcon.colcon_core.package_selection:Skipping not selected package 'tutorial' in 'src/tutorial'
[1.562s] Level 1:colcon.colcon_core.package_discovery:discover_packages(prefix_path) check parameters
[1.562s] Level 1:colcon.colcon_core.package_discovery:discover_packages(prefix_path) discover
[1.577s] DEBUG:colcon.colcon_installed_package_information.package_discovery:Found 180 installed packages in /opt/ros/humble
[1.581s] Level 1:colcon.colcon_core.package_discovery:discover_packages(prefix_path) using defaults
[1.743s] Level 5:colcon.colcon_core.verb:set package 'ros2_brickpi3' build argument 'cmake_args' from command line to 'None'
[1.744s] Level 5:colcon.colcon_core.verb:set package 'ros2_brickpi3' build argument 'cmake_target' from command line to 'None'
[1.744s] Level 5:colcon.colcon_core.verb:set package 'ros2_brickpi3' build argument 'cmake_target_skip_unavailable' from command line to 'False'
[1.744s] Level 5:colcon.colcon_core.verb:set package 'ros2_brickpi3' build argument 'cmake_clean_cache' from command line to 'False'
[1.744s] Level 5:colcon.colcon_core.verb:set package 'ros2_brickpi3' build argument 'cmake_clean_first' from command line to 'False'
[1.744s] Level 5:colcon.colcon_core.verb:set package 'ros2_brickpi3' build argument 'cmake_force_configure' from command line to 'False'
[1.744s] Level 5:colcon.colcon_core.verb:set package 'ros2_brickpi3' build argument 'ament_cmake_args' from command line to 'None'
[1.744s] Level 5:colcon.colcon_core.verb:set package 'ros2_brickpi3' build argument 'catkin_cmake_args' from command line to 'None'
[1.744s] Level 5:colcon.colcon_core.verb:set package 'ros2_brickpi3' build argument 'catkin_skip_building_tests' from command line to 'False'
[1.744s] DEBUG:colcon.colcon_core.verb:Building package 'ros2_brickpi3' with the following arguments: {'ament_cmake_args': None, 'build_base': '/home/pi/ros2_ws/build/ros2_brickpi3', 'catkin_cmake_args': None, 'catkin_skip_building_tests': False, 'cmake_args': None, 'cmake_clean_cache': False, 'cmake_clean_first': False, 'cmake_force_configure': False, 'cmake_target': None, 'cmake_target_skip_unavailable': False, 'install_base': '/home/pi/ros2_ws/install/ros2_brickpi3', 'merge_install': False, 'path': '/home/pi/ros2_ws/src/ros2_brickpi3', 'symlink_install': False, 'test_result_base': None}
[1.747s] INFO:colcon.colcon_core.executor:Executing jobs using 'parallel' executor
[1.759s] DEBUG:colcon.colcon_parallel_executor.executor.parallel:run_until_complete
[1.760s] INFO:colcon.colcon_ros.task.ament_python.build:Building ROS package in '/home/pi/ros2_ws/src/ros2_brickpi3' with build type 'ament_python'
[1.761s] Level 1:colcon.colcon_core.shell:create_environment_hook('ros2_brickpi3', 'ament_prefix_path')
[1.780s] INFO:colcon.colcon_core.plugin_system:Skipping extension 'colcon_core.shell.bat': Not used on non-Windows systems
[1.781s] INFO:colcon.colcon_core.shell:Creating environment hook '/home/pi/ros2_ws/install/ros2_brickpi3/share/ros2_brickpi3/hook/ament_prefix_path.ps1'
[1.784s] INFO:colcon.colcon_core.shell:Creating environment descriptor '/home/pi/ros2_ws/install/ros2_brickpi3/share/ros2_brickpi3/hook/ament_prefix_path.dsv'
[1.786s] INFO:colcon.colcon_core.shell:Creating environment hook '/home/pi/ros2_ws/install/ros2_brickpi3/share/ros2_brickpi3/hook/ament_prefix_path.sh'
[1.793s] INFO:colcon.colcon_core.shell:Skip shell extension 'powershell' for command environment: Not usable outside of PowerShell
[1.793s] DEBUG:colcon.colcon_core.shell:Skip shell extension 'dsv' for command environment
[2.858s] INFO:colcon.colcon_core.task.python.build:Building Python package in '/home/pi/ros2_ws/src/ros2_brickpi3'
[2.863s] INFO:colcon.colcon_core.shell:Skip shell extension 'powershell' for command environment: Not usable outside of PowerShell
[2.863s] DEBUG:colcon.colcon_core.shell:Skip shell extension 'dsv' for command environment
[4.343s] DEBUG:colcon.colcon_core.event_handler.log_command:Invoking command in '/home/pi/ros2_ws/build/ros2_brickpi3': PYTHONPATH=/home/pi/ros2_ws/build/ros2_brickpi3/prefix_override:/home/pi/ros2_ws/install/ros2_brickpi3/lib/python3.10/site-packages:${PYTHONPATH} /usr/bin/python3 setup.py develop --uninstall --editable --build-directory /home/pi/ros2_ws/build/ros2_brickpi3/build
[6.077s] DEBUG:colcon.colcon_core.event_handler.log_command:Invoked command in '/home/pi/ros2_ws/build/ros2_brickpi3' returned '0': PYTHONPATH=/home/pi/ros2_ws/build/ros2_brickpi3/prefix_override:/home/pi/ros2_ws/install/ros2_brickpi3/lib/python3.10/site-packages:${PYTHONPATH} /usr/bin/python3 setup.py develop --uninstall --editable --build-directory /home/pi/ros2_ws/build/ros2_brickpi3/build
[6.085s] DEBUG:colcon.colcon_core.event_handler.log_command:Invoking command in '/home/pi/ros2_ws/src/ros2_brickpi3': PYTHONPATH=/home/pi/ros2_ws/build/ros2_brickpi3/prefix_override:/home/pi/ros2_ws/install/ros2_brickpi3/lib/python3.10/site-packages:${PYTHONPATH} /usr/bin/python3 setup.py egg_info --egg-base ../../build/ros2_brickpi3 build --build-base /home/pi/ros2_ws/build/ros2_brickpi3/build install --record /home/pi/ros2_ws/build/ros2_brickpi3/install.log --single-version-externally-managed
[7.266s] DEBUG:colcon.colcon_core.event_handler.log_command:Invoked command in '/home/pi/ros2_ws/src/ros2_brickpi3' returned '0': PYTHONPATH=/home/pi/ros2_ws/build/ros2_brickpi3/prefix_override:/home/pi/ros2_ws/install/ros2_brickpi3/lib/python3.10/site-packages:${PYTHONPATH} /usr/bin/python3 setup.py egg_info --egg-base ../../build/ros2_brickpi3 build --build-base /home/pi/ros2_ws/build/ros2_brickpi3/build install --record /home/pi/ros2_ws/build/ros2_brickpi3/install.log --single-version-externally-managed
[7.287s] Level 1:colcon.colcon_core.environment:checking '/home/pi/ros2_ws/install/ros2_brickpi3' for CMake module files
[7.289s] Level 1:colcon.colcon_core.environment:checking '/home/pi/ros2_ws/install/ros2_brickpi3' for CMake config files
[7.294s] Level 1:colcon.colcon_core.environment:checking '/home/pi/ros2_ws/install/ros2_brickpi3/lib'
[7.295s] Level 1:colcon.colcon_core.environment:checking '/home/pi/ros2_ws/install/ros2_brickpi3/bin'
[7.296s] Level 1:colcon.colcon_core.environment:checking '/home/pi/ros2_ws/install/ros2_brickpi3/lib/pkgconfig/ros2_brickpi3.pc'
[7.297s] Level 1:colcon.colcon_core.environment:checking '/home/pi/ros2_ws/install/ros2_brickpi3/lib/python3.10/site-packages'
[7.297s] Level 1:colcon.colcon_core.shell:create_environment_hook('ros2_brickpi3', 'pythonpath')
[7.304s] INFO:colcon.colcon_core.shell:Creating environment hook '/home/pi/ros2_ws/install/ros2_brickpi3/share/ros2_brickpi3/hook/pythonpath.ps1'
[7.306s] INFO:colcon.colcon_core.shell:Creating environment descriptor '/home/pi/ros2_ws/install/ros2_brickpi3/share/ros2_brickpi3/hook/pythonpath.dsv'
[7.309s] INFO:colcon.colcon_core.shell:Creating environment hook '/home/pi/ros2_ws/install/ros2_brickpi3/share/ros2_brickpi3/hook/pythonpath.sh'
[7.311s] Level 1:colcon.colcon_core.environment:checking '/home/pi/ros2_ws/install/ros2_brickpi3/bin'
[7.312s] Level 1:colcon.colcon_core.environment:create_environment_scripts_only(ros2_brickpi3)
[7.318s] INFO:colcon.colcon_core.shell:Creating package script '/home/pi/ros2_ws/install/ros2_brickpi3/share/ros2_brickpi3/package.ps1'
[7.321s] INFO:colcon.colcon_core.shell:Creating package descriptor '/home/pi/ros2_ws/install/ros2_brickpi3/share/ros2_brickpi3/package.dsv'
[7.325s] INFO:colcon.colcon_core.shell:Creating package script '/home/pi/ros2_ws/install/ros2_brickpi3/share/ros2_brickpi3/package.sh'
[7.328s] INFO:colcon.colcon_core.shell:Creating package script '/home/pi/ros2_ws/install/ros2_brickpi3/share/ros2_brickpi3/package.bash'
[7.331s] INFO:colcon.colcon_core.shell:Creating package script '/home/pi/ros2_ws/install/ros2_brickpi3/share/ros2_brickpi3/package.zsh'
[7.334s] Level 1:colcon.colcon_core.environment:create_file_with_runtime_dependencies(/home/pi/ros2_ws/install/ros2_brickpi3/share/colcon-core/packages/ros2_brickpi3)
[7.335s] DEBUG:colcon.colcon_parallel_executor.executor.parallel:closing loop
[7.337s] DEBUG:colcon.colcon_parallel_executor.executor.parallel:loop closed
[7.337s] DEBUG:colcon.colcon_parallel_executor.executor.parallel:run_until_complete finished with '0'
[7.337s] DEBUG:colcon.colcon_core.event_reactor:joining thread
[7.361s] INFO:colcon.colcon_core.plugin_system:Skipping extension 'colcon_notification.desktop_notification.notify_send': Could not find 'notify-send'
[7.361s] INFO:colcon.colcon_core.plugin_system:Skipping extension 'colcon_notification.desktop_notification.terminal_notifier': Not used on non-Darwin systems
[7.362s] INFO:colcon.colcon_core.plugin_system:Skipping extension 'colcon_notification.desktop_notification.win32': Not used on non-Windows systems
[7.362s] INFO:colcon.colcon_notification.desktop_notification:Sending desktop notification using 'notify2'
[7.364s] DEBUG:colcon.colcon_notification.desktop_notification.notify2:Failed to initialize notify2: org.freedesktop.DBus.Error.ServiceUnknown: The name org.freedesktop.Notifications was not provided by any .service files
[7.365s] DEBUG:colcon.colcon_core.event_reactor:joined thread
[7.370s] INFO:colcon.colcon_core.shell:Creating prefix script '/home/pi/ros2_ws/install/local_setup.ps1'
[7.374s] INFO:colcon.colcon_core.shell:Creating prefix util module '/home/pi/ros2_ws/install/_local_setup_util_ps1.py'
[7.380s] INFO:colcon.colcon_core.shell:Creating prefix chain script '/home/pi/ros2_ws/install/setup.ps1'
[7.385s] INFO:colcon.colcon_core.shell:Creating prefix script '/home/pi/ros2_ws/install/local_setup.sh'
[7.388s] INFO:colcon.colcon_core.shell:Creating prefix util module '/home/pi/ros2_ws/install/_local_setup_util_sh.py'
[7.390s] INFO:colcon.colcon_core.shell:Creating prefix chain script '/home/pi/ros2_ws/install/setup.sh'
[7.396s] INFO:colcon.colcon_core.shell:Creating prefix script '/home/pi/ros2_ws/install/local_setup.bash'
[7.398s] INFO:colcon.colcon_core.shell:Creating prefix chain script '/home/pi/ros2_ws/install/setup.bash'
[7.403s] INFO:colcon.colcon_core.shell:Creating prefix script '/home/pi/ros2_ws/install/local_setup.zsh'
[7.405s] INFO:colcon.colcon_core.shell:Creating prefix chain script '/home/pi/ros2_ws/install/setup.zsh'
