[5.477s] Invoking command in '/home/pi/wk2/ros2_ws/build/tutorial': PYTHONPATH=/home/pi/wk2/ros2_ws/build/tutorial/prefix_override:/home/pi/wk2/ros2_ws/install/tutorial/lib/python3.10/site-packages:${PYTHONPATH} /usr/bin/python3 setup.py develop --editable --build-directory /home/pi/wk2/ros2_ws/build/tutorial/build --no-deps install_data
[6.966s] running develop
[6.971s] /usr/lib/python3/dist-packages/setuptools/command/easy_install.py:158: EasyInstallDeprecationWarning: easy_install command is deprecated. Use build and pip and other standards-based tools.
[6.972s]   warnings.warn(
[6.979s] /usr/lib/python3/dist-packages/setuptools/command/install.py:34: SetuptoolsDeprecationWarning: setup.py install is deprecated. Use build and pip and other standards-based tools.
[6.979s]   warnings.warn(
[7.300s] /usr/lib/python3/dist-packages/pkg_resources/__init__.py:116: PkgResourcesDeprecationWarning: 1.16.0-unknown is an invalid version and will not be supported in a future release
[7.303s]   warnings.warn(
[7.306s] /usr/lib/python3/dist-packages/pkg_resources/__init__.py:116: PkgResourcesDeprecationWarning: 1.1build1 is an invalid version and will not be supported in a future release
[7.307s]   warnings.warn(
[7.307s] /usr/lib/python3/dist-packages/pkg_resources/__init__.py:116: PkgResourcesDeprecationWarning: 0.1.43ubuntu1 is an invalid version and will not be supported in a future release
[7.308s]   warnings.warn(
[8.029s] running egg_info
[8.030s] writing tutorial.egg-info/PKG-INFO
[8.031s] writing dependency_links to tutorial.egg-info/dependency_links.txt
[8.033s] writing entry points to tutorial.egg-info/entry_points.txt
[8.034s] writing requirements to tutorial.egg-info/requires.txt
[8.036s] writing top-level names to tutorial.egg-info/top_level.txt
[8.044s] reading manifest file 'tutorial.egg-info/SOURCES.txt'
[8.050s] writing manifest file 'tutorial.egg-info/SOURCES.txt'
[8.066s] running build_ext
[8.068s] Creating /home/pi/wk2/ros2_ws/install/tutorial/lib/python3.10/site-packages/tutorial.egg-link (link to .)
[8.076s] Installing listener script to /home/pi/wk2/ros2_ws/install/tutorial/lib/tutorial
[8.078s] Installing talker script to /home/pi/wk2/ros2_ws/install/tutorial/lib/tutorial
[8.081s] 
[8.083s] Installed /home/pi/wk2/ros2_ws/build/tutorial
[8.085s] running install_data
[8.368s] Invoked command in '/home/pi/wk2/ros2_ws/build/tutorial' returned '0': PYTHONPATH=/home/pi/wk2/ros2_ws/build/tutorial/prefix_override:/home/pi/wk2/ros2_ws/install/tutorial/lib/python3.10/site-packages:${PYTHONPATH} /usr/bin/python3 setup.py develop --editable --build-directory /home/pi/wk2/ros2_ws/build/tutorial/build --no-deps install_data
