[2.705s] Invoking command in '/home/pi/wk2/ros2_ws/build/my_package': PYTHONPATH=/home/pi/wk2/ros2_ws/build/my_package/prefix_override:/home/pi/wk2/ros2_ws/install/my_package/lib/python3.10/site-packages:${PYTHONPATH} /usr/bin/python3 setup.py develop --editable --build-directory /home/pi/wk2/ros2_ws/build/my_package/build --no-deps install_data
[3.781s] running develop
[3.783s] /usr/lib/python3/dist-packages/setuptools/command/easy_install.py:158: EasyInstallDeprecationWarning: easy_install command is deprecated. Use build and pip and other standards-based tools.
[3.783s]   warnings.warn(
[3.788s] /usr/lib/python3/dist-packages/setuptools/command/install.py:34: SetuptoolsDeprecationWarning: setup.py install is deprecated. Use build and pip and other standards-based tools.
[3.788s]   warnings.warn(
[4.017s] /usr/lib/python3/dist-packages/pkg_resources/__init__.py:116: PkgResourcesDeprecationWarning: 1.16.0-unknown is an invalid version and will not be supported in a future release
[4.018s]   warnings.warn(
[4.019s] /usr/lib/python3/dist-packages/pkg_resources/__init__.py:116: PkgResourcesDeprecationWarning: 1.1build1 is an invalid version and will not be supported in a future release
[4.019s]   warnings.warn(
[4.020s] /usr/lib/python3/dist-packages/pkg_resources/__init__.py:116: PkgResourcesDeprecationWarning: 0.1.43ubuntu1 is an invalid version and will not be supported in a future release
[4.020s]   warnings.warn(
[4.431s] running egg_info
[4.432s] writing my_package.egg-info/PKG-INFO
[4.434s] writing dependency_links to my_package.egg-info/dependency_links.txt
[4.435s] writing entry points to my_package.egg-info/entry_points.txt
[4.436s] writing requirements to my_package.egg-info/requires.txt
[4.436s] writing top-level names to my_package.egg-info/top_level.txt
[4.444s] reading manifest file 'my_package.egg-info/SOURCES.txt'
[4.448s] writing manifest file 'my_package.egg-info/SOURCES.txt'
[4.454s] running build_ext
[4.455s] Creating /home/pi/wk2/ros2_ws/install/my_package/lib/python3.10/site-packages/my-package.egg-link (link to .)
[4.460s] Installing color script to /home/pi/wk2/ros2_ws/install/my_package/lib/my_package
[4.462s] Installing drive script to /home/pi/wk2/ros2_ws/install/my_package/lib/my_package
[4.463s] Installing gyro script to /home/pi/wk2/ros2_ws/install/my_package/lib/my_package
[4.463s] Installing motor script to /home/pi/wk2/ros2_ws/install/my_package/lib/my_package
[4.464s] Installing my_node script to /home/pi/wk2/ros2_ws/install/my_package/lib/my_package
[4.464s] Installing touch script to /home/pi/wk2/ros2_ws/install/my_package/lib/my_package
[4.465s] Installing ultrasonic script to /home/pi/wk2/ros2_ws/install/my_package/lib/my_package
[4.467s] 
[4.467s] Installed /home/pi/wk2/ros2_ws/build/my_package
[4.468s] running install_data
[4.469s] error: can't copy 'launch/drive.launch.py': doesn't exist or not a regular file
[4.598s] Invoked command in '/home/pi/wk2/ros2_ws/build/my_package' returned '1': PYTHONPATH=/home/pi/wk2/ros2_ws/build/my_package/prefix_override:/home/pi/wk2/ros2_ws/install/my_package/lib/python3.10/site-packages:${PYTHONPATH} /usr/bin/python3 setup.py develop --editable --build-directory /home/pi/wk2/ros2_ws/build/my_package/build --no-deps install_data
