[2.728s] Invoking command in '/home/pi/wk2/ros2_ws/build/my_package': PYTHONPATH=/home/pi/wk2/ros2_ws/build/my_package/prefix_override:/home/pi/wk2/ros2_ws/install/my_package/lib/python3.10/site-packages:${PYTHONPATH} /usr/bin/python3 setup.py develop --editable --build-directory /home/pi/wk2/ros2_ws/build/my_package/build --no-deps install_data
[3.836s] running develop
[3.837s] /usr/lib/python3/dist-packages/setuptools/command/easy_install.py:158: EasyInstallDeprecationWarning: easy_install command is deprecated. Use build and pip and other standards-based tools.
[3.837s]   warnings.warn(
[3.842s] /usr/lib/python3/dist-packages/setuptools/command/install.py:34: SetuptoolsDeprecationWarning: setup.py install is deprecated. Use build and pip and other standards-based tools.
[3.842s]   warnings.warn(
[4.075s] /usr/lib/python3/dist-packages/pkg_resources/__init__.py:116: PkgResourcesDeprecationWarning: 1.16.0-unknown is an invalid version and will not be supported in a future release
[4.076s]   warnings.warn(
[4.077s] /usr/lib/python3/dist-packages/pkg_resources/__init__.py:116: PkgResourcesDeprecationWarning: 1.1build1 is an invalid version and will not be supported in a future release
[4.077s]   warnings.warn(
[4.078s] /usr/lib/python3/dist-packages/pkg_resources/__init__.py:116: PkgResourcesDeprecationWarning: 0.1.43ubuntu1 is an invalid version and will not be supported in a future release
[4.078s]   warnings.warn(
[4.504s] running egg_info
[4.505s] writing my_package.egg-info/PKG-INFO
[4.506s] writing dependency_links to my_package.egg-info/dependency_links.txt
[4.507s] writing entry points to my_package.egg-info/entry_points.txt
[4.508s] writing requirements to my_package.egg-info/requires.txt
[4.509s] writing top-level names to my_package.egg-info/top_level.txt
[4.516s] reading manifest file 'my_package.egg-info/SOURCES.txt'
[4.520s] writing manifest file 'my_package.egg-info/SOURCES.txt'
[4.526s] running build_ext
[4.527s] Creating /home/pi/wk2/ros2_ws/install/my_package/lib/python3.10/site-packages/my-package.egg-link (link to .)
[4.531s] Installing chatter script to /home/pi/wk2/ros2_ws/install/my_package/lib/my_package
[4.532s] Installing my_node script to /home/pi/wk2/ros2_ws/install/my_package/lib/my_package
[4.533s] 
[4.534s] Installed /home/pi/wk2/ros2_ws/build/my_package
[4.535s] running install_data
[4.673s] Invoked command in '/home/pi/wk2/ros2_ws/build/my_package' returned '0': PYTHONPATH=/home/pi/wk2/ros2_ws/build/my_package/prefix_override:/home/pi/wk2/ros2_ws/install/my_package/lib/python3.10/site-packages:${PYTHONPATH} /usr/bin/python3 setup.py develop --editable --build-directory /home/pi/wk2/ros2_ws/build/my_package/build --no-deps install_data
