[0.000000] (-) TimerEvent: {}
[0.001960] (my_package) JobQueued: {'identifier': 'my_package', 'dependencies': OrderedDict()}
[0.002446] (ros2_brickpi3) JobQueued: {'identifier': 'ros2_brickpi3', 'dependencies': OrderedDict()}
[0.003310] (tutorial) JobQueued: {'identifier': 'tutorial', 'dependencies': OrderedDict()}
[0.005354] (my_package) JobStarted: {'identifier': 'my_package'}
[0.061536] (ros2_brickpi3) JobStarted: {'identifier': 'ros2_brickpi3'}
[0.099209] (-) TimerEvent: {}
[0.104343] (tutorial) JobStarted: {'identifier': 'tutorial'}
[0.199408] (-) TimerEvent: {}
[0.300130] (-) TimerEvent: {}
[0.401006] (-) TimerEvent: {}
[0.501714] (-) TimerEvent: {}
[0.602552] (-) TimerEvent: {}
[0.703252] (-) TimerEvent: {}
[0.803979] (-) TimerEvent: {}
[0.904675] (-) TimerEvent: {}
[1.005448] (-) TimerEvent: {}
[1.106284] (-) TimerEvent: {}
[1.207496] (-) TimerEvent: {}
[1.308745] (-) TimerEvent: {}
[1.341883] (my_package) StderrLine: {'line': b'Traceback (most recent call last):\n  File "/usr/lib/python3/dist-packages/colcon_core/executor/__init__.py", line 91, in __call__\n    rc = await self.task(*args, **kwargs)\n  File "/usr/lib/python3/dist-packages/colcon_core/task/__init__.py", line 93, in __call__\n    return await task_method(*args, **kwargs)\n  File "/usr/lib/python3/dist-packages/colcon_ros/task/ament_python/build.py", line 51, in build\n    setup_py_data = get_setup_data(self.context.pkg, env)\n  File "/usr/lib/python3/dist-packages/colcon_core/task/python/__init__.py", line 20, in get_setup_data\n    return dict(pkg.metadata[key](env))\n  File "/usr/lib/python3/dist-packages/colcon_ros/package_augmentation/ros_ament_python.py", line 57, in getter\n    return get_setup_information(\n  File "/usr/lib/python3/dist-packages/colcon_python_setup_py/package_identification/python_setup_py.py", line 241, in get_setup_information\n    _setup_information_cache[hashable_env] = _get_setup_information(\n  File "/usr/lib/python3/dist-packages/colcon_python_setup_py/package_identification/python_setup_py.py", line 288, in _get_setup_information\n    result = subprocess.run(\n  File "/usr/lib/python3.10/subprocess.py", line 524, in run\n    raise CalledProcessError(retcode, process.args,\nsubprocess.CalledProcessError: Command \'[\'/usr/bin/python3\', \'-c\', \'import sys;from contextlib import suppress;exec("with suppress(ImportError):    from setuptools.extern.packaging.specifiers    import SpecifierSet");exec("with suppress(ImportError):    from packaging.specifiers import SpecifierSet");from distutils.core import run_setup;dist = run_setup(    \\\'setup.py\\\', script_args=(\\\'--dry-run\\\',), stop_after=\\\'config\\\');skip_keys = (\\\'cmdclass\\\', \\\'distclass\\\', \\\'ext_modules\\\', \\\'metadata\\\');data = {    key: value for key, value in dist.__dict__.items()     if (        not key.startswith(\\\'_\\\') and         not callable(value) and         key not in skip_keys and         key not in dist.display_option_names    )};data[\\\'metadata\\\'] = {    k: v for k, v in dist.metadata.__dict__.items()     if k not in (\\\'license_files\\\', \\\'provides_extras\\\')};sys.stdout.buffer.write(repr(data).encode(\\\'utf-8\\\'))\']\' returned non-zero exit status 1.\n'}
[1.347950] (my_package) JobEnded: {'identifier': 'my_package', 'rc': 1}
[1.408891] (-) TimerEvent: {}
[1.509570] (-) TimerEvent: {}
[1.610289] (-) TimerEvent: {}
[1.711037] (-) TimerEvent: {}
[1.811811] (-) TimerEvent: {}
[1.912490] (-) TimerEvent: {}
[2.013223] (-) TimerEvent: {}
[2.113934] (-) TimerEvent: {}
[2.214671] (-) TimerEvent: {}
[2.315372] (-) TimerEvent: {}
[2.416362] (-) TimerEvent: {}
[2.494870] (ros2_brickpi3) JobEnded: {'identifier': 'ros2_brickpi3', 'rc': 'SIGINT'}
[2.496946] (tutorial) JobEnded: {'identifier': 'tutorial', 'rc': 'SIGINT'}
[2.507222] (-) EventReactorShutdown: {}
