[7.927s] Invoking command in '/home/pi/wk2/ros2_ws/build/my_package': CMAKE_PREFIX_PATH=/home/pi/wk2/ros2_ws/install/ros2_aruco_interfaces:${CMAKE_PREFIX_PATH} LD_LIBRARY_PATH=/home/pi/wk2/ros2_ws/install/ros2_aruco_interfaces/lib:/home/pi/wk2/ros2_ws/install/ros2_path_planning/lib:/opt/ros/humble/lib/aarch64-linux-gnu:/opt/ros/humble/lib PYTHONPATH=/home/pi/wk2/ros2_ws/build/my_package/prefix_override:/home/pi/wk2/ros2_ws/install/my_package/lib/python3.10/site-packages:${PYTHONPATH} /usr/bin/python3 setup.py develop --editable --build-directory /home/pi/wk2/ros2_ws/build/my_package/build --no-deps install_data
[10.936s] running develop
[10.937s] /usr/lib/python3/dist-packages/setuptools/command/easy_install.py:158: EasyInstallDeprecationWarning: easy_install command is deprecated. Use build and pip and other standards-based tools.
[10.938s]   warnings.warn(
[10.944s] /usr/lib/python3/dist-packages/setuptools/command/install.py:34: SetuptoolsDeprecationWarning: setup.py install is deprecated. Use build and pip and other standards-based tools.
[10.944s]   warnings.warn(
[11.439s] /usr/lib/python3/dist-packages/pkg_resources/__init__.py:116: PkgResourcesDeprecationWarning: 1.16.0-unknown is an invalid version and will not be supported in a future release
[11.443s]   warnings.warn(
[11.446s] /usr/lib/python3/dist-packages/pkg_resources/__init__.py:116: PkgResourcesDeprecationWarning: 1.1build1 is an invalid version and will not be supported in a future release
[11.446s]   warnings.warn(
[11.447s] /usr/lib/python3/dist-packages/pkg_resources/__init__.py:116: PkgResourcesDeprecationWarning: 0.1.43ubuntu1 is an invalid version and will not be supported in a future release
[11.447s]   warnings.warn(
[12.260s] running egg_info
[12.267s] writing my_package.egg-info/PKG-INFO
[12.267s] writing dependency_links to my_package.egg-info/dependency_links.txt
[12.268s] writing entry points to my_package.egg-info/entry_points.txt
[12.268s] writing requirements to my_package.egg-info/requires.txt
[12.280s] writing top-level names to my_package.egg-info/top_level.txt
[12.285s] reading manifest file 'my_package.egg-info/SOURCES.txt'
[12.302s] writing manifest file 'my_package.egg-info/SOURCES.txt'
[12.311s] running build_ext
[12.323s] Creating /home/pi/wk2/ros2_ws/install/my_package/lib/python3.10/site-packages/my-package.egg-link (link to .)
[12.329s] Installing aruco script to /home/pi/wk2/ros2_ws/install/my_package/lib/my_package
[12.335s] Installing color script to /home/pi/wk2/ros2_ws/install/my_package/lib/my_package
[12.339s] Installing drive script to /home/pi/wk2/ros2_ws/install/my_package/lib/my_package
[12.351s] Installing gyro script to /home/pi/wk2/ros2_ws/install/my_package/lib/my_package
[12.352s] Installing maze script to /home/pi/wk2/ros2_ws/install/my_package/lib/my_package
[12.353s] Installing motor script to /home/pi/wk2/ros2_ws/install/my_package/lib/my_package
[12.374s] Installing my_node script to /home/pi/wk2/ros2_ws/install/my_package/lib/my_package
[12.377s] Installing planner_client script to /home/pi/wk2/ros2_ws/install/my_package/lib/my_package
[12.379s] Installing touch script to /home/pi/wk2/ros2_ws/install/my_package/lib/my_package
[12.380s] Installing ultrasonic script to /home/pi/wk2/ros2_ws/install/my_package/lib/my_package
[12.381s] 
[12.382s] Installed /home/pi/wk2/ros2_ws/build/my_package
[12.383s] running install_data
[12.384s] copying launch/hackjob.launch.py -> /home/pi/wk2/ros2_ws/install/my_package/share/my_package/launch
[12.646s] Invoked command in '/home/pi/wk2/ros2_ws/build/my_package' returned '0': CMAKE_PREFIX_PATH=/home/pi/wk2/ros2_ws/install/ros2_aruco_interfaces:${CMAKE_PREFIX_PATH} LD_LIBRARY_PATH=/home/pi/wk2/ros2_ws/install/ros2_aruco_interfaces/lib:/home/pi/wk2/ros2_ws/install/ros2_path_planning/lib:/opt/ros/humble/lib/aarch64-linux-gnu:/opt/ros/humble/lib PYTHONPATH=/home/pi/wk2/ros2_ws/build/my_package/prefix_override:/home/pi/wk2/ros2_ws/install/my_package/lib/python3.10/site-packages:${PYTHONPATH} /usr/bin/python3 setup.py develop --editable --build-directory /home/pi/wk2/ros2_ws/build/my_package/build --no-deps install_data
