[3.897s] Invoking command in '/home/pi/wk2/ros2_ws/build/tutorial': PYTHONPATH=/home/pi/wk2/ros2_ws/build/tutorial/prefix_override:/home/pi/wk2/ros2_ws/install/tutorial/lib/python3.10/site-packages:${PYTHONPATH} /usr/bin/python3 setup.py develop --editable --build-directory /home/pi/wk2/ros2_ws/build/tutorial/build --no-deps install_data
[5.074s] running develop
[5.075s] /usr/lib/python3/dist-packages/setuptools/command/easy_install.py:158: EasyInstallDeprecationWarning: easy_install command is deprecated. Use build and pip and other standards-based tools.
[5.076s]   warnings.warn(
[5.081s] /usr/lib/python3/dist-packages/setuptools/command/install.py:34: SetuptoolsDeprecationWarning: setup.py install is deprecated. Use build and pip and other standards-based tools.
[5.082s]   warnings.warn(
[5.335s] /usr/lib/python3/dist-packages/pkg_resources/__init__.py:116: PkgResourcesDeprecationWarning: 1.16.0-unknown is an invalid version and will not be supported in a future release
[5.336s]   warnings.warn(
[5.338s] /usr/lib/python3/dist-packages/pkg_resources/__init__.py:116: PkgResourcesDeprecationWarning: 1.1build1 is an invalid version and will not be supported in a future release
[5.339s]   warnings.warn(
[5.340s] /usr/lib/python3/dist-packages/pkg_resources/__init__.py:116: PkgResourcesDeprecationWarning: 0.1.43ubuntu1 is an invalid version and will not be supported in a future release
[5.340s]   warnings.warn(
[5.810s] running egg_info
[5.812s] writing tutorial.egg-info/PKG-INFO
[5.813s] writing dependency_links to tutorial.egg-info/dependency_links.txt
[5.814s] writing entry points to tutorial.egg-info/entry_points.txt
[5.815s] writing requirements to tutorial.egg-info/requires.txt
[5.816s] writing top-level names to tutorial.egg-info/top_level.txt
[5.823s] reading manifest file 'tutorial.egg-info/SOURCES.txt'
[5.825s] writing manifest file 'tutorial.egg-info/SOURCES.txt'
[5.832s] running build_ext
[5.833s] Creating /home/pi/wk2/ros2_ws/install/tutorial/lib/python3.10/site-packages/tutorial.egg-link (link to .)
[5.838s] Installing listener script to /home/pi/wk2/ros2_ws/install/tutorial/lib/tutorial
[5.839s] Installing talker script to /home/pi/wk2/ros2_ws/install/tutorial/lib/tutorial
[5.841s] 
[5.843s] Installed /home/pi/wk2/ros2_ws/build/tutorial
[5.844s] running install_data
[6.055s] Invoked command in '/home/pi/wk2/ros2_ws/build/tutorial' returned '0': PYTHONPATH=/home/pi/wk2/ros2_ws/build/tutorial/prefix_override:/home/pi/wk2/ros2_ws/install/tutorial/lib/python3.10/site-packages:${PYTHONPATH} /usr/bin/python3 setup.py develop --editable --build-directory /home/pi/wk2/ros2_ws/build/tutorial/build --no-deps install_data
