running develop
/usr/lib/python3/dist-packages/setuptools/command/easy_install.py:158: EasyInstallDeprecationWarning: easy_install command is deprecated. Use build and pip and other standards-based tools.
  warnings.warn(
/usr/lib/python3/dist-packages/setuptools/command/install.py:34: SetuptoolsDeprecationWarning: setup.py install is deprecated. Use build and pip and other standards-based tools.
  warnings.warn(
/usr/lib/python3/dist-packages/pkg_resources/__init__.py:116: PkgResourcesDeprecationWarning: 1.16.0-unknown is an invalid version and will not be supported in a future release
  warnings.warn(
/usr/lib/python3/dist-packages/pkg_resources/__init__.py:116: PkgResourcesDeprecationWarning: 1.1build1 is an invalid version and will not be supported in a future release
  warnings.warn(
/usr/lib/python3/dist-packages/pkg_resources/__init__.py:116: PkgResourcesDeprecationWarning: 0.1.43ubuntu1 is an invalid version and will not be supported in a future release
  warnings.warn(
Removing /home/pi/wk2/ros2_ws/install/ros2_brickpi3/lib/python3.10/site-packages/ros2-brickpi3.egg-link (link to .)
running egg_info
writing ../../build/ros2_brickpi3/ros2_brickpi3.egg-info/PKG-INFO
writing dependency_links to ../../build/ros2_brickpi3/ros2_brickpi3.egg-info/dependency_links.txt
writing entry points to ../../build/ros2_brickpi3/ros2_brickpi3.egg-info/entry_points.txt
writing requirements to ../../build/ros2_brickpi3/ros2_brickpi3.egg-info/requires.txt
writing top-level names to ../../build/ros2_brickpi3/ros2_brickpi3.egg-info/top_level.txt
reading manifest file '../../build/ros2_brickpi3/ros2_brickpi3.egg-info/SOURCES.txt'
adding license file 'LICENSE'
writing manifest file '../../build/ros2_brickpi3/ros2_brickpi3.egg-info/SOURCES.txt'
running build
running build_py
copying ros2_brickpi3/ultrasonic.py -> /home/pi/wk2/ros2_ws/build/ros2_brickpi3/build/lib/ros2_brickpi3
copying ros2_brickpi3/killall.py -> /home/pi/wk2/ros2_ws/build/ros2_brickpi3/build/lib/ros2_brickpi3
copying ros2_brickpi3/gyro.py -> /home/pi/wk2/ros2_ws/build/ros2_brickpi3/build/lib/ros2_brickpi3
copying ros2_brickpi3/motor.py -> /home/pi/wk2/ros2_ws/build/ros2_brickpi3/build/lib/ros2_brickpi3
copying ros2_brickpi3/touch.py -> /home/pi/wk2/ros2_ws/build/ros2_brickpi3/build/lib/ros2_brickpi3
copying ros2_brickpi3/color.py -> /home/pi/wk2/ros2_ws/build/ros2_brickpi3/build/lib/ros2_brickpi3
copying ros2_brickpi3/__init__.py -> /home/pi/wk2/ros2_ws/build/ros2_brickpi3/build/lib/ros2_brickpi3
copying ros2_brickpi3/drive.py -> /home/pi/wk2/ros2_ws/build/ros2_brickpi3/build/lib/ros2_brickpi3
running install
/usr/lib/python3/dist-packages/setuptools/command/install.py:34: SetuptoolsDeprecationWarning: setup.py install is deprecated. Use build and pip and other standards-based tools.
  warnings.warn(
running install_lib
copying /home/pi/wk2/ros2_ws/build/ros2_brickpi3/build/lib/ros2_brickpi3/ultrasonic.py -> /home/pi/wk2/ros2_ws/install/ros2_brickpi3/lib/python3.10/site-packages/ros2_brickpi3
copying /home/pi/wk2/ros2_ws/build/ros2_brickpi3/build/lib/ros2_brickpi3/killall.py -> /home/pi/wk2/ros2_ws/install/ros2_brickpi3/lib/python3.10/site-packages/ros2_brickpi3
copying /home/pi/wk2/ros2_ws/build/ros2_brickpi3/build/lib/ros2_brickpi3/gyro.py -> /home/pi/wk2/ros2_ws/install/ros2_brickpi3/lib/python3.10/site-packages/ros2_brickpi3
copying /home/pi/wk2/ros2_ws/build/ros2_brickpi3/build/lib/ros2_brickpi3/motor.py -> /home/pi/wk2/ros2_ws/install/ros2_brickpi3/lib/python3.10/site-packages/ros2_brickpi3
copying /home/pi/wk2/ros2_ws/build/ros2_brickpi3/build/lib/ros2_brickpi3/touch.py -> /home/pi/wk2/ros2_ws/install/ros2_brickpi3/lib/python3.10/site-packages/ros2_brickpi3
copying /home/pi/wk2/ros2_ws/build/ros2_brickpi3/build/lib/ros2_brickpi3/color.py -> /home/pi/wk2/ros2_ws/install/ros2_brickpi3/lib/python3.10/site-packages/ros2_brickpi3
copying /home/pi/wk2/ros2_ws/build/ros2_brickpi3/build/lib/ros2_brickpi3/__init__.py -> /home/pi/wk2/ros2_ws/install/ros2_brickpi3/lib/python3.10/site-packages/ros2_brickpi3
copying /home/pi/wk2/ros2_ws/build/ros2_brickpi3/build/lib/ros2_brickpi3/drive.py -> /home/pi/wk2/ros2_ws/install/ros2_brickpi3/lib/python3.10/site-packages/ros2_brickpi3
byte-compiling /home/pi/wk2/ros2_ws/install/ros2_brickpi3/lib/python3.10/site-packages/ros2_brickpi3/ultrasonic.py to ultrasonic.cpython-310.pyc
byte-compiling /home/pi/wk2/ros2_ws/install/ros2_brickpi3/lib/python3.10/site-packages/ros2_brickpi3/killall.py to killall.cpython-310.pyc
byte-compiling /home/pi/wk2/ros2_ws/install/ros2_brickpi3/lib/python3.10/site-packages/ros2_brickpi3/gyro.py to gyro.cpython-310.pyc
byte-compiling /home/pi/wk2/ros2_ws/install/ros2_brickpi3/lib/python3.10/site-packages/ros2_brickpi3/motor.py to motor.cpython-310.pyc
byte-compiling /home/pi/wk2/ros2_ws/install/ros2_brickpi3/lib/python3.10/site-packages/ros2_brickpi3/touch.py to touch.cpython-310.pyc
byte-compiling /home/pi/wk2/ros2_ws/install/ros2_brickpi3/lib/python3.10/site-packages/ros2_brickpi3/color.py to color.cpython-310.pyc
byte-compiling /home/pi/wk2/ros2_ws/install/ros2_brickpi3/lib/python3.10/site-packages/ros2_brickpi3/__init__.py to __init__.cpython-310.pyc
byte-compiling /home/pi/wk2/ros2_ws/install/ros2_brickpi3/lib/python3.10/site-packages/ros2_brickpi3/drive.py to drive.cpython-310.pyc
running install_data
running install_egg_info
Copying ../../build/ros2_brickpi3/ros2_brickpi3.egg-info to /home/pi/wk2/ros2_ws/install/ros2_brickpi3/lib/python3.10/site-packages/ros2_brickpi3-0.0.1-py3.10.egg-info
running install_scripts
Installing color script to /home/pi/wk2/ros2_ws/install/ros2_brickpi3/lib/ros2_brickpi3
Installing drive script to /home/pi/wk2/ros2_ws/install/ros2_brickpi3/lib/ros2_brickpi3
Installing gyro script to /home/pi/wk2/ros2_ws/install/ros2_brickpi3/lib/ros2_brickpi3
Installing motor script to /home/pi/wk2/ros2_ws/install/ros2_brickpi3/lib/ros2_brickpi3
Installing touch script to /home/pi/wk2/ros2_ws/install/ros2_brickpi3/lib/ros2_brickpi3
Installing ultrasonic script to /home/pi/wk2/ros2_ws/install/ros2_brickpi3/lib/ros2_brickpi3
writing list of installed files to '/home/pi/wk2/ros2_ws/build/ros2_brickpi3/install.log'
