[5.347s] Invoking command in '/home/pi/wk2/ros2_ws/build/ros2_brickpi3': PYTHONPATH=/home/pi/wk2/ros2_ws/build/ros2_brickpi3/prefix_override:/home/pi/wk2/ros2_ws/install/ros2_brickpi3/lib/python3.10/site-packages:${PYTHONPATH} /usr/bin/python3 setup.py develop --uninstall --editable --build-directory /home/pi/wk2/ros2_ws/build/ros2_brickpi3/build
[6.710s] running develop
[6.711s] /usr/lib/python3/dist-packages/setuptools/command/easy_install.py:158: EasyInstallDeprecationWarning: easy_install command is deprecated. Use build and pip and other standards-based tools.
[6.711s]   warnings.warn(
[6.716s] /usr/lib/python3/dist-packages/setuptools/command/install.py:34: SetuptoolsDeprecationWarning: setup.py install is deprecated. Use build and pip and other standards-based tools.
[6.716s]   warnings.warn(
[7.018s] /usr/lib/python3/dist-packages/pkg_resources/__init__.py:116: PkgResourcesDeprecationWarning: 1.16.0-unknown is an invalid version and will not be supported in a future release
[7.019s]   warnings.warn(
[7.019s] /usr/lib/python3/dist-packages/pkg_resources/__init__.py:116: PkgResourcesDeprecationWarning: 1.1build1 is an invalid version and will not be supported in a future release
[7.020s]   warnings.warn(
[7.021s] /usr/lib/python3/dist-packages/pkg_resources/__init__.py:116: PkgResourcesDeprecationWarning: 0.1.43ubuntu1 is an invalid version and will not be supported in a future release
[7.021s]   warnings.warn(
[7.572s] Removing /home/pi/wk2/ros2_ws/install/ros2_brickpi3/lib/python3.10/site-packages/ros2-brickpi3.egg-link (link to .)
[7.858s] Invoked command in '/home/pi/wk2/ros2_ws/build/ros2_brickpi3' returned '0': PYTHONPATH=/home/pi/wk2/ros2_ws/build/ros2_brickpi3/prefix_override:/home/pi/wk2/ros2_ws/install/ros2_brickpi3/lib/python3.10/site-packages:${PYTHONPATH} /usr/bin/python3 setup.py develop --uninstall --editable --build-directory /home/pi/wk2/ros2_ws/build/ros2_brickpi3/build
[7.870s] Invoking command in '/home/pi/wk2/ros2_ws/src/ros2_brickpi3': PYTHONPATH=/home/pi/wk2/ros2_ws/build/ros2_brickpi3/prefix_override:/home/pi/wk2/ros2_ws/install/ros2_brickpi3/lib/python3.10/site-packages:${PYTHONPATH} /usr/bin/python3 setup.py egg_info --egg-base ../../build/ros2_brickpi3 build --build-base /home/pi/wk2/ros2_ws/build/ros2_brickpi3/build install --record /home/pi/wk2/ros2_ws/build/ros2_brickpi3/install.log --single-version-externally-managed
[9.129s] running egg_info
[9.133s] writing ../../build/ros2_brickpi3/ros2_brickpi3.egg-info/PKG-INFO
[9.134s] writing dependency_links to ../../build/ros2_brickpi3/ros2_brickpi3.egg-info/dependency_links.txt
[9.135s] writing entry points to ../../build/ros2_brickpi3/ros2_brickpi3.egg-info/entry_points.txt
[9.137s] writing requirements to ../../build/ros2_brickpi3/ros2_brickpi3.egg-info/requires.txt
[9.138s] writing top-level names to ../../build/ros2_brickpi3/ros2_brickpi3.egg-info/top_level.txt
[9.150s] reading manifest file '../../build/ros2_brickpi3/ros2_brickpi3.egg-info/SOURCES.txt'
[9.152s] adding license file 'LICENSE'
[9.156s] writing manifest file '../../build/ros2_brickpi3/ros2_brickpi3.egg-info/SOURCES.txt'
[9.157s] running build
[9.157s] running build_py
[9.162s] copying ros2_brickpi3/ultrasonic.py -> /home/pi/wk2/ros2_ws/build/ros2_brickpi3/build/lib/ros2_brickpi3
[9.165s] copying ros2_brickpi3/killall.py -> /home/pi/wk2/ros2_ws/build/ros2_brickpi3/build/lib/ros2_brickpi3
[9.168s] copying ros2_brickpi3/gyro.py -> /home/pi/wk2/ros2_ws/build/ros2_brickpi3/build/lib/ros2_brickpi3
[9.172s] copying ros2_brickpi3/motor.py -> /home/pi/wk2/ros2_ws/build/ros2_brickpi3/build/lib/ros2_brickpi3
[9.173s] copying ros2_brickpi3/touch.py -> /home/pi/wk2/ros2_ws/build/ros2_brickpi3/build/lib/ros2_brickpi3
[9.174s] copying ros2_brickpi3/color.py -> /home/pi/wk2/ros2_ws/build/ros2_brickpi3/build/lib/ros2_brickpi3
[9.178s] copying ros2_brickpi3/__init__.py -> /home/pi/wk2/ros2_ws/build/ros2_brickpi3/build/lib/ros2_brickpi3
[9.179s] copying ros2_brickpi3/drive.py -> /home/pi/wk2/ros2_ws/build/ros2_brickpi3/build/lib/ros2_brickpi3
[9.183s] running install
[9.185s] /usr/lib/python3/dist-packages/setuptools/command/install.py:34: SetuptoolsDeprecationWarning: setup.py install is deprecated. Use build and pip and other standards-based tools.
[9.185s]   warnings.warn(
[9.188s] running install_lib
[9.189s] copying /home/pi/wk2/ros2_ws/build/ros2_brickpi3/build/lib/ros2_brickpi3/ultrasonic.py -> /home/pi/wk2/ros2_ws/install/ros2_brickpi3/lib/python3.10/site-packages/ros2_brickpi3
[9.190s] copying /home/pi/wk2/ros2_ws/build/ros2_brickpi3/build/lib/ros2_brickpi3/killall.py -> /home/pi/wk2/ros2_ws/install/ros2_brickpi3/lib/python3.10/site-packages/ros2_brickpi3
[9.192s] copying /home/pi/wk2/ros2_ws/build/ros2_brickpi3/build/lib/ros2_brickpi3/gyro.py -> /home/pi/wk2/ros2_ws/install/ros2_brickpi3/lib/python3.10/site-packages/ros2_brickpi3
[9.193s] copying /home/pi/wk2/ros2_ws/build/ros2_brickpi3/build/lib/ros2_brickpi3/motor.py -> /home/pi/wk2/ros2_ws/install/ros2_brickpi3/lib/python3.10/site-packages/ros2_brickpi3
[9.195s] copying /home/pi/wk2/ros2_ws/build/ros2_brickpi3/build/lib/ros2_brickpi3/touch.py -> /home/pi/wk2/ros2_ws/install/ros2_brickpi3/lib/python3.10/site-packages/ros2_brickpi3
[9.196s] copying /home/pi/wk2/ros2_ws/build/ros2_brickpi3/build/lib/ros2_brickpi3/color.py -> /home/pi/wk2/ros2_ws/install/ros2_brickpi3/lib/python3.10/site-packages/ros2_brickpi3
[9.197s] copying /home/pi/wk2/ros2_ws/build/ros2_brickpi3/build/lib/ros2_brickpi3/__init__.py -> /home/pi/wk2/ros2_ws/install/ros2_brickpi3/lib/python3.10/site-packages/ros2_brickpi3
[9.199s] copying /home/pi/wk2/ros2_ws/build/ros2_brickpi3/build/lib/ros2_brickpi3/drive.py -> /home/pi/wk2/ros2_ws/install/ros2_brickpi3/lib/python3.10/site-packages/ros2_brickpi3
[9.204s] byte-compiling /home/pi/wk2/ros2_ws/install/ros2_brickpi3/lib/python3.10/site-packages/ros2_brickpi3/ultrasonic.py to ultrasonic.cpython-310.pyc
[9.207s] byte-compiling /home/pi/wk2/ros2_ws/install/ros2_brickpi3/lib/python3.10/site-packages/ros2_brickpi3/killall.py to killall.cpython-310.pyc
[9.207s] byte-compiling /home/pi/wk2/ros2_ws/install/ros2_brickpi3/lib/python3.10/site-packages/ros2_brickpi3/gyro.py to gyro.cpython-310.pyc
[9.214s] byte-compiling /home/pi/wk2/ros2_ws/install/ros2_brickpi3/lib/python3.10/site-packages/ros2_brickpi3/motor.py to motor.cpython-310.pyc
[9.219s] byte-compiling /home/pi/wk2/ros2_ws/install/ros2_brickpi3/lib/python3.10/site-packages/ros2_brickpi3/touch.py to touch.cpython-310.pyc
[9.221s] byte-compiling /home/pi/wk2/ros2_ws/install/ros2_brickpi3/lib/python3.10/site-packages/ros2_brickpi3/color.py to color.cpython-310.pyc
[9.225s] byte-compiling /home/pi/wk2/ros2_ws/install/ros2_brickpi3/lib/python3.10/site-packages/ros2_brickpi3/__init__.py to __init__.cpython-310.pyc
[9.228s] byte-compiling /home/pi/wk2/ros2_ws/install/ros2_brickpi3/lib/python3.10/site-packages/ros2_brickpi3/drive.py to drive.cpython-310.pyc
[9.231s] running install_data
[9.234s] running install_egg_info
[9.244s] Copying ../../build/ros2_brickpi3/ros2_brickpi3.egg-info to /home/pi/wk2/ros2_ws/install/ros2_brickpi3/lib/python3.10/site-packages/ros2_brickpi3-0.0.1-py3.10.egg-info
[9.256s] running install_scripts
[9.373s] Installing color script to /home/pi/wk2/ros2_ws/install/ros2_brickpi3/lib/ros2_brickpi3
[9.376s] Installing drive script to /home/pi/wk2/ros2_ws/install/ros2_brickpi3/lib/ros2_brickpi3
[9.378s] Installing gyro script to /home/pi/wk2/ros2_ws/install/ros2_brickpi3/lib/ros2_brickpi3
[9.380s] Installing motor script to /home/pi/wk2/ros2_ws/install/ros2_brickpi3/lib/ros2_brickpi3
[9.382s] Installing touch script to /home/pi/wk2/ros2_ws/install/ros2_brickpi3/lib/ros2_brickpi3
[9.384s] Installing ultrasonic script to /home/pi/wk2/ros2_ws/install/ros2_brickpi3/lib/ros2_brickpi3
[9.388s] writing list of installed files to '/home/pi/wk2/ros2_ws/build/ros2_brickpi3/install.log'
[9.700s] Invoked command in '/home/pi/wk2/ros2_ws/src/ros2_brickpi3' returned '0': PYTHONPATH=/home/pi/wk2/ros2_ws/build/ros2_brickpi3/prefix_override:/home/pi/wk2/ros2_ws/install/ros2_brickpi3/lib/python3.10/site-packages:${PYTHONPATH} /usr/bin/python3 setup.py egg_info --egg-base ../../build/ros2_brickpi3 build --build-base /home/pi/wk2/ros2_ws/build/ros2_brickpi3/build install --record /home/pi/wk2/ros2_ws/build/ros2_brickpi3/install.log --single-version-externally-managed
