[6.682s] Invoking command in '/home/pi/wk2/ros2_ws/build/my_package': PYTHONPATH=/home/pi/wk2/ros2_ws/build/my_package/prefix_override:/home/pi/wk2/ros2_ws/install/my_package/lib/python3.10/site-packages:${PYTHONPATH} /usr/bin/python3 setup.py develop --editable --build-directory /home/pi/wk2/ros2_ws/build/my_package/build --no-deps install_data
[8.036s] running develop
[8.041s] /usr/lib/python3/dist-packages/setuptools/command/easy_install.py:158: EasyInstallDeprecationWarning: easy_install command is deprecated. Use build and pip and other standards-based tools.
[8.041s]   warnings.warn(
[8.051s] /usr/lib/python3/dist-packages/setuptools/command/install.py:34: SetuptoolsDeprecationWarning: setup.py install is deprecated. Use build and pip and other standards-based tools.
[8.052s]   warnings.warn(
[8.354s] /usr/lib/python3/dist-packages/pkg_resources/__init__.py:116: PkgResourcesDeprecationWarning: 1.16.0-unknown is an invalid version and will not be supported in a future release
[8.357s]   warnings.warn(
[8.364s] /usr/lib/python3/dist-packages/pkg_resources/__init__.py:116: PkgResourcesDeprecationWarning: 1.1build1 is an invalid version and will not be supported in a future release
[8.365s]   warnings.warn(
[8.367s] /usr/lib/python3/dist-packages/pkg_resources/__init__.py:116: PkgResourcesDeprecationWarning: 0.1.43ubuntu1 is an invalid version and will not be supported in a future release
[8.367s]   warnings.warn(
[8.905s] running egg_info
[8.907s] writing my_package.egg-info/PKG-INFO
[8.912s] writing dependency_links to my_package.egg-info/dependency_links.txt
[8.913s] writing entry points to my_package.egg-info/entry_points.txt
[8.913s] writing requirements to my_package.egg-info/requires.txt
[8.917s] writing top-level names to my_package.egg-info/top_level.txt
[8.921s] reading manifest file 'my_package.egg-info/SOURCES.txt'
[8.927s] writing manifest file 'my_package.egg-info/SOURCES.txt'
[8.943s] running build_ext
[8.971s] Creating /home/pi/wk2/ros2_ws/install/my_package/lib/python3.10/site-packages/my-package.egg-link (link to .)
[8.992s] Installing chatter script to /home/pi/wk2/ros2_ws/install/my_package/lib/my_package
[9.016s] Installing my_node script to /home/pi/wk2/ros2_ws/install/my_package/lib/my_package
[9.028s] 
[9.035s] Installed /home/pi/wk2/ros2_ws/build/my_package
[9.038s] running install_data
[9.410s] Invoked command in '/home/pi/wk2/ros2_ws/build/my_package' returned '0': PYTHONPATH=/home/pi/wk2/ros2_ws/build/my_package/prefix_override:/home/pi/wk2/ros2_ws/install/my_package/lib/python3.10/site-packages:${PYTHONPATH} /usr/bin/python3 setup.py develop --editable --build-directory /home/pi/wk2/ros2_ws/build/my_package/build --no-deps install_data
