[7.103s] Invoking command in '/home/pi/wk2/ros2_ws/build/ros2_aruco': PYTHONPATH=/home/pi/wk2/ros2_ws/build/ros2_aruco/prefix_override:/home/pi/wk2/ros2_ws/install/ros2_aruco/lib/python3.10/site-packages:${PYTHONPATH} /usr/bin/python3 setup.py develop --editable --build-directory /home/pi/wk2/ros2_ws/build/ros2_aruco/build --no-deps install_data
[8.724s] running develop
[8.732s] /usr/lib/python3/dist-packages/setuptools/command/easy_install.py:158: EasyInstallDeprecationWarning: easy_install command is deprecated. Use build and pip and other standards-based tools.
[8.733s]   warnings.warn(
[8.747s] /usr/lib/python3/dist-packages/setuptools/command/install.py:34: SetuptoolsDeprecationWarning: setup.py install is deprecated. Use build and pip and other standards-based tools.
[8.748s]   warnings.warn(
[9.130s] /usr/lib/python3/dist-packages/pkg_resources/__init__.py:116: PkgResourcesDeprecationWarning: 1.16.0-unknown is an invalid version and will not be supported in a future release
[9.130s]   warnings.warn(
[9.134s] /usr/lib/python3/dist-packages/pkg_resources/__init__.py:116: PkgResourcesDeprecationWarning: 1.1build1 is an invalid version and will not be supported in a future release
[9.136s]   warnings.warn(
[9.137s] /usr/lib/python3/dist-packages/pkg_resources/__init__.py:116: PkgResourcesDeprecationWarning: 0.1.43ubuntu1 is an invalid version and will not be supported in a future release
[9.138s]   warnings.warn(
[9.788s] running egg_info
[9.790s] writing ros2_aruco.egg-info/PKG-INFO
[9.791s] writing dependency_links to ros2_aruco.egg-info/dependency_links.txt
[9.794s] writing entry points to ros2_aruco.egg-info/entry_points.txt
[9.794s] writing requirements to ros2_aruco.egg-info/requires.txt
[9.796s] writing top-level names to ros2_aruco.egg-info/top_level.txt
[9.806s] reading manifest file 'ros2_aruco.egg-info/SOURCES.txt'
[9.811s] writing manifest file 'ros2_aruco.egg-info/SOURCES.txt'
[9.823s] running build_ext
[9.840s] Creating /home/pi/wk2/ros2_ws/install/ros2_aruco/lib/python3.10/site-packages/ros2-aruco.egg-link (link to .)
[9.855s] Installing aruco_generate_marker script to /home/pi/wk2/ros2_ws/install/ros2_aruco/lib/ros2_aruco
[9.860s] Installing aruco_node script to /home/pi/wk2/ros2_ws/install/ros2_aruco/lib/ros2_aruco
[9.865s] 
[9.871s] Installed /home/pi/wk2/ros2_ws/build/ros2_aruco
[9.872s] running install_data
[10.238s] Invoked command in '/home/pi/wk2/ros2_ws/build/ros2_aruco' returned '0': PYTHONPATH=/home/pi/wk2/ros2_ws/build/ros2_aruco/prefix_override:/home/pi/wk2/ros2_ws/install/ros2_aruco/lib/python3.10/site-packages:${PYTHONPATH} /usr/bin/python3 setup.py develop --editable --build-directory /home/pi/wk2/ros2_ws/build/ros2_aruco/build --no-deps install_data
