[5.842s] Invoking command in '/home/pi/wk2/ros2_ws/build/my_package': PYTHONPATH=/home/pi/wk2/ros2_ws/build/my_package/prefix_override:/home/pi/wk2/ros2_ws/install/my_package/lib/python3.10/site-packages:${PYTHONPATH} /usr/bin/python3 setup.py develop --editable --build-directory /home/pi/wk2/ros2_ws/build/my_package/build --no-deps install_data
[7.190s] running develop
[7.195s] /usr/lib/python3/dist-packages/setuptools/command/easy_install.py:158: EasyInstallDeprecationWarning: easy_install command is deprecated. Use build and pip and other standards-based tools.
[7.195s]   warnings.warn(
[7.201s] /usr/lib/python3/dist-packages/setuptools/command/install.py:34: SetuptoolsDeprecationWarning: setup.py install is deprecated. Use build and pip and other standards-based tools.
[7.202s]   warnings.warn(
[7.546s] /usr/lib/python3/dist-packages/pkg_resources/__init__.py:116: PkgResourcesDeprecationWarning: 1.16.0-unknown is an invalid version and will not be supported in a future release
[7.547s]   warnings.warn(
[7.548s] /usr/lib/python3/dist-packages/pkg_resources/__init__.py:116: PkgResourcesDeprecationWarning: 1.1build1 is an invalid version and will not be supported in a future release
[7.549s]   warnings.warn(
[7.551s] /usr/lib/python3/dist-packages/pkg_resources/__init__.py:116: PkgResourcesDeprecationWarning: 0.1.43ubuntu1 is an invalid version and will not be supported in a future release
[7.552s]   warnings.warn(
[8.235s] running egg_info
[8.238s] writing my_package.egg-info/PKG-INFO
[8.239s] writing dependency_links to my_package.egg-info/dependency_links.txt
[8.241s] writing entry points to my_package.egg-info/entry_points.txt
[8.242s] writing requirements to my_package.egg-info/requires.txt
[8.243s] writing top-level names to my_package.egg-info/top_level.txt
[8.261s] reading manifest file 'my_package.egg-info/SOURCES.txt'
[8.268s] writing manifest file 'my_package.egg-info/SOURCES.txt'
[8.281s] running build_ext
[8.282s] Creating /home/pi/wk2/ros2_ws/install/my_package/lib/python3.10/site-packages/my-package.egg-link (link to .)
[8.295s] Installing color script to /home/pi/wk2/ros2_ws/install/my_package/lib/my_package
[8.296s] Installing drive script to /home/pi/wk2/ros2_ws/install/my_package/lib/my_package
[8.299s] Installing gyro script to /home/pi/wk2/ros2_ws/install/my_package/lib/my_package
[8.301s] Installing motor script to /home/pi/wk2/ros2_ws/install/my_package/lib/my_package
[8.304s] Installing my_node script to /home/pi/wk2/ros2_ws/install/my_package/lib/my_package
[8.305s] Installing touch script to /home/pi/wk2/ros2_ws/install/my_package/lib/my_package
[8.309s] Installing ultrasonic script to /home/pi/wk2/ros2_ws/install/my_package/lib/my_package
[8.311s] 
[8.312s] Installed /home/pi/wk2/ros2_ws/build/my_package
[8.314s] running install_data
[8.937s] Invoked command in '/home/pi/wk2/ros2_ws/build/my_package' returned '0': PYTHONPATH=/home/pi/wk2/ros2_ws/build/my_package/prefix_override:/home/pi/wk2/ros2_ws/install/my_package/lib/python3.10/site-packages:${PYTHONPATH} /usr/bin/python3 setup.py develop --editable --build-directory /home/pi/wk2/ros2_ws/build/my_package/build --no-deps install_data
