[0.189s] Invoking command in '/home/pi/wk2/ros2_ws/build/ros2_aruco_interfaces': CMAKE_PREFIX_PATH=/home/pi/wk2/ros2_ws/install/tutorial:/home/pi/wk2/ros2_ws/install/ros2_brickpi3:/home/pi/wk2/ros2_ws/install/ros2_aruco:/home/pi/wk2/ros2_ws/install/py_srvcli:/home/pi/wk2/ros2_ws/install/path_finder:/opt/ros/humble /usr/bin/cmake /home/pi/wk2/ros2_ws/src/ros2_aruco/ros2_aruco_interfaces -DCMAKE_INSTALL_PREFIX=/home/pi/wk2/ros2_ws/install/ros2_aruco_interfaces
[3.127s] -- Found ament_cmake: 1.3.4 (/opt/ros/humble/share/ament_cmake/cmake)
[3.128s] -- Override CMake install command with custom implementation using symlinks instead of copying resources
[3.128s] -- Found geometry_msgs: 4.2.3 (/opt/ros/humble/share/geometry_msgs/cmake)
[3.129s] -- Found rosidl_generator_c: 3.1.4 (/opt/ros/humble/share/rosidl_generator_c/cmake)
[3.129s] -- Found rosidl_adapter: 3.1.4 (/opt/ros/humble/share/rosidl_adapter/cmake)
[3.129s] -- Found rosidl_generator_cpp: 3.1.4 (/opt/ros/humble/share/rosidl_generator_cpp/cmake)
[3.130s] -- Using all available rosidl_typesupport_c: rosidl_typesupport_fastrtps_c;rosidl_typesupport_introspection_c
[3.130s] -- Using all available rosidl_typesupport_cpp: rosidl_typesupport_fastrtps_cpp;rosidl_typesupport_introspection_cpp
[3.131s] -- Found rosidl_default_generators: 1.2.0 (/opt/ros/humble/share/rosidl_default_generators/cmake)
[3.682s] -- Found ament_cmake_ros: 0.10.0 (/opt/ros/humble/share/ament_cmake_ros/cmake)
[6.469s] -- Using all available rosidl_typesupport_c: rosidl_typesupport_fastrtps_c;rosidl_typesupport_introspection_c
[8.283s] -- Using all available rosidl_typesupport_cpp: rosidl_typesupport_fastrtps_cpp;rosidl_typesupport_introspection_cpp
[8.449s] -- Found python_cmake_module: 0.10.0 (/opt/ros/humble/share/python_cmake_module/cmake)
[8.632s] -- Using PYTHON_EXECUTABLE: /usr/bin/python3
[8.637s] -- Using PYTHON_INCLUDE_DIRS: /usr/include/python3.10
[8.642s] -- Using PYTHON_LIBRARIES: /usr/lib/aarch64-linux-gnu/libpython3.10.so
[9.159s] -- Found ament_lint_auto: 0.12.6 (/opt/ros/humble/share/ament_lint_auto/cmake)
[9.290s] -- Added test 'copyright' to check source files copyright and LICENSE
[9.304s] -- Added test 'lint_cmake' to check CMake code style
[9.314s] -- Added test 'xmllint' to check XML markup files
[9.361s] -- Configuring done
[9.707s] -- Generating done
[9.741s] -- Build files have been written to: /home/pi/wk2/ros2_ws/build/ros2_aruco_interfaces
[9.783s] Invoked command in '/home/pi/wk2/ros2_ws/build/ros2_aruco_interfaces' returned '0': CMAKE_PREFIX_PATH=/home/pi/wk2/ros2_ws/install/tutorial:/home/pi/wk2/ros2_ws/install/ros2_brickpi3:/home/pi/wk2/ros2_ws/install/ros2_aruco:/home/pi/wk2/ros2_ws/install/py_srvcli:/home/pi/wk2/ros2_ws/install/path_finder:/opt/ros/humble /usr/bin/cmake /home/pi/wk2/ros2_ws/src/ros2_aruco/ros2_aruco_interfaces -DCMAKE_INSTALL_PREFIX=/home/pi/wk2/ros2_ws/install/ros2_aruco_interfaces
[9.785s] Invoking command in '/home/pi/wk2/ros2_ws/build/ros2_aruco_interfaces': CMAKE_PREFIX_PATH=/home/pi/wk2/ros2_ws/install/tutorial:/home/pi/wk2/ros2_ws/install/ros2_brickpi3:/home/pi/wk2/ros2_ws/install/ros2_aruco:/home/pi/wk2/ros2_ws/install/py_srvcli:/home/pi/wk2/ros2_ws/install/path_finder:/opt/ros/humble /usr/bin/cmake --build /home/pi/wk2/ros2_ws/build/ros2_aruco_interfaces -- -j4 -l4
[10.092s] [35m[1mConsolidate compiler generated dependencies of target ros2_aruco_interfaces__rosidl_generator_c[0m
[10.254s] [  9%] Built target ros2_aruco_interfaces__cpp
[10.265s] [ 12%] Built target ros2_aruco_interfaces__rosidl_generator_c
[10.302s] [ 12%] Built target ament_cmake_python_symlink_ros2_aruco_interfaces
[10.340s] [35m[1mConsolidate compiler generated dependencies of target ros2_aruco_interfaces__rosidl_typesupport_cpp[0m
[10.373s] [35m[1mConsolidate compiler generated dependencies of target ros2_aruco_interfaces__rosidl_typesupport_fastrtps_cpp[0m
[10.374s] [35m[1mConsolidate compiler generated dependencies of target ros2_aruco_interfaces__rosidl_typesupport_fastrtps_c[0m
[10.397s] [35m[1mConsolidate compiler generated dependencies of target ros2_aruco_interfaces__rosidl_typesupport_introspection_cpp[0m
[10.518s] [ 22%] Built target ros2_aruco_interfaces__rosidl_typesupport_cpp
[10.545s] [ 32%] Built target ros2_aruco_interfaces__rosidl_typesupport_fastrtps_c
[10.547s] [ 41%] Built target ros2_aruco_interfaces__rosidl_typesupport_introspection_cpp
[10.601s] [ 51%] Built target ros2_aruco_interfaces__rosidl_typesupport_fastrtps_cpp
[10.625s] [35m[1mConsolidate compiler generated dependencies of target ros2_aruco_interfaces__rosidl_typesupport_introspection_c[0m
[10.699s] [35m[1mConsolidate compiler generated dependencies of target ros2_aruco_interfaces__rosidl_typesupport_c[0m
[10.861s] [ 70%] Built target ros2_aruco_interfaces__rosidl_typesupport_c
[10.865s] [ 61%] Built target ros2_aruco_interfaces__rosidl_typesupport_introspection_c
[11.137s] [ 70%] Built target ros2_aruco_interfaces
[11.384s] [ 74%] Built target ros2_aruco_interfaces__py
[11.447s] [35m[1mConsolidate compiler generated dependencies of target ros2_aruco_interfaces__rosidl_generator_py[0m
[11.615s] [ 80%] Built target ros2_aruco_interfaces__rosidl_generator_py
[11.761s] [35m[1mConsolidate compiler generated dependencies of target ros2_aruco_interfaces__rosidl_typesupport_fastrtps_c__pyext[0m
[11.809s] [35m[1mConsolidate compiler generated dependencies of target ros2_aruco_interfaces__rosidl_typesupport_c__pyext[0m
[11.832s] [35m[1mConsolidate compiler generated dependencies of target ros2_aruco_interfaces__rosidl_typesupport_introspection_c__pyext[0m
[11.921s] [ 87%] Built target ros2_aruco_interfaces__rosidl_typesupport_fastrtps_c__pyext
[11.984s] [ 93%] Built target ros2_aruco_interfaces__rosidl_typesupport_introspection_c__pyext
[12.056s] [100%] Built target ros2_aruco_interfaces__rosidl_typesupport_c__pyext
[13.040s] running egg_info
[13.044s] writing ros2_aruco_interfaces.egg-info/PKG-INFO
[13.059s] writing dependency_links to ros2_aruco_interfaces.egg-info/dependency_links.txt
[13.063s] writing top-level names to ros2_aruco_interfaces.egg-info/top_level.txt
[13.080s] reading manifest file 'ros2_aruco_interfaces.egg-info/SOURCES.txt'
[13.086s] writing manifest file 'ros2_aruco_interfaces.egg-info/SOURCES.txt'
[13.302s] [100%] Built target ament_cmake_python_build_ros2_aruco_interfaces_egg
[13.469s] Invoked command in '/home/pi/wk2/ros2_ws/build/ros2_aruco_interfaces' returned '0': CMAKE_PREFIX_PATH=/home/pi/wk2/ros2_ws/install/tutorial:/home/pi/wk2/ros2_ws/install/ros2_brickpi3:/home/pi/wk2/ros2_ws/install/ros2_aruco:/home/pi/wk2/ros2_ws/install/py_srvcli:/home/pi/wk2/ros2_ws/install/path_finder:/opt/ros/humble /usr/bin/cmake --build /home/pi/wk2/ros2_ws/build/ros2_aruco_interfaces -- -j4 -l4
[13.970s] Invoking command in '/home/pi/wk2/ros2_ws/build/ros2_aruco_interfaces': CMAKE_PREFIX_PATH=/home/pi/wk2/ros2_ws/install/tutorial:/home/pi/wk2/ros2_ws/install/ros2_brickpi3:/home/pi/wk2/ros2_ws/install/ros2_aruco:/home/pi/wk2/ros2_ws/install/py_srvcli:/home/pi/wk2/ros2_ws/install/path_finder:/opt/ros/humble /usr/bin/cmake --install /home/pi/wk2/ros2_ws/build/ros2_aruco_interfaces
[14.184s] -- Install configuration: ""
[14.194s] -- Execute custom install script
[14.203s] -- Symlinking: /home/pi/wk2/ros2_ws/install/ros2_aruco_interfaces/share/ament_index/resource_index/rosidl_interfaces/ros2_aruco_interfaces
[14.274s] -- Symlinking: /home/pi/wk2/ros2_ws/install/ros2_aruco_interfaces/include/ros2_aruco_interfaces/ros2_aruco_interfaces/msg/aruco_markers.h
[14.338s] -- Symlinking: /home/pi/wk2/ros2_ws/install/ros2_aruco_interfaces/include/ros2_aruco_interfaces/ros2_aruco_interfaces/msg/detail/aruco_markers__functions.h
[14.423s] -- Symlinking: /home/pi/wk2/ros2_ws/install/ros2_aruco_interfaces/include/ros2_aruco_interfaces/ros2_aruco_interfaces/msg/detail/aruco_markers__struct.h
[14.513s] -- Symlinking: /home/pi/wk2/ros2_ws/install/ros2_aruco_interfaces/include/ros2_aruco_interfaces/ros2_aruco_interfaces/msg/detail/aruco_markers__type_support.h
[14.551s] -- Symlinking: /home/pi/wk2/ros2_ws/install/ros2_aruco_interfaces/include/ros2_aruco_interfaces/ros2_aruco_interfaces/msg/rosidl_generator_c__visibility_control.h
[14.605s] -- Symlinking: /home/pi/wk2/ros2_ws/install/ros2_aruco_interfaces/share/ros2_aruco_interfaces/environment/library_path.sh
[14.647s] -- Symlinking: /home/pi/wk2/ros2_ws/install/ros2_aruco_interfaces/share/ros2_aruco_interfaces/environment/library_path.dsv
[14.703s] -- Symlinking: /home/pi/wk2/ros2_ws/install/ros2_aruco_interfaces/include/ros2_aruco_interfaces/ros2_aruco_interfaces/msg/detail/aruco_markers__rosidl_typesupport_fastrtps_c.h
[14.744s] -- Symlinking: /home/pi/wk2/ros2_ws/install/ros2_aruco_interfaces/include/ros2_aruco_interfaces/ros2_aruco_interfaces/msg/rosidl_typesupport_fastrtps_c__visibility_control.h
[14.791s] -- Symlinking: /home/pi/wk2/ros2_ws/install/ros2_aruco_interfaces/include/ros2_aruco_interfaces/ros2_aruco_interfaces/msg/aruco_markers.hpp
[14.827s] -- Symlinking: /home/pi/wk2/ros2_ws/install/ros2_aruco_interfaces/include/ros2_aruco_interfaces/ros2_aruco_interfaces/msg/detail/aruco_markers__builder.hpp
[14.872s] -- Symlinking: /home/pi/wk2/ros2_ws/install/ros2_aruco_interfaces/include/ros2_aruco_interfaces/ros2_aruco_interfaces/msg/detail/aruco_markers__struct.hpp
[15.032s] -- Symlinking: /home/pi/wk2/ros2_ws/install/ros2_aruco_interfaces/include/ros2_aruco_interfaces/ros2_aruco_interfaces/msg/detail/aruco_markers__traits.hpp
[15.195s] -- Symlinking: /home/pi/wk2/ros2_ws/install/ros2_aruco_interfaces/include/ros2_aruco_interfaces/ros2_aruco_interfaces/msg/detail/aruco_markers__rosidl_typesupport_fastrtps_cpp.hpp
[15.285s] -- Symlinking: /home/pi/wk2/ros2_ws/install/ros2_aruco_interfaces/include/ros2_aruco_interfaces/ros2_aruco_interfaces/msg/rosidl_typesupport_fastrtps_cpp__visibility_control.h
[15.368s] -- Symlinking: /home/pi/wk2/ros2_ws/install/ros2_aruco_interfaces/include/ros2_aruco_interfaces/ros2_aruco_interfaces/msg/detail/aruco_markers__rosidl_typesupport_introspection_c.h
[15.452s] -- Symlinking: /home/pi/wk2/ros2_ws/install/ros2_aruco_interfaces/include/ros2_aruco_interfaces/ros2_aruco_interfaces/msg/rosidl_typesupport_introspection_c__visibility_control.h
[15.506s] -- Symlinking: /home/pi/wk2/ros2_ws/install/ros2_aruco_interfaces/include/ros2_aruco_interfaces/ros2_aruco_interfaces/msg/detail/aruco_markers__rosidl_typesupport_introspection_cpp.hpp
[15.576s] -- Symlinking: /home/pi/wk2/ros2_ws/install/ros2_aruco_interfaces/share/ros2_aruco_interfaces/environment/pythonpath.sh
[15.618s] -- Symlinking: /home/pi/wk2/ros2_ws/install/ros2_aruco_interfaces/share/ros2_aruco_interfaces/environment/pythonpath.dsv
[15.684s] -- Symlinking: /home/pi/wk2/ros2_ws/install/ros2_aruco_interfaces/local/lib/python3.10/dist-packages/ros2_aruco_interfaces-0.1.0-py3.10.egg-info/PKG-INFO
[15.731s] -- Symlinking: /home/pi/wk2/ros2_ws/install/ros2_aruco_interfaces/local/lib/python3.10/dist-packages/ros2_aruco_interfaces-0.1.0-py3.10.egg-info/SOURCES.txt
[15.767s] -- Symlinking: /home/pi/wk2/ros2_ws/install/ros2_aruco_interfaces/local/lib/python3.10/dist-packages/ros2_aruco_interfaces-0.1.0-py3.10.egg-info/dependency_links.txt
[15.801s] -- Symlinking: /home/pi/wk2/ros2_ws/install/ros2_aruco_interfaces/local/lib/python3.10/dist-packages/ros2_aruco_interfaces-0.1.0-py3.10.egg-info/top_level.txt
[15.841s] -- Symlinking: /home/pi/wk2/ros2_ws/install/ros2_aruco_interfaces/local/lib/python3.10/dist-packages/ros2_aruco_interfaces/__init__.py
[15.882s] -- Symlinking: /home/pi/wk2/ros2_ws/install/ros2_aruco_interfaces/local/lib/python3.10/dist-packages/ros2_aruco_interfaces/_ros2_aruco_interfaces_s.ep.rosidl_typesupport_c.c
[15.918s] -- Symlinking: /home/pi/wk2/ros2_ws/install/ros2_aruco_interfaces/local/lib/python3.10/dist-packages/ros2_aruco_interfaces/_ros2_aruco_interfaces_s.ep.rosidl_typesupport_fastrtps_c.c
[15.971s] -- Symlinking: /home/pi/wk2/ros2_ws/install/ros2_aruco_interfaces/local/lib/python3.10/dist-packages/ros2_aruco_interfaces/_ros2_aruco_interfaces_s.ep.rosidl_typesupport_introspection_c.c
[16.049s] -- Symlinking: /home/pi/wk2/ros2_ws/install/ros2_aruco_interfaces/local/lib/python3.10/dist-packages/ros2_aruco_interfaces/libros2_aruco_interfaces__rosidl_generator_py.so
[16.093s] -- Symlinking: /home/pi/wk2/ros2_ws/install/ros2_aruco_interfaces/local/lib/python3.10/dist-packages/ros2_aruco_interfaces/msg/__init__.py
[16.151s] -- Symlinking: /home/pi/wk2/ros2_ws/install/ros2_aruco_interfaces/local/lib/python3.10/dist-packages/ros2_aruco_interfaces/msg/_aruco_markers.py
[16.193s] -- Symlinking: /home/pi/wk2/ros2_ws/install/ros2_aruco_interfaces/local/lib/python3.10/dist-packages/ros2_aruco_interfaces/msg/_aruco_markers_s.c
[16.232s] -- Symlinking: /home/pi/wk2/ros2_ws/install/ros2_aruco_interfaces/local/lib/python3.10/dist-packages/ros2_aruco_interfaces/ros2_aruco_interfaces_s__rosidl_typesupport_c.cpython-310-aarch64-linux-gnu.so
[16.278s] -- Symlinking: /home/pi/wk2/ros2_ws/install/ros2_aruco_interfaces/local/lib/python3.10/dist-packages/ros2_aruco_interfaces/ros2_aruco_interfaces_s__rosidl_typesupport_fastrtps_c.cpython-310-aarch64-linux-gnu.so
[16.321s] -- Symlinking: /home/pi/wk2/ros2_ws/install/ros2_aruco_interfaces/local/lib/python3.10/dist-packages/ros2_aruco_interfaces/ros2_aruco_interfaces_s__rosidl_typesupport_introspection_c.cpython-310-aarch64-linux-gnu.so
[16.365s] -- Up-to-date symlink: /home/pi/wk2/ros2_ws/install/ros2_aruco_interfaces/local/lib/python3.10/dist-packages/ros2_aruco_interfaces/ros2_aruco_interfaces_s__rosidl_typesupport_fastrtps_c.cpython-310-aarch64-linux-gnu.so
[16.375s] -- Up-to-date symlink: /home/pi/wk2/ros2_ws/install/ros2_aruco_interfaces/local/lib/python3.10/dist-packages/ros2_aruco_interfaces/ros2_aruco_interfaces_s__rosidl_typesupport_introspection_c.cpython-310-aarch64-linux-gnu.so
[16.380s] -- Up-to-date symlink: /home/pi/wk2/ros2_ws/install/ros2_aruco_interfaces/local/lib/python3.10/dist-packages/ros2_aruco_interfaces/ros2_aruco_interfaces_s__rosidl_typesupport_c.cpython-310-aarch64-linux-gnu.so
[16.389s] -- Symlinking: /home/pi/wk2/ros2_ws/install/ros2_aruco_interfaces/share/ros2_aruco_interfaces/msg/ArucoMarkers.idl
[16.449s] -- Symlinking: /home/pi/wk2/ros2_ws/install/ros2_aruco_interfaces/share/ros2_aruco_interfaces/msg/ArucoMarkers.msg
[16.502s] -- Symlinking: /home/pi/wk2/ros2_ws/install/ros2_aruco_interfaces/share/ament_index/resource_index/package_run_dependencies/ros2_aruco_interfaces
[16.558s] -- Symlinking: /home/pi/wk2/ros2_ws/install/ros2_aruco_interfaces/share/ament_index/resource_index/parent_prefix_path/ros2_aruco_interfaces
[16.601s] -- Symlinking: /home/pi/wk2/ros2_ws/install/ros2_aruco_interfaces/share/ros2_aruco_interfaces/environment/ament_prefix_path.sh
[16.645s] -- Symlinking: /home/pi/wk2/ros2_ws/install/ros2_aruco_interfaces/share/ros2_aruco_interfaces/environment/ament_prefix_path.dsv
[16.700s] -- Symlinking: /home/pi/wk2/ros2_ws/install/ros2_aruco_interfaces/share/ros2_aruco_interfaces/environment/path.sh
[16.745s] -- Symlinking: /home/pi/wk2/ros2_ws/install/ros2_aruco_interfaces/share/ros2_aruco_interfaces/environment/path.dsv
[16.795s] -- Symlinking: /home/pi/wk2/ros2_ws/install/ros2_aruco_interfaces/share/ros2_aruco_interfaces/local_setup.bash
[16.905s] -- Symlinking: /home/pi/wk2/ros2_ws/install/ros2_aruco_interfaces/share/ros2_aruco_interfaces/local_setup.sh
[17.028s] -- Symlinking: /home/pi/wk2/ros2_ws/install/ros2_aruco_interfaces/share/ros2_aruco_interfaces/local_setup.zsh
[17.085s] -- Symlinking: /home/pi/wk2/ros2_ws/install/ros2_aruco_interfaces/share/ros2_aruco_interfaces/local_setup.dsv
[17.162s] -- Symlinking: /home/pi/wk2/ros2_ws/install/ros2_aruco_interfaces/share/ros2_aruco_interfaces/package.dsv
[17.282s] -- Symlinking: /home/pi/wk2/ros2_ws/install/ros2_aruco_interfaces/share/ament_index/resource_index/packages/ros2_aruco_interfaces
[17.355s] -- Symlinking: /home/pi/wk2/ros2_ws/install/ros2_aruco_interfaces/share/ros2_aruco_interfaces/cmake/rosidl_cmake-extras.cmake
[17.410s] -- Symlinking: /home/pi/wk2/ros2_ws/install/ros2_aruco_interfaces/share/ros2_aruco_interfaces/cmake/ament_cmake_export_dependencies-extras.cmake
[17.464s] -- Symlinking: /home/pi/wk2/ros2_ws/install/ros2_aruco_interfaces/share/ros2_aruco_interfaces/cmake/ament_cmake_export_include_directories-extras.cmake
[17.517s] -- Symlinking: /home/pi/wk2/ros2_ws/install/ros2_aruco_interfaces/share/ros2_aruco_interfaces/cmake/ament_cmake_export_libraries-extras.cmake
[17.576s] -- Symlinking: /home/pi/wk2/ros2_ws/install/ros2_aruco_interfaces/share/ros2_aruco_interfaces/cmake/ament_cmake_export_targets-extras.cmake
[17.705s] -- Symlinking: /home/pi/wk2/ros2_ws/install/ros2_aruco_interfaces/share/ros2_aruco_interfaces/cmake/rosidl_cmake_export_typesupport_targets-extras.cmake
[17.858s] -- Symlinking: /home/pi/wk2/ros2_ws/install/ros2_aruco_interfaces/share/ros2_aruco_interfaces/cmake/rosidl_cmake_export_typesupport_libraries-extras.cmake
[17.999s] -- Symlinking: /home/pi/wk2/ros2_ws/install/ros2_aruco_interfaces/share/ros2_aruco_interfaces/cmake/ros2_aruco_interfacesConfig.cmake
[18.093s] -- Symlinking: /home/pi/wk2/ros2_ws/install/ros2_aruco_interfaces/share/ros2_aruco_interfaces/cmake/ros2_aruco_interfacesConfig-version.cmake
[18.186s] -- Symlinking: /home/pi/wk2/ros2_ws/install/ros2_aruco_interfaces/share/ros2_aruco_interfaces/package.xml
[18.309s] -- Installing: /home/pi/wk2/ros2_ws/install/ros2_aruco_interfaces/lib/libros2_aruco_interfaces__rosidl_generator_c.so
[18.317s] -- Set runtime path of "/home/pi/wk2/ros2_ws/install/ros2_aruco_interfaces/lib/libros2_aruco_interfaces__rosidl_generator_c.so" to ""
[18.319s] -- Installing: /home/pi/wk2/ros2_ws/install/ros2_aruco_interfaces/lib/libros2_aruco_interfaces__rosidl_typesupport_fastrtps_c.so
[18.337s] -- Set runtime path of "/home/pi/wk2/ros2_ws/install/ros2_aruco_interfaces/lib/libros2_aruco_interfaces__rosidl_typesupport_fastrtps_c.so" to ""
[18.339s] -- Installing: /home/pi/wk2/ros2_ws/install/ros2_aruco_interfaces/lib/libros2_aruco_interfaces__rosidl_typesupport_fastrtps_cpp.so
[18.345s] -- Set runtime path of "/home/pi/wk2/ros2_ws/install/ros2_aruco_interfaces/lib/libros2_aruco_interfaces__rosidl_typesupport_fastrtps_cpp.so" to ""
[18.346s] -- Installing: /home/pi/wk2/ros2_ws/install/ros2_aruco_interfaces/lib/libros2_aruco_interfaces__rosidl_typesupport_introspection_c.so
[18.400s] -- Set runtime path of "/home/pi/wk2/ros2_ws/install/ros2_aruco_interfaces/lib/libros2_aruco_interfaces__rosidl_typesupport_introspection_c.so" to ""
[18.404s] -- Installing: /home/pi/wk2/ros2_ws/install/ros2_aruco_interfaces/lib/libros2_aruco_interfaces__rosidl_typesupport_c.so
[18.419s] -- Set runtime path of "/home/pi/wk2/ros2_ws/install/ros2_aruco_interfaces/lib/libros2_aruco_interfaces__rosidl_typesupport_c.so" to ""
[18.422s] -- Installing: /home/pi/wk2/ros2_ws/install/ros2_aruco_interfaces/lib/libros2_aruco_interfaces__rosidl_typesupport_introspection_cpp.so
[18.432s] -- Set runtime path of "/home/pi/wk2/ros2_ws/install/ros2_aruco_interfaces/lib/libros2_aruco_interfaces__rosidl_typesupport_introspection_cpp.so" to ""
[18.432s] -- Installing: /home/pi/wk2/ros2_ws/install/ros2_aruco_interfaces/lib/libros2_aruco_interfaces__rosidl_typesupport_cpp.so
[18.435s] -- Set runtime path of "/home/pi/wk2/ros2_ws/install/ros2_aruco_interfaces/lib/libros2_aruco_interfaces__rosidl_typesupport_cpp.so" to ""
[19.079s] Listing '/home/pi/wk2/ros2_ws/install/ros2_aruco_interfaces/local/lib/python3.10/dist-packages/ros2_aruco_interfaces'...
[19.085s] Compiling '/home/pi/wk2/ros2_ws/install/ros2_aruco_interfaces/local/lib/python3.10/dist-packages/ros2_aruco_interfaces/__init__.py'...
[19.086s] Listing '/home/pi/wk2/ros2_ws/install/ros2_aruco_interfaces/local/lib/python3.10/dist-packages/ros2_aruco_interfaces/msg'...
[19.087s] Compiling '/home/pi/wk2/ros2_ws/install/ros2_aruco_interfaces/local/lib/python3.10/dist-packages/ros2_aruco_interfaces/msg/__init__.py'...
[19.087s] Compiling '/home/pi/wk2/ros2_ws/install/ros2_aruco_interfaces/local/lib/python3.10/dist-packages/ros2_aruco_interfaces/msg/_aruco_markers.py'...
[19.196s] -- Installing: /home/pi/wk2/ros2_ws/install/ros2_aruco_interfaces/lib/libros2_aruco_interfaces__rosidl_generator_py.so
[19.208s] -- Set runtime path of "/home/pi/wk2/ros2_ws/install/ros2_aruco_interfaces/lib/libros2_aruco_interfaces__rosidl_generator_py.so" to ""
[19.221s] -- Installing: /home/pi/wk2/ros2_ws/install/ros2_aruco_interfaces/share/ros2_aruco_interfaces/cmake/export_ros2_aruco_interfaces__rosidl_generator_cExport.cmake
[19.238s] -- Installing: /home/pi/wk2/ros2_ws/install/ros2_aruco_interfaces/share/ros2_aruco_interfaces/cmake/export_ros2_aruco_interfaces__rosidl_generator_cExport-noconfig.cmake
[19.242s] -- Installing: /home/pi/wk2/ros2_ws/install/ros2_aruco_interfaces/share/ros2_aruco_interfaces/cmake/export_ros2_aruco_interfaces__rosidl_typesupport_fastrtps_cExport.cmake
[19.252s] -- Installing: /home/pi/wk2/ros2_ws/install/ros2_aruco_interfaces/share/ros2_aruco_interfaces/cmake/export_ros2_aruco_interfaces__rosidl_typesupport_fastrtps_cExport-noconfig.cmake
[19.260s] -- Installing: /home/pi/wk2/ros2_ws/install/ros2_aruco_interfaces/share/ros2_aruco_interfaces/cmake/export_ros2_aruco_interfaces__rosidl_generator_cppExport.cmake
[19.265s] -- Installing: /home/pi/wk2/ros2_ws/install/ros2_aruco_interfaces/share/ros2_aruco_interfaces/cmake/export_ros2_aruco_interfaces__rosidl_typesupport_fastrtps_cppExport.cmake
[19.277s] -- Installing: /home/pi/wk2/ros2_ws/install/ros2_aruco_interfaces/share/ros2_aruco_interfaces/cmake/export_ros2_aruco_interfaces__rosidl_typesupport_fastrtps_cppExport-noconfig.cmake
[19.281s] -- Installing: /home/pi/wk2/ros2_ws/install/ros2_aruco_interfaces/share/ros2_aruco_interfaces/cmake/ros2_aruco_interfaces__rosidl_typesupport_introspection_cExport.cmake
[19.293s] -- Installing: /home/pi/wk2/ros2_ws/install/ros2_aruco_interfaces/share/ros2_aruco_interfaces/cmake/ros2_aruco_interfaces__rosidl_typesupport_introspection_cExport-noconfig.cmake
[19.296s] -- Installing: /home/pi/wk2/ros2_ws/install/ros2_aruco_interfaces/share/ros2_aruco_interfaces/cmake/ros2_aruco_interfaces__rosidl_typesupport_cExport.cmake
[19.306s] -- Installing: /home/pi/wk2/ros2_ws/install/ros2_aruco_interfaces/share/ros2_aruco_interfaces/cmake/ros2_aruco_interfaces__rosidl_typesupport_cExport-noconfig.cmake
[19.317s] -- Installing: /home/pi/wk2/ros2_ws/install/ros2_aruco_interfaces/share/ros2_aruco_interfaces/cmake/ros2_aruco_interfaces__rosidl_typesupport_introspection_cppExport.cmake
[19.329s] -- Installing: /home/pi/wk2/ros2_ws/install/ros2_aruco_interfaces/share/ros2_aruco_interfaces/cmake/ros2_aruco_interfaces__rosidl_typesupport_introspection_cppExport-noconfig.cmake
[19.341s] -- Installing: /home/pi/wk2/ros2_ws/install/ros2_aruco_interfaces/share/ros2_aruco_interfaces/cmake/ros2_aruco_interfaces__rosidl_typesupport_cppExport.cmake
[19.359s] -- Installing: /home/pi/wk2/ros2_ws/install/ros2_aruco_interfaces/share/ros2_aruco_interfaces/cmake/ros2_aruco_interfaces__rosidl_typesupport_cppExport-noconfig.cmake
[19.388s] -- Installing: /home/pi/wk2/ros2_ws/install/ros2_aruco_interfaces/share/ros2_aruco_interfaces/cmake/export_ros2_aruco_interfaces__rosidl_generator_pyExport.cmake
[19.391s] -- Installing: /home/pi/wk2/ros2_ws/install/ros2_aruco_interfaces/share/ros2_aruco_interfaces/cmake/export_ros2_aruco_interfaces__rosidl_generator_pyExport-noconfig.cmake
[22.484s] Invoked command in '/home/pi/wk2/ros2_ws/build/ros2_aruco_interfaces' returned '0': CMAKE_PREFIX_PATH=/home/pi/wk2/ros2_ws/install/tutorial:/home/pi/wk2/ros2_ws/install/ros2_brickpi3:/home/pi/wk2/ros2_ws/install/ros2_aruco:/home/pi/wk2/ros2_ws/install/py_srvcli:/home/pi/wk2/ros2_ws/install/path_finder:/opt/ros/humble /usr/bin/cmake --install /home/pi/wk2/ros2_ws/build/ros2_aruco_interfaces
