[1.273s] DEBUG:colcon:Command line arguments: ['/usr/bin/colcon', 'build', '--symlink-install', '--packages-select', 'my_package']
[1.273s] DEBUG:colcon:Parsed command line arguments: Namespace(log_base=None, log_level=None, verb_name='build', build_base='build', install_base='install', merge_install=False, symlink_install=True, test_result_base=None, continue_on_error=False, executor='parallel', parallel_workers=4, event_handlers=None, ignore_user_meta=False, metas=['./colcon.meta'], base_paths=['.'], packages_ignore=None, packages_ignore_regex=None, paths=None, packages_up_to=None, packages_up_to_regex=None, packages_above=None, packages_above_and_dependencies=None, packages_above_depth=None, packages_select_by_dep=None, packages_skip_by_dep=None, packages_skip_up_to=None, packages_select_build_failed=False, packages_skip_build_finished=False, packages_select_test_failures=False, packages_skip_test_passed=False, packages_select=['my_package'], packages_skip=None, packages_select_regex=None, packages_skip_regex=None, packages_start=None, packages_end=None, allow_overriding=[], cmake_args=None, cmake_target=None, cmake_target_skip_unavailable=False, cmake_clean_cache=False, cmake_clean_first=False, cmake_force_configure=False, ament_cmake_args=None, catkin_cmake_args=None, catkin_skip_building_tests=False, verb_parser=<colcon_defaults.argument_parser.defaults.DefaultArgumentsDecorator object at 0xffff982446d0>, verb_extension=<colcon_core.verb.build.BuildVerb object at 0xffff98ab0670>, main=<bound method BuildVerb.main of <colcon_core.verb.build.BuildVerb object at 0xffff98ab0670>>)
[1.409s] Level 1:colcon.colcon_core.package_discovery:discover_packages(colcon_meta) check parameters
[1.409s] Level 1:colcon.colcon_core.package_discovery:discover_packages(recursive) check parameters
[1.409s] Level 1:colcon.colcon_core.package_discovery:discover_packages(ignore) check parameters
[1.410s] Level 1:colcon.colcon_core.package_discovery:discover_packages(path) check parameters
[1.410s] Level 1:colcon.colcon_core.package_discovery:discover_packages(colcon_meta) discover
[1.410s] Level 1:colcon.colcon_core.package_discovery:discover_packages(recursive) discover
[1.410s] INFO:colcon.colcon_core.package_discovery:Crawling recursively for packages in '/home/pi/wk2/ros2_ws'
[1.411s] Level 1:colcon.colcon_core.package_identification:_identify(.) by extensions ['ignore', 'ignore_ament_install']
[1.411s] Level 1:colcon.colcon_core.package_identification:_identify(.) by extension 'ignore'
[1.411s] Level 1:colcon.colcon_core.package_identification:_identify(.) by extension 'ignore_ament_install'
[1.412s] Level 1:colcon.colcon_core.package_identification:_identify(.) by extensions ['colcon_pkg']
[1.412s] Level 1:colcon.colcon_core.package_identification:_identify(.) by extension 'colcon_pkg'
[1.412s] Level 1:colcon.colcon_core.package_identification:_identify(.) by extensions ['colcon_meta']
[1.412s] Level 1:colcon.colcon_core.package_identification:_identify(.) by extension 'colcon_meta'
[1.412s] Level 1:colcon.colcon_core.package_identification:_identify(.) by extensions ['ros']
[1.413s] Level 1:colcon.colcon_core.package_identification:_identify(.) by extension 'ros'
[1.462s] Level 1:colcon.colcon_core.package_identification:_identify(.) by extensions ['cmake', 'python']
[1.462s] Level 1:colcon.colcon_core.package_identification:_identify(.) by extension 'cmake'
[1.462s] Level 1:colcon.colcon_core.package_identification:_identify(.) by extension 'python'
[1.462s] Level 1:colcon.colcon_core.package_identification:_identify(.) by extensions ['python_setup_py']
[1.462s] Level 1:colcon.colcon_core.package_identification:_identify(.) by extension 'python_setup_py'
[1.463s] Level 1:colcon.colcon_core.package_identification:_identify(build) by extensions ['ignore', 'ignore_ament_install']
[1.463s] Level 1:colcon.colcon_core.package_identification:_identify(build) by extension 'ignore'
[1.464s] Level 1:colcon.colcon_core.package_identification:_identify(build) ignored
[1.464s] Level 1:colcon.colcon_core.package_identification:_identify(install) by extensions ['ignore', 'ignore_ament_install']
[1.465s] Level 1:colcon.colcon_core.package_identification:_identify(install) by extension 'ignore'
[1.465s] Level 1:colcon.colcon_core.package_identification:_identify(install) ignored
[1.467s] Level 1:colcon.colcon_core.package_identification:_identify(log) by extensions ['ignore', 'ignore_ament_install']
[1.467s] Level 1:colcon.colcon_core.package_identification:_identify(log) by extension 'ignore'
[1.467s] Level 1:colcon.colcon_core.package_identification:_identify(log) ignored
[1.468s] Level 1:colcon.colcon_core.package_identification:_identify(src) by extensions ['ignore', 'ignore_ament_install']
[1.468s] Level 1:colcon.colcon_core.package_identification:_identify(src) by extension 'ignore'
[1.468s] Level 1:colcon.colcon_core.package_identification:_identify(src) by extension 'ignore_ament_install'
[1.469s] Level 1:colcon.colcon_core.package_identification:_identify(src) by extensions ['colcon_pkg']
[1.469s] Level 1:colcon.colcon_core.package_identification:_identify(src) by extension 'colcon_pkg'
[1.469s] Level 1:colcon.colcon_core.package_identification:_identify(src) by extensions ['colcon_meta']
[1.469s] Level 1:colcon.colcon_core.package_identification:_identify(src) by extension 'colcon_meta'
[1.469s] Level 1:colcon.colcon_core.package_identification:_identify(src) by extensions ['ros']
[1.469s] Level 1:colcon.colcon_core.package_identification:_identify(src) by extension 'ros'
[1.470s] Level 1:colcon.colcon_core.package_identification:_identify(src) by extensions ['cmake', 'python']
[1.470s] Level 1:colcon.colcon_core.package_identification:_identify(src) by extension 'cmake'
[1.470s] Level 1:colcon.colcon_core.package_identification:_identify(src) by extension 'python'
[1.470s] Level 1:colcon.colcon_core.package_identification:_identify(src) by extensions ['python_setup_py']
[1.470s] Level 1:colcon.colcon_core.package_identification:_identify(src) by extension 'python_setup_py'
[1.471s] Level 1:colcon.colcon_core.package_identification:_identify(src/build) by extensions ['ignore', 'ignore_ament_install']
[1.471s] Level 1:colcon.colcon_core.package_identification:_identify(src/build) by extension 'ignore'
[1.471s] Level 1:colcon.colcon_core.package_identification:_identify(src/build) ignored
[1.472s] Level 1:colcon.colcon_core.package_identification:_identify(src/install) by extensions ['ignore', 'ignore_ament_install']
[1.472s] Level 1:colcon.colcon_core.package_identification:_identify(src/install) by extension 'ignore'
[1.472s] Level 1:colcon.colcon_core.package_identification:_identify(src/install) ignored
[1.473s] Level 1:colcon.colcon_core.package_identification:_identify(src/log) by extensions ['ignore', 'ignore_ament_install']
[1.473s] Level 1:colcon.colcon_core.package_identification:_identify(src/log) by extension 'ignore'
[1.473s] Level 1:colcon.colcon_core.package_identification:_identify(src/log) ignored
[1.474s] Level 1:colcon.colcon_core.package_identification:_identify(src/my_package) by extensions ['ignore', 'ignore_ament_install']
[1.474s] Level 1:colcon.colcon_core.package_identification:_identify(src/my_package) by extension 'ignore'
[1.474s] Level 1:colcon.colcon_core.package_identification:_identify(src/my_package) by extension 'ignore_ament_install'
[1.475s] Level 1:colcon.colcon_core.package_identification:_identify(src/my_package) by extensions ['colcon_pkg']
[1.475s] Level 1:colcon.colcon_core.package_identification:_identify(src/my_package) by extension 'colcon_pkg'
[1.475s] Level 1:colcon.colcon_core.package_identification:_identify(src/my_package) by extensions ['colcon_meta']
[1.475s] Level 1:colcon.colcon_core.package_identification:_identify(src/my_package) by extension 'colcon_meta'
[1.475s] Level 1:colcon.colcon_core.package_identification:_identify(src/my_package) by extensions ['ros']
[1.475s] Level 1:colcon.colcon_core.package_identification:_identify(src/my_package) by extension 'ros'
[1.484s] DEBUG:colcon.colcon_core.package_identification:Package 'src/my_package' with type 'ros.ament_python' and name 'my_package'
[1.485s] Level 1:colcon.colcon_core.package_identification:_identify(src/ros2_aruco) by extensions ['ignore', 'ignore_ament_install']
[1.486s] Level 1:colcon.colcon_core.package_identification:_identify(src/ros2_aruco) by extension 'ignore'
[1.486s] Level 1:colcon.colcon_core.package_identification:_identify(src/ros2_aruco) by extension 'ignore_ament_install'
[1.486s] Level 1:colcon.colcon_core.package_identification:_identify(src/ros2_aruco) by extensions ['colcon_pkg']
[1.486s] Level 1:colcon.colcon_core.package_identification:_identify(src/ros2_aruco) by extension 'colcon_pkg'
[1.486s] Level 1:colcon.colcon_core.package_identification:_identify(src/ros2_aruco) by extensions ['colcon_meta']
[1.487s] Level 1:colcon.colcon_core.package_identification:_identify(src/ros2_aruco) by extension 'colcon_meta'
[1.487s] Level 1:colcon.colcon_core.package_identification:_identify(src/ros2_aruco) by extensions ['ros']
[1.487s] Level 1:colcon.colcon_core.package_identification:_identify(src/ros2_aruco) by extension 'ros'
[1.487s] Level 1:colcon.colcon_core.package_identification:_identify(src/ros2_aruco) by extensions ['cmake', 'python']
[1.487s] Level 1:colcon.colcon_core.package_identification:_identify(src/ros2_aruco) by extension 'cmake'
[1.488s] Level 1:colcon.colcon_core.package_identification:_identify(src/ros2_aruco) by extension 'python'
[1.488s] Level 1:colcon.colcon_core.package_identification:_identify(src/ros2_aruco) by extensions ['python_setup_py']
[1.488s] Level 1:colcon.colcon_core.package_identification:_identify(src/ros2_aruco) by extension 'python_setup_py'
[1.488s] Level 1:colcon.colcon_core.package_identification:_identify(src/ros2_aruco/ros2_aruco) by extensions ['ignore', 'ignore_ament_install']
[1.489s] Level 1:colcon.colcon_core.package_identification:_identify(src/ros2_aruco/ros2_aruco) by extension 'ignore'
[1.489s] Level 1:colcon.colcon_core.package_identification:_identify(src/ros2_aruco/ros2_aruco) by extension 'ignore_ament_install'
[1.489s] Level 1:colcon.colcon_core.package_identification:_identify(src/ros2_aruco/ros2_aruco) by extensions ['colcon_pkg']
[1.489s] Level 1:colcon.colcon_core.package_identification:_identify(src/ros2_aruco/ros2_aruco) by extension 'colcon_pkg'
[1.489s] Level 1:colcon.colcon_core.package_identification:_identify(src/ros2_aruco/ros2_aruco) by extensions ['colcon_meta']
[1.490s] Level 1:colcon.colcon_core.package_identification:_identify(src/ros2_aruco/ros2_aruco) by extension 'colcon_meta'
[1.490s] Level 1:colcon.colcon_core.package_identification:_identify(src/ros2_aruco/ros2_aruco) by extensions ['ros']
[1.490s] Level 1:colcon.colcon_core.package_identification:_identify(src/ros2_aruco/ros2_aruco) by extension 'ros'
[1.492s] DEBUG:colcon.colcon_core.package_identification:Package 'src/ros2_aruco/ros2_aruco' with type 'ros.ament_python' and name 'ros2_aruco'
[1.493s] Level 1:colcon.colcon_core.package_identification:_identify(src/ros2_aruco/ros2_aruco_interfaces) by extensions ['ignore', 'ignore_ament_install']
[1.493s] Level 1:colcon.colcon_core.package_identification:_identify(src/ros2_aruco/ros2_aruco_interfaces) by extension 'ignore'
[1.493s] Level 1:colcon.colcon_core.package_identification:_identify(src/ros2_aruco/ros2_aruco_interfaces) by extension 'ignore_ament_install'
[1.493s] Level 1:colcon.colcon_core.package_identification:_identify(src/ros2_aruco/ros2_aruco_interfaces) by extensions ['colcon_pkg']
[1.494s] Level 1:colcon.colcon_core.package_identification:_identify(src/ros2_aruco/ros2_aruco_interfaces) by extension 'colcon_pkg'
[1.494s] Level 1:colcon.colcon_core.package_identification:_identify(src/ros2_aruco/ros2_aruco_interfaces) by extensions ['colcon_meta']
[1.494s] Level 1:colcon.colcon_core.package_identification:_identify(src/ros2_aruco/ros2_aruco_interfaces) by extension 'colcon_meta'
[1.494s] Level 1:colcon.colcon_core.package_identification:_identify(src/ros2_aruco/ros2_aruco_interfaces) by extensions ['ros']
[1.494s] Level 1:colcon.colcon_core.package_identification:_identify(src/ros2_aruco/ros2_aruco_interfaces) by extension 'ros'
[1.497s] DEBUG:colcon.colcon_core.package_identification:Package 'src/ros2_aruco/ros2_aruco_interfaces' with type 'ros.ament_cmake' and name 'ros2_aruco_interfaces'
[1.498s] Level 1:colcon.colcon_core.package_identification:_identify(src/ros2_brickpi3) by extensions ['ignore', 'ignore_ament_install']
[1.498s] Level 1:colcon.colcon_core.package_identification:_identify(src/ros2_brickpi3) by extension 'ignore'
[1.498s] Level 1:colcon.colcon_core.package_identification:_identify(src/ros2_brickpi3) by extension 'ignore_ament_install'
[1.499s] Level 1:colcon.colcon_core.package_identification:_identify(src/ros2_brickpi3) by extensions ['colcon_pkg']
[1.499s] Level 1:colcon.colcon_core.package_identification:_identify(src/ros2_brickpi3) by extension 'colcon_pkg'
[1.499s] Level 1:colcon.colcon_core.package_identification:_identify(src/ros2_brickpi3) by extensions ['colcon_meta']
[1.499s] Level 1:colcon.colcon_core.package_identification:_identify(src/ros2_brickpi3) by extension 'colcon_meta'
[1.499s] Level 1:colcon.colcon_core.package_identification:_identify(src/ros2_brickpi3) by extensions ['ros']
[1.499s] Level 1:colcon.colcon_core.package_identification:_identify(src/ros2_brickpi3) by extension 'ros'
[1.501s] DEBUG:colcon.colcon_core.package_identification:Package 'src/ros2_brickpi3' with type 'ros.ament_python' and name 'ros2_brickpi3'
[1.502s] Level 1:colcon.colcon_core.package_identification:_identify(src/tutorial) by extensions ['ignore', 'ignore_ament_install']
[1.503s] Level 1:colcon.colcon_core.package_identification:_identify(src/tutorial) by extension 'ignore'
[1.503s] Level 1:colcon.colcon_core.package_identification:_identify(src/tutorial) by extension 'ignore_ament_install'
[1.503s] Level 1:colcon.colcon_core.package_identification:_identify(src/tutorial) by extensions ['colcon_pkg']
[1.503s] Level 1:colcon.colcon_core.package_identification:_identify(src/tutorial) by extension 'colcon_pkg'
[1.503s] Level 1:colcon.colcon_core.package_identification:_identify(src/tutorial) by extensions ['colcon_meta']
[1.504s] Level 1:colcon.colcon_core.package_identification:_identify(src/tutorial) by extension 'colcon_meta'
[1.504s] Level 1:colcon.colcon_core.package_identification:_identify(src/tutorial) by extensions ['ros']
[1.504s] Level 1:colcon.colcon_core.package_identification:_identify(src/tutorial) by extension 'ros'
[1.506s] DEBUG:colcon.colcon_core.package_identification:Package 'src/tutorial' with type 'ros.ament_python' and name 'tutorial'
[1.506s] Level 1:colcon.colcon_core.package_discovery:discover_packages(recursive) using defaults
[1.507s] Level 1:colcon.colcon_core.package_discovery:discover_packages(ignore) discover
[1.507s] Level 1:colcon.colcon_core.package_discovery:discover_packages(ignore) using defaults
[1.507s] Level 1:colcon.colcon_core.package_discovery:discover_packages(path) discover
[1.507s] Level 1:colcon.colcon_core.package_discovery:discover_packages(path) using defaults
[1.598s] INFO:colcon.colcon_core.package_selection:Skipping not selected package 'ros2_aruco' in 'src/ros2_aruco/ros2_aruco'
[1.599s] INFO:colcon.colcon_core.package_selection:Skipping not selected package 'ros2_aruco_interfaces' in 'src/ros2_aruco/ros2_aruco_interfaces'
[1.599s] INFO:colcon.colcon_core.package_selection:Skipping not selected package 'ros2_brickpi3' in 'src/ros2_brickpi3'
[1.599s] INFO:colcon.colcon_core.package_selection:Skipping not selected package 'tutorial' in 'src/tutorial'
[1.602s] Level 1:colcon.colcon_core.package_discovery:discover_packages(prefix_path) check parameters
[1.602s] Level 1:colcon.colcon_core.package_discovery:discover_packages(prefix_path) discover
[1.615s] DEBUG:colcon.colcon_installed_package_information.package_discovery:Found 0 installed packages in /home/pi/wk2/ros2_ws/src/my_package/my_package/install
[1.619s] DEBUG:colcon.colcon_installed_package_information.package_discovery:Found 5 installed packages in /home/pi/wk2/ros2_ws/install
[1.628s] DEBUG:colcon.colcon_installed_package_information.package_discovery:Found 180 installed packages in /opt/ros/humble
[1.632s] Level 1:colcon.colcon_core.package_discovery:discover_packages(prefix_path) using defaults
[1.804s] Level 5:colcon.colcon_core.verb:set package 'my_package' build argument 'cmake_args' from command line to 'None'
[1.805s] Level 5:colcon.colcon_core.verb:set package 'my_package' build argument 'cmake_target' from command line to 'None'
[1.805s] Level 5:colcon.colcon_core.verb:set package 'my_package' build argument 'cmake_target_skip_unavailable' from command line to 'False'
[1.805s] Level 5:colcon.colcon_core.verb:set package 'my_package' build argument 'cmake_clean_cache' from command line to 'False'
[1.805s] Level 5:colcon.colcon_core.verb:set package 'my_package' build argument 'cmake_clean_first' from command line to 'False'
[1.805s] Level 5:colcon.colcon_core.verb:set package 'my_package' build argument 'cmake_force_configure' from command line to 'False'
[1.805s] Level 5:colcon.colcon_core.verb:set package 'my_package' build argument 'ament_cmake_args' from command line to 'None'
[1.805s] Level 5:colcon.colcon_core.verb:set package 'my_package' build argument 'catkin_cmake_args' from command line to 'None'
[1.805s] Level 5:colcon.colcon_core.verb:set package 'my_package' build argument 'catkin_skip_building_tests' from command line to 'False'
[1.805s] DEBUG:colcon.colcon_core.verb:Building package 'my_package' with the following arguments: {'ament_cmake_args': None, 'build_base': '/home/pi/wk2/ros2_ws/build/my_package', 'catkin_cmake_args': None, 'catkin_skip_building_tests': False, 'cmake_args': None, 'cmake_clean_cache': False, 'cmake_clean_first': False, 'cmake_force_configure': False, 'cmake_target': None, 'cmake_target_skip_unavailable': False, 'install_base': '/home/pi/wk2/ros2_ws/install/my_package', 'merge_install': False, 'path': '/home/pi/wk2/ros2_ws/src/my_package', 'symlink_install': True, 'test_result_base': None}
[1.808s] INFO:colcon.colcon_core.executor:Executing jobs using 'parallel' executor
[1.820s] DEBUG:colcon.colcon_parallel_executor.executor.parallel:run_until_complete
[1.821s] INFO:colcon.colcon_ros.task.ament_python.build:Building ROS package in '/home/pi/wk2/ros2_ws/src/my_package' with build type 'ament_python'
[1.822s] Level 1:colcon.colcon_core.shell:create_environment_hook('my_package', 'ament_prefix_path')
[1.844s] INFO:colcon.colcon_core.plugin_system:Skipping extension 'colcon_core.shell.bat': Not used on non-Windows systems
[1.846s] INFO:colcon.colcon_core.shell:Creating environment hook '/home/pi/wk2/ros2_ws/install/my_package/share/my_package/hook/ament_prefix_path.ps1'
[1.848s] INFO:colcon.colcon_core.shell:Creating environment descriptor '/home/pi/wk2/ros2_ws/install/my_package/share/my_package/hook/ament_prefix_path.dsv'
[1.850s] INFO:colcon.colcon_core.shell:Creating environment hook '/home/pi/wk2/ros2_ws/install/my_package/share/my_package/hook/ament_prefix_path.sh'
[1.858s] INFO:colcon.colcon_core.shell:Skip shell extension 'powershell' for command environment: Not usable outside of PowerShell
[1.858s] DEBUG:colcon.colcon_core.shell:Skip shell extension 'dsv' for command environment
[2.946s] INFO:colcon.colcon_core.task.python.build:Building Python package in '/home/pi/wk2/ros2_ws/src/my_package'
[2.951s] INFO:colcon.colcon_core.shell:Skip shell extension 'powershell' for command environment: Not usable outside of PowerShell
[2.952s] DEBUG:colcon.colcon_core.shell:Skip shell extension 'dsv' for command environment
[4.535s] DEBUG:colcon.colcon_core.event_handler.log_command:Invoking command in '/home/pi/wk2/ros2_ws/build/my_package': PYTHONPATH=/home/pi/wk2/ros2_ws/build/my_package/prefix_override:/home/pi/wk2/ros2_ws/install/my_package/lib/python3.10/site-packages:${PYTHONPATH} /usr/bin/python3 setup.py develop --editable --build-directory /home/pi/wk2/ros2_ws/build/my_package/build --no-deps install_data
[6.425s] Level 1:colcon.colcon_core.shell:create_environment_hook('my_package', 'pythonpath_develop')
[6.431s] INFO:colcon.colcon_core.shell:Creating environment hook '/home/pi/wk2/ros2_ws/build/my_package/share/my_package/hook/pythonpath_develop.ps1'
[6.432s] DEBUG:colcon.colcon_core.event_handler.log_command:Invoked command in '/home/pi/wk2/ros2_ws/build/my_package' returned '0': PYTHONPATH=/home/pi/wk2/ros2_ws/build/my_package/prefix_override:/home/pi/wk2/ros2_ws/install/my_package/lib/python3.10/site-packages:${PYTHONPATH} /usr/bin/python3 setup.py develop --editable --build-directory /home/pi/wk2/ros2_ws/build/my_package/build --no-deps install_data
[6.435s] INFO:colcon.colcon_core.shell:Creating environment descriptor '/home/pi/wk2/ros2_ws/build/my_package/share/my_package/hook/pythonpath_develop.dsv'
[6.437s] INFO:colcon.colcon_core.shell:Creating environment hook '/home/pi/wk2/ros2_ws/build/my_package/share/my_package/hook/pythonpath_develop.sh'
[6.462s] Level 1:colcon.colcon_core.environment:checking '/home/pi/wk2/ros2_ws/install/my_package' for CMake module files
[6.465s] Level 1:colcon.colcon_core.environment:checking '/home/pi/wk2/ros2_ws/install/my_package' for CMake config files
[6.468s] Level 1:colcon.colcon_core.environment:checking '/home/pi/wk2/ros2_ws/install/my_package/lib'
[6.469s] Level 1:colcon.colcon_core.environment:checking '/home/pi/wk2/ros2_ws/install/my_package/bin'
[6.469s] Level 1:colcon.colcon_core.environment:checking '/home/pi/wk2/ros2_ws/install/my_package/lib/pkgconfig/my_package.pc'
[6.470s] Level 1:colcon.colcon_core.environment:checking '/home/pi/wk2/ros2_ws/install/my_package/lib/python3.10/site-packages'
[6.471s] Level 1:colcon.colcon_core.shell:create_environment_hook('my_package', 'pythonpath')
[6.475s] INFO:colcon.colcon_core.shell:Creating environment hook '/home/pi/wk2/ros2_ws/install/my_package/share/my_package/hook/pythonpath.ps1'
[6.477s] INFO:colcon.colcon_core.shell:Creating environment descriptor '/home/pi/wk2/ros2_ws/install/my_package/share/my_package/hook/pythonpath.dsv'
[6.479s] INFO:colcon.colcon_core.shell:Creating environment hook '/home/pi/wk2/ros2_ws/install/my_package/share/my_package/hook/pythonpath.sh'
[6.482s] Level 1:colcon.colcon_core.environment:checking '/home/pi/wk2/ros2_ws/install/my_package/bin'
[6.482s] Level 1:colcon.colcon_core.environment:create_environment_scripts_only(my_package)
[6.488s] INFO:colcon.colcon_core.shell:Creating package script '/home/pi/wk2/ros2_ws/install/my_package/share/my_package/package.ps1'
[6.491s] INFO:colcon.colcon_core.shell:Creating package descriptor '/home/pi/wk2/ros2_ws/install/my_package/share/my_package/package.dsv'
[6.494s] INFO:colcon.colcon_core.shell:Creating package script '/home/pi/wk2/ros2_ws/install/my_package/share/my_package/package.sh'
[6.498s] INFO:colcon.colcon_core.shell:Creating package script '/home/pi/wk2/ros2_ws/install/my_package/share/my_package/package.bash'
[6.501s] INFO:colcon.colcon_core.shell:Creating package script '/home/pi/wk2/ros2_ws/install/my_package/share/my_package/package.zsh'
[6.504s] Level 1:colcon.colcon_core.environment:create_file_with_runtime_dependencies(/home/pi/wk2/ros2_ws/install/my_package/share/colcon-core/packages/my_package)
[6.505s] DEBUG:colcon.colcon_parallel_executor.executor.parallel:closing loop
[6.506s] DEBUG:colcon.colcon_parallel_executor.executor.parallel:loop closed
[6.507s] DEBUG:colcon.colcon_parallel_executor.executor.parallel:run_until_complete finished with '0'
[6.507s] DEBUG:colcon.colcon_core.event_reactor:joining thread
[6.529s] INFO:colcon.colcon_core.plugin_system:Skipping extension 'colcon_notification.desktop_notification.notify_send': Could not find 'notify-send'
[6.530s] INFO:colcon.colcon_core.plugin_system:Skipping extension 'colcon_notification.desktop_notification.terminal_notifier': Not used on non-Darwin systems
[6.530s] INFO:colcon.colcon_core.plugin_system:Skipping extension 'colcon_notification.desktop_notification.win32': Not used on non-Windows systems
[6.530s] INFO:colcon.colcon_notification.desktop_notification:Sending desktop notification using 'notify2'
[6.533s] DEBUG:colcon.colcon_notification.desktop_notification.notify2:Failed to initialize notify2: org.freedesktop.DBus.Error.ServiceUnknown: The name org.freedesktop.Notifications was not provided by any .service files
[6.533s] DEBUG:colcon.colcon_core.event_reactor:joined thread
[6.538s] INFO:colcon.colcon_core.shell:Creating prefix script '/home/pi/wk2/ros2_ws/install/local_setup.ps1'
[6.542s] INFO:colcon.colcon_core.shell:Creating prefix util module '/home/pi/wk2/ros2_ws/install/_local_setup_util_ps1.py'
[6.547s] INFO:colcon.colcon_core.shell:Creating prefix chain script '/home/pi/wk2/ros2_ws/install/setup.ps1'
[6.554s] INFO:colcon.colcon_core.shell:Creating prefix script '/home/pi/wk2/ros2_ws/install/local_setup.sh'
[6.557s] INFO:colcon.colcon_core.shell:Creating prefix util module '/home/pi/wk2/ros2_ws/install/_local_setup_util_sh.py'
[6.559s] INFO:colcon.colcon_core.shell:Creating prefix chain script '/home/pi/wk2/ros2_ws/install/setup.sh'
[6.566s] INFO:colcon.colcon_core.shell:Creating prefix script '/home/pi/wk2/ros2_ws/install/local_setup.bash'
[6.568s] INFO:colcon.colcon_core.shell:Creating prefix chain script '/home/pi/wk2/ros2_ws/install/setup.bash'
[6.574s] INFO:colcon.colcon_core.shell:Creating prefix script '/home/pi/wk2/ros2_ws/install/local_setup.zsh'
[6.576s] INFO:colcon.colcon_core.shell:Creating prefix chain script '/home/pi/wk2/ros2_ws/install/setup.zsh'
