running develop
/usr/lib/python3/dist-packages/setuptools/command/easy_install.py:158: EasyInstallDeprecationWarning: easy_install command is deprecated. Use build and pip and other standards-based tools.
  warnings.warn(
/usr/lib/python3/dist-packages/setuptools/command/install.py:34: SetuptoolsDeprecationWarning: setup.py install is deprecated. Use build and pip and other standards-based tools.
  warnings.warn(
/usr/lib/python3/dist-packages/pkg_resources/__init__.py:116: PkgResourcesDeprecationWarning: 1.16.0-unknown is an invalid version and will not be supported in a future release
  warnings.warn(
/usr/lib/python3/dist-packages/pkg_resources/__init__.py:116: PkgResourcesDeprecationWarning: 1.1build1 is an invalid version and will not be supported in a future release
  warnings.warn(
/usr/lib/python3/dist-packages/pkg_resources/__init__.py:116: PkgResourcesDeprecationWarning: 0.1.43ubuntu1 is an invalid version and will not be supported in a future release
  warnings.warn(
running egg_info
creating my_package.egg-info
writing my_package.egg-info/PKG-INFO
writing dependency_links to my_package.egg-info/dependency_links.txt
writing entry points to my_package.egg-info/entry_points.txt
writing requirements to my_package.egg-info/requires.txt
writing top-level names to my_package.egg-info/top_level.txt
writing manifest file 'my_package.egg-info/SOURCES.txt'
reading manifest file 'my_package.egg-info/SOURCES.txt'
writing manifest file 'my_package.egg-info/SOURCES.txt'
running build_ext
Creating /home/pi/wk2/ros2_ws/install/my_package/lib/python3.10/site-packages/my-package.egg-link (link to .)
Installing aruco script to /home/pi/wk2/ros2_ws/install/my_package/lib/my_package
Installing color script to /home/pi/wk2/ros2_ws/install/my_package/lib/my_package
Installing drive script to /home/pi/wk2/ros2_ws/install/my_package/lib/my_package
Installing gyro script to /home/pi/wk2/ros2_ws/install/my_package/lib/my_package
Installing motor script to /home/pi/wk2/ros2_ws/install/my_package/lib/my_package
Installing my_node script to /home/pi/wk2/ros2_ws/install/my_package/lib/my_package
Installing planner_client script to /home/pi/wk2/ros2_ws/install/my_package/lib/my_package
Installing touch script to /home/pi/wk2/ros2_ws/install/my_package/lib/my_package
Installing ultrasonic script to /home/pi/wk2/ros2_ws/install/my_package/lib/my_package

Installed /home/pi/wk2/ros2_ws/build/my_package
running install_data
creating /home/pi/wk2/ros2_ws/install/my_package/share/ament_index
creating /home/pi/wk2/ros2_ws/install/my_package/share/ament_index/resource_index
creating /home/pi/wk2/ros2_ws/install/my_package/share/ament_index/resource_index/packages
copying resource/my_package -> /home/pi/wk2/ros2_ws/install/my_package/share/ament_index/resource_index/packages
copying package.xml -> /home/pi/wk2/ros2_ws/install/my_package/share/my_package
creating /home/pi/wk2/ros2_ws/install/my_package/share/my_package/launch
copying launch/my.launch.py -> /home/pi/wk2/ros2_ws/install/my_package/share/my_package/launch
copying launch/hackjob.launch.py -> /home/pi/wk2/ros2_ws/install/my_package/share/my_package/launch
copying launch/motors.launch.py -> /home/pi/wk2/ros2_ws/install/my_package/share/my_package/launch
copying launch/drive.launch.py -> /home/pi/wk2/ros2_ws/install/my_package/share/my_package/launch
