[2.881s] Invoking command in '/home/pi/wk2/ros2_ws/build/my_package': CMAKE_PREFIX_PATH=/home/pi/wk2/ros2_ws/install/ros2_aruco_interfaces:/home/pi/wk2/ros2_ws/install/ros2_path_planning LD_LIBRARY_PATH=/home/pi/wk2/ros2_ws/install/ros2_aruco_interfaces/lib:/home/pi/wk2/ros2_ws/install/ros2_path_planning/lib:/opt/ros/humble/lib/aarch64-linux-gnu:/opt/ros/humble/lib PYTHONPATH=/home/pi/wk2/ros2_ws/build/my_package/prefix_override:/home/pi/wk2/ros2_ws/install/my_package/lib/python3.10/site-packages:${PYTHONPATH} /usr/bin/python3 setup.py develop --editable --build-directory /home/pi/wk2/ros2_ws/build/my_package/build --no-deps install_data
[4.063s] running develop
[4.065s] /usr/lib/python3/dist-packages/setuptools/command/easy_install.py:158: EasyInstallDeprecationWarning: easy_install command is deprecated. Use build and pip and other standards-based tools.
[4.066s]   warnings.warn(
[4.071s] /usr/lib/python3/dist-packages/setuptools/command/install.py:34: SetuptoolsDeprecationWarning: setup.py install is deprecated. Use build and pip and other standards-based tools.
[4.072s]   warnings.warn(
[4.305s] /usr/lib/python3/dist-packages/pkg_resources/__init__.py:116: PkgResourcesDeprecationWarning: 1.16.0-unknown is an invalid version and will not be supported in a future release
[4.306s]   warnings.warn(
[4.307s] /usr/lib/python3/dist-packages/pkg_resources/__init__.py:116: PkgResourcesDeprecationWarning: 1.1build1 is an invalid version and will not be supported in a future release
[4.307s]   warnings.warn(
[4.308s] /usr/lib/python3/dist-packages/pkg_resources/__init__.py:116: PkgResourcesDeprecationWarning: 0.1.43ubuntu1 is an invalid version and will not be supported in a future release
[4.310s]   warnings.warn(
[4.930s] running egg_info
[4.931s] creating my_package.egg-info
[4.931s] writing my_package.egg-info/PKG-INFO
[4.932s] writing dependency_links to my_package.egg-info/dependency_links.txt
[4.933s] writing entry points to my_package.egg-info/entry_points.txt
[4.934s] writing requirements to my_package.egg-info/requires.txt
[4.935s] writing top-level names to my_package.egg-info/top_level.txt
[4.935s] writing manifest file 'my_package.egg-info/SOURCES.txt'
[4.943s] reading manifest file 'my_package.egg-info/SOURCES.txt'
[4.946s] writing manifest file 'my_package.egg-info/SOURCES.txt'
[4.953s] running build_ext
[4.954s] Creating /home/pi/wk2/ros2_ws/install/my_package/lib/python3.10/site-packages/my-package.egg-link (link to .)
[4.958s] Installing aruco script to /home/pi/wk2/ros2_ws/install/my_package/lib/my_package
[4.959s] Installing color script to /home/pi/wk2/ros2_ws/install/my_package/lib/my_package
[4.960s] Installing drive script to /home/pi/wk2/ros2_ws/install/my_package/lib/my_package
[4.960s] Installing gyro script to /home/pi/wk2/ros2_ws/install/my_package/lib/my_package
[4.961s] Installing motor script to /home/pi/wk2/ros2_ws/install/my_package/lib/my_package
[4.962s] Installing my_node script to /home/pi/wk2/ros2_ws/install/my_package/lib/my_package
[4.964s] Installing planner_client script to /home/pi/wk2/ros2_ws/install/my_package/lib/my_package
[4.968s] Installing touch script to /home/pi/wk2/ros2_ws/install/my_package/lib/my_package
[4.968s] Installing ultrasonic script to /home/pi/wk2/ros2_ws/install/my_package/lib/my_package
[4.969s] 
[4.971s] Installed /home/pi/wk2/ros2_ws/build/my_package
[4.976s] running install_data
[4.985s] creating /home/pi/wk2/ros2_ws/install/my_package/share/ament_index
[4.987s] creating /home/pi/wk2/ros2_ws/install/my_package/share/ament_index/resource_index
[4.989s] creating /home/pi/wk2/ros2_ws/install/my_package/share/ament_index/resource_index/packages
[4.990s] copying resource/my_package -> /home/pi/wk2/ros2_ws/install/my_package/share/ament_index/resource_index/packages
[4.992s] copying package.xml -> /home/pi/wk2/ros2_ws/install/my_package/share/my_package
[4.994s] creating /home/pi/wk2/ros2_ws/install/my_package/share/my_package/launch
[4.996s] copying launch/my.launch.py -> /home/pi/wk2/ros2_ws/install/my_package/share/my_package/launch
[4.998s] copying launch/hackjob.launch.py -> /home/pi/wk2/ros2_ws/install/my_package/share/my_package/launch
[5.004s] copying launch/motors.launch.py -> /home/pi/wk2/ros2_ws/install/my_package/share/my_package/launch
[5.005s] copying launch/drive.launch.py -> /home/pi/wk2/ros2_ws/install/my_package/share/my_package/launch
[5.124s] Invoked command in '/home/pi/wk2/ros2_ws/build/my_package' returned '0': CMAKE_PREFIX_PATH=/home/pi/wk2/ros2_ws/install/ros2_aruco_interfaces:/home/pi/wk2/ros2_ws/install/ros2_path_planning LD_LIBRARY_PATH=/home/pi/wk2/ros2_ws/install/ros2_aruco_interfaces/lib:/home/pi/wk2/ros2_ws/install/ros2_path_planning/lib:/opt/ros/humble/lib/aarch64-linux-gnu:/opt/ros/humble/lib PYTHONPATH=/home/pi/wk2/ros2_ws/build/my_package/prefix_override:/home/pi/wk2/ros2_ws/install/my_package/lib/python3.10/site-packages:${PYTHONPATH} /usr/bin/python3 setup.py develop --editable --build-directory /home/pi/wk2/ros2_ws/build/my_package/build --no-deps install_data
