running develop
running egg_info
creating ros2_brickpi3.egg-info
writing ros2_brickpi3.egg-info/PKG-INFO
writing dependency_links to ros2_brickpi3.egg-info/dependency_links.txt
writing entry points to ros2_brickpi3.egg-info/entry_points.txt
writing requirements to ros2_brickpi3.egg-info/requires.txt
writing top-level names to ros2_brickpi3.egg-info/top_level.txt
writing manifest file 'ros2_brickpi3.egg-info/SOURCES.txt'
reading manifest file 'ros2_brickpi3.egg-info/SOURCES.txt'
writing manifest file 'ros2_brickpi3.egg-info/SOURCES.txt'
running build_ext
Creating /home/pi/wk2/ros2_ws/install/ros2_brickpi3/lib/python3.10/site-packages/ros2-brickpi3.egg-link (link to .)
Installing color script to /home/pi/wk2/ros2_ws/install/ros2_brickpi3/lib/ros2_brickpi3
Installing drive script to /home/pi/wk2/ros2_ws/install/ros2_brickpi3/lib/ros2_brickpi3
Installing gyro script to /home/pi/wk2/ros2_ws/install/ros2_brickpi3/lib/ros2_brickpi3
Installing motor script to /home/pi/wk2/ros2_ws/install/ros2_brickpi3/lib/ros2_brickpi3
Installing touch script to /home/pi/wk2/ros2_ws/install/ros2_brickpi3/lib/ros2_brickpi3
Installing ultrasonic script to /home/pi/wk2/ros2_ws/install/ros2_brickpi3/lib/ros2_brickpi3

Installed /home/pi/wk2/ros2_ws/build/ros2_brickpi3
running install_data
creating /home/pi/wk2/ros2_ws/install/ros2_brickpi3/share/ament_index
creating /home/pi/wk2/ros2_ws/install/ros2_brickpi3/share/ament_index/resource_index
creating /home/pi/wk2/ros2_ws/install/ros2_brickpi3/share/ament_index/resource_index/packages
copying resource/ros2_brickpi3 -> /home/pi/wk2/ros2_ws/install/ros2_brickpi3/share/ament_index/resource_index/packages
copying package.xml -> /home/pi/wk2/ros2_ws/install/ros2_brickpi3/share/ros2_brickpi3
creating /home/pi/wk2/ros2_ws/install/ros2_brickpi3/share/ros2_brickpi3/launch
copying launch/motors.launch.py -> /home/pi/wk2/ros2_ws/install/ros2_brickpi3/share/ros2_brickpi3/launch
copying launch/drive.launch.py -> /home/pi/wk2/ros2_ws/install/ros2_brickpi3/share/ros2_brickpi3/launch
