[7.591s] Invoking command in '/home/pi/wk2/ros2_ws/build/ros2_brickpi3': PYTHONPATH=/home/pi/wk2/ros2_ws/build/ros2_brickpi3/prefix_override:/home/pi/wk2/ros2_ws/install/ros2_brickpi3/lib/python3.10/site-packages:${PYTHONPATH} /usr/bin/python3 setup.py develop --editable --build-directory /home/pi/wk2/ros2_ws/build/ros2_brickpi3/build --no-deps install_data
[11.374s] running develop
[11.386s] /usr/lib/python3/dist-packages/setuptools/command/easy_install.py:158: EasyInstallDeprecationWarning: easy_install command is deprecated. Use build and pip and other standards-based tools.
[11.387s]   warnings.warn(
[11.425s] /usr/lib/python3/dist-packages/setuptools/command/install.py:34: SetuptoolsDeprecationWarning: setup.py install is deprecated. Use build and pip and other standards-based tools.
[11.426s]   warnings.warn(
[12.199s] /usr/lib/python3/dist-packages/pkg_resources/__init__.py:116: PkgResourcesDeprecationWarning: 1.16.0-unknown is an invalid version and will not be supported in a future release
[12.199s]   warnings.warn(
[12.208s] /usr/lib/python3/dist-packages/pkg_resources/__init__.py:116: PkgResourcesDeprecationWarning: 1.1build1 is an invalid version and will not be supported in a future release
[12.209s]   warnings.warn(
[12.219s] /usr/lib/python3/dist-packages/pkg_resources/__init__.py:116: PkgResourcesDeprecationWarning: 0.1.43ubuntu1 is an invalid version and will not be supported in a future release
[12.219s]   warnings.warn(
[14.323s] running egg_info
[14.329s] creating ros2_brickpi3.egg-info
[14.329s] writing ros2_brickpi3.egg-info/PKG-INFO
[14.337s] writing dependency_links to ros2_brickpi3.egg-info/dependency_links.txt
[14.346s] writing entry points to ros2_brickpi3.egg-info/entry_points.txt
[14.354s] writing requirements to ros2_brickpi3.egg-info/requires.txt
[14.378s] writing top-level names to ros2_brickpi3.egg-info/top_level.txt
[14.379s] writing manifest file 'ros2_brickpi3.egg-info/SOURCES.txt'
[14.404s] reading manifest file 'ros2_brickpi3.egg-info/SOURCES.txt'
[14.418s] writing manifest file 'ros2_brickpi3.egg-info/SOURCES.txt'
[14.473s] running build_ext
[14.503s] Creating /home/pi/wk2/ros2_ws/install/ros2_brickpi3/lib/python3.10/site-packages/ros2-brickpi3.egg-link (link to .)
[14.529s] Installing color script to /home/pi/wk2/ros2_ws/install/ros2_brickpi3/lib/ros2_brickpi3
[14.534s] Installing drive script to /home/pi/wk2/ros2_ws/install/ros2_brickpi3/lib/ros2_brickpi3
[14.541s] Installing gyro script to /home/pi/wk2/ros2_ws/install/ros2_brickpi3/lib/ros2_brickpi3
[14.550s] Installing motor script to /home/pi/wk2/ros2_ws/install/ros2_brickpi3/lib/ros2_brickpi3
[14.558s] Installing touch script to /home/pi/wk2/ros2_ws/install/ros2_brickpi3/lib/ros2_brickpi3
[14.567s] Installing ultrasonic script to /home/pi/wk2/ros2_ws/install/ros2_brickpi3/lib/ros2_brickpi3
[14.576s] 
[14.580s] Installed /home/pi/wk2/ros2_ws/build/ros2_brickpi3
[14.603s] running install_data
[14.603s] creating /home/pi/wk2/ros2_ws/install/ros2_brickpi3/share/ament_index
[14.605s] creating /home/pi/wk2/ros2_ws/install/ros2_brickpi3/share/ament_index/resource_index
[14.606s] creating /home/pi/wk2/ros2_ws/install/ros2_brickpi3/share/ament_index/resource_index/packages
[14.607s] copying resource/ros2_brickpi3 -> /home/pi/wk2/ros2_ws/install/ros2_brickpi3/share/ament_index/resource_index/packages
[14.608s] copying package.xml -> /home/pi/wk2/ros2_ws/install/ros2_brickpi3/share/ros2_brickpi3
[14.625s] creating /home/pi/wk2/ros2_ws/install/ros2_brickpi3/share/ros2_brickpi3/launch
[14.634s] copying launch/motors.launch.py -> /home/pi/wk2/ros2_ws/install/ros2_brickpi3/share/ros2_brickpi3/launch
[14.656s] copying launch/drive.launch.py -> /home/pi/wk2/ros2_ws/install/ros2_brickpi3/share/ros2_brickpi3/launch
[15.090s] Invoked command in '/home/pi/wk2/ros2_ws/build/ros2_brickpi3' returned '0': PYTHONPATH=/home/pi/wk2/ros2_ws/build/ros2_brickpi3/prefix_override:/home/pi/wk2/ros2_ws/install/ros2_brickpi3/lib/python3.10/site-packages:${PYTHONPATH} /usr/bin/python3 setup.py develop --editable --build-directory /home/pi/wk2/ros2_ws/build/ros2_brickpi3/build --no-deps install_data
