[2.470s] Invoking command in '/home/pi/wk2/ros2_ws/build/my_package': PYTHONPATH=/home/pi/wk2/ros2_ws/build/my_package/prefix_override:/home/pi/wk2/ros2_ws/install/my_package/lib/python3.10/site-packages:${PYTHONPATH} /usr/bin/python3 setup.py develop --editable --build-directory /home/pi/wk2/ros2_ws/build/my_package/build --no-deps install_data
[3.443s] running develop
[3.444s] /usr/lib/python3/dist-packages/setuptools/command/easy_install.py:158: EasyInstallDeprecationWarning: easy_install command is deprecated. Use build and pip and other standards-based tools.
[3.445s]   warnings.warn(
[3.449s] /usr/lib/python3/dist-packages/setuptools/command/install.py:34: SetuptoolsDeprecationWarning: setup.py install is deprecated. Use build and pip and other standards-based tools.
[3.449s]   warnings.warn(
[3.650s] /usr/lib/python3/dist-packages/pkg_resources/__init__.py:116: PkgResourcesDeprecationWarning: 1.16.0-unknown is an invalid version and will not be supported in a future release
[3.650s]   warnings.warn(
[3.651s] /usr/lib/python3/dist-packages/pkg_resources/__init__.py:116: PkgResourcesDeprecationWarning: 1.1build1 is an invalid version and will not be supported in a future release
[3.651s]   warnings.warn(
[3.652s] /usr/lib/python3/dist-packages/pkg_resources/__init__.py:116: PkgResourcesDeprecationWarning: 0.1.43ubuntu1 is an invalid version and will not be supported in a future release
[3.652s]   warnings.warn(
[4.022s] running egg_info
[4.023s] writing my_package.egg-info/PKG-INFO
[4.024s] writing dependency_links to my_package.egg-info/dependency_links.txt
[4.025s] writing entry points to my_package.egg-info/entry_points.txt
[4.026s] writing requirements to my_package.egg-info/requires.txt
[4.026s] writing top-level names to my_package.egg-info/top_level.txt
[4.034s] reading manifest file 'my_package.egg-info/SOURCES.txt'
[4.038s] writing manifest file 'my_package.egg-info/SOURCES.txt'
[4.043s] running build_ext
[4.044s] Creating /home/pi/wk2/ros2_ws/install/my_package/lib/python3.10/site-packages/my-package.egg-link (link to .)
[4.048s] Installing color script to /home/pi/wk2/ros2_ws/install/my_package/lib/my_package
[4.048s] Installing drive script to /home/pi/wk2/ros2_ws/install/my_package/lib/my_package
[4.049s] Installing gyro script to /home/pi/wk2/ros2_ws/install/my_package/lib/my_package
[4.050s] Installing motor script to /home/pi/wk2/ros2_ws/install/my_package/lib/my_package
[4.051s] Installing my_node script to /home/pi/wk2/ros2_ws/install/my_package/lib/my_package
[4.051s] Installing touch script to /home/pi/wk2/ros2_ws/install/my_package/lib/my_package
[4.052s] Installing ultrasonic script to /home/pi/wk2/ros2_ws/install/my_package/lib/my_package
[4.053s] 
[4.054s] Installed /home/pi/wk2/ros2_ws/build/my_package
[4.054s] running install_data
[4.186s] Invoked command in '/home/pi/wk2/ros2_ws/build/my_package' returned '0': PYTHONPATH=/home/pi/wk2/ros2_ws/build/my_package/prefix_override:/home/pi/wk2/ros2_ws/install/my_package/lib/python3.10/site-packages:${PYTHONPATH} /usr/bin/python3 setup.py develop --editable --build-directory /home/pi/wk2/ros2_ws/build/my_package/build --no-deps install_data
