[2.647s] Invoking command in '/home/pi/wk2/ros2_ws/build/my_package': PYTHONPATH=/home/pi/wk2/ros2_ws/build/my_package/prefix_override:/home/pi/wk2/ros2_ws/install/my_package/lib/python3.10/site-packages:${PYTHONPATH} /usr/bin/python3 setup.py develop --editable --build-directory /home/pi/wk2/ros2_ws/build/my_package/build --no-deps install_data
[3.702s] running develop
[3.703s] /usr/lib/python3/dist-packages/setuptools/command/easy_install.py:158: EasyInstallDeprecationWarning: easy_install command is deprecated. Use build and pip and other standards-based tools.
[3.704s]   warnings.warn(
[3.708s] /usr/lib/python3/dist-packages/setuptools/command/install.py:34: SetuptoolsDeprecationWarning: setup.py install is deprecated. Use build and pip and other standards-based tools.
[3.708s]   warnings.warn(
[3.930s] /usr/lib/python3/dist-packages/pkg_resources/__init__.py:116: PkgResourcesDeprecationWarning: 1.16.0-unknown is an invalid version and will not be supported in a future release
[3.931s]   warnings.warn(
[3.931s] /usr/lib/python3/dist-packages/pkg_resources/__init__.py:116: PkgResourcesDeprecationWarning: 1.1build1 is an invalid version and will not be supported in a future release
[3.932s]   warnings.warn(
[3.932s] /usr/lib/python3/dist-packages/pkg_resources/__init__.py:116: PkgResourcesDeprecationWarning: 0.1.43ubuntu1 is an invalid version and will not be supported in a future release
[3.933s]   warnings.warn(
[4.346s] running egg_info
[4.346s] creating my_package.egg-info
[4.347s] writing my_package.egg-info/PKG-INFO
[4.348s] writing dependency_links to my_package.egg-info/dependency_links.txt
[4.348s] writing entry points to my_package.egg-info/entry_points.txt
[4.349s] writing requirements to my_package.egg-info/requires.txt
[4.350s] writing top-level names to my_package.egg-info/top_level.txt
[4.350s] writing manifest file 'my_package.egg-info/SOURCES.txt'
[4.357s] reading manifest file 'my_package.egg-info/SOURCES.txt'
[4.360s] writing manifest file 'my_package.egg-info/SOURCES.txt'
[4.366s] running build_ext
[4.366s] Creating /home/pi/wk2/ros2_ws/install/my_package/lib/python3.10/site-packages/my-package.egg-link (link to .)
[4.370s] Installing my_node script to /home/pi/wk2/ros2_ws/install/my_package/lib/my_package
[4.372s] 
[4.372s] Installed /home/pi/wk2/ros2_ws/build/my_package
[4.373s] running install_data
[4.373s] creating /home/pi/wk2/ros2_ws/install/my_package/share/ament_index
[4.374s] creating /home/pi/wk2/ros2_ws/install/my_package/share/ament_index/resource_index
[4.375s] creating /home/pi/wk2/ros2_ws/install/my_package/share/ament_index/resource_index/packages
[4.380s] copying resource/my_package -> /home/pi/wk2/ros2_ws/install/my_package/share/ament_index/resource_index/packages
[4.382s] copying package.xml -> /home/pi/wk2/ros2_ws/install/my_package/share/my_package
[4.513s] Invoked command in '/home/pi/wk2/ros2_ws/build/my_package' returned '0': PYTHONPATH=/home/pi/wk2/ros2_ws/build/my_package/prefix_override:/home/pi/wk2/ros2_ws/install/my_package/lib/python3.10/site-packages:${PYTHONPATH} /usr/bin/python3 setup.py develop --editable --build-directory /home/pi/wk2/ros2_ws/build/my_package/build --no-deps install_data
