[2.589s] Invoking command in '/home/pi/ros2_ws/build/ros2_brickpi3': PYTHONPATH=/home/pi/ros2_ws/build/ros2_brickpi3/prefix_override:/home/pi/ros2_ws/install/ros2_brickpi3/lib/python3.10/site-packages:${PYTHONPATH} /usr/bin/python3 setup.py develop --editable --build-directory /home/pi/ros2_ws/build/ros2_brickpi3/build --no-deps install_data
[3.613s] running develop
[3.614s] /usr/lib/python3/dist-packages/setuptools/command/easy_install.py:158: EasyInstallDeprecationWarning: easy_install command is deprecated. Use build and pip and other standards-based tools.
[3.615s]   warnings.warn(
[3.619s] /usr/lib/python3/dist-packages/setuptools/command/install.py:34: SetuptoolsDeprecationWarning: setup.py install is deprecated. Use build and pip and other standards-based tools.
[3.620s]   warnings.warn(
[3.853s] /usr/lib/python3/dist-packages/pkg_resources/__init__.py:116: PkgResourcesDeprecationWarning: 1.16.0-unknown is an invalid version and will not be supported in a future release
[3.854s]   warnings.warn(
[3.855s] /usr/lib/python3/dist-packages/pkg_resources/__init__.py:116: PkgResourcesDeprecationWarning: 1.1build1 is an invalid version and will not be supported in a future release
[3.855s]   warnings.warn(
[3.856s] /usr/lib/python3/dist-packages/pkg_resources/__init__.py:116: PkgResourcesDeprecationWarning: 0.1.43ubuntu1 is an invalid version and will not be supported in a future release
[3.857s]   warnings.warn(
[4.249s] running egg_info
[4.249s] writing ros2_brickpi3.egg-info/PKG-INFO
[4.250s] writing dependency_links to ros2_brickpi3.egg-info/dependency_links.txt
[4.251s] writing entry points to ros2_brickpi3.egg-info/entry_points.txt
[4.252s] writing requirements to ros2_brickpi3.egg-info/requires.txt
[4.253s] writing top-level names to ros2_brickpi3.egg-info/top_level.txt
[4.260s] reading manifest file 'ros2_brickpi3.egg-info/SOURCES.txt'
[4.263s] writing manifest file 'ros2_brickpi3.egg-info/SOURCES.txt'
[4.269s] running build_ext
[4.270s] Creating /home/pi/ros2_ws/install/ros2_brickpi3/lib/python3.10/site-packages/ros2-brickpi3.egg-link (link to .)
[4.273s] Installing motor script to /home/pi/ros2_ws/install/ros2_brickpi3/lib/ros2_brickpi3
[4.275s] 
[4.275s] Installed /home/pi/ros2_ws/build/ros2_brickpi3
[4.276s] running install_data
[4.412s] Invoked command in '/home/pi/ros2_ws/build/ros2_brickpi3' returned '0': PYTHONPATH=/home/pi/ros2_ws/build/ros2_brickpi3/prefix_override:/home/pi/ros2_ws/install/ros2_brickpi3/lib/python3.10/site-packages:${PYTHONPATH} /usr/bin/python3 setup.py develop --editable --build-directory /home/pi/ros2_ws/build/ros2_brickpi3/build --no-deps install_data
