[4.041s] Invoking command in '/home/pi/wk2/ros2_ws/build/ros2_brickpi3': PYTHONPATH=/home/pi/wk2/ros2_ws/build/ros2_brickpi3/prefix_override:/home/pi/wk2/ros2_ws/install/ros2_brickpi3/lib/python3.10/site-packages:${PYTHONPATH} /usr/bin/python3 setup.py develop --editable --build-directory /home/pi/wk2/ros2_ws/build/ros2_brickpi3/build --no-deps install_data
[5.290s] running develop
[5.292s] /usr/lib/python3/dist-packages/setuptools/command/easy_install.py:158: EasyInstallDeprecationWarning: easy_install command is deprecated. Use build and pip and other standards-based tools.
[5.292s]   warnings.warn(
[5.297s] /usr/lib/python3/dist-packages/setuptools/command/install.py:34: SetuptoolsDeprecationWarning: setup.py install is deprecated. Use build and pip and other standards-based tools.
[5.297s]   warnings.warn(
[5.546s] /usr/lib/python3/dist-packages/pkg_resources/__init__.py:116: PkgResourcesDeprecationWarning: 1.16.0-unknown is an invalid version and will not be supported in a future release
[5.546s]   warnings.warn(
[5.547s] /usr/lib/python3/dist-packages/pkg_resources/__init__.py:116: PkgResourcesDeprecationWarning: 1.1build1 is an invalid version and will not be supported in a future release
[5.547s]   warnings.warn(
[5.548s] /usr/lib/python3/dist-packages/pkg_resources/__init__.py:116: PkgResourcesDeprecationWarning: 0.1.43ubuntu1 is an invalid version and will not be supported in a future release
[5.548s]   warnings.warn(
[6.011s] running egg_info
[6.012s] writing ros2_brickpi3.egg-info/PKG-INFO
[6.014s] writing dependency_links to ros2_brickpi3.egg-info/dependency_links.txt
[6.016s] writing entry points to ros2_brickpi3.egg-info/entry_points.txt
[6.018s] writing requirements to ros2_brickpi3.egg-info/requires.txt
[6.019s] writing top-level names to ros2_brickpi3.egg-info/top_level.txt
[6.031s] reading manifest file 'ros2_brickpi3.egg-info/SOURCES.txt'
[6.035s] writing manifest file 'ros2_brickpi3.egg-info/SOURCES.txt'
[6.049s] running build_ext
[6.051s] Creating /home/pi/wk2/ros2_ws/install/ros2_brickpi3/lib/python3.10/site-packages/ros2-brickpi3.egg-link (link to .)
[6.058s] Installing color script to /home/pi/wk2/ros2_ws/install/ros2_brickpi3/lib/ros2_brickpi3
[6.061s] Installing gyro script to /home/pi/wk2/ros2_ws/install/ros2_brickpi3/lib/ros2_brickpi3
[6.068s] Installing motor script to /home/pi/wk2/ros2_ws/install/ros2_brickpi3/lib/ros2_brickpi3
[6.069s] Installing touch script to /home/pi/wk2/ros2_ws/install/ros2_brickpi3/lib/ros2_brickpi3
[6.070s] Installing ultrasonic script to /home/pi/wk2/ros2_ws/install/ros2_brickpi3/lib/ros2_brickpi3
[6.072s] 
[6.074s] Installed /home/pi/wk2/ros2_ws/build/ros2_brickpi3
[6.075s] running install_data
[6.076s] copying resource/ros2_brickpi3 -> /home/pi/wk2/ros2_ws/install/ros2_brickpi3/share/ament_index/resource_index/packages
[6.078s] copying package.xml -> /home/pi/wk2/ros2_ws/install/ros2_brickpi3/share/ros2_brickpi3
[6.332s] Invoked command in '/home/pi/wk2/ros2_ws/build/ros2_brickpi3' returned '0': PYTHONPATH=/home/pi/wk2/ros2_ws/build/ros2_brickpi3/prefix_override:/home/pi/wk2/ros2_ws/install/ros2_brickpi3/lib/python3.10/site-packages:${PYTHONPATH} /usr/bin/python3 setup.py develop --editable --build-directory /home/pi/wk2/ros2_ws/build/ros2_brickpi3/build --no-deps install_data
