running develop
running egg_info
creating path_finder.egg-info
writing path_finder.egg-info/PKG-INFO
writing dependency_links to path_finder.egg-info/dependency_links.txt
writing entry points to path_finder.egg-info/entry_points.txt
writing requirements to path_finder.egg-info/requires.txt
writing top-level names to path_finder.egg-info/top_level.txt
writing manifest file 'path_finder.egg-info/SOURCES.txt'
reading manifest file 'path_finder.egg-info/SOURCES.txt'
writing manifest file 'path_finder.egg-info/SOURCES.txt'
running build_ext
Creating /home/pi/wk2/ros2_ws/install/path_finder/lib/python3.10/site-packages/path-finder.egg-link (link to .)

Installed /home/pi/wk2/ros2_ws/build/path_finder
running install_data
creating /home/pi/wk2/ros2_ws/install/path_finder/share/ament_index
creating /home/pi/wk2/ros2_ws/install/path_finder/share/ament_index/resource_index
creating /home/pi/wk2/ros2_ws/install/path_finder/share/ament_index/resource_index/packages
copying resource/path_finder -> /home/pi/wk2/ros2_ws/install/path_finder/share/ament_index/resource_index/packages
copying package.xml -> /home/pi/wk2/ros2_ws/install/path_finder/share/path_finder
