[9.117s] Invoking command in '/home/pi/wk2/ros2_ws/build/path_finder': PYTHONPATH=/home/pi/wk2/ros2_ws/build/path_finder/prefix_override:/home/pi/wk2/ros2_ws/install/path_finder/lib/python3.10/site-packages:${PYTHONPATH} /usr/bin/python3 setup.py develop --editable --build-directory /home/pi/wk2/ros2_ws/build/path_finder/build --no-deps install_data
[13.916s] running develop
[13.924s] /usr/lib/python3/dist-packages/setuptools/command/easy_install.py:158: EasyInstallDeprecationWarning: easy_install command is deprecated. Use build and pip and other standards-based tools.
[13.928s]   warnings.warn(
[13.936s] /usr/lib/python3/dist-packages/setuptools/command/install.py:34: SetuptoolsDeprecationWarning: setup.py install is deprecated. Use build and pip and other standards-based tools.
[13.948s]   warnings.warn(
[14.796s] /usr/lib/python3/dist-packages/pkg_resources/__init__.py:116: PkgResourcesDeprecationWarning: 1.16.0-unknown is an invalid version and will not be supported in a future release
[14.797s]   warnings.warn(
[14.801s] /usr/lib/python3/dist-packages/pkg_resources/__init__.py:116: PkgResourcesDeprecationWarning: 1.1build1 is an invalid version and will not be supported in a future release
[14.802s]   warnings.warn(
[14.802s] /usr/lib/python3/dist-packages/pkg_resources/__init__.py:116: PkgResourcesDeprecationWarning: 0.1.43ubuntu1 is an invalid version and will not be supported in a future release
[14.803s]   warnings.warn(
[15.961s] running egg_info
[15.962s] creating path_finder.egg-info
[15.965s] writing path_finder.egg-info/PKG-INFO
[15.968s] writing dependency_links to path_finder.egg-info/dependency_links.txt
[15.972s] writing entry points to path_finder.egg-info/entry_points.txt
[15.975s] writing requirements to path_finder.egg-info/requires.txt
[15.977s] writing top-level names to path_finder.egg-info/top_level.txt
[15.994s] writing manifest file 'path_finder.egg-info/SOURCES.txt'
[15.995s] reading manifest file 'path_finder.egg-info/SOURCES.txt'
[15.995s] writing manifest file 'path_finder.egg-info/SOURCES.txt'
[16.007s] running build_ext
[16.008s] Creating /home/pi/wk2/ros2_ws/install/path_finder/lib/python3.10/site-packages/path-finder.egg-link (link to .)
[16.012s] 
[16.024s] Installed /home/pi/wk2/ros2_ws/build/path_finder
[16.025s] running install_data
[16.026s] creating /home/pi/wk2/ros2_ws/install/path_finder/share/ament_index
[16.026s] creating /home/pi/wk2/ros2_ws/install/path_finder/share/ament_index/resource_index
[16.027s] creating /home/pi/wk2/ros2_ws/install/path_finder/share/ament_index/resource_index/packages
[16.028s] copying resource/path_finder -> /home/pi/wk2/ros2_ws/install/path_finder/share/ament_index/resource_index/packages
[16.029s] copying package.xml -> /home/pi/wk2/ros2_ws/install/path_finder/share/path_finder
[19.746s] Invoked command in '/home/pi/wk2/ros2_ws/build/path_finder' returned '0': PYTHONPATH=/home/pi/wk2/ros2_ws/build/path_finder/prefix_override:/home/pi/wk2/ros2_ws/install/path_finder/lib/python3.10/site-packages:${PYTHONPATH} /usr/bin/python3 setup.py develop --editable --build-directory /home/pi/wk2/ros2_ws/build/path_finder/build --no-deps install_data
