[5.578s] Invoking command in '/home/pi/wk2/ros2_ws/build/tutorial': PYTHONPATH=/home/pi/wk2/ros2_ws/build/tutorial/prefix_override:/home/pi/wk2/ros2_ws/install/tutorial/lib/python3.10/site-packages:${PYTHONPATH} /usr/bin/python3 setup.py develop --editable --build-directory /home/pi/wk2/ros2_ws/build/tutorial/build --no-deps install_data
[6.986s] running develop
[7.001s] /usr/lib/python3/dist-packages/setuptools/command/easy_install.py:158: EasyInstallDeprecationWarning: easy_install command is deprecated. Use build and pip and other standards-based tools.
[7.002s]   warnings.warn(
[7.016s] /usr/lib/python3/dist-packages/setuptools/command/install.py:34: SetuptoolsDeprecationWarning: setup.py install is deprecated. Use build and pip and other standards-based tools.
[7.016s]   warnings.warn(
[7.303s] /usr/lib/python3/dist-packages/pkg_resources/__init__.py:116: PkgResourcesDeprecationWarning: 1.16.0-unknown is an invalid version and will not be supported in a future release
[7.305s]   warnings.warn(
[7.309s] /usr/lib/python3/dist-packages/pkg_resources/__init__.py:116: PkgResourcesDeprecationWarning: 1.1build1 is an invalid version and will not be supported in a future release
[7.309s]   warnings.warn(
[7.311s] /usr/lib/python3/dist-packages/pkg_resources/__init__.py:116: PkgResourcesDeprecationWarning: 0.1.43ubuntu1 is an invalid version and will not be supported in a future release
[7.312s]   warnings.warn(
[7.916s] running egg_info
[7.924s] writing tutorial.egg-info/PKG-INFO
[7.925s] writing dependency_links to tutorial.egg-info/dependency_links.txt
[7.931s] writing entry points to tutorial.egg-info/entry_points.txt
[7.937s] writing requirements to tutorial.egg-info/requires.txt
[7.937s] writing top-level names to tutorial.egg-info/top_level.txt
[7.941s] reading manifest file 'tutorial.egg-info/SOURCES.txt'
[7.948s] writing manifest file 'tutorial.egg-info/SOURCES.txt'
[7.957s] running build_ext
[7.959s] Creating /home/pi/wk2/ros2_ws/install/tutorial/lib/python3.10/site-packages/tutorial.egg-link (link to .)
[7.997s] Installing listener script to /home/pi/wk2/ros2_ws/install/tutorial/lib/tutorial
[8.008s] Installing talker script to /home/pi/wk2/ros2_ws/install/tutorial/lib/tutorial
[8.054s] 
[8.057s] Installed /home/pi/wk2/ros2_ws/build/tutorial
[8.074s] running install_data
[8.394s] Invoked command in '/home/pi/wk2/ros2_ws/build/tutorial' returned '0': PYTHONPATH=/home/pi/wk2/ros2_ws/build/tutorial/prefix_override:/home/pi/wk2/ros2_ws/install/tutorial/lib/python3.10/site-packages:${PYTHONPATH} /usr/bin/python3 setup.py develop --editable --build-directory /home/pi/wk2/ros2_ws/build/tutorial/build --no-deps install_data
