[2.669s] Invoking command in '/home/pi/wk2/ros2_ws/build/my_package': PYTHONPATH=/home/pi/wk2/ros2_ws/build/my_package/prefix_override:/home/pi/wk2/ros2_ws/install/my_package/lib/python3.10/site-packages:${PYTHONPATH} /usr/bin/python3 setup.py develop --editable --build-directory /home/pi/wk2/ros2_ws/build/my_package/build --no-deps install_data
[3.732s] running develop
[3.733s] /usr/lib/python3/dist-packages/setuptools/command/easy_install.py:158: EasyInstallDeprecationWarning: easy_install command is deprecated. Use build and pip and other standards-based tools.
[3.734s]   warnings.warn(
[3.738s] /usr/lib/python3/dist-packages/setuptools/command/install.py:34: SetuptoolsDeprecationWarning: setup.py install is deprecated. Use build and pip and other standards-based tools.
[3.738s]   warnings.warn(
[3.960s] /usr/lib/python3/dist-packages/pkg_resources/__init__.py:116: PkgResourcesDeprecationWarning: 1.16.0-unknown is an invalid version and will not be supported in a future release
[3.960s]   warnings.warn(
[3.962s] /usr/lib/python3/dist-packages/pkg_resources/__init__.py:116: PkgResourcesDeprecationWarning: 1.1build1 is an invalid version and will not be supported in a future release
[3.962s]   warnings.warn(
[3.965s] /usr/lib/python3/dist-packages/pkg_resources/__init__.py:116: PkgResourcesDeprecationWarning: 0.1.43ubuntu1 is an invalid version and will not be supported in a future release
[3.966s]   warnings.warn(
[4.366s] running egg_info
[4.367s] writing my_package.egg-info/PKG-INFO
[4.368s] writing dependency_links to my_package.egg-info/dependency_links.txt
[4.369s] writing entry points to my_package.egg-info/entry_points.txt
[4.370s] writing requirements to my_package.egg-info/requires.txt
[4.371s] writing top-level names to my_package.egg-info/top_level.txt
[4.379s] reading manifest file 'my_package.egg-info/SOURCES.txt'
[4.382s] writing manifest file 'my_package.egg-info/SOURCES.txt'
[4.389s] running build_ext
[4.389s] Creating /home/pi/wk2/ros2_ws/install/my_package/lib/python3.10/site-packages/my-package.egg-link (link to .)
[4.394s] Installing color script to /home/pi/wk2/ros2_ws/install/my_package/lib/my_package
[4.394s] Installing drive script to /home/pi/wk2/ros2_ws/install/my_package/lib/my_package
[4.395s] Installing gyro script to /home/pi/wk2/ros2_ws/install/my_package/lib/my_package
[4.396s] Installing motor script to /home/pi/wk2/ros2_ws/install/my_package/lib/my_package
[4.397s] Installing my_node script to /home/pi/wk2/ros2_ws/install/my_package/lib/my_package
[4.397s] Installing touch script to /home/pi/wk2/ros2_ws/install/my_package/lib/my_package
[4.398s] Installing ultrasonic script to /home/pi/wk2/ros2_ws/install/my_package/lib/my_package
[4.400s] 
[4.400s] Installed /home/pi/wk2/ros2_ws/build/my_package
[4.401s] running install_data
[4.401s] copying launch/drive.launch.py -> /home/pi/wk2/ros2_ws/install/my_package/share/my_package/launch
[4.537s] Invoked command in '/home/pi/wk2/ros2_ws/build/my_package' returned '0': PYTHONPATH=/home/pi/wk2/ros2_ws/build/my_package/prefix_override:/home/pi/wk2/ros2_ws/install/my_package/lib/python3.10/site-packages:${PYTHONPATH} /usr/bin/python3 setup.py develop --editable --build-directory /home/pi/wk2/ros2_ws/build/my_package/build --no-deps install_data
